Watching for file changes with StatReloader
Waiting for apps ready_event.
Apps ready_event triggered. Sending autoreload_started signal.
Watching dir D:\Django_aijia\my_aijia\templates with glob **/*.
Watching dir D:\Django_aijia\my_aijia\locale with glob **/*.mo.
Watching dir D:\Django_aijia\my_aijia\my_aijia\apps\users\locale with glob **/*.mo.
(0.016) 
                SELECT VERSION(),
                       @@sql_mode,
                       @@default_storage_engine,
                       @@sql_auto_is_null,
                       @@lower_case_table_names,
                       CONVERT_TZ('2001-01-01 01:00:00', 'UTC', 'UTC') IS NOT NULL
            ; args=None
(0.000) SET SESSION TRANSACTION ISOLATION LEVEL READ COMMITTED; args=None
(0.000) SHOW FULL TABLES; args=None
File D:\Python37\Lib\asyncio\selector_events.py first seen with mtime 1562585058.0
File D:\Python37\Lib\site-packages\django\views\generic\base.py first seen with mtime 1643056798.4815934
File D:\Python37\Lib\site.py first seen with mtime 1562585058.0
File D:\Python37\Lib\site-packages\django\core\management\color.py first seen with mtime 1643056798.1300504
File D:\Python37\Lib\ctypes\wintypes.py first seen with mtime 1562585058.0
File D:\Python37\Lib\site-packages\django\conf\__init__.py first seen with mtime 1643056794.3609197
File D:\Python37\Lib\site-packages\django\template\engine.py first seen with mtime 1643056798.3858633
File D:\Python37\Lib\site-packages\django\contrib\contenttypes\admin.py first seen with mtime 1643056796.111369
File D:\Python37\Lib\site-packages\django\db\models\base.py first seen with mtime 1643056798.2617025
File D:\Python37\Lib\site-packages\django\contrib\auth\admin.py first seen with mtime 1643056795.8495264
File D:\Python37\Lib\site-packages\django\db\backends\base\client.py first seen with mtime 1643056798.1813736
File D:\Python37\Lib\unittest\__init__.py first seen with mtime 1562585058.0
File D:\Python37\Lib\site-packages\sqlparse\cli.py first seen with mtime 1643056793.374592
File D:\Python37\Lib\site-packages\django\forms\boundfield.py first seen with mtime 1643056798.3059928
File D:\Python37\Lib\site-packages\django\db\models\fields\reverse_related.py first seen with mtime 1643056798.285434
File D:\Python37\Lib\site-packages\django\contrib\admin\options.py first seen with mtime 1643056794.74416
File D:\Python37\Lib\decimal.py first seen with mtime 1562585058.0
File D:\Python37\Lib\site-packages\django\core\servers\__init__.py first seen with mtime 1643056798.1693733
File D:\Python37\Lib\site-packages\django\contrib\sessions\models.py first seen with mtime 1643056797.5447073
File D:\Python37\Lib\site-packages\django\template\loaders\__init__.py first seen with mtime 1643056798.3978655
File D:\Python37\Lib\site-packages\django\views\static.py first seen with mtime 1643056798.4710834
File D:\Python37\Lib\site-packages\django\template\defaulttags.py first seen with mtime 1643056798.3849013
File D:\Python37\Lib\site-packages\django\core\servers\basehttp.py first seen with mtime 1643056798.1703322
File D:\Python37\Lib\inspect.py first seen with mtime 1562585058.0
File D:\Python37\Lib\operator.py first seen with mtime 1562585058.0
File D:\Python37\Lib\site-packages\pytz\tzinfo.py first seen with mtime 1643056793.5841508
File D:\Python37\Lib\site-packages\django\forms\utils.py first seen with mtime 1643056798.3126457
File D:\Python37\Lib\email\base64mime.py first seen with mtime 1562585058.0
File D:\Python37\Lib\site-packages\django\db\migrations\utils.py first seen with mtime 1643056798.2506633
File D:\Python37\Lib\asyncio\futures.py first seen with mtime 1562585058.0
File D:\Python37\Lib\site-packages\importlib_metadata\__init__.py first seen with mtime 1645420353.5246198
File D:\Python37\Lib\site-packages\django\contrib\admin\templatetags\log.py first seen with mtime 1643056795.5933647
File D:\Python37\Lib\site-packages\django\views\__init__.py first seen with mtime 1643056798.4670734
File D:\Python37\Lib\site-packages\django\db\backends\mysql\features.py first seen with mtime 1643056798.1993735
File D:\Python37\Lib\site-packages\django\middleware\cache.py first seen with mtime 1643056798.371089
File D:\Python37\Lib\ssl.py first seen with mtime 1562585058.0
File D:\Python37\Lib\asyncio\queues.py first seen with mtime 1562585058.0
File D:\Python37\Lib\site-packages\django\utils\regex_helper.py first seen with mtime 1643056798.4539878
File D:\Python37\Lib\ctypes\_endian.py first seen with mtime 1562585058.0
File D:\Python37\Lib\site-packages\django\core\files\uploadedfile.py first seen with mtime 1643056798.1111782
File D:\Python37\Lib\site-packages\colorama\initialise.py first seen with mtime 1645281396.4164162
File D:\Python37\Lib\site-packages\django\core\files\__init__.py first seen with mtime 1643056798.1054738
File D:\Python37\Lib\site-packages\django\views\generic\detail.py first seen with mtime 1643056798.4835873
File D:\Python37\DLLs\_ctypes.pyd first seen with mtime 1562589326.0
File D:\Python37\Lib\site-packages\django\apps\__init__.py first seen with mtime 1643056794.3568723
File D:\Python37\Lib\mimetypes.py first seen with mtime 1562585058.0
File D:\Python37\Lib\site-packages\django\utils\translation\trans_real.py first seen with mtime 1643056798.46604
File D:\Python37\Lib\site-packages\django\contrib\contenttypes\forms.py first seen with mtime 1643056796.1152387
File D:\Python37\Lib\site-packages\django\views\decorators\common.py first seen with mtime 1643056798.4750822
File D:\Python37\Lib\email\quoprimime.py first seen with mtime 1562585058.0
File D:\Python37\Lib\unittest\signals.py first seen with mtime 1562585058.0
File D:\Python37\Lib\site-packages\django\db\migrations\migration.py first seen with mtime 1643056798.2446055
File D:\Python37\Lib\site-packages\django\db\models\sql\__init__.py first seen with mtime 1643056798.293392
File D:\Python37\Lib\site-packages\django\contrib\auth\forms.py first seen with mtime 1643056795.8575287
File D:\Python37\Lib\email\mime\nonmultipart.py first seen with mtime 1562585058.0
File D:\Python37\DLLs\_ssl.pyd first seen with mtime 1562589376.0
File D:\Python37\Lib\unittest\main.py first seen with mtime 1562585058.0
File D:\Python37\Lib\site-packages\django\contrib\admin\decorators.py first seen with mtime 1643056794.7386136
File D:\Python37\Lib\site-packages\django\template\backends\django.py first seen with mtime 1643056798.3948958
File D:\Python37\Lib\site-packages\django\db\backends\base\features.py first seen with mtime 1643056798.1833715
File D:\Python37\Lib\concurrent\__init__.py first seen with mtime 1562585058.0
File D:\Python37\Lib\site-packages\django\views\decorators\csrf.py first seen with mtime 1643056798.4750822
File D:\Python37\Lib\struct.py first seen with mtime 1562585058.0
File D:\Python37\Lib\site-packages\django\db\transaction.py first seen with mtime 1643056798.1723306
File D:\Python37\Lib\site-packages\django\contrib\staticfiles\handlers.py first seen with mtime 1643056798.0625749
File D:\Python37\Lib\site-packages\django\db\migrations\operations\base.py first seen with mtime 1643056798.2547064
File D:\Python37\Lib\site-packages\django\middleware\__init__.py first seen with mtime 1643056798.3700848
File D:\Python37\Lib\site-packages\colorama\ansi.py first seen with mtime 1645281396.4144375
File D:\Python37\Lib\site-packages\django\templatetags\tz.py first seen with mtime 1643056798.4079475
File D:\Python37\Lib\site-packages\importlib_metadata\_adapters.py first seen with mtime 1645420353.52562
File D:\Python37\Lib\email\encoders.py first seen with mtime 1562585058.0
File D:\Python37\Lib\site-packages\django\contrib\sessions\base_session.py first seen with mtime 1643056797.5417123
File D:\Python37\Lib\site-packages\django\db\models\functions\text.py first seen with mtime 1643056798.2915184
File D:\Python37\Lib\gzip.py first seen with mtime 1562585058.0
File D:\Python37\Lib\site-packages\django\utils\translation\reloader.py first seen with mtime 1643056798.464081
File D:\Python37\Lib\sre_constants.py first seen with mtime 1562585058.0
File D:\Python37\Lib\asyncio\tasks.py first seen with mtime 1562585058.0
File D:\Python37\Lib\site-packages\django\db\models\functions\datetime.py first seen with mtime 1643056798.288349
File D:\Python37\Lib\site-packages\django\template\exceptions.py first seen with mtime 1643056798.3868632
File D:\Python37\Lib\site-packages\django\core\checks\model_checks.py first seen with mtime 1643056798.0954318
File D:\Python37\Lib\site-packages\django_redis\cache.py first seen with mtime 1424436811.0
File D:\Python37\Lib\site-packages\django\http\multipartparser.py first seen with mtime 1643056798.3673718
File D:\Python37\Lib\site-packages\django\contrib\admin\actions.py first seen with mtime 1643056794.7354813
File D:\Python37\Lib\configparser.py first seen with mtime 1562585058.0
File D:\Python37\Lib\shutil.py first seen with mtime 1562585058.0
File D:\Python37\Lib\site-packages\colorama\ansitowin32.py first seen with mtime 1645281396.41532
File D:\Python37\Lib\site-packages\sqlparse\filters\others.py first seen with mtime 1643056793.4003396
File D:\Python37\Lib\site-packages\django\db\models\fields\related_lookups.py first seen with mtime 1643056798.2843897
File D:\Django_aijia\my_aijia\my_aijia\apps\users\__init__.py first seen with mtime 1645594562.4224148
File D:\Python37\Lib\site-packages\django\db\models\enums.py first seen with mtime 1643056798.2648003
File D:\Python37\Lib\site-packages\django\contrib\admin\templatetags\admin_list.py first seen with mtime 1643056795.59048
File D:\Python37\Lib\site-packages\django\http\request.py first seen with mtime 1643056798.3685262
File D:\Python37\Lib\functools.py first seen with mtime 1562585058.0
File D:\Python37\Lib\site-packages\pymysql\optionfile.py first seen with mtime 1643056056.8534038
File D:\Python37\Lib\site-packages\django\urls\converters.py first seen with mtime 1643056798.421461
File D:\Python37\Lib\site-packages\django\utils\version.py first seen with mtime 1643056798.4610503
File D:\Python37\Lib\email\mime\__init__.py first seen with mtime 1562585058.0
File D:\Python37\Lib\secrets.py first seen with mtime 1562585058.0
File D:\Python37\Lib\site-packages\django\db\models\options.py first seen with mtime 1643056798.2703867
File D:\Python37\Lib\site-packages\django\templatetags\l10n.py first seen with mtime 1643056798.4059067
File D:\Python37\Lib\site-packages\django\utils\dates.py first seen with mtime 1643056798.4364536
File D:\Python37\Lib\lzma.py first seen with mtime 1562585058.0
File D:\Python37\Lib\site-packages\django\urls\resolvers.py first seen with mtime 1643056798.423452
File D:\Python37\Lib\site-packages\django\contrib\admin\templatetags\admin_urls.py first seen with mtime 1643056795.5923665
File D:\Python37\Lib\email\generator.py first seen with mtime 1562585058.0
File D:\Python37\Lib\site-packages\django\db\migrations\operations\fields.py first seen with mtime 1643056798.2557027
File D:\Python37\Lib\quopri.py first seen with mtime 1562585058.0
File D:\Python37\Lib\concurrent\futures\__init__.py first seen with mtime 1562585058.0
File D:\Python37\Lib\posixpath.py first seen with mtime 1562585058.0
File D:\Python37\Lib\bz2.py first seen with mtime 1562585058.0
File D:\Python37\Lib\asyncio\streams.py first seen with mtime 1562585058.0
File D:\Python37\Lib\site-packages\pymysql\constants\CR.py first seen with mtime 1643056056.8586736
File D:\Python37\Lib\_compat_pickle.py first seen with mtime 1562585058.0
File D:\Python37\Lib\site-packages\django\utils\crypto.py first seen with mtime 1643056798.4334457
File D:\Python37\Lib\site-packages\django\db\models\__init__.py first seen with mtime 1643056798.2596996
File D:\Python37\Lib\asyncio\transports.py first seen with mtime 1562585058.0
File D:\Python37\Lib\site-packages\django\contrib\auth\__init__.py first seen with mtime 1643056795.8485272
File D:\Python37\Lib\site-packages\sqlparse\engine\statement_splitter.py first seen with mtime 1643056793.395413
File D:\Python37\Lib\site-packages\django\core\checks\async_checks.py first seen with mtime 1643056798.0925486
File D:\Python37\Lib\concurrent\futures\thread.py first seen with mtime 1562585058.0
File D:\Python37\Lib\site-packages\django\dispatch\dispatcher.py first seen with mtime 1643056798.3020413
File D:\Python37\Lib\site-packages\sqlparse\filters\reindent.py first seen with mtime 1643056793.4037008
File D:\Python37\Lib\asyncio\locks.py first seen with mtime 1562585058.0
File D:\Python37\Lib\site-packages\django\db\models\signals.py first seen with mtime 1643056798.274387
File D:\Python37\Lib\random.py first seen with mtime 1562585058.0
File D:\Python37\Lib\weakref.py first seen with mtime 1562585058.0
File D:\Python37\Lib\site-packages\django\contrib\admin\templatetags\admin_modify.py first seen with mtime 1643056795.5913284
File D:\Python37\Lib\site-packages\django\utils\http.py first seen with mtime 1643056798.4464064
File D:\Python37\Lib\site-packages\django\contrib\admin\apps.py first seen with mtime 1643056794.7364807
File D:\Python37\Lib\site-packages\django\core\cache\backends\filebased.py first seen with mtime 1643056798.0895066
File D:\Python37\Lib\unittest\loader.py first seen with mtime 1562585058.0
File D:\Python37\Lib\site-packages\django\utils\dateparse.py first seen with mtime 1643056798.4354825
File D:\Python37\Lib\site-packages\pymysql\constants\__init__.py first seen with mtime 1643056056.86267
File D:\Python37\Lib\site-packages\django\contrib\auth\signals.py first seen with mtime 1643056795.8625436
File D:\Python37\Lib\site-packages\django\template\smartif.py first seen with mtime 1643056798.3908987
File D:\Python37\Lib\site-packages\django\core\handlers\__init__.py first seen with mtime 1643056798.114181
File D:\Python37\Lib\site-packages\sqlparse\sql.py first seen with mtime 1643056793.385922
File D:\Python37\Lib\html\entities.py first seen with mtime 1562585058.0
File D:\Python37\Lib\unittest\util.py first seen with mtime 1562585058.0
File D:\Python37\DLLs\_socket.pyd first seen with mtime 1562589370.0
File D:\Python37\Lib\bisect.py first seen with mtime 1562585058.0
File D:\Python37\Lib\ipaddress.py first seen with mtime 1562585058.0
File D:\Python37\Lib\importlib\abc.py first seen with mtime 1562585058.0
File D:\Python37\Lib\wsgiref\__init__.py first seen with mtime 1562585058.0
File D:\Python37\Lib\site-packages\django\contrib\contenttypes\models.py first seen with mtime 1643056796.1162462
File D:\Python37\Lib\site-packages\django\core\files\uploadhandler.py first seen with mtime 1643056798.1121802
File D:\Python37\Lib\site-packages\django\db\migrations\__init__.py first seen with mtime 1643056798.236562
File D:\Python37\Lib\site-packages\django\forms\models.py first seen with mtime 1643056798.31064
File D:\Python37\Lib\asyncio\base_tasks.py first seen with mtime 1562585058.0
File D:\Python37\Lib\site-packages\django_redis\__init__.py first seen with mtime 1424436877.0
File D:\Python37\Lib\site-packages\colorama\winterm.py first seen with mtime 1645281396.417396
File D:\Python37\Lib\site-packages\django\utils\log.py first seen with mtime 1643056798.4509938
File D:\Python37\Lib\site-packages\django\contrib\admin\views\__init__.py first seen with mtime 1643056795.5943744
File D:\Python37\Lib\argparse.py first seen with mtime 1562585058.0
File D:\Python37\Lib\site-packages\django\template\autoreload.py first seen with mtime 1643056798.379945
File D:\Python37\Lib\site-packages\django\contrib\sessions\__init__.py first seen with mtime 1643056797.539704
File D:\Python37\Lib\site-packages\django\db\backends\base\base.py first seen with mtime 1643056798.1803706
File D:\Python37\Lib\site-packages\django\core\handlers\asgi.py first seen with mtime 1643056798.114181
File D:\Python37\Lib\site-packages\django\core\checks\security\__init__.py first seen with mtime 1643056798.1014307
File D:\Python37\Lib\site-packages\django\core\serializers\json.py first seen with mtime 1643056798.1633348
File D:\Python37\Lib\site-packages\django\utils\datastructures.py first seen with mtime 1643056798.4334457
File D:\Python37\Lib\email\_encoded_words.py first seen with mtime 1562585058.0
File D:\Python37\Lib\site-packages\django\core\management\__init__.py first seen with mtime 1643056798.1280508
File D:\Python37\Lib\site-packages\django\urls\base.py first seen with mtime 1643056798.4194505
File D:\Python37\Lib\site-packages\django\db\backends\mysql\creation.py first seen with mtime 1643056798.1973362
File D:\Python37\Lib\site-packages\asgiref\__init__.py first seen with mtime 1643056794.229714
File D:\Python37\Lib\string.py first seen with mtime 1562585058.0
File D:\Python37\Lib\site-packages\django\forms\forms.py first seen with mtime 1643056798.3076031
File D:\Python37\Lib\site-packages\django\template\response.py first seen with mtime 1643056798.3899474
File D:\Django_aijia\my_aijia\my_aijia\apps\users\admin.py first seen with mtime 1645594562.4174147
File D:\Python37\Lib\site-packages\django\contrib\admin\templatetags\__init__.py first seen with mtime 1643056795.5893278
File D:\Python37\Lib\site-packages\django\middleware\csrf.py first seen with mtime 1643056798.3740854
File D:\Python37\Lib\http\__init__.py first seen with mtime 1562585058.0
File D:\Python37\Lib\site-packages\pytz\lazy.py first seen with mtime 1643056793.5811453
File D:\Python37\Lib\unittest\suite.py first seen with mtime 1562585058.0
File D:\Python37\Lib\site-packages\django\utils\timezone.py first seen with mtime 1643056798.4589858
File D:\Python37\Lib\concurrent\futures\_base.py first seen with mtime 1562585058.0
File D:\Python37\Lib\site-packages\django\views\decorators\debug.py first seen with mtime 1643056798.4770432
File D:\Python37\Lib\email\utils.py first seen with mtime 1562585058.0
File D:\Python37\Lib\site-packages\django\forms\fields.py first seen with mtime 1643056798.3066573
File D:\Python37\Lib\site-packages\django\utils\html.py first seen with mtime 1643056798.4459105
File D:\Python37\Lib\site-packages\django\db\models\sql\subqueries.py first seen with mtime 1643056798.2990406
File D:\Python37\Lib\csv.py first seen with mtime 1562585058.0
File D:\Python37\Lib\asyncio\events.py first seen with mtime 1562585058.0
File D:\Python37\Lib\site-packages\django\db\backends\utils.py first seen with mtime 1643056798.1783328
File D:\Python37\Lib\site-packages\django\contrib\admin\__init__.py first seen with mtime 1643056794.734601
File D:\Django_aijia\my_aijia\my_aijia\__init__.py first seen with mtime 1645594794.7957778
File D:\Python37\Lib\email\headerregistry.py first seen with mtime 1562585058.0
File D:\Python37\Lib\site-packages\sqlparse\tokens.py first seen with mtime 1643056793.386793
File D:\Python37\Lib\site-packages\django\contrib\sites\__init__.py first seen with mtime 1643056797.851572
File D:\Python37\Lib\site-packages\pytz\__init__.py first seen with mtime 1643056793.579145
File D:\Python37\Lib\site-packages\django\contrib\auth\validators.py first seen with mtime 1643056795.8655267
File D:\Python37\Lib\linecache.py first seen with mtime 1562585058.0
File D:\Python37\Lib\site-packages\django\conf\locale\__init__.py first seen with mtime 1643056794.3679214
File D:\Python37\Lib\site-packages\django\utils\lorem_ipsum.py first seen with mtime 1643056798.4519818
File D:\Python37\Lib\site-packages\django\core\files\storage.py first seen with mtime 1643056798.109141
File D:\Python37\Lib\json\decoder.py first seen with mtime 1562585058.0
File D:\Python37\Lib\site-packages\django\utils\itercompat.py first seen with mtime 1643056798.4494495
File D:\Python37\Lib\site-packages\django\template\__init__.py first seen with mtime 1643056798.3788948
File D:\Python37\Lib\site-packages\django\utils\numberformat.py first seen with mtime 1643056798.4539878
File D:\Python37\Lib\site-packages\django\contrib\messages\__init__.py first seen with mtime 1643056797.1343918
File D:\Python37\Lib\site-packages\django\core\checks\registry.py first seen with mtime 1643056798.0964324
File D:\Python37\Lib\types.py first seen with mtime 1562585058.0
File D:\Python37\Lib\site-packages\django\templatetags\static.py first seen with mtime 1643056798.4069326
File D:\Python37\Lib\platform.py first seen with mtime 1562585058.0
File D:\Python37\Lib\site-packages\django\utils\topological_sort.py first seen with mtime 1643056798.4589858
File D:\Python37\Lib\glob.py first seen with mtime 1562585058.0
File D:\Python37\Lib\site-packages\django\template\defaultfilters.py first seen with mtime 1643056798.3838649
File D:\Python37\Lib\email\iterators.py first seen with mtime 1562585058.0
File D:\Django_aijia\my_aijia\manage.py first seen with mtime 1645611584.8877304
File D:\Python37\Lib\site-packages\asgiref\sync.py first seen with mtime 1643056794.2344432
File D:\Python37\Lib\site-packages\django\db\backends\mysql\schema.py first seen with mtime 1643056798.2023737
File D:\Python37\Lib\site-packages\django\urls\conf.py first seen with mtime 1643056798.4204514
File D:\Python37\Lib\site-packages\pymysql\constants\SERVER_STATUS.py first seen with mtime 1643056056.86267
File D:\Python37\Lib\site-packages\django\views\i18n.py first seen with mtime 1643056798.4710834
File D:\Python37\Lib\site-packages\colorama\__init__.py first seen with mtime 1645281396.4143202
File D:\Python37\Lib\site-packages\django\template\loader.py first seen with mtime 1643056798.3888986
File D:\Python37\Lib\site-packages\django\core\serializers\python.py first seen with mtime 1643056798.1653764
File D:\Python37\Lib\pprint.py first seen with mtime 1562585058.0
File D:\Python37\Lib\site-packages\asgiref\local.py first seen with mtime 1643056794.2317865
File D:\Python37\Lib\site-packages\sqlparse\keywords.py first seen with mtime 1643056793.381794
File D:\Python37\Lib\site-packages\django\utils\autoreload.py first seen with mtime 1643056798.4294133
File D:\Python37\Lib\site-packages\django\contrib\messages\constants.py first seen with mtime 1643056797.1373546
File D:\Python37\Lib\tokenize.py first seen with mtime 1562585058.0
File D:\Python37\Lib\nturl2path.py first seen with mtime 1562585058.0
File D:\Python37\Lib\site-packages\django\core\serializers\base.py first seen with mtime 1643056798.1623936
File D:\Python37\Lib\email\mime\message.py first seen with mtime 1562585058.0
File D:\Python37\Lib\site-packages\django\db\models\query.py first seen with mtime 1643056798.2723484
File D:\Python37\Lib\site-packages\django\db\models\functions\comparison.py first seen with mtime 1643056798.287389
File D:\Python37\Lib\site-packages\django\contrib\admin\utils.py first seen with mtime 1643056794.7480783
File D:\Python37\Lib\site-packages\django\contrib\sessions\apps.py first seen with mtime 1643056797.54071
File D:\Python37\Lib\site-packages\django\urls\utils.py first seen with mtime 1643056798.4244084
File D:\Python37\Lib\site-packages\django\db\models\fields\related_descriptors.py first seen with mtime 1643056798.2833936
File D:\Django_aijia\my_aijia\my_aijia\apps\users\views.py first seen with mtime 1645613151.496151
File D:\Python37\DLLs\_overlapped.pyd first seen with mtime 1562589334.0
File D:\Python37\Lib\site-packages\django\db\models\sql\datastructures.py first seen with mtime 1643056798.2963905
File D:\Python37\Lib\site-packages\django\core\cache\utils.py first seen with mtime 1643056798.084502
File D:\Python37\Lib\cgi.py first seen with mtime 1562585058.0
File D:\Python37\Lib\site-packages\django_redis\util.py first seen with mtime 1433106467.0
File D:\Python37\Lib\http\client.py first seen with mtime 1562585058.0
File D:\Python37\Lib\site-packages\django\contrib\staticfiles\__init__.py first seen with mtime 1643056798.0595458
File D:\Python37\Lib\site-packages\pymysql\protocol.py first seen with mtime 1643056056.854726
File D:\Python37\Lib\site-packages\django\core\mail\utils.py first seen with mtime 1643056798.1201408
File D:\Python37\Lib\site-packages\django\utils\hashable.py first seen with mtime 1643056798.444447
File D:\Python37\Lib\queue.py first seen with mtime 1562585058.0
File D:\Python37\Lib\site-packages\sqlparse\engine\__init__.py first seen with mtime 1643056793.3908365
File D:\Python37\Lib\site-packages\importlib_metadata\_meta.py first seen with mtime 1645420353.52937
File D:\Python37\Lib\site-packages\importlib_metadata\_text.py first seen with mtime 1645420353.5302029
File D:\Python37\Lib\site-packages\django\db\backends\base\introspection.py first seen with mtime 1643056798.1843734
File D:\Python37\Lib\site-packages\django\contrib\auth\management\__init__.py first seen with mtime 1643056796.0931976
File D:\Python37\Lib\textwrap.py first seen with mtime 1562585058.0
File D:\Python37\Lib\site-packages\django\db\models\functions\mixins.py first seen with mtime 1643056798.2903874
File D:\Python37\Lib\site-packages\django\core\files\locks.py first seen with mtime 1643056798.1081393
File D:\Python37\Lib\site-packages\django\views\decorators\__init__.py first seen with mtime 1643056798.4720845
File D:\Python37\Lib\dis.py first seen with mtime 1562585058.0
File D:\Python37\Lib\site-packages\django\conf\global_settings.py first seen with mtime 1643056794.362034
File D:\Python37\Lib\site-packages\pymysql\connections.py first seen with mtime 1643056056.8484328
File D:\Python37\Lib\site-packages\django\contrib\messages\api.py first seen with mtime 1643056797.1353495
File D:\Python37\Lib\site-packages\django\utils\tree.py first seen with mtime 1643056798.4600623
File D:\Python37\Lib\site-packages\django\contrib\auth\base_user.py first seen with mtime 1643056795.8525271
File D:\Python37\Lib\site-packages\django\core\files\base.py first seen with mtime 1643056798.1061628
File D:\Python37\Lib\socketserver.py first seen with mtime 1562585058.0
File D:\Python37\Lib\site-packages\django\http\cookie.py first seen with mtime 1643056798.366407
File D:\Python37\Lib\site-packages\django\contrib\auth\password_validation.py first seen with mtime 1643056795.8625436
File D:\Python37\Lib\site-packages\django\template\context.py first seen with mtime 1643056798.3818667
File D:\Python37\Lib\io.py first seen with mtime 1562585058.0
File D:\Python37\Lib\site-packages\django\db\migrations\exceptions.py first seen with mtime 1643056798.2395654
File D:\Python37\Lib\site-packages\pymysql\charset.py first seen with mtime 1643056056.8474343
File D:\Python37\Lib\site-packages\django\contrib\messages\apps.py first seen with mtime 1643056797.1363547
File D:\Python37\Lib\site-packages\django\template\loaders\filesystem.py first seen with mtime 1643056798.4019034
File D:\Python37\Lib\enum.py first seen with mtime 1562585058.0
File D:\Python37\Lib\site-packages\django\core\checks\messages.py first seen with mtime 1643056798.094514
File D:\Python37\Lib\logging\__init__.py first seen with mtime 1562585058.0
File D:\Python37\Lib\encodings\gbk.py first seen with mtime 1562585058.0
File D:\Python37\Lib\site-packages\sqlparse\__init__.py first seen with mtime 1643056793.3715892
File D:\Python37\Lib\asyncio\base_events.py first seen with mtime 1562585058.0
File D:\Python37\Lib\pkgutil.py first seen with mtime 1562585058.0
File D:\Python37\Lib\site-packages\django\dispatch\__init__.py first seen with mtime 1643056798.3009973
File D:\Python37\Lib\site-packages\django\contrib\auth\checks.py first seen with mtime 1643056795.8534913
File D:\Python37\Lib\site-packages\django\db\models\manager.py first seen with mtime 1643056798.269386
File D:\Python37\Lib\site-packages\django\core\signals.py first seen with mtime 1643056798.0795462
File D:\Python37\Lib\site-packages\django\db\backends\mysql\validation.py first seen with mtime 1643056798.2033353
File D:\Python37\Lib\site-packages\django\views\decorators\cache.py first seen with mtime 1643056798.4730835
File D:\Python37\Lib\site-packages\django\contrib\__init__.py first seen with mtime 1643056794.733437
File D:\Python37\Lib\fnmatch.py first seen with mtime 1562585058.0
File D:\Python37\Lib\site-packages\django\utils\module_loading.py first seen with mtime 1643056798.4531007
File D:\Python37\Lib\site-packages\django\contrib\staticfiles\management\commands\runserver.py first seen with mtime 1643056798.0725536
File D:\Python37\Lib\site-packages\django\core\files\images.py first seen with mtime 1643056798.1071413
File D:\Python37\Lib\logging\config.py first seen with mtime 1562585058.0
File D:\Python37\Lib\pathlib.py first seen with mtime 1562585058.0
File D:\Python37\Lib\http\server.py first seen with mtime 1562585058.0
File D:\Python37\Lib\site-packages\django\contrib\auth\models.py first seen with mtime 1643056795.8615482
File D:\Python37\Lib\pickle.py first seen with mtime 1562585058.0
File D:\Python37\Lib\site-packages\django\db\backends\base\__init__.py first seen with mtime 1643056798.1783328
File D:\Python37\Lib\site-packages\django\db\models\indexes.py first seen with mtime 1643056798.2674336
File D:\Python37\Lib\site-packages\django\__init__.py first seen with mtime 1643056794.3548458
File D:\Python37\Lib\site-packages\django\views\generic\dates.py first seen with mtime 1643056798.4827013
File D:\Python37\Lib\site-packages\django\db\models\functions\math.py first seen with mtime 1643056798.289389
File D:\Python37\Lib\site-packages\django\core\management\base.py first seen with mtime 1643056798.1290524
File D:\Python37\Lib\site-packages\django\core\checks\security\sessions.py first seen with mtime 1643056798.104469
File D:\Python37\Lib\site-packages\django\template\utils.py first seen with mtime 1643056798.39199
File D:\Python37\Lib\site-packages\sqlparse\filters\aligned_indent.py first seen with mtime 1643056793.3983335
File D:\Python37\Lib\site-packages\django\core\handlers\wsgi.py first seen with mtime 1643056798.1181366
File D:\Python37\Lib\html\__init__.py first seen with mtime 1562585058.0
File D:\Python37\Lib\encodings\__init__.py first seen with mtime 1562585058.0
File D:\Python37\Lib\site-packages\django\db\models\utils.py first seen with mtime 1643056798.2753894
File D:\Python37\Lib\datetime.py first seen with mtime 1562585058.0
File D:\Python37\Lib\html\parser.py first seen with mtime 1562585058.0
File D:\Python37\Lib\site-packages\django\db\models\sql\query.py first seen with mtime 1643056798.2980294
File D:\Python37\Lib\site-packages\django\db\backends\mysql\base.py first seen with mtime 1643056798.1943338
File D:\Python37\DLLs\_hashlib.pyd first seen with mtime 1562589360.0
File D:\Python37\Lib\site-packages\django\contrib\admin\models.py first seen with mtime 1643056794.7431192
File D:\Python37\Lib\unittest\case.py first seen with mtime 1562585058.0
File D:\Python37\Lib\site-packages\importlib_metadata\_functools.py first seen with mtime 1645420353.5276597
File D:\Python37\Lib\copyreg.py first seen with mtime 1562585058.0
File D:\Python37\Lib\site-packages\django\core\checks\security\csrf.py first seen with mtime 1643056798.103433
File D:\Python37\Lib\email\feedparser.py first seen with mtime 1562585058.0
File D:\Python37\Lib\tempfile.py first seen with mtime 1562585058.0
File D:\Python37\Lib\abc.py first seen with mtime 1562585058.0
File D:\Python37\Lib\site-packages\django\db\models\constraints.py first seen with mtime 1643056798.2628436
File D:\Python37\Lib\site-packages\django\utils\inspect.py first seen with mtime 1643056798.4474826
File D:\Python37\Lib\site-packages\sqlparse\exceptions.py first seen with mtime 1643056793.3777037
File D:\Python37\Lib\ntpath.py first seen with mtime 1562585058.0
File D:\Python37\Lib\site-packages\django\contrib\auth\hashers.py first seen with mtime 1643056795.858487
File D:\Python37\Lib\site-packages\django\http\__init__.py first seen with mtime 1643056798.3654883
File D:\Python37\Lib\email\_parseaddr.py first seen with mtime 1562585058.0
File D:\Python37\Lib\site-packages\pytz\tzfile.py first seen with mtime 1643056793.5831463
File D:\Python37\Lib\site-packages\django\utils\text.py first seen with mtime 1643056798.4570234
File D:\Python37\Lib\site-packages\django\core\files\move.py first seen with mtime 1643056798.109141
File D:\Python37\Lib\site-packages\pymysql\err.py first seen with mtime 1643056056.8523965
File D:\Python37\Lib\site-packages\django\db\backends\__init__.py first seen with mtime 1643056798.1744354
File D:\Python37\Lib\site-packages\django\utils\ipv6.py first seen with mtime 1643056798.4484067
File D:\Python37\Lib\email\charset.py first seen with mtime 1562585058.0
File D:\Python37\DLLs\_asyncio.pyd first seen with mtime 1562589322.0
File D:\Python37\Lib\urllib\__init__.py first seen with mtime 1562585058.0
File D:\Python37\Lib\site-packages\django\core\checks\translation.py first seen with mtime 1643056798.0984325
File D:\Python37\Lib\json\encoder.py first seen with mtime 1562585058.0
File D:\Python37\Lib\collections\abc.py first seen with mtime 1562585058.0
File D:\Python37\Lib\site-packages\django\views\debug.py first seen with mtime 1643056798.4691954
File D:\Python37\Lib\site-packages\django\db\models\sql\where.py first seen with mtime 1643056798.3000348
File D:\Python37\Lib\site-packages\django\contrib\admin\filters.py first seen with mtime 1643056794.7404804
File D:\Python37\Lib\site-packages\django\core\exceptions.py first seen with mtime 1643056798.077541
File D:\Python37\Lib\site-packages\django\forms\__init__.py first seen with mtime 1643056798.304994
File D:\Python37\Lib\site-packages\django\core\mail\__init__.py first seen with mtime 1643056798.1191812
File D:\Python37\Lib\site-packages\django\contrib\auth\apps.py first seen with mtime 1643056795.8505278
File D:\Python37\Lib\site-packages\django\template\backends\__init__.py first seen with mtime 1643056798.3928652
File D:\Python37\Lib\site-packages\django\utils\formats.py first seen with mtime 1643056798.4434485
File D:\Python37\Lib\encodings\utf_8.py first seen with mtime 1562585058.0
File D:\Python37\Lib\site-packages\django\views\generic\list.py first seen with mtime 1643056798.48472
File D:\Python37\Lib\email\mime\multipart.py first seen with mtime 1562585058.0
File D:\Python37\Lib\site-packages\django\core\checks\caches.py first seen with mtime 1643056798.0935473
File D:\Python37\Lib\site-packages\redis\__init__.py first seen with mtime 1645420353.5890868
File D:\Python37\Lib\site-packages\django\template\backends\base.py first seen with mtime 1643056798.3939002
File D:\Python37\Lib\site-packages\django\db\models\fields\mixins.py first seen with mtime 1643056798.2793982
File D:\Python37\Lib\email\_policybase.py first seen with mtime 1562585058.0
File D:\Python37\Lib\http\cookies.py first seen with mtime 1562585058.0
File D:\Python37\Lib\site-packages\django\db\backends\base\schema.py first seen with mtime 1643056798.1883743
File D:\Django_aijia\my_aijia\my_aijia\apps\users\urls.py first seen with mtime 1645613618.48017
File D:\Python37\Lib\sre_compile.py first seen with mtime 1562585058.0
File D:\Python37\Lib\site-packages\django\core\checks\urls.py first seen with mtime 1643056798.099432
File D:\Python37\Lib\wsgiref\simple_server.py first seen with mtime 1562585058.0
File D:\Python37\Lib\os.py first seen with mtime 1562585058.0
File D:\Python37\Lib\site-packages\colorama\win32.py first seen with mtime 1645281396.41732
File D:\Python37\Lib\site-packages\django\core\cache\backends\__init__.py first seen with mtime 1643056798.0855064
File D:\Django_aijia\my_aijia\my_aijia\apps\users\apps.py first seen with mtime 1645594562.4184139
File D:\Python37\Lib\site-packages\django\utils\safestring.py first seen with mtime 1643056798.4551015
File D:\Python37\Lib\ctypes\__init__.py first seen with mtime 1562585058.0
File D:\Python37\Lib\site-packages\django\utils\deprecation.py first seen with mtime 1643056798.4394517
File D:\Python37\Lib\site-packages\django\utils\translation\__init__.py first seen with mtime 1643056798.4630787
File D:\Python37\Lib\email\message.py first seen with mtime 1562585058.0
File D:\Python37\Lib\selectors.py first seen with mtime 1562585058.0
File D:\Python37\Lib\site-packages\sqlparse\formatter.py first seen with mtime 1643056793.379593
File D:\Python37\Lib\site-packages\django\http\response.py first seen with mtime 1643056798.3700848
File D:\Python37\Lib\site-packages\pymysql\times.py first seen with mtime 1643056056.8556736
File D:\Python37\Lib\site-packages\django\forms\widgets.py first seen with mtime 1643056798.3136837
File D:\Python37\Lib\site-packages\django\utils\duration.py first seen with mtime 1643056798.4404485
File D:\Python37\Lib\site-packages\pymysql\__init__.py first seen with mtime 1643056056.845435
File D:\Python37\Lib\site-packages\django\db\backends\ddl_references.py first seen with mtime 1643056798.175373
File D:\Python37\Lib\site-packages\django\db\models\fields\proxy.py first seen with mtime 1643056798.2803884
File D:\Python37\Lib\site-packages\django\core\management\commands\runserver.py first seen with mtime 1643056798.14837
File D:\Python37\Lib\site-packages\django\utils\decorators.py first seen with mtime 1643056798.4387608
File D:\Python37\DLLs\unicodedata.pyd first seen with mtime 1562589338.0
File D:\Python37\Lib\site-packages\django\db\migrations\operations\models.py first seen with mtime 1643056798.2567313
File D:\Python37\Lib\site-packages\django\core\checks\__init__.py first seen with mtime 1643056798.091506
File D:\Python37\Lib\site-packages\django\core\files\utils.py first seen with mtime 1643056798.1131833
File D:\Django_aijia\my_aijia\my_aijia\apps\users\models.py first seen with mtime 1645594562.4194133
File D:\Python37\Lib\asyncio\proactor_events.py first seen with mtime 1562585058.0
File D:\Python37\Lib\site-packages\pytz\exceptions.py first seen with mtime 1643056793.5801466
File D:\Python37\Lib\site-packages\django\contrib\messages\storage\__init__.py first seen with mtime 1643056797.1424417
File D:\Python37\Lib\codecs.py first seen with mtime 1562585058.0
File D:\Python37\Lib\site-packages\django\db\migrations\operations\__init__.py first seen with mtime 1643056798.2536652
File D:\Python37\Lib\urllib\error.py first seen with mtime 1562585058.0
File D:\Python37\Lib\site-packages\django\db\models\lookups.py first seen with mtime 1643056798.2683907
File D:\Python37\Lib\site-packages\django\contrib\admin\exceptions.py first seen with mtime 1643056794.7386136
File D:\Python37\Lib\site-packages\django\db\models\sql\constants.py first seen with mtime 1643056798.2954397
File D:\Python37\Lib\sre_parse.py first seen with mtime 1562585058.0
File D:\Python37\Lib\hashlib.py first seen with mtime 1562585058.0
File D:\Python37\Lib\site-packages\django\urls\__init__.py first seen with mtime 1643056798.4185667
File D:\Python37\Lib\site-packages\django\contrib\staticfiles\apps.py first seen with mtime 1643056798.0605433
File D:\Python37\Lib\gettext.py first seen with mtime 1562585058.0
File D:\Python37\Lib\site-packages\django\db\models\fields\related.py first seen with mtime 1643056798.2813866
File D:\Python37\Lib\site-packages\django\templatetags\i18n.py first seen with mtime 1643056798.4049046
File D:\Python37\Lib\site-packages\django\contrib\contenttypes\__init__.py first seen with mtime 1643056796.1102312
File D:\Python37\Lib\site-packages\win32\lib\pywin32_bootstrap.py first seen with mtime 1645281390.0204916
File D:\Python37\Lib\site-packages\django\db\models\aggregates.py first seen with mtime 1643056798.2607088
File D:\Python37\Lib\site-packages\sqlparse\engine\filter_stack.py first seen with mtime 1643056793.3919175
File D:\Python37\Lib\site-packages\django\contrib\admin\helpers.py first seen with mtime 1643056794.7421105
File D:\Python37\Lib\site-packages\django\db\models\functions\window.py first seen with mtime 1643056798.2923892
File D:\Python37\Lib\site-packages\django\template\loaders\base.py first seen with mtime 1643056798.3998647
File D:\Python37\Lib\calendar.py first seen with mtime 1562585058.0
File D:\Python37\Lib\stat.py first seen with mtime 1562585058.0
File D:\Python37\Lib\_markupbase.py first seen with mtime 1562585058.0
File D:\Python37\Lib\site-packages\django\utils\cache.py first seen with mtime 1643056798.4314492
File D:\Python37\Lib\site-packages\django\db\migrations\operations\utils.py first seen with mtime 1643056798.2587035
File D:\Python37\Lib\asyncio\__init__.py first seen with mtime 1562585058.0
File D:\Python37\Lib\site-packages\django\db\models\constants.py first seen with mtime 1643056798.2627032
File D:\Python37\Lib\site-packages\django\db\models\query_utils.py first seen with mtime 1643056798.273402
File D:\Python37\Lib\site-packages\django\contrib\contenttypes\fields.py first seen with mtime 1643056796.1142364
File D:\Python37\Lib\asyncio\log.py first seen with mtime 1562585058.0
File D:\Python37\Lib\email\header.py first seen with mtime 1562585058.0
File D:\Python37\Lib\uuid.py first seen with mtime 1562585058.0
File D:\Python37\Lib\urllib\parse.py first seen with mtime 1562585058.0
File D:\Python37\Lib\wsgiref\util.py first seen with mtime 1562585058.0
File D:\Python37\Lib\encodings\latin_1.py first seen with mtime 1562585058.0
File D:\Python37\Lib\site-packages\sqlparse\filters\right_margin.py first seen with mtime 1643056793.4057047
File D:\Python37\Lib\site-packages\django\contrib\staticfiles\checks.py first seen with mtime 1643056798.0605433
File D:\Python37\Lib\site-packages\django\template\base.py first seen with mtime 1643056798.3809125
File D:\Python37\Lib\_collections_abc.py first seen with mtime 1562585058.0
File D:\Python37\Lib\site-packages\django\core\checks\security\base.py first seen with mtime 1643056798.1025128
File D:\Python37\Lib\email\policy.py first seen with mtime 1562585058.0
File D:\Python37\Lib\site-packages\django\forms\formsets.py first seen with mtime 1643056798.3086047
File D:\Python37\Lib\__future__.py first seen with mtime 1562585058.0
File D:\Python37\Lib\contextvars.py first seen with mtime 1562585058.0
File D:\Python37\Lib\asyncio\subprocess.py first seen with mtime 1562585058.0
File D:\Python37\Lib\socket.py first seen with mtime 1562585058.0
File D:\Python37\Lib\site-packages\django\apps\config.py first seen with mtime 1643056794.3579183
File D:\Python37\Lib\asyncio\runners.py first seen with mtime 1562585058.0
File D:\Python37\Lib\site-packages\django\core\checks\database.py first seen with mtime 1643056798.0938652
File D:\Python37\Lib\site-packages\pymysql\cursors.py first seen with mtime 1643056056.851419
File D:\Python37\Lib\site-packages\django\db\backends\mysql\__init__.py first seen with mtime 1643056798.1933727
File D:\Python37\Lib\traceback.py first seen with mtime 1562585058.0
File D:\Python37\Lib\site-packages\pymysql\_auth.py first seen with mtime 1643056056.8464334
File D:\Python37\Lib\site-packages\django\utils\__init__.py first seen with mtime 1643056798.4254565
File D:\Python37\Lib\numbers.py first seen with mtime 1562585058.0
File D:\Python37\Lib\site-packages\django\views\generic\__init__.py first seen with mtime 1643056798.4806035
File D:\Django_aijia\my_aijia\my_aijia\urls.py first seen with mtime 1645616210.2219272
File D:\Python37\Lib\getpass.py first seen with mtime 1562585058.0
File D:\Python37\Lib\asyncio\format_helpers.py first seen with mtime 1562585058.0
File D:\Python37\Lib\site-packages\django\contrib\staticfiles\views.py first seen with mtime 1643056798.0675452
File D:\Python37\Lib\re.py first seen with mtime 1562585058.0
File D:\Python37\Lib\heapq.py first seen with mtime 1562585058.0
File D:\Python37\Lib\site-packages\django\db\models\fields\files.py first seen with mtime 1643056798.2773857
File D:\Python37\Lib\site-packages\django\db\backends\base\validation.py first seen with mtime 1643056798.1893735
File D:\Python37\Lib\site-packages\importlib_metadata\_compat.py first seen with mtime 1645420353.5266476
File D:\Python37\Lib\site-packages\sqlparse\engine\grouping.py first seen with mtime 1643056793.393989
File D:\Python37\Lib\site-packages\zipp.py first seen with mtime 1645420353.3055546
File D:\Python37\Lib\locale.py first seen with mtime 1562585058.0
File D:\Python37\Lib\asyncio\base_futures.py first seen with mtime 1562585058.0
File D:\Python37\Lib\site-packages\django\core\signing.py first seen with mtime 1643056798.0805795
File D:\Python37\Lib\_weakrefset.py first seen with mtime 1562585058.0
File D:\Python37\Lib\site-packages\django\contrib\admin\sites.py first seen with mtime 1643056794.7451193
File D:\Python37\DLLs\_bz2.pyd first seen with mtime 1562589346.0
File D:\Python37\Lib\site-packages\django\core\cache\backends\base.py first seen with mtime 1643056798.0865278
File D:\Python37\Lib\typing.py first seen with mtime 1562585058.0
File D:\Python37\Lib\site-packages\sqlparse\lexer.py first seen with mtime 1643056793.3837922
File D:\Python37\Lib\site-packages\django\contrib\admin\widgets.py first seen with mtime 1643056794.7490776
File D:\Python37\Lib\site-packages\django\utils\baseconv.py first seen with mtime 1643056798.4304118
File D:\Python37\Lib\asyncio\coroutines.py first seen with mtime 1562585058.0
File D:\Python37\Lib\site-packages\django\db\backends\mysql\operations.py first seen with mtime 1643056798.2013738
File D:\Python37\Lib\warnings.py first seen with mtime 1562585058.0
File D:\Python37\Lib\site-packages\django\db\migrations\state.py first seen with mtime 1643056798.2497487
File D:\Python37\Lib\site-packages\django\contrib\contenttypes\management\__init__.py first seen with mtime 1643056796.3260355
File D:\Python37\Lib\site-packages\django\core\handlers\base.py first seen with mtime 1643056798.116137
File D:\Python37\Lib\site-packages\django\utils\datetime_safe.py first seen with mtime 1643056798.4374506
File D:\Python37\Lib\asyncio\base_subprocess.py first seen with mtime 1562585058.0
File D:\Python37\Lib\site-packages\django\utils\dateformat.py first seen with mtime 1643056798.4344468
File D:\Python37\Lib\subprocess.py first seen with mtime 1562585058.0
File D:\Python37\Lib\site-packages\django\urls\exceptions.py first seen with mtime 1643056798.422451
File D:\Python37\Lib\site-packages\pymysql\constants\COMMAND.py first seen with mtime 1643056056.857674
File D:\Python37\Lib\site-packages\sqlparse\filters\__init__.py first seen with mtime 1643056793.3972926
File D:\Python37\Lib\site-packages\pymysql\converters.py first seen with mtime 1643056056.849399
File D:\Python37\Lib\site-packages\django\db\models\expressions.py first seen with mtime 1643056798.2656693
File D:\Python37\Lib\site-packages\django\utils\encoding.py first seen with mtime 1643056798.44141
File D:\Python37\Lib\unittest\result.py first seen with mtime 1562585058.0
File D:\Python37\Lib\asyncio\windows_utils.py first seen with mtime 1562585058.0
File D:\Python37\Lib\site-packages\sqlparse\filters\output.py first seen with mtime 1643056793.4017189
File D:\Python37\Lib\site-packages\django\db\models\fields\__init__.py first seen with mtime 1643056798.2763872
File D:\Python37\Lib\site-packages\django\utils\asyncio.py first seen with mtime 1643056798.4274526
File D:\Python37\Lib\signal.py first seen with mtime 1562585058.0
File D:\Python37\Lib\site-packages\django\db\models\fields\json.py first seen with mtime 1643056798.2783868
File D:\Python37\Lib\uu.py first seen with mtime 1562585058.0
File D:\Python37\Lib\site-packages\django\contrib\staticfiles\finders.py first seen with mtime 1643056798.061542
File D:\Python37\Lib\difflib.py first seen with mtime 1562585058.0
File D:\Python37\Lib\site-packages\django\core\serializers\__init__.py first seen with mtime 1643056798.1613705
File D:\Python37\Lib\site-packages\django\core\cache\__init__.py first seen with mtime 1643056798.083505
File D:\Python37\Lib\site-packages\django\utils\deconstruct.py first seen with mtime 1643056798.4384496
File D:\Python37\Lib\site-packages\sqlparse\filters\tokens.py first seen with mtime 1643056793.4076557
File D:\Python37\Lib\site-packages\django\core\checks\templates.py first seen with mtime 1643056798.097429
File D:\Python37\Lib\site-packages\django\db\backends\base\operations.py first seen with mtime 1643056798.1863718
File D:\Python37\Lib\site-packages\django\contrib\auth\tokens.py first seen with mtime 1643056795.86353
File D:\Python37\DLLs\_queue.pyd first seen with mtime 1562589346.0
File D:\Python37\Lib\genericpath.py first seen with mtime 1562585058.0
File D:\Python37\Lib\asyncio\windows_events.py first seen with mtime 1562585058.0
File D:\Python37\DLLs\_lzma.pyd first seen with mtime 1562589374.0
File D:\Python37\Lib\logging\handlers.py first seen with mtime 1562585058.0
File D:\Python37\Lib\site-packages\asgiref\current_thread_executor.py first seen with mtime 1643056794.2308605
File D:\Python37\Lib\urllib\request.py first seen with mtime 1562585058.0
File D:\Python37\Lib\json\scanner.py first seen with mtime 1562585058.0
File D:\Python37\Lib\email\parser.py first seen with mtime 1562585058.0
File D:\Python37\Lib\site-packages\pymysql\constants\FIELD_TYPE.py first seen with mtime 1643056056.8606732
File D:\Python37\Lib\site-packages\django\core\files\temp.py first seen with mtime 1643056798.1101854
File D:\Python37\Lib\zipfile.py first seen with mtime 1562585058.0
File D:\Python37\Lib\site-packages\django\utils\functional.py first seen with mtime 1643056798.4434485
File D:\Python37\Lib\site-packages\django\core\handlers\exception.py first seen with mtime 1643056798.1171374
File D:\Python37\Lib\copy.py first seen with mtime 1562585058.0
File D:\Python37\Lib\site-packages\django\contrib\admin\templatetags\base.py first seen with mtime 1643056795.5923665
File D:\Python37\Lib\_sitebuiltins.py first seen with mtime 1562585058.0
File D:\Python37\Lib\site-packages\django\db\backends\base\creation.py first seen with mtime 1643056798.1824107
File D:\Python37\Lib\site-packages\django\templatetags\__init__.py first seen with mtime 1643056798.4029021
File D:\Python37\Lib\email\mime\text.py first seen with mtime 1562585058.0
File D:\Python37\Lib\unittest\runner.py first seen with mtime 1562585058.0
File D:\Python37\Lib\asyncio\sslproto.py first seen with mtime 1562585058.0
File D:\Python37\Lib\wsgiref\handlers.py first seen with mtime 1562585058.0
File D:\Python37\Lib\asyncio\constants.py first seen with mtime 1562585058.0
File D:\Python37\Lib\site-packages\django\contrib\admin\views\main.py first seen with mtime 1643056795.5973291
File D:\Python37\Lib\site-packages\django\views\generic\edit.py first seen with mtime 1643056798.4835873
File D:\Python37\Lib\hmac.py first seen with mtime 1562585058.0
File D:\Python37\Lib\site-packages\django\contrib\contenttypes\apps.py first seen with mtime 1643056796.112236
File D:\Python37\Lib\site-packages\django\contrib\contenttypes\checks.py first seen with mtime 1643056796.1131961
File D:\Python37\Lib\site-packages\django\template\loader_tags.py first seen with mtime 1643056798.3888986
File D:\Python37\Lib\collections\__init__.py first seen with mtime 1562585058.0
File D:\Python37\Lib\site-packages\django\db\backends\signals.py first seen with mtime 1643056798.1763332
File D:\Python37\Lib\site-packages\django\contrib\admin\checks.py first seen with mtime 1643056794.7374775
File D:\Python37\Lib\site-packages\django\utils\_os.py first seen with mtime 1643056798.4254565
File D:\Python37\Lib\keyword.py first seen with mtime 1562585058.0
File D:\Python37\Lib\site-packages\django\core\__init__.py first seen with mtime 1643056798.0765436
File D:\Python37\Lib\site-packages\django\contrib\admin\views\autocomplete.py first seen with mtime 1643056795.595856
File D:\Python37\Lib\site-packages\django\db\__init__.py first seen with mtime 1643056798.1713736
File D:\Python37\Lib\importlib\__init__.py first seen with mtime 1562585058.0
File D:\Python37\Lib\site-packages\pymysql\constants\ER.py first seen with mtime 1643056056.859674
File D:\Python37\Lib\site-packages\django\core\paginator.py first seen with mtime 1643056798.0785453
File D:\Django_aijia\my_aijia\my_aijia\dev.py first seen with mtime 1645617235.2230837
File D:\Python37\DLLs\_decimal.pyd first seen with mtime 1562589330.0
File D:\Python37\Lib\asyncio\protocols.py first seen with mtime 1562585058.0
File D:\Python37\Lib\wsgiref\headers.py first seen with mtime 1562585058.0
File D:\Python37\Lib\opcode.py first seen with mtime 1562585058.0
File D:\Python37\Lib\site-packages\pymysql\constants\CLIENT.py first seen with mtime 1643056056.8566754
File D:\Python37\Lib\_compression.py first seen with mtime 1562585058.0
File D:\Python37\Lib\site-packages\django\contrib\staticfiles\management\__init__.py first seen with mtime 1643056798.0685449
File D:\Python37\Lib\site-packages\django\db\models\deletion.py first seen with mtime 1643056798.26369
File D:\Python37\Lib\site-packages\django\template\loaders\app_directories.py first seen with mtime 1643056798.398918
File D:\Python37\Lib\site-packages\django\utils\termcolors.py first seen with mtime 1643056798.4559846
File D:\Python37\Lib\site-packages\sqlparse\utils.py first seen with mtime 1643056793.3889837
File D:\Python37\Lib\site-packages\django\db\utils.py first seen with mtime 1643056798.1733737
File D:\Python37\Lib\reprlib.py first seen with mtime 1562585058.0
File D:\Python37\Lib\site-packages\django\templatetags\cache.py first seen with mtime 1643056798.4039044
File D:\Python37\Lib\importlib\util.py first seen with mtime 1562585058.0
File D:\Python37\Lib\contextlib.py first seen with mtime 1562585058.0
File D:\Python37\Lib\site-packages\django\core\validators.py first seen with mtime 1643056798.0815065
File D:\Python37\Lib\site-packages\django\utils\connection.py first seen with mtime 1643056798.4324472
File D:\Python37\Lib\site-packages\django\db\backends\mysql\client.py first seen with mtime 1643056798.19533
File D:\Python37\Lib\base64.py first seen with mtime 1562585058.0
File D:\Python37\Lib\email\__init__.py first seen with mtime 1562585058.0
File D:\Python37\Lib\site-packages\django\forms\renderers.py first seen with mtime 1643056798.3116503
File D:\Python37\Lib\urllib\response.py first seen with mtime 1562585058.0
File D:\Python37\Lib\importlib\machinery.py first seen with mtime 1562585058.0
File D:\Python37\Lib\threading.py first seen with mtime 1562585058.0
File D:\Python37\Lib\site-packages\django\core\wsgi.py first seen with mtime 1643056798.0825384
File D:\Python37\Lib\site-packages\django\utils\timesince.py first seen with mtime 1643056798.457985
File D:\Python37\Lib\email\errors.py first seen with mtime 1562585058.0
File D:\Python37\Lib\site-packages\django\core\mail\message.py first seen with mtime 1643056798.1201408
File D:\Python37\Lib\site-packages\django\shortcuts.py first seen with mtime 1643056794.3568723
File D:\Python37\Lib\encodings\aliases.py first seen with mtime 1562585058.0
File D:\Python37\Lib\site-packages\django\contrib\staticfiles\management\commands\__init__.py first seen with mtime 1643056798.0695066
File D:\Python37\Lib\email\_header_value_parser.py first seen with mtime 1562585058.0
File D:\Python37\Lib\site-packages\django\contrib\sites\shortcuts.py first seen with mtime 1643056797.8585074
File D:\Python37\Lib\email\mime\base.py first seen with mtime 1562585058.0
File D:\Python37\Lib\site-packages\django\contrib\staticfiles\utils.py first seen with mtime 1643056798.0666735
File D:\Python37\Lib\json\__init__.py first seen with mtime 1562585058.0
File D:\Python37\Lib\site-packages\django\db\backends\mysql\introspection.py first seen with mtime 1643056798.2003717
File D:\Python37\Lib\site-packages\django\apps\registry.py first seen with mtime 1643056794.3588805
File D:\Python37\Lib\site-packages\django\template\library.py first seen with mtime 1643056798.3879945
File D:\Python37\DLLs\select.pyd first seen with mtime 1562589336.0
File D:\Python37\Lib\email\contentmanager.py first seen with mtime 1562585058.0
File D:\Python37\Lib\_bootlocale.py first seen with mtime 1562585058.0
File D:\Python37\Lib\token.py first seen with mtime 1562585058.0
File D:\Python37\Lib\site-packages\django\db\migrations\operations\special.py first seen with mtime 1643056798.257665
File D:\Python37\Lib\site-packages\django\core\management\commands\__init__.py first seen with mtime 1643056798.1340501
File D:\Python37\Lib\site-packages\django\contrib\contenttypes\views.py first seen with mtime 1643056796.1172383
File D:\Python37\Lib\site-packages\django\db\models\functions\__init__.py first seen with mtime 1643056798.2863874
File D:\Django_aijia\my_aijia\templates\404.html first seen with mtime 1644328710.7550564
File D:\Django_aijia\my_aijia\templates\503.html first seen with mtime 1644329326.336759
File D:\Django_aijia\my_aijia\templates\bedchamber.html first seen with mtime 1643908825.803381
File D:\Django_aijia\my_aijia\templates\childrenroom.html first seen with mtime 1643911393.0739126
File D:\Django_aijia\my_aijia\templates\detailed.html first seen with mtime 1644521030.236396
File D:\Django_aijia\my_aijia\templates\forgot-password.html first seen with mtime 1644430667.4755712
File D:\Django_aijia\my_aijia\templates\foyerroom.html first seen with mtime 1643911599.3687038
File D:\Django_aijia\my_aijia\templates\index.html first seen with mtime 1644431408.2076511
File D:\Django_aijia\my_aijia\templates\kitchen.html first seen with mtime 1643910376.8303356
File D:\Django_aijia\my_aijia\templates\livingroom.html first seen with mtime 1643911798.5578535
File D:\Django_aijia\my_aijia\templates\login.html first seen with mtime 1644430428.7680266
File D:\Django_aijia\my_aijia\templates\officeroom.html first seen with mtime 1643911372.5024843
File D:\Django_aijia\my_aijia\templates\register.html first seen with mtime 1645528639.576244
File D:\Django_aijia\my_aijia\templates\shopcat.html first seen with mtime 1644005915.3794055
File D:\Python37\Lib\site-packages\django\contrib\auth\migrations\0003_alter_user_email_max_length.py first seen with mtime 1643056796.09928
File D:\Python37\Lib\site-packages\django\core\cache\backends\dummy.py first seen with mtime 1643056798.0885067
File D:\Python37\Lib\site-packages\django\contrib\auth\migrations\0006_require_contenttypes_0002.py first seen with mtime 1643056796.101239
File D:\Python37\Lib\site-packages\django_redis\client\__init__.py first seen with mtime 1424436811.0
File D:\Python37\Lib\site-packages\django\contrib\auth\migrations\0001_initial.py first seen with mtime 1643056796.097246
File D:\Python37\Lib\site-packages\redis\utils.py first seen with mtime 1645420353.5980523
File D:\Python37\Lib\site-packages\packaging\_structures.py first seen with mtime 1645420353.4686203
File D:\Python37\Lib\site-packages\redis\crc.py first seen with mtime 1645420353.5940528
File D:\Python37\Lib\site-packages\importlib_metadata\_collections.py first seen with mtime 1645420353.5266476
File D:\Python37\Lib\site-packages\django\middleware\security.py first seen with mtime 1643056798.3781278
File D:\Python37\Lib\site-packages\redis\commands\cluster.py first seen with mtime 1645420353.5992172
File D:\Python37\Lib\site-packages\django\contrib\admin\migrations\0002_logentry_remove_auto_add.py first seen with mtime 1643056795.1699717
File D:\Python37\Lib\site-packages\redis\commands\helpers.py first seen with mtime 1645420353.6020532
File D:\Python37\Lib\site-packages\django\contrib\auth\migrations\0004_alter_user_username_opts.py first seen with mtime 1643056796.100234
File D:\Python37\Lib\site-packages\django\contrib\contenttypes\migrations\__init__.py first seen with mtime 1643056796.33104
File D:\Django_aijia\my_aijia\my_aijia\apps\users\migrations\__init__.py first seen with mtime 1645594562.4234147
File D:\Python37\Lib\site-packages\redis\retry.py first seen with mtime 1645420353.597053
File D:\Python37\Lib\site-packages\django\contrib\sessions\middleware.py first seen with mtime 1643056797.5437498
File D:\Python37\Lib\site-packages\django\contrib\sessions\backends\cache.py first seen with mtime 1643056797.5486662
File D:\Python37\Lib\site-packages\importlib_metadata\_itertools.py first seen with mtime 1645420353.5276597
File D:\Python37\Lib\site-packages\packaging\version.py first seen with mtime 1645420353.4748797
File D:\Python37\Lib\site-packages\django_redis\pool.py first seen with mtime 1424436877.0
File D:\Python37\Lib\site-packages\redis\connection.py first seen with mtime 1645420353.5930521
File D:\Python37\Lib\site-packages\django\middleware\clickjacking.py first seen with mtime 1643056798.3720884
File D:\Python37\Lib\site-packages\redis\sentinel.py first seen with mtime 1645420353.597053
File D:\Python37\Lib\site-packages\django\db\migrations\loader.py first seen with mtime 1643056798.243613
File D:\Python37\Lib\site-packages\redis\commands\redismodules.py first seen with mtime 1645420353.6035728
File D:\Python37\Lib\site-packages\django\contrib\admin\migrations\0001_initial.py first seen with mtime 1643056795.1690142
File D:\Python37\Lib\site-packages\django\contrib\auth\migrations\0011_update_proxy_permissions.py first seen with mtime 1643056796.1062343
File D:\Python37\Lib\site-packages\django\contrib\sessions\migrations\0001_initial.py first seen with mtime 1643056797.843495
File D:\Python37\Lib\site-packages\redis\client.py first seen with mtime 1645420353.591113
File D:\Python37\Lib\site-packages\django_redis\hash_ring.py first seen with mtime 1424436811.0
File D:\Python37\Lib\site-packages\redis\lock.py first seen with mtime 1645420353.5955381
File D:\Python37\Lib\site-packages\redis\commands\__init__.py first seen with mtime 1645420353.599053
File D:\Python37\Lib\site-packages\django\contrib\sessions\migrations\__init__.py first seen with mtime 1643056797.8444624
File D:\Python37\Lib\stringprep.py first seen with mtime 1562585058.0
File D:\Python37\Lib\site-packages\django_redis\client\sharded.py first seen with mtime 1434369094.0
File D:\Python37\Lib\site-packages\django_redis\exceptions.py first seen with mtime 1424436811.0
File D:\Python37\Lib\site-packages\django_redis\client\default.py first seen with mtime 1434369094.0
File D:\Python37\Lib\encodings\idna.py first seen with mtime 1562585058.0
File D:\Python37\Lib\site-packages\django\contrib\auth\migrations\0007_alter_validators_add_error_messages.py first seen with mtime 1643056796.102201
File D:\Python37\Lib\site-packages\django\middleware\common.py first seen with mtime 1643056798.3730886
File D:\Django_aijia\my_aijia\my_aijia\wsgi.py first seen with mtime 1645594520.1553383
File D:\Python37\Lib\site-packages\django\db\migrations\graph.py first seen with mtime 1643056798.2426553
File D:\Python37\Lib\site-packages\django\contrib\auth\migrations\0009_alter_user_last_name_max_length.py first seen with mtime 1643056796.1042378
File D:\Python37\Lib\site-packages\django\contrib\auth\migrations\0005_alter_user_last_login_null.py first seen with mtime 1643056796.101239
File D:\Python37\Lib\site-packages\django\contrib\sessions\backends\__init__.py first seen with mtime 1643056797.5466676
File D:\Python37\Lib\site-packages\django\contrib\auth\backends.py first seen with mtime 1643056795.8515234
File D:\Python37\Lib\site-packages\django\conf\urls\__init__.py first seen with mtime 1643056794.730443
File D:\Python37\Lib\site-packages\packaging\__about__.py first seen with mtime 1645420353.465623
File D:\Python37\Lib\site-packages\packaging\__init__.py first seen with mtime 1645420353.465623
File D:\Python37\Lib\site-packages\django_redis\client\herd.py first seen with mtime 1433106467.0
File D:\Python37\Lib\site-packages\django\views\csrf.py first seen with mtime 1643056798.468092
File D:\Python37\Lib\site-packages\django\contrib\sessions\backends\base.py first seen with mtime 1643056797.5476663
File D:\Python37\Lib\site-packages\django\contrib\sessions\exceptions.py first seen with mtime 1643056797.5427103
File D:\Python37\Lib\site-packages\django_redis\client\dummy.py first seen with mtime 1424436811.0
File D:\Python37\Lib\site-packages\typing_extensions.py first seen with mtime 1643056793.3238442
File D:\Python37\Lib\site-packages\django\db\migrations\executor.py first seen with mtime 1643056798.2406437
File D:\Python37\Lib\site-packages\redis\commands\sentinel.py first seen with mtime 1645420353.6044002
File D:\Python37\Lib\site-packages\django\contrib\contenttypes\migrations\0002_remove_content_type_name.py first seen with mtime 1643056796.330007
File D:\Python37\Lib\site-packages\redis\commands\parser.py first seen with mtime 1645420353.6028862
File D:\Python37\Lib\site-packages\django\contrib\messages\middleware.py first seen with mtime 1643056797.139404
File D:\Python37\Lib\site-packages\redis\cluster.py first seen with mtime 1645420353.5920527
File D:\Python37\Lib\site-packages\redis\commands\core.py first seen with mtime 1645420353.601053
File D:\Python37\Lib\site-packages\django\contrib\admin\migrations\__init__.py first seen with mtime 1643056795.1709695
File D:\Python37\Lib\site-packages\django\contrib\contenttypes\migrations\0001_initial.py first seen with mtime 1643056796.3290434
File D:\Python37\Lib\site-packages\django\views\defaults.py first seen with mtime 1643056798.470042
File D:\Python37\Lib\site-packages\django\contrib\auth\migrations\0008_alter_user_username_max_length.py first seen with mtime 1643056796.103195
File D:\Python37\Lib\site-packages\django\contrib\auth\migrations\0002_alter_permission_name_max_length.py first seen with mtime 1643056796.0981963
File D:\Python37\Lib\site-packages\redis\backoff.py first seen with mtime 1645420353.590054
File D:\Python37\Lib\site-packages\django\db\migrations\recorder.py first seen with mtime 1643056798.2477071
File D:\Python37\Lib\site-packages\django\contrib\auth\migrations\0012_alter_user_first_name_max_length.py first seen with mtime 1643056796.1072345
File D:\Python37\Lib\site-packages\redis\exceptions.py first seen with mtime 1645420353.5950527
File D:\Python37\Lib\site-packages\django\contrib\auth\migrations\0010_alter_group_name_max_length.py first seen with mtime 1643056796.1052394
File D:\Python37\Lib\site-packages\django\contrib\auth\migrations\__init__.py first seen with mtime 1643056796.107351
File D:\Python37\Lib\site-packages\django\contrib\admin\migrations\0003_logentry_add_action_flag_choices.py first seen with mtime 1643056795.1709695
File D:\Python37\Lib\site-packages\django\contrib\auth\middleware.py first seen with mtime 1643056795.8594863
File D:\Django_aijia\my_aijia\my_aijia\dev.py previous mtime: 1645617235.2230837, current mtime: 1645617323.1110842
D:\Django_aijia\my_aijia\my_aijia\dev.py notified as changed. Signal results: [(<function template_changed at 0x000002969D63F4C8>, None), (<function translation_file_changed at 0x000002969DEBA4C8>, None)].
D:\Django_aijia\my_aijia\my_aijia\dev.py changed, reloading.
Watching for file changes with StatReloader
D:\Django_aijia\my_aijia\my_aijia\dev.py changed, reloading.
