[2022-03-03 21:11:38,123] [autoreload.py:637] [autoreload:run_with_reloader] [INFO]- Watching for file changes with StatReloader
[2022-03-03 21:11:41,485] [log.py:230] [log:log_response] [WARNING]- Not Found: /
[2022-03-03 21:11:41,488] [basehttp.py:161] [basehttp:log_message] [WARNING]- "GET / HTTP/1.1" 404 2334
[2022-03-03 21:11:57,101] [basehttp.py:161] [basehttp:log_message] [INFO]- "GET /users/register/ HTTP/1.1" 200 20123
[2022-03-03 21:11:57,127] [basehttp.py:161] [basehttp:log_message] [INFO]- "GET /static/css/register.css HTTP/1.1" 304 0
[2022-03-03 21:11:57,128] [basehttp.py:161] [basehttp:log_message] [INFO]- "GET /static/js/vue.min.js HTTP/1.1" 304 0
[2022-03-03 21:11:57,131] [basehttp.py:161] [basehttp:log_message] [INFO]- "GET /static/js/register.js HTTP/1.1" 200 11509
[2022-03-03 21:12:39,980] [basehttp.py:161] [basehttp:log_message] [INFO]- "GET /users/register/ HTTP/1.1" 200 20123
[2022-03-03 21:12:40,037] [basehttp.py:161] [basehttp:log_message] [INFO]- "GET /static/js/register.js HTTP/1.1" 200 11541
[2022-03-03 21:12:40,087] [basehttp.py:161] [basehttp:log_message] [INFO]- "GET /static/favicon.ico HTTP/1.1" 304 0
[2022-03-03 21:12:44,059] [basehttp.py:161] [basehttp:log_message] [INFO]- "GET /users/register/ HTTP/1.1" 200 20123
[2022-03-03 21:12:44,103] [basehttp.py:161] [basehttp:log_message] [INFO]- "GET /static/js/register.js HTTP/1.1" 304 0
[2022-03-03 21:12:58,004] [basehttp.py:161] [basehttp:log_message] [INFO]- "GET /users/register/ HTTP/1.1" 200 20123
[2022-03-03 21:12:58,431] [basehttp.py:161] [basehttp:log_message] [INFO]- "GET /users/register/ HTTP/1.1" 200 20123
[2022-03-03 21:12:58,456] [basehttp.py:161] [basehttp:log_message] [INFO]- "GET /static/js/register.js HTTP/1.1" 304 0
[2022-03-03 21:12:58,720] [basehttp.py:161] [basehttp:log_message] [INFO]- "GET /users/register/ HTTP/1.1" 200 20123
[2022-03-03 21:13:00,329] [basehttp.py:161] [basehttp:log_message] [INFO]- "GET /users/register/ HTTP/1.1" 200 20123
[2022-03-03 21:13:00,364] [basehttp.py:161] [basehttp:log_message] [INFO]- "GET /static/js/register.js HTTP/1.1" 304 0
[2022-03-03 21:13:00,595] [basehttp.py:161] [basehttp:log_message] [INFO]- "GET /users/register/ HTTP/1.1" 200 20123
[2022-03-03 21:13:00,969] [basehttp.py:161] [basehttp:log_message] [INFO]- "GET /users/register/ HTTP/1.1" 200 20123
[2022-03-03 21:13:01,308] [basehttp.py:161] [basehttp:log_message] [INFO]- "GET /users/register/ HTTP/1.1" 200 20123
[2022-03-03 21:13:01,416] [basehttp.py:161] [basehttp:log_message] [INFO]- "GET /users/register/ HTTP/1.1" 200 20123
[2022-03-03 21:13:01,690] [basehttp.py:161] [basehttp:log_message] [INFO]- "GET /users/register/ HTTP/1.1" 200 20123
[2022-03-03 21:13:02,142] [basehttp.py:161] [basehttp:log_message] [INFO]- "GET /users/register/ HTTP/1.1" 200 20123
[2022-03-03 21:13:02,251] [basehttp.py:161] [basehttp:log_message] [INFO]- "GET /static/js/register.js HTTP/1.1" 304 0
[2022-03-03 21:13:02,437] [basehttp.py:161] [basehttp:log_message] [INFO]- "GET /users/register/ HTTP/1.1" 200 20123
[2022-03-03 21:13:02,664] [basehttp.py:161] [basehttp:log_message] [INFO]- "GET /users/register/ HTTP/1.1" 200 20123
[2022-03-03 21:13:02,958] [basehttp.py:161] [basehttp:log_message] [INFO]- "GET /users/register/ HTTP/1.1" 200 20123
[2022-03-03 21:13:03,181] [basehttp.py:161] [basehttp:log_message] [INFO]- "GET /users/register/ HTTP/1.1" 200 20123
[2022-03-03 21:13:03,483] [basehttp.py:161] [basehttp:log_message] [INFO]- "GET /users/register/ HTTP/1.1" 200 20123
[2022-03-03 21:13:03,742] [basehttp.py:161] [basehttp:log_message] [INFO]- "GET /users/register/ HTTP/1.1" 200 20123
[2022-03-03 21:13:04,203] [basehttp.py:161] [basehttp:log_message] [INFO]- "GET /users/register/ HTTP/1.1" 200 20123
[2022-03-03 21:13:04,538] [basehttp.py:161] [basehttp:log_message] [INFO]- "GET /users/register/ HTTP/1.1" 200 20123
[2022-03-03 21:13:04,587] [basehttp.py:161] [basehttp:log_message] [INFO]- "GET /static/js/register.js HTTP/1.1" 304 0
[2022-03-03 21:13:04,905] [basehttp.py:161] [basehttp:log_message] [INFO]- "GET /users/register/ HTTP/1.1" 200 20123
[2022-03-03 21:14:35,333] [basehttp.py:161] [basehttp:log_message] [INFO]- "GET /users/register/ HTTP/1.1" 200 20123
[2022-03-03 21:14:35,367] [basehttp.py:161] [basehttp:log_message] [INFO]- "GET /static/js/register.js HTTP/1.1" 200 11540
[2022-03-03 21:14:42,662] [basehttp.py:161] [basehttp:log_message] [INFO]- "GET /users/register/ HTTP/1.1" 200 20123
[2022-03-03 21:14:43,089] [basehttp.py:161] [basehttp:log_message] [INFO]- "GET /users/register/ HTTP/1.1" 200 20123
[2022-03-03 21:14:43,114] [basehttp.py:161] [basehttp:log_message] [INFO]- "GET /static/js/register.js HTTP/1.1" 304 0
[2022-03-03 21:14:43,324] [basehttp.py:161] [basehttp:log_message] [INFO]- "GET /users/register/ HTTP/1.1" 200 20123
[2022-03-03 21:14:43,491] [basehttp.py:161] [basehttp:log_message] [INFO]- "GET /users/register/ HTTP/1.1" 200 20123
[2022-03-03 21:14:44,029] [basehttp.py:161] [basehttp:log_message] [INFO]- "GET /users/register/ HTTP/1.1" 200 20123
[2022-03-03 21:14:44,087] [basehttp.py:161] [basehttp:log_message] [INFO]- "GET /static/js/register.js HTTP/1.1" 304 0
[2022-03-03 21:14:44,210] [basehttp.py:161] [basehttp:log_message] [INFO]- "GET /users/register/ HTTP/1.1" 200 20123
[2022-03-03 21:14:44,488] [basehttp.py:161] [basehttp:log_message] [INFO]- "GET /users/register/ HTTP/1.1" 200 20123
[2022-03-03 21:14:44,670] [basehttp.py:161] [basehttp:log_message] [INFO]- "GET /users/register/ HTTP/1.1" 200 20123
[2022-03-03 21:14:44,902] [basehttp.py:161] [basehttp:log_message] [INFO]- "GET /users/register/ HTTP/1.1" 200 20123
[2022-03-03 21:14:45,160] [basehttp.py:161] [basehttp:log_message] [INFO]- "GET /users/register/ HTTP/1.1" 200 20123
[2022-03-03 21:14:45,242] [basehttp.py:161] [basehttp:log_message] [INFO]- "GET /static/js/register.js HTTP/1.1" 304 0
[2022-03-03 21:14:45,307] [basehttp.py:161] [basehttp:log_message] [INFO]- "GET /users/register/ HTTP/1.1" 200 20123
[2022-03-03 21:14:45,524] [basehttp.py:161] [basehttp:log_message] [INFO]- "GET /users/register/ HTTP/1.1" 200 20123
[2022-03-03 21:14:45,770] [basehttp.py:161] [basehttp:log_message] [INFO]- "GET /users/register/ HTTP/1.1" 200 20123
[2022-03-03 21:14:45,862] [basehttp.py:161] [basehttp:log_message] [INFO]- "GET /users/register/ HTTP/1.1" 200 20123
[2022-03-03 21:14:46,100] [basehttp.py:161] [basehttp:log_message] [INFO]- "GET /users/register/ HTTP/1.1" 200 20123
[2022-03-03 21:14:46,288] [basehttp.py:161] [basehttp:log_message] [INFO]- "GET /users/register/ HTTP/1.1" 200 20123
[2022-03-03 21:14:46,400] [basehttp.py:161] [basehttp:log_message] [INFO]- "GET /static/js/register.js HTTP/1.1" 304 0
[2022-03-03 21:14:46,584] [basehttp.py:161] [basehttp:log_message] [INFO]- "GET /users/register/ HTTP/1.1" 200 20123
[2022-03-03 21:14:46,683] [basehttp.py:161] [basehttp:log_message] [INFO]- "GET /users/register/ HTTP/1.1" 200 20123
[2022-03-03 21:14:46,908] [basehttp.py:161] [basehttp:log_message] [INFO]- "GET /users/register/ HTTP/1.1" 200 20123
[2022-03-03 21:14:47,087] [basehttp.py:161] [basehttp:log_message] [INFO]- "GET /users/register/ HTTP/1.1" 200 20123
[2022-03-03 21:14:47,330] [basehttp.py:161] [basehttp:log_message] [INFO]- "GET /users/register/ HTTP/1.1" 200 20123
[2022-03-03 21:14:47,381] [basehttp.py:161] [basehttp:log_message] [INFO]- "GET /static/js/register.js HTTP/1.1" 304 0
[2022-03-03 21:14:47,453] [basehttp.py:161] [basehttp:log_message] [INFO]- "GET /users/register/ HTTP/1.1" 200 20123
[2022-03-03 21:15:02,320] [basehttp.py:161] [basehttp:log_message] [WARNING]- "GET /static/css/bootstrap.min.css.map HTTP/1.1" 404 1834
[2022-03-03 21:18:21,352] [basehttp.py:161] [basehttp:log_message] [INFO]- "GET /users/register/ HTTP/1.1" 200 20113
[2022-03-03 21:18:21,385] [basehttp.py:161] [basehttp:log_message] [INFO]- "GET /static/js/register.js HTTP/1.1" 200 11484
[2022-03-03 21:18:22,750] [basehttp.py:161] [basehttp:log_message] [INFO]- "GET /users/register/ HTTP/1.1" 200 20113
[2022-03-03 21:18:22,767] [basehttp.py:161] [basehttp:log_message] [INFO]- "GET /users/register/ HTTP/1.1" 200 20113
[2022-03-03 21:18:22,799] [basehttp.py:161] [basehttp:log_message] [INFO]- "GET /static/js/register.js HTTP/1.1" 304 0
[2022-03-03 21:18:22,998] [basehttp.py:161] [basehttp:log_message] [INFO]- "GET /users/register/ HTTP/1.1" 200 20113
[2022-03-03 21:18:23,072] [basehttp.py:161] [basehttp:log_message] [INFO]- "GET /static/js/register.js HTTP/1.1" 304 0
[2022-03-03 21:20:27,365] [basehttp.py:161] [basehttp:log_message] [INFO]- "GET /users/register/ HTTP/1.1" 200 20113
[2022-03-03 21:20:27,406] [basehttp.py:161] [basehttp:log_message] [INFO]- "GET /static/js/register.js HTTP/1.1" 200 11452
[2022-03-03 21:20:30,430] [basehttp.py:161] [basehttp:log_message] [INFO]- "GET /users/register/ HTTP/1.1" 200 20113
[2022-03-03 21:20:30,462] [basehttp.py:161] [basehttp:log_message] [INFO]- "GET /static/js/register.js HTTP/1.1" 304 0
[2022-03-03 21:20:30,895] [basehttp.py:161] [basehttp:log_message] [INFO]- "GET /users/register/ HTTP/1.1" 200 20113
[2022-03-03 21:20:30,945] [basehttp.py:161] [basehttp:log_message] [INFO]- "GET /static/js/register.js HTTP/1.1" 304 0
[2022-03-03 21:20:31,291] [basehttp.py:161] [basehttp:log_message] [INFO]- "GET /users/register/ HTTP/1.1" 200 20113
[2022-03-03 21:20:31,341] [basehttp.py:161] [basehttp:log_message] [INFO]- "GET /static/js/register.js HTTP/1.1" 304 0
[2022-03-03 21:21:21,972] [basehttp.py:161] [basehttp:log_message] [INFO]- "GET /users/register/ HTTP/1.1" 200 20113
[2022-03-03 21:21:21,999] [basehttp.py:161] [basehttp:log_message] [INFO]- "GET /static/js/register.js HTTP/1.1" 200 11453
[2022-03-03 21:21:48,123] [basehttp.py:161] [basehttp:log_message] [INFO]- "GET /users/register/ HTTP/1.1" 200 20113
[2022-03-03 21:21:48,155] [basehttp.py:161] [basehttp:log_message] [INFO]- "GET /static/js/register.js HTTP/1.1" 200 11477
[2022-03-03 21:21:55,782] [basehttp.py:161] [basehttp:log_message] [WARNING]- "GET /static/css/bootstrap.min.css.map HTTP/1.1" 404 1834
[2022-03-03 21:22:43,603] [basehttp.py:161] [basehttp:log_message] [INFO]- "GET /users/register/ HTTP/1.1" 200 20113
[2022-03-03 21:22:43,633] [basehttp.py:161] [basehttp:log_message] [INFO]- "GET /static/js/register.js HTTP/1.1" 200 11476
[2022-03-03 21:23:34,439] [basehttp.py:161] [basehttp:log_message] [INFO]- "GET /users/register/ HTTP/1.1" 200 20113
[2022-03-03 21:23:34,484] [basehttp.py:161] [basehttp:log_message] [INFO]- "GET /static/js/register.js HTTP/1.1" 200 11452
[2022-03-03 21:23:36,304] [basehttp.py:161] [basehttp:log_message] [INFO]- "GET /users/register/ HTTP/1.1" 200 20113
[2022-03-03 21:23:36,334] [basehttp.py:161] [basehttp:log_message] [INFO]- "GET /static/js/register.js HTTP/1.1" 304 0
[2022-03-03 21:23:36,727] [basehttp.py:161] [basehttp:log_message] [INFO]- "GET /users/register/ HTTP/1.1" 200 20113
[2022-03-03 21:23:36,759] [basehttp.py:161] [basehttp:log_message] [INFO]- "GET /static/js/register.js HTTP/1.1" 304 0
[2022-03-03 21:27:50,596] [basehttp.py:161] [basehttp:log_message] [INFO]- "GET /users/register/ HTTP/1.1" 200 20163
[2022-03-03 21:27:50,637] [basehttp.py:161] [basehttp:log_message] [INFO]- "GET /static/js/registervue.js HTTP/1.1" 200 596
[2022-03-03 21:27:50,637] [basehttp.py:161] [basehttp:log_message] [INFO]- "GET /static/js/register.js HTTP/1.1" 200 10911
[2022-03-03 21:27:53,048] [basehttp.py:161] [basehttp:log_message] [INFO]- "GET /users/register/ HTTP/1.1" 200 20163
[2022-03-03 21:27:53,084] [basehttp.py:161] [basehttp:log_message] [INFO]- "GET /static/js/registervue.js HTTP/1.1" 304 0
[2022-03-03 21:27:54,468] [basehttp.py:161] [basehttp:log_message] [INFO]- "GET /users/register/ HTTP/1.1" 200 20163
[2022-03-03 21:27:54,501] [basehttp.py:161] [basehttp:log_message] [INFO]- "GET /static/js/registervue.js HTTP/1.1" 304 0
[2022-03-03 21:28:12,428] [basehttp.py:161] [basehttp:log_message] [INFO]- "GET /users/register/ HTTP/1.1" 200 20163
[2022-03-03 21:28:12,464] [basehttp.py:161] [basehttp:log_message] [INFO]- "GET /static/css/gloab.css HTTP/1.1" 200 16102
[2022-03-03 21:28:12,465] [basehttp.py:161] [basehttp:log_message] [INFO]- "GET /static/css/register.css HTTP/1.1" 200 6224
[2022-03-03 21:28:12,468] [basehttp.py:161] [basehttp:log_message] [INFO]- "GET /static/css/bootstrap.min.css HTTP/1.1" 200 150049
[2022-03-03 21:28:12,494] [basehttp.py:161] [basehttp:log_message] [INFO]- "GET /static/js/register.js HTTP/1.1" 200 10911
[2022-03-03 21:28:12,494] [basehttp.py:161] [basehttp:log_message] [INFO]- "GET /static/js/registervue.js HTTP/1.1" 200 596
[2022-03-03 21:28:12,497] [basehttp.py:161] [basehttp:log_message] [INFO]- "GET /static/img/register/yzm1.jpg HTTP/1.1" 200 2399
[2022-03-03 21:28:12,500] [basehttp.py:161] [basehttp:log_message] [INFO]- "GET /static/js/jquery.min.js HTTP/1.1" 200 154528
[2022-03-03 21:28:12,501] [basehttp.py:161] [basehttp:log_message] [INFO]- "GET /static/js/vue.min.js HTTP/1.1" 200 167259
[2022-03-03 21:28:12,504] [basehttp.py:161] [basehttp:log_message] [INFO]- "GET /static/img/register/showPwd.png HTTP/1.1" 200 416
[2022-03-03 21:28:12,592] [basehttp.py:161] [basehttp:log_message] [INFO]- "GET /static/fonts/%E6%80%9D%E6%BA%90%E5%AE%8B%E4%BD%93.ttf HTTP/1.1" 200 11772444
[2022-03-03 21:28:12,778] [basehttp.py:161] [basehttp:log_message] [INFO]- "GET /static/favicon.ico HTTP/1.1" 200 4286
[2022-03-03 21:28:13,895] [basehttp.py:161] [basehttp:log_message] [INFO]- "GET /static/fonts/fonts/icomoon.woff?rretjt HTTP/1.1" 200 1452
[2022-03-03 21:28:13,916] [basehttp.py:161] [basehttp:log_message] [INFO]- "GET /static/fonts/icomoon.ttf?7kkyc2 HTTP/1.1" 200 13336
[2022-03-03 21:28:53,717] [basehttp.py:161] [basehttp:log_message] [INFO]- "GET /users/register/ HTTP/1.1" 200 20163
[2022-03-03 21:28:53,793] [basehttp.py:161] [basehttp:log_message] [INFO]- "GET /static/js/register.js HTTP/1.1" 304 0
[2022-03-03 21:28:53,796] [basehttp.py:161] [basehttp:log_message] [INFO]- "GET /static/js/registervue.js HTTP/1.1" 200 612
[2022-03-03 21:29:12,885] [basehttp.py:161] [basehttp:log_message] [INFO]- "GET /users/register/ HTTP/1.1" 200 20163
[2022-03-03 21:29:12,920] [basehttp.py:161] [basehttp:log_message] [INFO]- "GET /static/css/gloab.css HTTP/1.1" 200 16102
[2022-03-03 21:29:12,920] [basehttp.py:161] [basehttp:log_message] [INFO]- "GET /static/css/register.css HTTP/1.1" 200 6224
[2022-03-03 21:29:12,923] [basehttp.py:161] [basehttp:log_message] [INFO]- "GET /static/css/bootstrap.min.css HTTP/1.1" 200 150049
[2022-03-03 21:29:12,941] [basehttp.py:161] [basehttp:log_message] [INFO]- "GET /static/js/registervue.js HTTP/1.1" 200 612
[2022-03-03 21:29:12,941] [basehttp.py:161] [basehttp:log_message] [INFO]- "GET /static/img/register/yzm1.jpg HTTP/1.1" 200 2399
[2022-03-03 21:29:12,942] [basehttp.py:161] [basehttp:log_message] [INFO]- "GET /static/js/register.js HTTP/1.1" 200 10911
[2022-03-03 21:29:12,946] [basehttp.py:161] [basehttp:log_message] [INFO]- "GET /static/js/vue.min.js HTTP/1.1" 200 167259
[2022-03-03 21:29:12,947] [basehttp.py:161] [basehttp:log_message] [INFO]- "GET /static/js/jquery.min.js HTTP/1.1" 200 154528
[2022-03-03 21:29:12,952] [basehttp.py:161] [basehttp:log_message] [INFO]- "GET /static/img/register/showPwd.png HTTP/1.1" 200 416
[2022-03-03 21:29:13,035] [basehttp.py:161] [basehttp:log_message] [INFO]- "GET /static/fonts/%E6%80%9D%E6%BA%90%E5%AE%8B%E4%BD%93.ttf HTTP/1.1" 200 11772444
[2022-03-03 21:29:13,248] [basehttp.py:161] [basehttp:log_message] [INFO]- "GET /static/favicon.ico HTTP/1.1" 200 4286
[2022-03-03 21:29:14,521] [basehttp.py:161] [basehttp:log_message] [INFO]- "GET /static/fonts/fonts/icomoon.woff?rretjt HTTP/1.1" 200 1452
[2022-03-03 21:29:14,533] [basehttp.py:161] [basehttp:log_message] [INFO]- "GET /static/fonts/icomoon.ttf?7kkyc2 HTTP/1.1" 200 13336
[2022-03-03 21:29:52,859] [basehttp.py:161] [basehttp:log_message] [INFO]- "GET /users/register/ HTTP/1.1" 200 20164
[2022-03-03 21:29:52,948] [basehttp.py:161] [basehttp:log_message] [INFO]- "GET /static/js/registervue.js HTTP/1.1" 304 0
[2022-03-03 21:29:52,949] [basehttp.py:161] [basehttp:log_message] [INFO]- "GET /static/js/register.js HTTP/1.1" 304 0
[2022-03-03 21:30:16,057] [basehttp.py:161] [basehttp:log_message] [INFO]- "GET /users/register/ HTTP/1.1" 200 20164
[2022-03-03 21:30:16,145] [basehttp.py:161] [basehttp:log_message] [INFO]- "GET /static/js/register.js HTTP/1.1" 304 0
[2022-03-03 21:30:16,146] [basehttp.py:161] [basehttp:log_message] [INFO]- "GET /static/js/registervue.js HTTP/1.1" 200 611
[2022-03-03 21:30:16,851] [basehttp.py:161] [basehttp:log_message] [INFO]- "GET /users/register/ HTTP/1.1" 200 20164
[2022-03-03 21:30:16,897] [basehttp.py:161] [basehttp:log_message] [INFO]- "GET /static/js/registervue.js HTTP/1.1" 304 0
[2022-03-03 21:30:17,331] [basehttp.py:161] [basehttp:log_message] [INFO]- "GET /users/register/ HTTP/1.1" 200 20164
[2022-03-03 21:30:17,365] [basehttp.py:161] [basehttp:log_message] [INFO]- "GET /static/js/registervue.js HTTP/1.1" 304 0
[2022-03-03 21:30:17,555] [basehttp.py:161] [basehttp:log_message] [INFO]- "GET /users/register/ HTTP/1.1" 200 20164
[2022-03-03 21:30:17,601] [basehttp.py:161] [basehttp:log_message] [INFO]- "GET /static/js/registervue.js HTTP/1.1" 304 0
[2022-03-03 21:30:17,762] [basehttp.py:161] [basehttp:log_message] [INFO]- "GET /users/register/ HTTP/1.1" 200 20164
[2022-03-03 21:30:17,800] [basehttp.py:161] [basehttp:log_message] [INFO]- "GET /static/js/registervue.js HTTP/1.1" 304 0
[2022-03-03 21:30:19,423] [basehttp.py:161] [basehttp:log_message] [INFO]- "GET /users/register/ HTTP/1.1" 200 20164
[2022-03-03 21:30:19,457] [basehttp.py:161] [basehttp:log_message] [INFO]- "GET /static/js/registervue.js HTTP/1.1" 304 0
[2022-03-03 21:31:10,162] [basehttp.py:161] [basehttp:log_message] [INFO]- "GET /users/register/ HTTP/1.1" 200 20164
[2022-03-03 21:31:10,199] [basehttp.py:161] [basehttp:log_message] [INFO]- "GET /static/js/registervue.js HTTP/1.1" 200 0
[2022-03-03 21:31:10,215] [basehttp.py:161] [basehttp:log_message] [INFO]- "GET /static/js/register.js HTTP/1.1" 200 11494
[2022-03-03 21:31:11,101] [basehttp.py:161] [basehttp:log_message] [INFO]- "GET /users/register/ HTTP/1.1" 200 20164
[2022-03-03 21:31:11,131] [basehttp.py:161] [basehttp:log_message] [INFO]- "GET /static/js/register.js HTTP/1.1" 304 0
[2022-03-03 21:31:34,085] [basehttp.py:161] [basehttp:log_message] [INFO]- "GET /users/register/ HTTP/1.1" 200 20164
[2022-03-03 21:31:35,767] [basehttp.py:161] [basehttp:log_message] [INFO]- "GET /static/js/registervue.js HTTP/1.1" 304 0
[2022-03-03 21:31:35,785] [basehttp.py:161] [basehttp:log_message] [INFO]- "GET /static/js/register.js HTTP/1.1" 200 11462
[2022-03-03 21:31:37,044] [basehttp.py:161] [basehttp:log_message] [INFO]- "GET /users/register/ HTTP/1.1" 200 20164
[2022-03-03 21:31:37,099] [basehttp.py:161] [basehttp:log_message] [INFO]- "GET /static/js/register.js HTTP/1.1" 304 0
[2022-03-03 21:31:39,180] [basehttp.py:161] [basehttp:log_message] [INFO]- "GET /users/register/ HTTP/1.1" 200 20164
[2022-03-03 21:31:39,215] [basehttp.py:161] [basehttp:log_message] [INFO]- "GET /static/js/register.js HTTP/1.1" 304 0
[2022-03-03 21:33:49,400] [basehttp.py:161] [basehttp:log_message] [INFO]- "GET /users/register/ HTTP/1.1" 200 20164
[2022-03-03 21:33:49,441] [basehttp.py:161] [basehttp:log_message] [INFO]- "GET /static/js/registervue.js HTTP/1.1" 304 0
[2022-03-03 21:33:49,491] [basehttp.py:161] [basehttp:log_message] [INFO]- "GET /static/js/register.js HTTP/1.1" 200 11456
[2022-03-03 21:33:50,181] [basehttp.py:161] [basehttp:log_message] [INFO]- "GET /users/register/ HTTP/1.1" 200 20164
[2022-03-03 21:33:50,220] [basehttp.py:161] [basehttp:log_message] [INFO]- "GET /static/js/register.js HTTP/1.1" 304 0
[2022-03-03 21:33:50,374] [basehttp.py:161] [basehttp:log_message] [INFO]- "GET /users/register/ HTTP/1.1" 200 20164
[2022-03-03 21:33:50,409] [basehttp.py:161] [basehttp:log_message] [INFO]- "GET /static/js/register.js HTTP/1.1" 304 0
[2022-03-03 22:01:46,709] [basehttp.py:161] [basehttp:log_message] [INFO]- "GET /users/register/ HTTP/1.1" 200 20085
[2022-03-03 22:01:46,747] [basehttp.py:161] [basehttp:log_message] [INFO]- "GET /static/js/axios.min.js HTTP/1.1" 200 17753
[2022-03-03 22:01:46,748] [basehttp.py:161] [basehttp:log_message] [INFO]- "GET /static/js/register.js HTTP/1.1" 200 11009
[2022-03-03 22:01:47,484] [basehttp.py:161] [basehttp:log_message] [INFO]- "GET /users/register/ HTTP/1.1" 200 20085
[2022-03-03 22:01:47,521] [basehttp.py:161] [basehttp:log_message] [INFO]- "GET /static/js/register.js HTTP/1.1" 304 0
[2022-03-03 22:01:48,010] [basehttp.py:161] [basehttp:log_message] [INFO]- "GET /users/register/ HTTP/1.1" 200 20085
[2022-03-03 22:01:48,053] [basehttp.py:161] [basehttp:log_message] [INFO]- "GET /static/js/register.js HTTP/1.1" 304 0
[2022-03-03 22:01:48,224] [basehttp.py:161] [basehttp:log_message] [INFO]- "GET /users/register/ HTTP/1.1" 200 20085
[2022-03-03 22:01:48,388] [basehttp.py:161] [basehttp:log_message] [INFO]- "GET /users/register/ HTTP/1.1" 200 20085
[2022-03-03 22:01:51,893] [basehttp.py:161] [basehttp:log_message] [INFO]- "GET /users/register/ HTTP/1.1" 200 20085
[2022-03-03 22:01:51,927] [basehttp.py:161] [basehttp:log_message] [INFO]- "GET /static/css/gloab.css HTTP/1.1" 200 16102
[2022-03-03 22:01:51,927] [basehttp.py:161] [basehttp:log_message] [INFO]- "GET /static/css/register.css HTTP/1.1" 200 6224
[2022-03-03 22:01:51,931] [basehttp.py:161] [basehttp:log_message] [INFO]- "GET /static/css/bootstrap.min.css HTTP/1.1" 200 150049
[2022-03-03 22:01:51,957] [basehttp.py:161] [basehttp:log_message] [INFO]- "GET /static/img/register/yzm1.jpg HTTP/1.1" 200 2399
[2022-03-03 22:01:51,958] [basehttp.py:161] [basehttp:log_message] [INFO]- "GET /static/js/axios.min.js HTTP/1.1" 200 17753
[2022-03-03 22:01:51,959] [basehttp.py:161] [basehttp:log_message] [INFO]- "GET /static/js/register.js HTTP/1.1" 200 11009
[2022-03-03 22:01:51,962] [basehttp.py:161] [basehttp:log_message] [INFO]- "GET /static/js/vue.min.js HTTP/1.1" 200 167259
[2022-03-03 22:01:51,963] [basehttp.py:161] [basehttp:log_message] [INFO]- "GET /static/js/jquery.min.js HTTP/1.1" 200 154528
[2022-03-03 22:01:51,968] [basehttp.py:161] [basehttp:log_message] [INFO]- "GET /static/img/register/showPwd.png HTTP/1.1" 200 416
[2022-03-03 22:01:52,056] [basehttp.py:161] [basehttp:log_message] [INFO]- "GET /static/fonts/%E6%80%9D%E6%BA%90%E5%AE%8B%E4%BD%93.ttf HTTP/1.1" 200 11772444
[2022-03-03 22:01:52,267] [basehttp.py:161] [basehttp:log_message] [INFO]- "GET /static/favicon.ico HTTP/1.1" 200 4286
[2022-03-03 22:01:53,593] [basehttp.py:161] [basehttp:log_message] [INFO]- "GET /static/fonts/fonts/icomoon.woff?rretjt HTTP/1.1" 200 1452
[2022-03-03 22:01:53,626] [basehttp.py:161] [basehttp:log_message] [INFO]- "GET /static/fonts/icomoon.ttf?7kkyc2 HTTP/1.1" 200 13336
[2022-03-03 22:02:37,004] [basehttp.py:161] [basehttp:log_message] [INFO]- "GET /users/register/ HTTP/1.1" 200 20085
[2022-03-03 22:02:37,056] [basehttp.py:161] [basehttp:log_message] [INFO]- "GET /static/js/register.js HTTP/1.1" 200 10911
[2022-03-03 22:03:36,506] [basehttp.py:161] [basehttp:log_message] [INFO]- "GET /users/register/ HTTP/1.1" 200 19991
[2022-03-03 22:03:36,627] [basehttp.py:161] [basehttp:log_message] [INFO]- "GET /static/js/register.js HTTP/1.1" 304 0
[2022-03-03 22:04:08,558] [basehttp.py:161] [basehttp:log_message] [INFO]- "GET /users/register/ HTTP/1.1" 200 19975
[2022-03-03 22:04:08,646] [basehttp.py:161] [basehttp:log_message] [INFO]- "GET /static/js/register.js HTTP/1.1" 304 0
[2022-03-03 22:05:23,137] [basehttp.py:161] [basehttp:log_message] [INFO]- "GET /users/register/ HTTP/1.1" 200 20020
[2022-03-03 22:05:23,225] [basehttp.py:161] [basehttp:log_message] [INFO]- "GET /static/js/register.js HTTP/1.1" 200 11009
[2022-03-03 22:13:30,795] [basehttp.py:161] [basehttp:log_message] [INFO]- "GET /users/register/ HTTP/1.1" 200 20020
[2022-03-03 22:13:30,882] [basehttp.py:161] [basehttp:log_message] [INFO]- "GET /static/js/register.js HTTP/1.1" 200 11559
[2022-03-03 22:13:32,482] [basehttp.py:161] [basehttp:log_message] [INFO]- "GET /users/username/aijia/count HTTP/1.1" 301 0
[2022-03-03 22:13:32,562] [basehttp.py:161] [basehttp:log_message] [INFO]- "GET /users/username/aijia/count/ HTTP/1.1" 200 41
[2022-03-03 22:13:51,879] [basehttp.py:75] [basehttp:handle_error] [INFO]- - Broken pipe from ('127.0.0.1', 53513)

[2022-03-03 22:13:52,091] [basehttp.py:161] [basehttp:log_message] [INFO]- "POST /users/register/ HTTP/1.1" 200 20020
[2022-03-03 22:13:54,882] [basehttp.py:161] [basehttp:log_message] [INFO]- "GET /users/username/aijia/count/ HTTP/1.1" 200 41
[2022-03-03 22:13:55,620] [basehttp.py:161] [basehttp:log_message] [WARNING]- "GET /static/css/bootstrap.min.css.map HTTP/1.1" 404 1834
[2022-03-03 22:16:29,587] [basehttp.py:75] [basehttp:handle_error] [INFO]- - Broken pipe from ('127.0.0.1', 52320)

[2022-03-03 22:16:33,823] [basehttp.py:161] [basehttp:log_message] [INFO]- "GET /users/username/aijia/count/ HTTP/1.1" 200 41
[2022-03-03 22:16:41,869] [basehttp.py:161] [basehttp:log_message] [INFO]- "GET /users/username/aijia/count/ HTTP/1.1" 200 41
[2022-03-03 22:16:50,776] [basehttp.py:161] [basehttp:log_message] [INFO]- "GET /users/username/aijia/count/ HTTP/1.1" 200 41
[2022-03-03 22:26:21,239] [basehttp.py:161] [basehttp:log_message] [WARNING]- "GET /static/css/bootstrap.min.css.map HTTP/1.1" 404 1834
[2022-03-03 22:26:26,660] [basehttp.py:75] [basehttp:handle_error] [INFO]- - Broken pipe from ('127.0.0.1', 61866)

[2022-03-03 22:26:28,239] [basehttp.py:75] [basehttp:handle_error] [INFO]- - Broken pipe from ('127.0.0.1', 61867)

[2022-03-03 22:26:28,675] [basehttp.py:75] [basehttp:handle_error] [INFO]- - Broken pipe from ('127.0.0.1', 61870)

[2022-03-03 22:26:31,261] [basehttp.py:75] [basehttp:handle_error] [INFO]- - Broken pipe from ('127.0.0.1', 61873)

[2022-03-03 22:26:31,626] [basehttp.py:75] [basehttp:handle_error] [INFO]- - Broken pipe from ('127.0.0.1', 61876)

[2022-03-03 22:26:31,830] [basehttp.py:161] [basehttp:log_message] [INFO]- "POST /users/register/ HTTP/1.1" 200 20020
[2022-03-03 22:26:31,992] [basehttp.py:161] [basehttp:log_message] [INFO]- "GET /static/css/gloab.css HTTP/1.1" 200 16102
[2022-03-03 22:26:31,998] [basehttp.py:161] [basehttp:log_message] [INFO]- "GET /static/css/register.css HTTP/1.1" 200 6224
[2022-03-03 22:26:32,003] [basehttp.py:161] [basehttp:log_message] [INFO]- "GET /static/css/bootstrap.min.css HTTP/1.1" 200 150049
[2022-03-03 22:26:32,085] [basehttp.py:161] [basehttp:log_message] [INFO]- "GET /static/img/register/yzm1.jpg HTTP/1.1" 200 2399
[2022-03-03 22:26:32,086] [basehttp.py:161] [basehttp:log_message] [INFO]- "GET /static/js/register.js HTTP/1.1" 200 11619
[2022-03-03 22:26:32,090] [basehttp.py:161] [basehttp:log_message] [INFO]- "GET /static/js/jquery.min.js HTTP/1.1" 200 154528
[2022-03-03 22:26:32,102] [basehttp.py:161] [basehttp:log_message] [INFO]- "GET /static/img/register/showPwd.png HTTP/1.1" 200 416
[2022-03-03 22:26:32,127] [basehttp.py:161] [basehttp:log_message] [WARNING]- "GET /static/css/bootstrap.min.css.map HTTP/1.1" 404 1834
[2022-03-03 22:26:35,341] [basehttp.py:161] [basehttp:log_message] [INFO]- "GET /static/fonts/%E6%80%9D%E6%BA%90%E5%AE%8B%E4%BD%93.ttf HTTP/1.1" 200 11772444
[2022-03-03 22:26:35,545] [basehttp.py:161] [basehttp:log_message] [INFO]- "GET /static/favicon.ico HTTP/1.1" 200 4286
[2022-03-03 22:26:36,616] [basehttp.py:161] [basehttp:log_message] [INFO]- "GET /static/fonts/fonts/icomoon.woff?rretjt HTTP/1.1" 200 1452
[2022-03-03 22:26:36,666] [basehttp.py:161] [basehttp:log_message] [INFO]- "GET /static/fonts/icomoon.ttf?7kkyc2 HTTP/1.1" 200 13336
[2022-03-03 22:28:07,957] [basehttp.py:161] [basehttp:log_message] [INFO]- "POST /users/register/ HTTP/1.1" 200 20020
[2022-03-03 22:28:08,066] [basehttp.py:161] [basehttp:log_message] [INFO]- "GET /static/js/register.js HTTP/1.1" 200 11516
[2022-03-03 22:28:17,430] [basehttp.py:161] [basehttp:log_message] [INFO]- "POST /users/register/ HTTP/1.1" 200 20020
[2022-03-03 22:28:17,702] [basehttp.py:161] [basehttp:log_message] [INFO]- "GET /static/js/register.js HTTP/1.1" 304 0
[2022-03-03 22:28:34,687] [basehttp.py:161] [basehttp:log_message] [INFO]- "POST /users/register/ HTTP/1.1" 200 20020
[2022-03-03 22:28:34,812] [basehttp.py:161] [basehttp:log_message] [INFO]- "GET /static/js/register.js HTTP/1.1" 304 0
[2022-03-03 22:29:44,725] [basehttp.py:161] [basehttp:log_message] [INFO]- "POST /users/register/ HTTP/1.1" 200 20020
[2022-03-03 22:29:44,773] [basehttp.py:161] [basehttp:log_message] [INFO]- "GET /static/css/bootstrap.min.css HTTP/1.1" 200 150049
[2022-03-03 22:29:44,778] [basehttp.py:161] [basehttp:log_message] [INFO]- "GET /static/css/register.css HTTP/1.1" 200 6224
[2022-03-03 22:29:44,778] [basehttp.py:161] [basehttp:log_message] [INFO]- "GET /static/css/gloab.css HTTP/1.1" 200 16102
[2022-03-03 22:29:44,798] [basehttp.py:161] [basehttp:log_message] [INFO]- "GET /static/js/register.js HTTP/1.1" 200 11522
[2022-03-03 22:29:44,798] [basehttp.py:161] [basehttp:log_message] [INFO]- "GET /static/img/register/yzm1.jpg HTTP/1.1" 200 2399
[2022-03-03 22:29:44,802] [basehttp.py:161] [basehttp:log_message] [INFO]- "GET /static/js/jquery.min.js HTTP/1.1" 200 154528
[2022-03-03 22:29:44,813] [basehttp.py:161] [basehttp:log_message] [INFO]- "GET /static/img/register/showPwd.png HTTP/1.1" 200 416
[2022-03-03 22:29:44,904] [basehttp.py:161] [basehttp:log_message] [INFO]- "GET /static/fonts/%E6%80%9D%E6%BA%90%E5%AE%8B%E4%BD%93.ttf HTTP/1.1" 200 11772444
[2022-03-03 22:29:45,095] [basehttp.py:161] [basehttp:log_message] [INFO]- "GET /static/favicon.ico HTTP/1.1" 200 4286
[2022-03-03 22:29:45,982] [basehttp.py:161] [basehttp:log_message] [INFO]- "GET /static/fonts/fonts/icomoon.woff?rretjt HTTP/1.1" 200 1452
[2022-03-03 22:29:46,022] [basehttp.py:161] [basehttp:log_message] [INFO]- "GET /static/fonts/icomoon.ttf?7kkyc2 HTTP/1.1" 200 13336
[2022-03-03 22:30:13,063] [basehttp.py:161] [basehttp:log_message] [INFO]- "POST /users/register/ HTTP/1.1" 200 19984
[2022-03-03 22:30:13,154] [basehttp.py:161] [basehttp:log_message] [INFO]- "GET /static/js/register.js HTTP/1.1" 304 0
[2022-03-03 22:30:23,479] [basehttp.py:161] [basehttp:log_message] [INFO]- "POST /users/register/ HTTP/1.1" 200 19984
[2022-03-03 22:30:23,574] [basehttp.py:161] [basehttp:log_message] [INFO]- "GET /static/js/register.js HTTP/1.1" 304 0
[2022-03-03 22:30:43,419] [basehttp.py:161] [basehttp:log_message] [INFO]- "POST /users/register/ HTTP/1.1" 200 19984
[2022-03-03 22:30:43,491] [basehttp.py:161] [basehttp:log_message] [INFO]- "GET /static/js/register.js HTTP/1.1" 200 11516
[2022-03-03 22:30:49,710] [basehttp.py:161] [basehttp:log_message] [WARNING]- "GET /static/css/bootstrap.min.css.map HTTP/1.1" 404 1834
[2022-03-03 22:31:40,993] [basehttp.py:161] [basehttp:log_message] [INFO]- "POST /users/register/ HTTP/1.1" 200 19984
[2022-03-03 22:31:41,029] [basehttp.py:161] [basehttp:log_message] [INFO]- "GET /static/js/register.js HTTP/1.1" 200 11523
[2022-03-03 22:31:41,125] [basehttp.py:161] [basehttp:log_message] [WARNING]- "GET /static/css/bootstrap.min.css.map HTTP/1.1" 404 1834
[2022-03-03 22:32:17,338] [basehttp.py:161] [basehttp:log_message] [INFO]- "POST /users/register/ HTTP/1.1" 200 19984
[2022-03-03 22:32:17,409] [basehttp.py:161] [basehttp:log_message] [INFO]- "GET /static/js/register.js HTTP/1.1" 304 0
[2022-03-03 22:32:25,254] [basehttp.py:161] [basehttp:log_message] [INFO]- "POST /users/register/ HTTP/1.1" 200 19984
[2022-03-03 22:32:25,288] [basehttp.py:161] [basehttp:log_message] [INFO]- "GET /static/js/register.js HTTP/1.1" 304 0
[2022-03-03 22:32:32,754] [basehttp.py:161] [basehttp:log_message] [WARNING]- "GET /static/css/bootstrap.min.css.map HTTP/1.1" 404 1834
[2022-03-03 22:33:17,294] [basehttp.py:161] [basehttp:log_message] [INFO]- "POST /users/register/ HTTP/1.1" 200 19984
[2022-03-03 22:33:17,358] [basehttp.py:161] [basehttp:log_message] [INFO]- "GET /static/js/register.js HTTP/1.1" 200 11549
[2022-03-03 22:33:18,842] [basehttp.py:161] [basehttp:log_message] [WARNING]- "GET /static/css/bootstrap.min.css.map HTTP/1.1" 404 1834
[2022-03-03 22:34:10,148] [basehttp.py:161] [basehttp:log_message] [INFO]- "POST /users/register/ HTTP/1.1" 200 19984
[2022-03-03 22:34:10,191] [basehttp.py:161] [basehttp:log_message] [INFO]- "GET /static/js/register.js HTTP/1.1" 200 11569
[2022-03-03 22:34:10,284] [basehttp.py:161] [basehttp:log_message] [WARNING]- "GET /static/css/bootstrap.min.css.map HTTP/1.1" 404 1834
[2022-03-03 22:35:19,150] [basehttp.py:161] [basehttp:log_message] [INFO]- "POST /users/register/ HTTP/1.1" 200 19984
[2022-03-03 22:35:19,194] [basehttp.py:161] [basehttp:log_message] [INFO]- "GET /static/js/register.js HTTP/1.1" 200 11525
[2022-03-03 22:35:19,280] [basehttp.py:161] [basehttp:log_message] [WARNING]- "GET /static/css/bootstrap.min.css.map HTTP/1.1" 404 1834
[2022-03-03 22:36:53,549] [basehttp.py:161] [basehttp:log_message] [INFO]- "POST /users/register/ HTTP/1.1" 200 19984
[2022-03-03 22:36:53,582] [basehttp.py:161] [basehttp:log_message] [INFO]- "GET /static/js/register.js HTTP/1.1" 200 11525
[2022-03-03 22:36:53,682] [basehttp.py:161] [basehttp:log_message] [WARNING]- "GET /static/css/bootstrap.min.css.map HTTP/1.1" 404 1834
[2022-03-03 22:43:01,504] [basehttp.py:161] [basehttp:log_message] [INFO]- "POST /users/register/ HTTP/1.1" 200 20020
[2022-03-03 22:43:01,562] [basehttp.py:161] [basehttp:log_message] [INFO]- "GET /static/js/register.js HTTP/1.1" 200 11711
[2022-03-03 22:43:01,661] [basehttp.py:161] [basehttp:log_message] [WARNING]- "GET /static/css/bootstrap.min.css.map HTTP/1.1" 404 1834
[2022-03-03 22:45:13,575] [basehttp.py:161] [basehttp:log_message] [WARNING]- "GET /static/css/bootstrap.min.css.map HTTP/1.1" 404 1834
[2022-03-03 22:45:14,673] [basehttp.py:161] [basehttp:log_message] [INFO]- "POST /users/register/ HTTP/1.1" 200 20020
[2022-03-03 22:45:14,705] [basehttp.py:161] [basehttp:log_message] [INFO]- "GET /static/js/register.js HTTP/1.1" 200 11710
[2022-03-03 22:45:14,799] [basehttp.py:161] [basehttp:log_message] [WARNING]- "GET /static/css/bootstrap.min.css.map HTTP/1.1" 404 1834
[2022-03-03 22:46:45,117] [basehttp.py:161] [basehttp:log_message] [INFO]- "POST /users/register/ HTTP/1.1" 200 20020
[2022-03-03 22:46:45,218] [basehttp.py:161] [basehttp:log_message] [INFO]- "GET /static/js/register.js HTTP/1.1" 200 11705
[2022-03-03 22:46:45,249] [basehttp.py:161] [basehttp:log_message] [WARNING]- "GET /static/css/bootstrap.min.css.map HTTP/1.1" 404 1834
[2022-03-03 22:48:07,171] [basehttp.py:161] [basehttp:log_message] [INFO]- "POST /users/register/ HTTP/1.1" 200 19975
[2022-03-03 22:48:07,272] [basehttp.py:161] [basehttp:log_message] [INFO]- "GET /static/js/register.js HTTP/1.1" 200 11523
[2022-03-03 22:48:07,306] [basehttp.py:161] [basehttp:log_message] [WARNING]- "GET /static/css/bootstrap.min.css.map HTTP/1.1" 404 1834
[2022-03-03 22:48:18,882] [basehttp.py:161] [basehttp:log_message] [INFO]- "POST /users/register/ HTTP/1.1" 200 19975
[2022-03-03 22:48:18,957] [basehttp.py:161] [basehttp:log_message] [INFO]- "GET /static/js/register.js HTTP/1.1" 304 0
[2022-03-03 22:49:05,710] [basehttp.py:161] [basehttp:log_message] [INFO]- "POST /users/register/ HTTP/1.1" 200 19975
[2022-03-03 22:49:05,812] [basehttp.py:161] [basehttp:log_message] [INFO]- "GET /static/js/register.js HTTP/1.1" 200 11469
[2022-03-03 22:51:59,419] [basehttp.py:161] [basehttp:log_message] [INFO]- "POST /users/register/ HTTP/1.1" 200 20051
[2022-03-03 22:51:59,520] [basehttp.py:161] [basehttp:log_message] [INFO]- "GET /static/js/register.js HTTP/1.1" 304 0
[2022-03-03 22:52:01,956] [basehttp.py:161] [basehttp:log_message] [WARNING]- "GET /static/css/bootstrap.min.css.map HTTP/1.1" 404 1834
[2022-03-03 22:52:45,606] [basehttp.py:161] [basehttp:log_message] [INFO]- "POST /users/register/ HTTP/1.1" 200 20051
[2022-03-03 22:52:45,654] [basehttp.py:161] [basehttp:log_message] [INFO]- "GET /static/js/register.js HTTP/1.1" 304 0
[2022-03-03 22:52:45,749] [basehttp.py:161] [basehttp:log_message] [WARNING]- "GET /static/css/bootstrap.min.css.map HTTP/1.1" 404 1834
[2022-03-03 22:53:02,077] [basehttp.py:161] [basehttp:log_message] [WARNING]- "GET /static/css/bootstrap.min.css.map HTTP/1.1" 404 1834
[2022-03-03 22:53:02,212] [log.py:230] [log:log_response] [WARNING]- Not Found: /favicon.ico
[2022-03-03 22:53:02,213] [basehttp.py:161] [basehttp:log_message] [WARNING]- "GET /favicon.ico HTTP/1.1" 404 2385
[2022-03-03 22:53:45,025] [basehttp.py:161] [basehttp:log_message] [INFO]- "POST /users/register/ HTTP/1.1" 200 20045
[2022-03-03 22:53:45,058] [basehttp.py:161] [basehttp:log_message] [INFO]- "GET /static/js/register.js HTTP/1.1" 304 0
[2022-03-03 22:53:45,169] [basehttp.py:161] [basehttp:log_message] [WARNING]- "GET /static/css/bootstrap.min.css.map HTTP/1.1" 404 1834
[2022-03-03 22:57:18,314] [basehttp.py:161] [basehttp:log_message] [INFO]- "POST /users/register/ HTTP/1.1" 200 20065
[2022-03-03 22:57:18,415] [basehttp.py:161] [basehttp:log_message] [INFO]- "GET /static/js/register.js HTTP/1.1" 304 0
[2022-03-03 22:57:18,508] [basehttp.py:161] [basehttp:log_message] [WARNING]- "GET /static/css/bootstrap.min.css.map HTTP/1.1" 404 1834
[2022-03-03 22:58:45,585] [basehttp.py:161] [basehttp:log_message] [INFO]- "POST /users/register/ HTTP/1.1" 200 20065
[2022-03-03 22:58:45,710] [basehttp.py:161] [basehttp:log_message] [INFO]- "GET /static/js/register.js HTTP/1.1" 304 0
[2022-03-03 22:58:45,743] [basehttp.py:161] [basehttp:log_message] [WARNING]- "GET /static/css/bootstrap.min.css.map HTTP/1.1" 404 1834
[2022-03-03 22:59:31,937] [basehttp.py:161] [basehttp:log_message] [INFO]- "POST /users/register/ HTTP/1.1" 200 20069
[2022-03-03 22:59:32,087] [basehttp.py:161] [basehttp:log_message] [WARNING]- "GET /static/css/bootstrap.min.css.map HTTP/1.1" 404 1834
[2022-03-03 23:01:15,474] [basehttp.py:161] [basehttp:log_message] [INFO]- "POST /users/register/ HTTP/1.1" 200 20043
[2022-03-03 23:01:15,589] [basehttp.py:161] [basehttp:log_message] [INFO]- "GET /static/js/register.js HTTP/1.1" 304 0
[2022-03-03 23:01:15,621] [basehttp.py:161] [basehttp:log_message] [WARNING]- "GET /static/css/bootstrap.min.css.map HTTP/1.1" 404 1834
[2022-03-03 23:02:02,788] [basehttp.py:161] [basehttp:log_message] [INFO]- "POST /users/register/ HTTP/1.1" 200 20056
[2022-03-03 23:02:02,949] [basehttp.py:161] [basehttp:log_message] [WARNING]- "GET /static/css/bootstrap.min.css.map HTTP/1.1" 404 1834
[2022-03-03 23:04:27,777] [basehttp.py:161] [basehttp:log_message] [INFO]- "POST /users/register/ HTTP/1.1" 200 19975
[2022-03-03 23:04:27,874] [basehttp.py:161] [basehttp:log_message] [INFO]- "GET /static/js/register.js HTTP/1.1" 200 11496
[2022-03-03 23:04:27,909] [basehttp.py:161] [basehttp:log_message] [WARNING]- "GET /static/css/bootstrap.min.css.map HTTP/1.1" 404 1834
[2022-03-03 23:05:14,779] [basehttp.py:161] [basehttp:log_message] [INFO]- "POST /users/register/ HTTP/1.1" 200 19975
[2022-03-03 23:05:14,876] [basehttp.py:161] [basehttp:log_message] [INFO]- "GET /static/js/register.js HTTP/1.1" 200 11503
[2022-03-03 23:05:19,160] [basehttp.py:161] [basehttp:log_message] [WARNING]- "GET /static/css/bootstrap.min.css.map HTTP/1.1" 404 1834
[2022-03-03 23:05:54,707] [basehttp.py:161] [basehttp:log_message] [INFO]- "POST /users/register/ HTTP/1.1" 200 19975
[2022-03-03 23:05:54,804] [basehttp.py:161] [basehttp:log_message] [INFO]- "GET /static/js/register.js HTTP/1.1" 304 0
[2022-03-03 23:05:54,911] [basehttp.py:161] [basehttp:log_message] [WARNING]- "GET /static/css/bootstrap.min.css.map HTTP/1.1" 404 1834
[2022-03-03 23:06:02,378] [basehttp.py:75] [basehttp:handle_error] [INFO]- - Broken pipe from ('127.0.0.1', 51041)

[2022-03-03 23:06:05,369] [basehttp.py:161] [basehttp:log_message] [INFO]- "POST /users/register/ HTTP/1.1" 200 19975
[2022-03-03 23:06:05,411] [basehttp.py:161] [basehttp:log_message] [INFO]- "GET /static/js/register.js HTTP/1.1" 304 0
[2022-03-03 23:06:05,507] [basehttp.py:161] [basehttp:log_message] [WARNING]- "GET /static/css/bootstrap.min.css.map HTTP/1.1" 404 1834
[2022-03-03 23:07:33,302] [basehttp.py:161] [basehttp:log_message] [INFO]- "POST /users/register/ HTTP/1.1" 200 19975
[2022-03-03 23:07:33,349] [basehttp.py:161] [basehttp:log_message] [INFO]- "GET /static/js/register.js HTTP/1.1" 200 11480
[2022-03-03 23:07:33,446] [basehttp.py:161] [basehttp:log_message] [WARNING]- "GET /static/css/bootstrap.min.css.map HTTP/1.1" 404 1834
[2022-03-03 23:11:19,611] [basehttp.py:161] [basehttp:log_message] [INFO]- "POST /users/register/ HTTP/1.1" 200 19975
[2022-03-03 23:11:19,656] [basehttp.py:161] [basehttp:log_message] [INFO]- "GET /static/js/register.js HTTP/1.1" 200 10963
[2022-03-03 23:11:19,756] [basehttp.py:161] [basehttp:log_message] [WARNING]- "GET /static/css/bootstrap.min.css.map HTTP/1.1" 404 1834
[2022-03-03 23:24:04,841] [basehttp.py:161] [basehttp:log_message] [INFO]- "POST /users/register/ HTTP/1.1" 200 21005
[2022-03-03 23:24:04,940] [basehttp.py:161] [basehttp:log_message] [INFO]- "GET /static/js/register.js HTTP/1.1" 304 0
[2022-03-03 23:24:04,975] [basehttp.py:161] [basehttp:log_message] [WARNING]- "GET /static/css/bootstrap.min.css.map HTTP/1.1" 404 1834
[2022-03-03 23:24:05,064] [basehttp.py:161] [basehttp:log_message] [WARNING]- "GET /static/js/axios.min.map HTTP/1.1" 404 1807
[2022-03-03 23:29:42,163] [basehttp.py:161] [basehttp:log_message] [INFO]- "POST /users/register/ HTTP/1.1" 200 21005
[2022-03-03 23:29:42,257] [basehttp.py:161] [basehttp:log_message] [INFO]- "GET /static/js/register.js HTTP/1.1" 304 0
[2022-03-03 23:29:42,300] [basehttp.py:161] [basehttp:log_message] [WARNING]- "GET /static/css/bootstrap.min.css.map HTTP/1.1" 404 1834
[2022-03-03 23:29:42,346] [basehttp.py:161] [basehttp:log_message] [WARNING]- "GET /static/js/axios.min.map HTTP/1.1" 404 1807
[2022-03-03 23:31:05,757] [basehttp.py:161] [basehttp:log_message] [INFO]- "POST /users/register/ HTTP/1.1" 200 21005
[2022-03-03 23:31:05,911] [basehttp.py:161] [basehttp:log_message] [WARNING]- "GET /static/css/bootstrap.min.css.map HTTP/1.1" 404 1834
[2022-03-03 23:31:05,955] [basehttp.py:161] [basehttp:log_message] [WARNING]- "GET /static/js/axios.min.map HTTP/1.1" 404 1807
[2022-03-03 23:31:21,358] [basehttp.py:161] [basehttp:log_message] [WARNING]- "GET /static/css/bootstrap.min.css.map HTTP/1.1" 404 1834
[2022-03-03 23:32:16,151] [basehttp.py:161] [basehttp:log_message] [INFO]- "POST /users/register/ HTTP/1.1" 200 21005
[2022-03-03 23:32:16,287] [basehttp.py:161] [basehttp:log_message] [INFO]- "GET /static/js/register.js HTTP/1.1" 304 0
[2022-03-03 23:32:16,327] [basehttp.py:161] [basehttp:log_message] [WARNING]- "GET /static/css/bootstrap.min.css.map HTTP/1.1" 404 1834
[2022-03-03 23:32:16,368] [basehttp.py:161] [basehttp:log_message] [WARNING]- "GET /static/js/axios.min.map HTTP/1.1" 404 1807
[2022-03-03 23:32:58,161] [basehttp.py:161] [basehttp:log_message] [INFO]- "POST /users/register/ HTTP/1.1" 200 21005
[2022-03-03 23:32:58,210] [basehttp.py:161] [basehttp:log_message] [INFO]- "GET /static/css/bootstrap.min.css HTTP/1.1" 200 150007
[2022-03-03 23:32:58,216] [basehttp.py:161] [basehttp:log_message] [INFO]- "GET /static/css/register.css HTTP/1.1" 200 6224
[2022-03-03 23:32:58,216] [basehttp.py:161] [basehttp:log_message] [INFO]- "GET /static/css/gloab.css HTTP/1.1" 200 16102
[2022-03-03 23:32:58,289] [basehttp.py:161] [basehttp:log_message] [INFO]- "GET /static/js/axios.min.js HTTP/1.1" 200 30378
[2022-03-03 23:32:58,290] [basehttp.py:161] [basehttp:log_message] [INFO]- "GET /static/js/register.js HTTP/1.1" 200 10963
[2022-03-03 23:32:58,291] [basehttp.py:161] [basehttp:log_message] [INFO]- "GET /static/img/register/yzm1.jpg HTTP/1.1" 200 2399
[2022-03-03 23:32:58,294] [basehttp.py:161] [basehttp:log_message] [INFO]- "GET /static/js/jquery.min.js HTTP/1.1" 200 154528
[2022-03-03 23:32:58,296] [basehttp.py:161] [basehttp:log_message] [INFO]- "GET /static/js/vue.min.js HTTP/1.1" 200 167259
[2022-03-03 23:32:58,304] [basehttp.py:161] [basehttp:log_message] [INFO]- "GET /static/img/register/showPwd.png HTTP/1.1" 200 416
[2022-03-03 23:32:58,482] [basehttp.py:161] [basehttp:log_message] [INFO]- "GET /static/fonts/%E6%80%9D%E6%BA%90%E5%AE%8B%E4%BD%93.ttf HTTP/1.1" 200 11772444
[2022-03-03 23:32:58,745] [basehttp.py:161] [basehttp:log_message] [INFO]- "GET /static/favicon.ico HTTP/1.1" 200 4286
[2022-03-03 23:33:41,597] [basehttp.py:161] [basehttp:log_message] [INFO]- "GET /static/fonts/fonts/icomoon.woff?rretjt HTTP/1.1" 200 1452
[2022-03-03 23:33:41,616] [basehttp.py:161] [basehttp:log_message] [INFO]- "GET /static/fonts/icomoon.ttf?7kkyc2 HTTP/1.1" 200 13336
[2022-03-03 23:33:44,630] [basehttp.py:161] [basehttp:log_message] [INFO]- "POST /users/register/ HTTP/1.1" 200 21005
[2022-03-03 23:33:44,682] [basehttp.py:161] [basehttp:log_message] [INFO]- "GET /static/css/register.css HTTP/1.1" 200 6224
[2022-03-03 23:33:44,683] [basehttp.py:161] [basehttp:log_message] [INFO]- "GET /static/css/gloab.css HTTP/1.1" 200 16102
[2022-03-03 23:33:44,687] [basehttp.py:161] [basehttp:log_message] [INFO]- "GET /static/css/bootstrap.min.css HTTP/1.1" 200 150007
[2022-03-03 23:33:44,763] [basehttp.py:161] [basehttp:log_message] [INFO]- "GET /static/js/register.js HTTP/1.1" 200 10963
[2022-03-03 23:33:44,764] [basehttp.py:161] [basehttp:log_message] [INFO]- "GET /static/img/register/yzm1.jpg HTTP/1.1" 200 2399
[2022-03-03 23:33:44,764] [basehttp.py:161] [basehttp:log_message] [INFO]- "GET /static/js/axios.min.js HTTP/1.1" 200 30347
[2022-03-03 23:33:44,769] [basehttp.py:161] [basehttp:log_message] [INFO]- "GET /static/js/vue.min.js HTTP/1.1" 200 167259
[2022-03-03 23:33:44,769] [basehttp.py:161] [basehttp:log_message] [INFO]- "GET /static/js/jquery.min.js HTTP/1.1" 200 154528
[2022-03-03 23:33:44,778] [basehttp.py:161] [basehttp:log_message] [INFO]- "GET /static/img/register/showPwd.png HTTP/1.1" 200 416
[2022-03-03 23:33:44,936] [basehttp.py:161] [basehttp:log_message] [INFO]- "GET /static/fonts/%E6%80%9D%E6%BA%90%E5%AE%8B%E4%BD%93.ttf HTTP/1.1" 200 11772444
[2022-03-03 23:33:45,174] [basehttp.py:161] [basehttp:log_message] [INFO]- "GET /static/favicon.ico HTTP/1.1" 200 4286
[2022-03-03 23:33:47,425] [basehttp.py:161] [basehttp:log_message] [INFO]- "GET /static/fonts/fonts/icomoon.woff?rretjt HTTP/1.1" 200 1452
[2022-03-03 23:33:47,465] [basehttp.py:161] [basehttp:log_message] [INFO]- "GET /static/fonts/icomoon.ttf?7kkyc2 HTTP/1.1" 200 13336
[2022-03-03 23:34:08,402] [basehttp.py:161] [basehttp:log_message] [INFO]- "POST /users/register/ HTTP/1.1" 200 21005
[2022-03-03 23:34:08,443] [basehttp.py:161] [basehttp:log_message] [INFO]- "GET /static/css/bootstrap.min.css HTTP/1.1" 304 0
[2022-03-03 23:34:08,512] [basehttp.py:161] [basehttp:log_message] [INFO]- "GET /static/js/axios.min.js HTTP/1.1" 304 0
[2022-03-03 23:34:34,400] [basehttp.py:161] [basehttp:log_message] [INFO]- "POST /users/register/ HTTP/1.1" 200 21005
[2022-03-03 23:34:34,457] [basehttp.py:161] [basehttp:log_message] [INFO]- "GET /static/css/bootstrap.min.css HTTP/1.1" 304 0
[2022-03-03 23:34:34,527] [basehttp.py:161] [basehttp:log_message] [INFO]- "GET /static/js/axios.min.js HTTP/1.1" 304 0
[2022-03-03 23:35:10,322] [basehttp.py:75] [basehttp:handle_error] [INFO]- - Broken pipe from ('127.0.0.1', 53568)

[2022-03-03 23:35:11,724] [basehttp.py:161] [basehttp:log_message] [INFO]- "POST /users/register/ HTTP/1.1" 200 21055
[2022-03-03 23:35:11,765] [basehttp.py:161] [basehttp:log_message] [INFO]- "GET /static/css/gloab.css HTTP/1.1" 200 16102
[2022-03-03 23:35:11,766] [basehttp.py:161] [basehttp:log_message] [INFO]- "GET /static/css/register.css HTTP/1.1" 200 6224
[2022-03-03 23:35:11,769] [basehttp.py:161] [basehttp:log_message] [INFO]- "GET /static/css/bootstrap.min.css HTTP/1.1" 200 150007
[2022-03-03 23:35:11,848] [basehttp.py:161] [basehttp:log_message] [INFO]- "GET /static/js/register.js HTTP/1.1" 200 10963
[2022-03-03 23:35:11,849] [basehttp.py:161] [basehttp:log_message] [INFO]- "GET /static/js/axios.min.js HTTP/1.1" 200 30347
[2022-03-03 23:35:11,849] [basehttp.py:161] [basehttp:log_message] [INFO]- "GET /static/img/register/yzm1.jpg HTTP/1.1" 200 2399
[2022-03-03 23:35:11,850] [basehttp.py:161] [basehttp:log_message] [INFO]- "GET /static/js/registervue.js HTTP/1.1" 200 385
[2022-03-03 23:35:11,855] [basehttp.py:161] [basehttp:log_message] [INFO]- "GET /static/js/jquery.min.js HTTP/1.1" 200 154528
[2022-03-03 23:35:11,856] [basehttp.py:161] [basehttp:log_message] [INFO]- "GET /static/js/vue.min.js HTTP/1.1" 200 167259
[2022-03-03 23:35:11,866] [basehttp.py:161] [basehttp:log_message] [INFO]- "GET /static/img/register/showPwd.png HTTP/1.1" 200 416
[2022-03-03 23:35:12,065] [basehttp.py:161] [basehttp:log_message] [INFO]- "GET /static/fonts/%E6%80%9D%E6%BA%90%E5%AE%8B%E4%BD%93.ttf HTTP/1.1" 200 11772444
[2022-03-03 23:35:12,293] [basehttp.py:161] [basehttp:log_message] [INFO]- "GET /static/favicon.ico HTTP/1.1" 200 4286
[2022-03-03 23:37:36,332] [basehttp.py:161] [basehttp:log_message] [INFO]- "POST /users/register/ HTTP/1.1" 200 21055
[2022-03-03 23:37:36,383] [basehttp.py:161] [basehttp:log_message] [INFO]- "GET /static/css/bootstrap.min.css HTTP/1.1" 304 0
[2022-03-03 23:37:36,462] [basehttp.py:161] [basehttp:log_message] [INFO]- "GET /static/js/register.js HTTP/1.1" 304 0
[2022-03-03 23:37:36,471] [basehttp.py:161] [basehttp:log_message] [INFO]- "GET /static/js/axios.min.js HTTP/1.1" 304 0
[2022-03-03 23:37:36,472] [basehttp.py:161] [basehttp:log_message] [INFO]- "GET /static/js/registervue.js HTTP/1.1" 200 611
[2022-03-03 23:42:31,871] [basehttp.py:161] [basehttp:log_message] [INFO]- "POST /users/register/ HTTP/1.1" 200 21065
[2022-03-03 23:42:31,906] [basehttp.py:161] [basehttp:log_message] [INFO]- "GET /static/css/register.css HTTP/1.1" 200 6224
[2022-03-03 23:42:31,907] [basehttp.py:161] [basehttp:log_message] [INFO]- "GET /static/css/gloab.css HTTP/1.1" 200 16102
[2022-03-03 23:42:31,910] [basehttp.py:161] [basehttp:log_message] [INFO]- "GET /static/css/bootstrap.min.css HTTP/1.1" 200 150007
[2022-03-03 23:42:31,995] [basehttp.py:161] [basehttp:log_message] [INFO]- "GET /static/img/register/yzm1.jpg HTTP/1.1" 200 2399
[2022-03-03 23:42:31,996] [basehttp.py:161] [basehttp:log_message] [INFO]- "GET /static/js/registervue.js HTTP/1.1" 200 768
[2022-03-03 23:42:31,996] [basehttp.py:161] [basehttp:log_message] [INFO]- "GET /static/js/register.js HTTP/1.1" 200 10963
[2022-03-03 23:42:31,999] [basehttp.py:161] [basehttp:log_message] [INFO]- "GET /static/js/axios.min.js HTTP/1.1" 200 30347
[2022-03-03 23:42:32,002] [basehttp.py:161] [basehttp:log_message] [INFO]- "GET /static/js/vue.min.js HTTP/1.1" 200 167259
[2022-03-03 23:42:32,002] [basehttp.py:161] [basehttp:log_message] [INFO]- "GET /static/js/jquery.min.js HTTP/1.1" 200 154528
[2022-03-03 23:42:32,006] [basehttp.py:161] [basehttp:log_message] [INFO]- "GET /static/img/register/showPwd.png HTTP/1.1" 200 416
[2022-03-03 23:42:32,229] [basehttp.py:161] [basehttp:log_message] [INFO]- "GET /static/fonts/%E6%80%9D%E6%BA%90%E5%AE%8B%E4%BD%93.ttf HTTP/1.1" 200 11772444
[2022-03-03 23:42:32,474] [basehttp.py:161] [basehttp:log_message] [INFO]- "GET /static/favicon.ico HTTP/1.1" 200 4286
[2022-03-03 23:42:34,133] [basehttp.py:161] [basehttp:log_message] [INFO]- "GET /static/fonts/fonts/icomoon.woff?rretjt HTTP/1.1" 200 1452
[2022-03-03 23:42:34,166] [basehttp.py:161] [basehttp:log_message] [INFO]- "GET /static/fonts/icomoon.ttf?7kkyc2 HTTP/1.1" 200 13336
[2022-03-03 23:51:14,565] [basehttp.py:161] [basehttp:log_message] [INFO]- "POST /users/register/ HTTP/1.1" 200 21065
[2022-03-03 23:51:14,713] [basehttp.py:161] [basehttp:log_message] [INFO]- "GET /static/css/bootstrap.min.css HTTP/1.1" 304 0
[2022-03-03 23:51:14,904] [basehttp.py:161] [basehttp:log_message] [INFO]- "GET /static/js/axios.min.js HTTP/1.1" 304 0
[2022-03-03 23:51:14,905] [basehttp.py:161] [basehttp:log_message] [INFO]- "GET /static/js/register.js HTTP/1.1" 304 0
[2022-03-03 23:51:14,912] [basehttp.py:161] [basehttp:log_message] [INFO]- "GET /static/js/registervue.js HTTP/1.1" 200 1315
[2022-03-03 23:51:20,938] [basehttp.py:161] [basehttp:log_message] [INFO]- "POST /users/register/ HTTP/1.1" 200 21065
[2022-03-03 23:51:21,055] [basehttp.py:161] [basehttp:log_message] [INFO]- "GET /static/css/gloab.css HTTP/1.1" 200 16102
[2022-03-03 23:51:21,055] [basehttp.py:161] [basehttp:log_message] [INFO]- "GET /static/css/register.css HTTP/1.1" 200 6224
[2022-03-03 23:51:21,061] [basehttp.py:161] [basehttp:log_message] [INFO]- "GET /static/css/bootstrap.min.css HTTP/1.1" 200 150007
[2022-03-03 23:51:21,096] [basehttp.py:161] [basehttp:log_message] [INFO]- "GET /static/js/register.js HTTP/1.1" 200 10963
[2022-03-03 23:51:21,101] [basehttp.py:161] [basehttp:log_message] [INFO]- "GET /static/js/axios.min.js HTTP/1.1" 200 30347
[2022-03-03 23:51:21,101] [basehttp.py:161] [basehttp:log_message] [INFO]- "GET /static/js/registervue.js HTTP/1.1" 200 1315
[2022-03-03 23:51:21,106] [basehttp.py:161] [basehttp:log_message] [INFO]- "GET /static/img/register/yzm1.jpg HTTP/1.1" 200 2399
[2022-03-03 23:51:21,109] [basehttp.py:161] [basehttp:log_message] [INFO]- "GET /static/img/register/showPwd.png HTTP/1.1" 200 416
[2022-03-03 23:51:21,110] [basehttp.py:161] [basehttp:log_message] [INFO]- "GET /static/js/jquery.min.js HTTP/1.1" 200 154528
[2022-03-03 23:51:21,110] [basehttp.py:161] [basehttp:log_message] [INFO]- "GET /static/js/vue.min.js HTTP/1.1" 200 167259
[2022-03-03 23:51:21,248] [basehttp.py:161] [basehttp:log_message] [INFO]- "GET /static/fonts/%E6%80%9D%E6%BA%90%E5%AE%8B%E4%BD%93.ttf HTTP/1.1" 200 11772444
[2022-03-03 23:51:21,487] [basehttp.py:161] [basehttp:log_message] [INFO]- "GET /static/favicon.ico HTTP/1.1" 200 4286
[2022-03-03 23:51:22,640] [basehttp.py:161] [basehttp:log_message] [INFO]- "GET /static/fonts/fonts/icomoon.woff?rretjt HTTP/1.1" 200 1452
[2022-03-03 23:51:22,660] [basehttp.py:161] [basehttp:log_message] [INFO]- "GET /static/fonts/icomoon.ttf?7kkyc2 HTTP/1.1" 200 13336
[2022-03-04 00:04:24,655] [basehttp.py:161] [basehttp:log_message] [INFO]- "POST /users/register/ HTTP/1.1" 200 21065
[2022-03-04 00:04:24,703] [basehttp.py:161] [basehttp:log_message] [INFO]- "GET /static/css/gloab.css HTTP/1.1" 200 16102
[2022-03-04 00:04:24,703] [basehttp.py:161] [basehttp:log_message] [INFO]- "GET /static/css/register.css HTTP/1.1" 200 6224
[2022-03-04 00:04:24,706] [basehttp.py:161] [basehttp:log_message] [INFO]- "GET /static/css/bootstrap.min.css HTTP/1.1" 200 150007
[2022-03-04 00:04:24,762] [basehttp.py:161] [basehttp:log_message] [INFO]- "GET /static/js/register.js HTTP/1.1" 200 10963
[2022-03-04 00:04:24,764] [basehttp.py:161] [basehttp:log_message] [INFO]- "GET /static/js/axios.min.js HTTP/1.1" 200 30347
[2022-03-04 00:04:24,765] [basehttp.py:161] [basehttp:log_message] [INFO]- "GET /static/img/register/yzm1.jpg HTTP/1.1" 200 2399
[2022-03-04 00:04:24,766] [basehttp.py:161] [basehttp:log_message] [INFO]- "GET /static/js/registervue.js HTTP/1.1" 200 1190
[2022-03-04 00:04:24,770] [basehttp.py:161] [basehttp:log_message] [INFO]- "GET /static/js/jquery.min.js HTTP/1.1" 200 154528
[2022-03-04 00:04:24,772] [basehttp.py:161] [basehttp:log_message] [INFO]- "GET /static/js/vue.min.js HTTP/1.1" 200 167259
[2022-03-04 00:04:24,773] [basehttp.py:161] [basehttp:log_message] [INFO]- "GET /static/img/register/showPwd.png HTTP/1.1" 200 416
[2022-03-04 00:04:24,894] [basehttp.py:161] [basehttp:log_message] [INFO]- "GET /static/fonts/%E6%80%9D%E6%BA%90%E5%AE%8B%E4%BD%93.ttf HTTP/1.1" 200 11772444
[2022-03-04 00:04:25,108] [basehttp.py:161] [basehttp:log_message] [INFO]- "GET /static/favicon.ico HTTP/1.1" 200 4286
[2022-03-04 00:04:34,751] [basehttp.py:161] [basehttp:log_message] [INFO]- "GET /static/fonts/fonts/icomoon.woff?rretjt HTTP/1.1" 200 1452
[2022-03-04 00:04:34,783] [basehttp.py:161] [basehttp:log_message] [INFO]- "GET /static/fonts/icomoon.ttf?7kkyc2 HTTP/1.1" 200 13336
[2022-03-04 00:06:15,712] [basehttp.py:161] [basehttp:log_message] [INFO]- "POST /users/register/ HTTP/1.1" 200 21065
[2022-03-04 00:06:15,794] [basehttp.py:161] [basehttp:log_message] [INFO]- "GET /static/js/registervue.js HTTP/1.1" 200 1033
[2022-03-04 00:06:22,555] [basehttp.py:161] [basehttp:log_message] [INFO]- "POST /users/register/ HTTP/1.1" 200 21065
[2022-03-04 00:06:22,675] [basehttp.py:161] [basehttp:log_message] [INFO]- "GET /static/css/register.css HTTP/1.1" 200 6224
[2022-03-04 00:06:22,676] [basehttp.py:161] [basehttp:log_message] [INFO]- "GET /static/css/gloab.css HTTP/1.1" 200 16102
[2022-03-04 00:06:22,682] [basehttp.py:161] [basehttp:log_message] [INFO]- "GET /static/css/bootstrap.min.css HTTP/1.1" 200 150007
[2022-03-04 00:06:22,712] [basehttp.py:161] [basehttp:log_message] [INFO]- "GET /static/js/registervue.js HTTP/1.1" 200 1033
[2022-03-04 00:06:22,714] [basehttp.py:161] [basehttp:log_message] [INFO]- "GET /static/js/register.js HTTP/1.1" 200 10963
[2022-03-04 00:06:22,715] [basehttp.py:161] [basehttp:log_message] [INFO]- "GET /static/img/register/yzm1.jpg HTTP/1.1" 200 2399
[2022-03-04 00:06:22,716] [basehttp.py:161] [basehttp:log_message] [INFO]- "GET /static/js/axios.min.js HTTP/1.1" 200 30347
[2022-03-04 00:06:22,719] [basehttp.py:161] [basehttp:log_message] [INFO]- "GET /static/js/jquery.min.js HTTP/1.1" 200 154528
[2022-03-04 00:06:22,720] [basehttp.py:161] [basehttp:log_message] [INFO]- "GET /static/js/vue.min.js HTTP/1.1" 200 167259
[2022-03-04 00:06:22,726] [basehttp.py:161] [basehttp:log_message] [INFO]- "GET /static/img/register/showPwd.png HTTP/1.1" 200 416
[2022-03-04 00:06:22,841] [basehttp.py:161] [basehttp:log_message] [INFO]- "GET /static/fonts/%E6%80%9D%E6%BA%90%E5%AE%8B%E4%BD%93.ttf HTTP/1.1" 200 11772444
[2022-03-04 00:06:23,056] [basehttp.py:161] [basehttp:log_message] [INFO]- "GET /static/favicon.ico HTTP/1.1" 200 4286
[2022-03-04 00:06:32,472] [basehttp.py:161] [basehttp:log_message] [INFO]- "GET /static/fonts/fonts/icomoon.woff?rretjt HTTP/1.1" 200 1452
[2022-03-04 00:06:32,499] [basehttp.py:161] [basehttp:log_message] [INFO]- "GET /static/fonts/icomoon.ttf?7kkyc2 HTTP/1.1" 200 13336
[2022-03-04 00:11:31,988] [basehttp.py:161] [basehttp:log_message] [INFO]- "POST /users/register/ HTTP/1.1" 200 21065
[2022-03-04 00:11:32,040] [basehttp.py:161] [basehttp:log_message] [INFO]- "GET /static/css/bootstrap.min.css HTTP/1.1" 304 0
[2022-03-04 00:11:32,092] [basehttp.py:161] [basehttp:log_message] [INFO]- "GET /static/js/axios.min.js HTTP/1.1" 304 0
[2022-03-04 00:11:32,093] [basehttp.py:161] [basehttp:log_message] [INFO]- "GET /static/js/registervue.js HTTP/1.1" 200 1221
[2022-03-04 00:17:58,878] [basehttp.py:161] [basehttp:log_message] [INFO]- "POST /users/register/ HTTP/1.1" 200 21065
[2022-03-04 00:17:58,950] [basehttp.py:161] [basehttp:log_message] [INFO]- "GET /static/css/bootstrap.min.css HTTP/1.1" 304 0
[2022-03-04 00:17:59,032] [basehttp.py:161] [basehttp:log_message] [INFO]- "GET /static/js/register.js HTTP/1.1" 304 0
[2022-03-04 00:17:59,032] [basehttp.py:161] [basehttp:log_message] [INFO]- "GET /static/js/axios.min.js HTTP/1.1" 304 0
[2022-03-04 00:17:59,034] [basehttp.py:161] [basehttp:log_message] [INFO]- "GET /static/js/registervue.js HTTP/1.1" 200 1290
[2022-03-04 00:18:07,229] [basehttp.py:161] [basehttp:log_message] [INFO]- "POST /users/register/ HTTP/1.1" 200 21065
[2022-03-04 00:18:07,420] [basehttp.py:161] [basehttp:log_message] [INFO]- "GET /static/css/register.css HTTP/1.1" 200 6224
[2022-03-04 00:18:07,422] [basehttp.py:161] [basehttp:log_message] [INFO]- "GET /static/css/gloab.css HTTP/1.1" 200 16102
[2022-03-04 00:18:07,432] [basehttp.py:161] [basehttp:log_message] [INFO]- "GET /static/css/bootstrap.min.css HTTP/1.1" 200 150007
[2022-03-04 00:18:07,505] [basehttp.py:161] [basehttp:log_message] [INFO]- "GET /static/js/register.js HTTP/1.1" 200 10963
[2022-03-04 00:18:07,506] [basehttp.py:161] [basehttp:log_message] [INFO]- "GET /static/js/axios.min.js HTTP/1.1" 200 30347
[2022-03-04 00:18:07,508] [basehttp.py:161] [basehttp:log_message] [INFO]- "GET /static/js/registervue.js HTTP/1.1" 200 1290
[2022-03-04 00:18:07,510] [basehttp.py:161] [basehttp:log_message] [INFO]- "GET /static/img/register/yzm1.jpg HTTP/1.1" 200 2399
[2022-03-04 00:18:07,522] [basehttp.py:161] [basehttp:log_message] [INFO]- "GET /static/img/register/showPwd.png HTTP/1.1" 200 416
[2022-03-04 00:18:07,523] [basehttp.py:161] [basehttp:log_message] [INFO]- "GET /static/js/jquery.min.js HTTP/1.1" 200 154528
[2022-03-04 00:18:07,525] [basehttp.py:161] [basehttp:log_message] [INFO]- "GET /static/js/vue.min.js HTTP/1.1" 200 167259
[2022-03-04 00:18:07,632] [basehttp.py:161] [basehttp:log_message] [INFO]- "GET /static/fonts/%E6%80%9D%E6%BA%90%E5%AE%8B%E4%BD%93.ttf HTTP/1.1" 200 11772444
[2022-03-04 00:18:07,848] [basehttp.py:161] [basehttp:log_message] [INFO]- "GET /static/favicon.ico HTTP/1.1" 200 4286
[2022-03-04 00:18:09,669] [basehttp.py:161] [basehttp:log_message] [INFO]- "GET /static/fonts/fonts/icomoon.woff?rretjt HTTP/1.1" 200 1452
[2022-03-04 00:18:09,718] [basehttp.py:161] [basehttp:log_message] [INFO]- "GET /static/fonts/icomoon.ttf?7kkyc2 HTTP/1.1" 200 13336
[2022-03-04 00:18:55,096] [basehttp.py:161] [basehttp:log_message] [INFO]- "POST /users/register/ HTTP/1.1" 200 21065
[2022-03-04 00:18:55,175] [basehttp.py:161] [basehttp:log_message] [INFO]- "GET /static/js/registervue.js HTTP/1.1" 200 1227
[2022-03-04 00:19:30,229] [basehttp.py:161] [basehttp:log_message] [INFO]- "POST /users/register/ HTTP/1.1" 200 21065
[2022-03-04 00:19:30,321] [basehttp.py:161] [basehttp:log_message] [INFO]- "GET /static/js/registervue.js HTTP/1.1" 304 0
[2022-03-04 00:19:46,622] [basehttp.py:161] [basehttp:log_message] [INFO]- "POST /users/register/ HTTP/1.1" 200 21065
[2022-03-04 00:19:46,663] [basehttp.py:161] [basehttp:log_message] [INFO]- "GET /static/css/register.css HTTP/1.1" 200 6224
[2022-03-04 00:19:46,663] [basehttp.py:161] [basehttp:log_message] [INFO]- "GET /static/css/gloab.css HTTP/1.1" 200 16102
[2022-03-04 00:19:46,666] [basehttp.py:161] [basehttp:log_message] [INFO]- "GET /static/css/bootstrap.min.css HTTP/1.1" 200 150007
[2022-03-04 00:19:46,689] [basehttp.py:161] [basehttp:log_message] [INFO]- "GET /static/js/register.js HTTP/1.1" 200 10963
[2022-03-04 00:19:46,690] [basehttp.py:161] [basehttp:log_message] [INFO]- "GET /static/img/register/yzm1.jpg HTTP/1.1" 200 2399
[2022-03-04 00:19:46,690] [basehttp.py:161] [basehttp:log_message] [INFO]- "GET /static/js/registervue.js HTTP/1.1" 200 1227
[2022-03-04 00:19:46,692] [basehttp.py:161] [basehttp:log_message] [INFO]- "GET /static/js/axios.min.js HTTP/1.1" 200 30347
[2022-03-04 00:19:46,696] [basehttp.py:161] [basehttp:log_message] [INFO]- "GET /static/js/jquery.min.js HTTP/1.1" 200 154528
[2022-03-04 00:19:46,697] [basehttp.py:161] [basehttp:log_message] [INFO]- "GET /static/js/vue.min.js HTTP/1.1" 200 167259
[2022-03-04 00:19:46,702] [basehttp.py:161] [basehttp:log_message] [INFO]- "GET /static/img/register/showPwd.png HTTP/1.1" 200 416
[2022-03-04 00:19:46,805] [basehttp.py:161] [basehttp:log_message] [INFO]- "GET /static/fonts/%E6%80%9D%E6%BA%90%E5%AE%8B%E4%BD%93.ttf HTTP/1.1" 200 11772444
[2022-03-04 00:19:47,001] [basehttp.py:161] [basehttp:log_message] [INFO]- "GET /static/favicon.ico HTTP/1.1" 200 4286
[2022-03-04 00:19:50,474] [basehttp.py:161] [basehttp:log_message] [INFO]- "GET /static/fonts/fonts/icomoon.woff?rretjt HTTP/1.1" 200 1452
[2022-03-04 00:19:50,483] [basehttp.py:161] [basehttp:log_message] [INFO]- "GET /static/fonts/icomoon.ttf?7kkyc2 HTTP/1.1" 200 13336
[2022-03-04 00:19:57,514] [basehttp.py:161] [basehttp:log_message] [INFO]- "POST /users/register/ HTTP/1.1" 200 21065
[2022-03-04 00:19:57,566] [basehttp.py:161] [basehttp:log_message] [INFO]- "GET /static/css/register.css HTTP/1.1" 200 6224
[2022-03-04 00:19:57,567] [basehttp.py:161] [basehttp:log_message] [INFO]- "GET /static/css/gloab.css HTTP/1.1" 200 16102
[2022-03-04 00:19:57,570] [basehttp.py:161] [basehttp:log_message] [INFO]- "GET /static/css/bootstrap.min.css HTTP/1.1" 200 150007
[2022-03-04 00:19:57,629] [basehttp.py:161] [basehttp:log_message] [INFO]- "GET /static/img/register/yzm1.jpg HTTP/1.1" 200 2399
[2022-03-04 00:19:57,630] [basehttp.py:161] [basehttp:log_message] [INFO]- "GET /static/js/registervue.js HTTP/1.1" 200 1227
[2022-03-04 00:19:57,631] [basehttp.py:161] [basehttp:log_message] [INFO]- "GET /static/js/register.js HTTP/1.1" 200 10963
[2022-03-04 00:19:57,633] [basehttp.py:161] [basehttp:log_message] [INFO]- "GET /static/js/axios.min.js HTTP/1.1" 200 30347
[2022-03-04 00:19:57,636] [basehttp.py:161] [basehttp:log_message] [INFO]- "GET /static/img/register/showPwd.png HTTP/1.1" 200 416
[2022-03-04 00:19:57,637] [basehttp.py:161] [basehttp:log_message] [INFO]- "GET /static/js/jquery.min.js HTTP/1.1" 200 154528
[2022-03-04 00:19:57,639] [basehttp.py:161] [basehttp:log_message] [INFO]- "GET /static/js/vue.min.js HTTP/1.1" 200 167259
[2022-03-04 00:19:57,757] [basehttp.py:161] [basehttp:log_message] [INFO]- "GET /static/fonts/%E6%80%9D%E6%BA%90%E5%AE%8B%E4%BD%93.ttf HTTP/1.1" 200 11772444
[2022-03-04 00:19:58,156] [basehttp.py:161] [basehttp:log_message] [INFO]- "GET /static/favicon.ico HTTP/1.1" 200 4286
[2022-03-04 00:21:20,449] [basehttp.py:161] [basehttp:log_message] [INFO]- "POST /users/register/ HTTP/1.1" 200 21065
[2022-03-04 00:21:20,542] [basehttp.py:161] [basehttp:log_message] [INFO]- "GET /static/js/registervue.js HTTP/1.1" 200 1205
[2022-03-04 00:22:27,826] [basehttp.py:161] [basehttp:log_message] [INFO]- "POST /users/register/ HTTP/1.1" 200 21065
[2022-03-04 00:22:27,937] [basehttp.py:161] [basehttp:log_message] [INFO]- "GET /static/js/registervue.js HTTP/1.1" 200 1200
[2022-03-04 00:22:50,736] [basehttp.py:161] [basehttp:log_message] [INFO]- "POST /users/register/ HTTP/1.1" 200 21065
[2022-03-04 00:22:50,830] [basehttp.py:161] [basehttp:log_message] [INFO]- "GET /static/js/registervue.js HTTP/1.1" 200 1194
[2022-03-04 00:24:15,221] [basehttp.py:161] [basehttp:log_message] [INFO]- "POST /users/register/ HTTP/1.1" 200 21065
[2022-03-04 00:24:15,296] [basehttp.py:161] [basehttp:log_message] [INFO]- "GET /static/js/registervue.js HTTP/1.1" 200 1024
[2022-03-04 00:25:17,382] [basehttp.py:161] [basehttp:log_message] [INFO]- "POST /users/register/ HTTP/1.1" 200 21065
[2022-03-04 00:25:17,424] [basehttp.py:161] [basehttp:log_message] [INFO]- "GET /static/css/bootstrap.min.css HTTP/1.1" 304 0
[2022-03-04 00:25:17,447] [basehttp.py:161] [basehttp:log_message] [INFO]- "GET /static/js/axios.min.js HTTP/1.1" 304 0
[2022-03-04 00:25:17,447] [basehttp.py:161] [basehttp:log_message] [INFO]- "GET /static/js/registervue.js HTTP/1.1" 200 1182
[2022-03-04 00:25:20,939] [basehttp.py:161] [basehttp:log_message] [INFO]- "POST /users/register/ HTTP/1.1" 200 21065
[2022-03-04 00:25:21,045] [basehttp.py:161] [basehttp:log_message] [INFO]- "GET /static/css/bootstrap.min.css HTTP/1.1" 200 150007
[2022-03-04 00:25:21,057] [basehttp.py:161] [basehttp:log_message] [INFO]- "GET /static/css/register.css HTTP/1.1" 200 6224
[2022-03-04 00:25:21,058] [basehttp.py:161] [basehttp:log_message] [INFO]- "GET /static/css/gloab.css HTTP/1.1" 200 16102
[2022-03-04 00:25:21,089] [basehttp.py:161] [basehttp:log_message] [INFO]- "GET /static/js/register.js HTTP/1.1" 200 10963
[2022-03-04 00:25:21,089] [basehttp.py:161] [basehttp:log_message] [INFO]- "GET /static/js/axios.min.js HTTP/1.1" 200 30347
[2022-03-04 00:25:21,091] [basehttp.py:161] [basehttp:log_message] [INFO]- "GET /static/js/registervue.js HTTP/1.1" 200 1182
[2022-03-04 00:25:21,094] [basehttp.py:161] [basehttp:log_message] [INFO]- "GET /static/img/register/yzm1.jpg HTTP/1.1" 200 2399
[2022-03-04 00:25:21,097] [basehttp.py:161] [basehttp:log_message] [INFO]- "GET /static/img/register/showPwd.png HTTP/1.1" 200 416
[2022-03-04 00:25:21,099] [basehttp.py:161] [basehttp:log_message] [INFO]- "GET /static/js/jquery.min.js HTTP/1.1" 200 154528
[2022-03-04 00:25:21,103] [basehttp.py:161] [basehttp:log_message] [INFO]- "GET /static/js/vue.min.js HTTP/1.1" 200 167259
[2022-03-04 00:25:21,238] [basehttp.py:161] [basehttp:log_message] [INFO]- "GET /static/fonts/%E6%80%9D%E6%BA%90%E5%AE%8B%E4%BD%93.ttf HTTP/1.1" 200 11772444
[2022-03-04 00:25:21,465] [basehttp.py:161] [basehttp:log_message] [INFO]- "GET /static/favicon.ico HTTP/1.1" 200 4286
[2022-03-04 00:25:22,278] [basehttp.py:161] [basehttp:log_message] [INFO]- "GET /static/fonts/fonts/icomoon.woff?rretjt HTTP/1.1" 200 1452
[2022-03-04 00:25:22,303] [basehttp.py:161] [basehttp:log_message] [INFO]- "GET /static/fonts/icomoon.ttf?7kkyc2 HTTP/1.1" 200 13336
[2022-03-04 00:26:20,204] [basehttp.py:161] [basehttp:log_message] [INFO]- "POST /users/register/ HTTP/1.1" 200 21065
[2022-03-04 00:26:20,260] [basehttp.py:161] [basehttp:log_message] [INFO]- "GET /static/css/register.css HTTP/1.1" 200 6224
[2022-03-04 00:26:20,260] [basehttp.py:161] [basehttp:log_message] [INFO]- "GET /static/css/gloab.css HTTP/1.1" 200 16102
[2022-03-04 00:26:20,265] [basehttp.py:161] [basehttp:log_message] [INFO]- "GET /static/css/bootstrap.min.css HTTP/1.1" 200 150007
[2022-03-04 00:26:20,317] [basehttp.py:161] [basehttp:log_message] [INFO]- "GET /static/js/registervue.js HTTP/1.1" 200 788
[2022-03-04 00:26:20,318] [basehttp.py:161] [basehttp:log_message] [INFO]- "GET /static/img/register/yzm1.jpg HTTP/1.1" 200 2399
[2022-03-04 00:26:20,319] [basehttp.py:161] [basehttp:log_message] [INFO]- "GET /static/js/axios.min.js HTTP/1.1" 200 30347
[2022-03-04 00:26:20,320] [basehttp.py:161] [basehttp:log_message] [INFO]- "GET /static/js/register.js HTTP/1.1" 200 10963
[2022-03-04 00:26:20,324] [basehttp.py:161] [basehttp:log_message] [INFO]- "GET /static/js/jquery.min.js HTTP/1.1" 200 154528
[2022-03-04 00:26:20,327] [basehttp.py:161] [basehttp:log_message] [INFO]- "GET /static/js/vue.min.js HTTP/1.1" 200 167259
[2022-03-04 00:26:20,327] [basehttp.py:161] [basehttp:log_message] [INFO]- "GET /static/img/register/showPwd.png HTTP/1.1" 200 416
[2022-03-04 00:26:20,447] [basehttp.py:161] [basehttp:log_message] [INFO]- "GET /static/fonts/%E6%80%9D%E6%BA%90%E5%AE%8B%E4%BD%93.ttf HTTP/1.1" 200 11772444
[2022-03-04 00:26:20,654] [basehttp.py:161] [basehttp:log_message] [INFO]- "GET /static/favicon.ico HTTP/1.1" 200 4286
[2022-03-04 00:26:22,242] [basehttp.py:161] [basehttp:log_message] [INFO]- "GET /static/fonts/fonts/icomoon.woff?rretjt HTTP/1.1" 200 1452
[2022-03-04 00:26:22,257] [basehttp.py:161] [basehttp:log_message] [INFO]- "GET /static/fonts/icomoon.ttf?7kkyc2 HTTP/1.1" 200 13336
[2022-03-04 00:27:23,423] [basehttp.py:161] [basehttp:log_message] [INFO]- "POST /users/register/ HTTP/1.1" 200 21065
[2022-03-04 00:27:23,521] [basehttp.py:161] [basehttp:log_message] [INFO]- "GET /static/js/registervue.js HTTP/1.1" 200 804
[2022-03-04 00:27:45,195] [basehttp.py:161] [basehttp:log_message] [INFO]- "POST /users/register/ HTTP/1.1" 200 21065
[2022-03-04 00:27:45,380] [basehttp.py:161] [basehttp:log_message] [INFO]- "GET /static/js/registervue.js HTTP/1.1" 200 786
[2022-03-04 00:33:38,226] [basehttp.py:161] [basehttp:log_message] [INFO]- "POST /users/register/ HTTP/1.1" 200 21065
[2022-03-04 00:33:38,272] [basehttp.py:161] [basehttp:log_message] [INFO]- "GET /static/css/bootstrap.min.css HTTP/1.1" 304 0
[2022-03-04 00:33:38,332] [basehttp.py:161] [basehttp:log_message] [INFO]- "GET /static/js/axios.min.js HTTP/1.1" 304 0
[2022-03-04 00:33:38,333] [basehttp.py:161] [basehttp:log_message] [INFO]- "GET /static/js/registervue.js HTTP/1.1" 200 1025
[2022-03-04 00:33:43,440] [basehttp.py:161] [basehttp:log_message] [INFO]- "POST /users/register/ HTTP/1.1" 200 21065
[2022-03-04 00:33:43,487] [basehttp.py:161] [basehttp:log_message] [INFO]- "GET /static/css/register.css HTTP/1.1" 200 6224
[2022-03-04 00:33:43,487] [basehttp.py:161] [basehttp:log_message] [INFO]- "GET /static/css/gloab.css HTTP/1.1" 200 16102
[2022-03-04 00:33:43,490] [basehttp.py:161] [basehttp:log_message] [INFO]- "GET /static/css/bootstrap.min.css HTTP/1.1" 200 150007
[2022-03-04 00:33:43,517] [basehttp.py:161] [basehttp:log_message] [INFO]- "GET /static/js/register.js HTTP/1.1" 200 10963
[2022-03-04 00:33:43,520] [basehttp.py:161] [basehttp:log_message] [INFO]- "GET /static/js/registervue.js HTTP/1.1" 200 1025
[2022-03-04 00:33:43,522] [basehttp.py:161] [basehttp:log_message] [INFO]- "GET /static/img/register/yzm1.jpg HTTP/1.1" 200 2399
[2022-03-04 00:33:43,523] [basehttp.py:161] [basehttp:log_message] [INFO]- "GET /static/js/axios.min.js HTTP/1.1" 200 30347
[2022-03-04 00:33:43,525] [basehttp.py:161] [basehttp:log_message] [INFO]- "GET /static/img/register/showPwd.png HTTP/1.1" 200 416
[2022-03-04 00:33:43,531] [basehttp.py:161] [basehttp:log_message] [INFO]- "GET /static/js/jquery.min.js HTTP/1.1" 200 154528
[2022-03-04 00:33:43,532] [basehttp.py:161] [basehttp:log_message] [INFO]- "GET /static/js/vue.min.js HTTP/1.1" 200 167259
[2022-03-04 00:33:43,621] [basehttp.py:161] [basehttp:log_message] [INFO]- "GET /static/fonts/%E6%80%9D%E6%BA%90%E5%AE%8B%E4%BD%93.ttf HTTP/1.1" 200 11772444
[2022-03-04 00:33:43,829] [basehttp.py:161] [basehttp:log_message] [INFO]- "GET /static/fonts/fonts/icomoon.woff?rretjt HTTP/1.1" 200 1452
[2022-03-04 00:33:43,840] [basehttp.py:161] [basehttp:log_message] [INFO]- "GET /static/favicon.ico HTTP/1.1" 200 4286
[2022-03-04 00:33:43,848] [basehttp.py:161] [basehttp:log_message] [INFO]- "GET /static/fonts/icomoon.ttf?7kkyc2 HTTP/1.1" 200 13336
[2022-03-04 00:34:07,902] [basehttp.py:161] [basehttp:log_message] [INFO]- "POST /users/register/ HTTP/1.1" 200 21065
[2022-03-04 00:34:07,958] [basehttp.py:161] [basehttp:log_message] [INFO]- "GET /static/js/registervue.js HTTP/1.1" 304 0
[2022-03-04 00:34:08,139] [basehttp.py:161] [basehttp:log_message] [WARNING]- "GET /static/fonts/%C3%A6%E2%82%AC%C2%9D%C3%A6%C2%BA%C2%90%C3%A5%C2%AE%E2%80%B9%C3%A4%C2%BD%E2%80%9C.ttf HTTP/1.1" 404 1924
[2022-03-04 00:34:11,952] [basehttp.py:75] [basehttp:handle_error] [INFO]- - Broken pipe from ('127.0.0.1', 65100)

[2022-03-04 00:34:12,667] [basehttp.py:75] [basehttp:handle_error] [INFO]- - Broken pipe from ('127.0.0.1', 65095)

[2022-03-04 00:34:13,134] [basehttp.py:75] [basehttp:handle_error] [INFO]- - Broken pipe from ('127.0.0.1', 65101)

[2022-03-04 00:34:13,366] [basehttp.py:75] [basehttp:handle_error] [INFO]- - Broken pipe from ('127.0.0.1', 65103)

[2022-03-04 00:34:13,593] [basehttp.py:75] [basehttp:handle_error] [INFO]- - Broken pipe from ('127.0.0.1', 65102)

[2022-03-04 00:34:13,776] [basehttp.py:161] [basehttp:log_message] [INFO]- "POST /users/register/ HTTP/1.1" 200 21065
[2022-03-04 00:34:13,828] [basehttp.py:161] [basehttp:log_message] [INFO]- "GET /static/js/registervue.js HTTP/1.1" 304 0
[2022-03-04 00:34:13,976] [basehttp.py:161] [basehttp:log_message] [WARNING]- "GET /static/fonts/%C3%A6%E2%82%AC%C2%9D%C3%A6%C2%BA%C2%90%C3%A5%C2%AE%E2%80%B9%C3%A4%C2%BD%E2%80%9C.ttf HTTP/1.1" 404 1924
[2022-03-04 00:36:37,716] [basehttp.py:75] [basehttp:handle_error] [INFO]- - Broken pipe from ('127.0.0.1', 50502)

[2022-03-04 00:36:40,398] [basehttp.py:75] [basehttp:handle_error] [INFO]- - Broken pipe from ('127.0.0.1', 50503)

[2022-03-04 00:36:40,752] [basehttp.py:75] [basehttp:handle_error] [INFO]- - Broken pipe from ('127.0.0.1', 50509)

[2022-03-04 00:36:40,993] [basehttp.py:161] [basehttp:log_message] [INFO]- "POST /users/register/ HTTP/1.1" 200 21065
[2022-03-04 00:36:41,131] [basehttp.py:161] [basehttp:log_message] [INFO]- "GET /static/js/registervue.js HTTP/1.1" 200 1009
[2022-03-04 00:36:50,561] [basehttp.py:75] [basehttp:handle_error] [INFO]- - Broken pipe from ('127.0.0.1', 50512)

[2022-03-04 00:36:52,680] [basehttp.py:161] [basehttp:log_message] [INFO]- "POST /users/register/ HTTP/1.1" 200 21065
[2022-03-04 00:36:52,711] [basehttp.py:161] [basehttp:log_message] [INFO]- "GET /static/js/registervue.js HTTP/1.1" 304 0
[2022-03-04 00:37:19,853] [basehttp.py:161] [basehttp:log_message] [INFO]- "GET /static/img/register/hidePwd.png HTTP/1.1" 200 386
[2022-03-04 00:37:37,800] [basehttp.py:75] [basehttp:handle_error] [INFO]- - Broken pipe from ('127.0.0.1', 50514)

[2022-03-04 00:37:38,220] [basehttp.py:75] [basehttp:handle_error] [INFO]- - Broken pipe from ('127.0.0.1', 50522)

[2022-03-04 00:37:38,456] [basehttp.py:75] [basehttp:handle_error] [INFO]- - Broken pipe from ('127.0.0.1', 50564)

[2022-03-04 00:37:38,609] [basehttp.py:161] [basehttp:log_message] [INFO]- "POST /users/register/ HTTP/1.1" 200 21065
[2022-03-04 00:37:38,779] [basehttp.py:161] [basehttp:log_message] [INFO]- "GET /static/js/registervue.js HTTP/1.1" 304 0
[2022-03-04 00:45:50,994] [basehttp.py:161] [basehttp:log_message] [INFO]- "POST /users/register/ HTTP/1.1" 200 21065
[2022-03-04 00:45:51,029] [basehttp.py:161] [basehttp:log_message] [INFO]- "GET /static/css/bootstrap.min.css HTTP/1.1" 304 0
[2022-03-04 00:45:51,096] [basehttp.py:161] [basehttp:log_message] [INFO]- "GET /static/js/axios.min.js HTTP/1.1" 304 0
[2022-03-04 00:45:51,097] [basehttp.py:161] [basehttp:log_message] [INFO]- "GET /static/js/register.js HTTP/1.1" 304 0
[2022-03-04 00:45:51,099] [basehttp.py:161] [basehttp:log_message] [INFO]- "GET /static/js/registervue.js HTTP/1.1" 200 1024
[2022-03-04 00:46:11,316] [basehttp.py:75] [basehttp:handle_error] [INFO]- - Broken pipe from ('127.0.0.1', 51295)

[2022-03-04 00:46:12,136] [basehttp.py:75] [basehttp:handle_error] [INFO]- - Broken pipe from ('127.0.0.1', 51291)

[2022-03-04 00:46:12,556] [basehttp.py:75] [basehttp:handle_error] [INFO]- - Broken pipe from ('127.0.0.1', 51292)

[2022-03-04 00:46:12,882] [basehttp.py:161] [basehttp:log_message] [INFO]- "POST /users/register/ HTTP/1.1" 200 21065
[2022-03-04 00:46:13,142] [basehttp.py:161] [basehttp:log_message] [INFO]- "GET /static/js/registervue.js HTTP/1.1" 304 0
