[2022-03-06 00:02:05,459] [autoreload.py:637] [autoreload:run_with_reloader] [INFO]- Watching for file changes with StatReloader
[2022-03-06 00:02:07,511] [log.py:230] [log:log_response] [WARNING]- Not Found: /
[2022-03-06 00:02:07,513] [basehttp.py:161] [basehttp:log_message] [WARNING]- "GET / HTTP/1.1" 404 2334
[2022-03-06 00:02:07,672] [log.py:230] [log:log_response] [WARNING]- Not Found: /favicon.ico
[2022-03-06 00:02:07,674] [basehttp.py:161] [basehttp:log_message] [WARNING]- "GET /favicon.ico HTTP/1.1" 404 2385
[2022-03-06 00:02:12,796] [basehttp.py:161] [basehttp:log_message] [INFO]- "GET /users/register/ HTTP/1.1" 200 19503
[2022-03-06 00:02:18,419] [basehttp.py:161] [basehttp:log_message] [INFO]- "GET /users/register/ HTTP/1.1" 200 19503
[2022-03-06 00:02:19,434] [basehttp.py:161] [basehttp:log_message] [INFO]- "GET /users/register/ HTTP/1.1" 200 19503
[2022-03-06 00:02:33,855] [basehttp.py:161] [basehttp:log_message] [INFO]- "GET /static/fonts/fonts/icomoon.woff?rretjt HTTP/1.1" 200 1452
[2022-03-06 00:02:33,862] [basehttp.py:161] [basehttp:log_message] [INFO]- "GET /static/fonts/icomoon.ttf?7kkyc2 HTTP/1.1" 200 13336
[2022-03-06 00:03:17,227] [basehttp.py:161] [basehttp:log_message] [INFO]- "GET /users/register/ HTTP/1.1" 200 19503
[2022-03-06 00:03:17,930] [basehttp.py:161] [basehttp:log_message] [INFO]- "GET /users/register/ HTTP/1.1" 200 19503
[2022-03-06 00:03:18,381] [basehttp.py:161] [basehttp:log_message] [INFO]- "GET /users/register/ HTTP/1.1" 200 19503
[2022-03-06 00:03:18,815] [basehttp.py:161] [basehttp:log_message] [INFO]- "GET /users/register/ HTTP/1.1" 200 19503
[2022-03-06 00:03:19,349] [basehttp.py:161] [basehttp:log_message] [INFO]- "GET /users/register/ HTTP/1.1" 200 19503
[2022-03-06 00:03:19,983] [basehttp.py:161] [basehttp:log_message] [INFO]- "GET /users/register/ HTTP/1.1" 200 19503
[2022-03-06 00:03:20,484] [basehttp.py:161] [basehttp:log_message] [INFO]- "GET /users/register/ HTTP/1.1" 200 19503
[2022-03-06 00:03:21,037] [basehttp.py:161] [basehttp:log_message] [INFO]- "GET /users/register/ HTTP/1.1" 200 19503
[2022-03-06 00:06:00,613] [basehttp.py:161] [basehttp:log_message] [INFO]- "GET /users/register/ HTTP/1.1" 200 20350
[2022-03-06 00:06:00,649] [basehttp.py:161] [basehttp:log_message] [INFO]- "GET /static/css/login.css HTTP/1.1" 200 3263
[2022-03-06 00:06:00,651] [basehttp.py:161] [basehttp:log_message] [INFO]- "GET /static/js/bootstrap.min.js HTTP/1.1" 200 54488
[2022-03-06 00:06:00,705] [basehttp.py:161] [basehttp:log_message] [INFO]- "GET /static/js/login/gVerify.js HTTP/1.1" 200 4451
[2022-03-06 00:06:00,707] [basehttp.py:161] [basehttp:log_message] [INFO]- "GET /static/js/login/layer-v3.5.1/layer.js HTTP/1.1" 200 36155
[2022-03-06 00:06:00,730] [basehttp.py:161] [basehttp:log_message] [INFO]- "GET /static/js/login/layer-v3.5.1/theme/default/layer.css?v=3.5.1 HTTP/1.1" 200 14271
[2022-03-06 00:06:08,155] [basehttp.py:161] [basehttp:log_message] [INFO]- "GET /users/register/ HTTP/1.1" 200 20350
[2022-03-06 00:06:08,706] [basehttp.py:161] [basehttp:log_message] [INFO]- "GET /users/register/ HTTP/1.1" 200 20350
[2022-03-06 00:06:09,895] [basehttp.py:161] [basehttp:log_message] [INFO]- "GET /users/register/ HTTP/1.1" 200 20350
[2022-03-06 00:06:11,033] [basehttp.py:161] [basehttp:log_message] [INFO]- "GET /users/register/ HTTP/1.1" 200 20350
[2022-03-06 00:06:12,075] [basehttp.py:161] [basehttp:log_message] [INFO]- "GET /users/register/ HTTP/1.1" 200 20350
[2022-03-06 00:07:46,360] [basehttp.py:161] [basehttp:log_message] [INFO]- "GET /users/register/ HTTP/1.1" 200 20132
[2022-03-06 00:09:09,901] [basehttp.py:161] [basehttp:log_message] [INFO]- "GET /users/register/ HTTP/1.1" 200 20161
[2022-03-06 00:09:10,766] [basehttp.py:161] [basehttp:log_message] [INFO]- "GET /users/register/ HTTP/1.1" 200 20161
[2022-03-06 00:09:11,425] [basehttp.py:161] [basehttp:log_message] [INFO]- "GET /users/register/ HTTP/1.1" 200 20161
[2022-03-06 00:09:11,984] [basehttp.py:161] [basehttp:log_message] [INFO]- "GET /users/register/ HTTP/1.1" 200 20161
[2022-03-06 00:09:13,528] [basehttp.py:161] [basehttp:log_message] [INFO]- "GET /users/register/ HTTP/1.1" 200 20161
[2022-03-06 00:09:13,559] [basehttp.py:161] [basehttp:log_message] [INFO]- "GET /static/css/register.css HTTP/1.1" 200 6263
[2022-03-06 00:09:13,559] [basehttp.py:161] [basehttp:log_message] [INFO]- "GET /static/css/gloab.css HTTP/1.1" 200 16102
[2022-03-06 00:09:13,561] [basehttp.py:161] [basehttp:log_message] [INFO]- "GET /static/css/login.css HTTP/1.1" 200 3263
[2022-03-06 00:09:13,563] [basehttp.py:161] [basehttp:log_message] [INFO]- "GET /static/css/bootstrap.min.css HTTP/1.1" 200 150007
[2022-03-06 00:09:13,583] [basehttp.py:161] [basehttp:log_message] [INFO]- "GET /static/js/axios.min.js HTTP/1.1" 200 30347
[2022-03-06 00:09:13,586] [basehttp.py:161] [basehttp:log_message] [INFO]- "GET /static/js/bootstrap.min.js HTTP/1.1" 200 54488
[2022-03-06 00:09:13,591] [basehttp.py:161] [basehttp:log_message] [INFO]- "GET /static/js/vue.min.js HTTP/1.1" 200 167259
[2022-03-06 00:09:13,591] [basehttp.py:161] [basehttp:log_message] [INFO]- "GET /static/js/jquery.min.js HTTP/1.1" 200 154528
[2022-03-06 00:09:13,591] [basehttp.py:161] [basehttp:log_message] [INFO]- "GET /static/js/login/gVerify.js HTTP/1.1" 200 4451
[2022-03-06 00:09:13,598] [basehttp.py:161] [basehttp:log_message] [INFO]- "GET /static/js/register.js HTTP/1.1" 200 10963
[2022-03-06 00:09:13,598] [basehttp.py:161] [basehttp:log_message] [INFO]- "GET /static/js/login/layer-v3.5.1/layer.js HTTP/1.1" 200 36155
[2022-03-06 00:09:13,599] [basehttp.py:161] [basehttp:log_message] [INFO]- "GET /static/js/registervue.js HTTP/1.1" 200 3057
[2022-03-06 00:09:13,608] [basehttp.py:161] [basehttp:log_message] [INFO]- "GET /static/img/register/yzm1.jpg HTTP/1.1" 200 2399
[2022-03-06 00:09:13,611] [basehttp.py:161] [basehttp:log_message] [INFO]- "GET /static/img/aijai-error-1.png HTTP/1.1" 200 134043
[2022-03-06 00:09:13,641] [basehttp.py:161] [basehttp:log_message] [INFO]- "GET /static/js/login/layer-v3.5.1/theme/default/layer.css?v=3.5.1 HTTP/1.1" 200 14271
[2022-03-06 00:09:13,669] [basehttp.py:161] [basehttp:log_message] [INFO]- "GET /static/img/register/showPwd.png HTTP/1.1" 200 416
[2022-03-06 00:09:13,750] [basehttp.py:161] [basehttp:log_message] [INFO]- "GET /static/fonts/%E6%80%9D%E6%BA%90%E5%AE%8B%E4%BD%93.ttf HTTP/1.1" 200 11772444
[2022-03-06 00:09:13,928] [basehttp.py:161] [basehttp:log_message] [INFO]- "GET /static/favicon.ico HTTP/1.1" 200 4286
[2022-03-06 00:09:14,166] [basehttp.py:161] [basehttp:log_message] [INFO]- "GET /users/register/ HTTP/1.1" 200 20161
[2022-03-06 00:09:14,200] [basehttp.py:161] [basehttp:log_message] [INFO]- "GET /static/css/gloab.css HTTP/1.1" 200 16102
[2022-03-06 00:09:14,201] [basehttp.py:161] [basehttp:log_message] [INFO]- "GET /static/css/register.css HTTP/1.1" 200 6263
[2022-03-06 00:09:14,202] [basehttp.py:161] [basehttp:log_message] [INFO]- "GET /static/css/login.css HTTP/1.1" 200 3263
[2022-03-06 00:09:14,205] [basehttp.py:161] [basehttp:log_message] [INFO]- "GET /static/css/bootstrap.min.css HTTP/1.1" 200 150007
[2022-03-06 00:09:14,228] [basehttp.py:161] [basehttp:log_message] [INFO]- "GET /static/js/login/gVerify.js HTTP/1.1" 200 4451
[2022-03-06 00:09:14,230] [basehttp.py:161] [basehttp:log_message] [INFO]- "GET /static/js/login/layer-v3.5.1/layer.js HTTP/1.1" 200 36155
[2022-03-06 00:09:14,230] [basehttp.py:161] [basehttp:log_message] [INFO]- "GET /static/js/axios.min.js HTTP/1.1" 200 30347
[2022-03-06 00:09:14,232] [basehttp.py:161] [basehttp:log_message] [INFO]- "GET /static/js/bootstrap.min.js HTTP/1.1" 200 54488
[2022-03-06 00:09:14,237] [basehttp.py:161] [basehttp:log_message] [INFO]- "GET /static/js/register.js HTTP/1.1" 200 10963
[2022-03-06 00:09:14,240] [basehttp.py:161] [basehttp:log_message] [INFO]- "GET /static/js/jquery.min.js HTTP/1.1" 200 154528
[2022-03-06 00:09:14,243] [basehttp.py:161] [basehttp:log_message] [INFO]- "GET /static/js/vue.min.js HTTP/1.1" 200 167259
[2022-03-06 00:09:14,244] [basehttp.py:161] [basehttp:log_message] [INFO]- "GET /static/js/registervue.js HTTP/1.1" 200 3057
[2022-03-06 00:09:14,249] [basehttp.py:161] [basehttp:log_message] [INFO]- "GET /static/img/register/yzm1.jpg HTTP/1.1" 200 2399
[2022-03-06 00:09:14,252] [basehttp.py:161] [basehttp:log_message] [INFO]- "GET /static/img/aijai-error-1.png HTTP/1.1" 200 134043
[2022-03-06 00:09:14,278] [basehttp.py:161] [basehttp:log_message] [INFO]- "GET /static/js/login/layer-v3.5.1/theme/default/layer.css?v=3.5.1 HTTP/1.1" 200 14271
[2022-03-06 00:09:14,304] [basehttp.py:161] [basehttp:log_message] [INFO]- "GET /static/img/register/showPwd.png HTTP/1.1" 200 416
[2022-03-06 00:09:14,385] [basehttp.py:161] [basehttp:log_message] [INFO]- "GET /static/fonts/%E6%80%9D%E6%BA%90%E5%AE%8B%E4%BD%93.ttf HTTP/1.1" 200 11772444
[2022-03-06 00:09:14,595] [basehttp.py:161] [basehttp:log_message] [INFO]- "GET /static/favicon.ico HTTP/1.1" 200 4286
[2022-03-06 00:12:40,029] [basehttp.py:161] [basehttp:log_message] [INFO]- "GET /users/register/ HTTP/1.1" 200 21438
[2022-03-06 00:12:46,920] [basehttp.py:161] [basehttp:log_message] [INFO]- "GET /users/register/ HTTP/1.1" 200 21438
[2022-03-06 00:12:47,774] [basehttp.py:161] [basehttp:log_message] [INFO]- "GET /users/register/ HTTP/1.1" 200 21438
[2022-03-06 00:12:48,591] [basehttp.py:161] [basehttp:log_message] [INFO]- "GET /users/register/ HTTP/1.1" 200 21438
[2022-03-06 00:14:35,543] [basehttp.py:161] [basehttp:log_message] [INFO]- "GET /users/register/ HTTP/1.1" 200 21706
[2022-03-06 00:16:02,749] [basehttp.py:161] [basehttp:log_message] [INFO]- "GET /users/register/ HTTP/1.1" 200 21234
[2022-03-06 00:22:07,265] [basehttp.py:161] [basehttp:log_message] [INFO]- "GET /users/register/ HTTP/1.1" 200 22147
[2022-03-06 00:22:07,304] [basehttp.py:161] [basehttp:log_message] [INFO]- "GET /static/css/register.css HTTP/1.1" 304 0
[2022-03-06 00:22:27,395] [basehttp.py:161] [basehttp:log_message] [INFO]- "GET /users/register/ HTTP/1.1" 200 22147
[2022-03-06 00:22:56,545] [basehttp.py:161] [basehttp:log_message] [INFO]- "GET /users/register/ HTTP/1.1" 200 22149
[2022-03-06 00:28:48,590] [basehttp.py:161] [basehttp:log_message] [INFO]- "GET /users/register/ HTTP/1.1" 200 22144
[2022-03-06 00:37:50,722] [basehttp.py:161] [basehttp:log_message] [INFO]- "GET /users/register/ HTTP/1.1" 200 22527
[2022-03-06 00:37:50,757] [basehttp.py:161] [basehttp:log_message] [INFO]- "GET /static/css/register.css HTTP/1.1" 304 0
[2022-03-06 00:39:38,154] [basehttp.py:161] [basehttp:log_message] [INFO]- "GET /users/register/ HTTP/1.1" 200 22216
[2022-03-06 00:39:39,190] [basehttp.py:161] [basehttp:log_message] [INFO]- "GET /users/register/ HTTP/1.1" 200 22216
[2022-03-06 00:40:17,925] [basehttp.py:161] [basehttp:log_message] [INFO]- "GET /users/register/ HTTP/1.1" 200 22216
[2022-03-06 00:41:07,413] [basehttp.py:161] [basehttp:log_message] [INFO]- "GET /users/register/ HTTP/1.1" 200 22183
[2022-03-06 00:42:23,573] [basehttp.py:161] [basehttp:log_message] [INFO]- "GET /users/register/ HTTP/1.1" 200 22187
[2022-03-06 00:42:24,362] [basehttp.py:161] [basehttp:log_message] [INFO]- "GET /users/register/ HTTP/1.1" 200 22187
[2022-03-06 00:42:37,823] [basehttp.py:161] [basehttp:log_message] [INFO]- "GET /users/register/ HTTP/1.1" 200 22187
[2022-03-06 00:42:37,861] [basehttp.py:161] [basehttp:log_message] [INFO]- "GET /static/css/login.css HTTP/1.1" 200 3263
[2022-03-06 00:42:37,861] [basehttp.py:161] [basehttp:log_message] [INFO]- "GET /static/css/gloab.css HTTP/1.1" 200 16102
[2022-03-06 00:42:37,863] [basehttp.py:161] [basehttp:log_message] [INFO]- "GET /static/css/register.css HTTP/1.1" 200 6263
[2022-03-06 00:42:37,865] [basehttp.py:161] [basehttp:log_message] [INFO]- "GET /static/css/bootstrap.min.css HTTP/1.1" 200 150007
[2022-03-06 00:42:37,914] [basehttp.py:161] [basehttp:log_message] [INFO]- "GET /static/js/login/gVerify.js HTTP/1.1" 200 4451
[2022-03-06 00:42:37,916] [basehttp.py:161] [basehttp:log_message] [INFO]- "GET /static/js/axios.min.js HTTP/1.1" 200 30347
[2022-03-06 00:42:37,920] [basehttp.py:161] [basehttp:log_message] [INFO]- "GET /static/js/bootstrap.min.js HTTP/1.1" 200 54488
[2022-03-06 00:42:37,923] [basehttp.py:161] [basehttp:log_message] [INFO]- "GET /static/js/register.js HTTP/1.1" 200 10963
[2022-03-06 00:42:37,924] [basehttp.py:161] [basehttp:log_message] [INFO]- "GET /static/js/jquery.min.js HTTP/1.1" 200 154528
[2022-03-06 00:42:37,924] [basehttp.py:161] [basehttp:log_message] [INFO]- "GET /static/js/login/layer-v3.5.1/layer.js HTTP/1.1" 200 36155
[2022-03-06 00:42:37,927] [basehttp.py:161] [basehttp:log_message] [INFO]- "GET /static/js/vue.min.js HTTP/1.1" 200 167259
[2022-03-06 00:42:37,931] [basehttp.py:161] [basehttp:log_message] [INFO]- "GET /static/js/registervue.js HTTP/1.1" 200 3057
[2022-03-06 00:42:37,936] [basehttp.py:161] [basehttp:log_message] [INFO]- "GET /static/img/aijai-error-1.png HTTP/1.1" 200 134043
[2022-03-06 00:42:37,962] [basehttp.py:161] [basehttp:log_message] [INFO]- "GET /static/js/login/layer-v3.5.1/theme/default/layer.css?v=3.5.1 HTTP/1.1" 200 19567
[2022-03-06 00:42:37,993] [basehttp.py:161] [basehttp:log_message] [INFO]- "GET /static/img/register/showPwd.png HTTP/1.1" 200 416
[2022-03-06 00:42:38,084] [basehttp.py:161] [basehttp:log_message] [INFO]- "GET /static/fonts/%E6%80%9D%E6%BA%90%E5%AE%8B%E4%BD%93.ttf HTTP/1.1" 200 11772444
[2022-03-06 00:42:38,294] [basehttp.py:161] [basehttp:log_message] [INFO]- "GET /static/favicon.ico HTTP/1.1" 200 4286
[2022-03-06 00:42:43,075] [basehttp.py:161] [basehttp:log_message] [INFO]- "GET /users/register/ HTTP/1.1" 200 22187
[2022-03-06 00:42:43,106] [basehttp.py:161] [basehttp:log_message] [INFO]- "GET /static/css/login.css HTTP/1.1" 200 3263
[2022-03-06 00:42:43,107] [basehttp.py:161] [basehttp:log_message] [INFO]- "GET /static/css/gloab.css HTTP/1.1" 200 16102
[2022-03-06 00:42:43,107] [basehttp.py:161] [basehttp:log_message] [INFO]- "GET /static/css/register.css HTTP/1.1" 200 6263
[2022-03-06 00:42:43,111] [basehttp.py:161] [basehttp:log_message] [INFO]- "GET /static/css/bootstrap.min.css HTTP/1.1" 200 150007
[2022-03-06 00:42:43,136] [basehttp.py:161] [basehttp:log_message] [INFO]- "GET /static/js/axios.min.js HTTP/1.1" 200 30347
[2022-03-06 00:42:43,137] [basehttp.py:161] [basehttp:log_message] [INFO]- "GET /static/js/login/gVerify.js HTTP/1.1" 200 4451
[2022-03-06 00:42:43,139] [basehttp.py:161] [basehttp:log_message] [INFO]- "GET /static/js/login/layer-v3.5.1/layer.js HTTP/1.1" 200 36155
[2022-03-06 00:42:43,141] [basehttp.py:161] [basehttp:log_message] [INFO]- "GET /static/js/bootstrap.min.js HTTP/1.1" 200 54488
[2022-03-06 00:42:43,144] [basehttp.py:161] [basehttp:log_message] [INFO]- "GET /static/js/jquery.min.js HTTP/1.1" 200 154528
[2022-03-06 00:42:43,145] [basehttp.py:161] [basehttp:log_message] [INFO]- "GET /static/js/vue.min.js HTTP/1.1" 200 167259
[2022-03-06 00:42:43,153] [basehttp.py:161] [basehttp:log_message] [INFO]- "GET /static/js/registervue.js HTTP/1.1" 200 3057
[2022-03-06 00:42:43,154] [basehttp.py:161] [basehttp:log_message] [INFO]- "GET /static/js/register.js HTTP/1.1" 200 10963
[2022-03-06 00:42:43,159] [basehttp.py:161] [basehttp:log_message] [INFO]- "GET /static/img/aijai-error-1.png HTTP/1.1" 200 134043
[2022-03-06 00:42:43,174] [basehttp.py:161] [basehttp:log_message] [INFO]- "GET /static/js/login/layer-v3.5.1/theme/default/layer.css?v=3.5.1 HTTP/1.1" 200 19567
[2022-03-06 00:42:43,193] [basehttp.py:161] [basehttp:log_message] [INFO]- "GET /static/img/register/showPwd.png HTTP/1.1" 200 416
[2022-03-06 00:42:43,279] [basehttp.py:161] [basehttp:log_message] [INFO]- "GET /static/fonts/%E6%80%9D%E6%BA%90%E5%AE%8B%E4%BD%93.ttf HTTP/1.1" 200 11772444
[2022-03-06 00:42:43,483] [basehttp.py:161] [basehttp:log_message] [INFO]- "GET /static/favicon.ico HTTP/1.1" 200 4286
[2022-03-06 00:42:43,517] [basehttp.py:161] [basehttp:log_message] [INFO]- "GET /users/register/ HTTP/1.1" 200 22187
[2022-03-06 00:42:43,547] [basehttp.py:161] [basehttp:log_message] [INFO]- "GET /static/css/register.css HTTP/1.1" 200 6263
[2022-03-06 00:42:43,547] [basehttp.py:161] [basehttp:log_message] [INFO]- "GET /static/css/login.css HTTP/1.1" 200 3263
[2022-03-06 00:42:43,548] [basehttp.py:161] [basehttp:log_message] [INFO]- "GET /static/css/gloab.css HTTP/1.1" 200 16102
[2022-03-06 00:42:43,550] [basehttp.py:161] [basehttp:log_message] [INFO]- "GET /static/css/bootstrap.min.css HTTP/1.1" 200 150007
[2022-03-06 00:42:43,575] [basehttp.py:161] [basehttp:log_message] [INFO]- "GET /static/js/login/gVerify.js HTTP/1.1" 200 4451
[2022-03-06 00:42:43,576] [basehttp.py:161] [basehttp:log_message] [INFO]- "GET /static/js/axios.min.js HTTP/1.1" 200 30347
[2022-03-06 00:42:43,578] [basehttp.py:161] [basehttp:log_message] [INFO]- "GET /static/js/login/layer-v3.5.1/layer.js HTTP/1.1" 200 36155
[2022-03-06 00:42:43,580] [basehttp.py:161] [basehttp:log_message] [INFO]- "GET /static/js/bootstrap.min.js HTTP/1.1" 200 54488
[2022-03-06 00:42:43,586] [basehttp.py:161] [basehttp:log_message] [INFO]- "GET /static/js/registervue.js HTTP/1.1" 200 3057
[2022-03-06 00:42:43,586] [basehttp.py:161] [basehttp:log_message] [INFO]- "GET /static/js/register.js HTTP/1.1" 200 10963
[2022-03-06 00:42:43,588] [basehttp.py:161] [basehttp:log_message] [INFO]- "GET /static/js/jquery.min.js HTTP/1.1" 200 154528
[2022-03-06 00:42:43,589] [basehttp.py:161] [basehttp:log_message] [INFO]- "GET /static/js/vue.min.js HTTP/1.1" 200 167259
[2022-03-06 00:42:43,594] [basehttp.py:161] [basehttp:log_message] [INFO]- "GET /static/img/aijai-error-1.png HTTP/1.1" 200 134043
[2022-03-06 00:42:43,611] [basehttp.py:161] [basehttp:log_message] [INFO]- "GET /static/js/login/layer-v3.5.1/theme/default/layer.css?v=3.5.1 HTTP/1.1" 200 19567
[2022-03-06 00:42:43,629] [basehttp.py:161] [basehttp:log_message] [INFO]- "GET /static/img/register/showPwd.png HTTP/1.1" 200 416
[2022-03-06 00:42:43,713] [basehttp.py:161] [basehttp:log_message] [INFO]- "GET /static/fonts/%E6%80%9D%E6%BA%90%E5%AE%8B%E4%BD%93.ttf HTTP/1.1" 200 11772444
[2022-03-06 00:42:43,918] [basehttp.py:161] [basehttp:log_message] [INFO]- "GET /static/favicon.ico HTTP/1.1" 200 4286
[2022-03-06 00:42:43,929] [basehttp.py:161] [basehttp:log_message] [INFO]- "GET /users/register/ HTTP/1.1" 200 22187
[2022-03-06 00:42:43,966] [basehttp.py:161] [basehttp:log_message] [INFO]- "GET /static/css/login.css HTTP/1.1" 200 3263
[2022-03-06 00:42:43,967] [basehttp.py:161] [basehttp:log_message] [INFO]- "GET /static/css/register.css HTTP/1.1" 200 6263
[2022-03-06 00:42:43,968] [basehttp.py:161] [basehttp:log_message] [INFO]- "GET /static/css/gloab.css HTTP/1.1" 200 16102
[2022-03-06 00:42:43,971] [basehttp.py:161] [basehttp:log_message] [INFO]- "GET /static/css/bootstrap.min.css HTTP/1.1" 200 150007
[2022-03-06 00:42:43,995] [basehttp.py:161] [basehttp:log_message] [INFO]- "GET /static/js/login/gVerify.js HTTP/1.1" 200 4451
[2022-03-06 00:42:43,995] [basehttp.py:161] [basehttp:log_message] [INFO]- "GET /static/js/login/layer-v3.5.1/layer.js HTTP/1.1" 200 36155
[2022-03-06 00:42:43,997] [basehttp.py:161] [basehttp:log_message] [INFO]- "GET /static/js/axios.min.js HTTP/1.1" 200 30347
[2022-03-06 00:42:43,999] [basehttp.py:161] [basehttp:log_message] [INFO]- "GET /static/js/bootstrap.min.js HTTP/1.1" 200 54488
[2022-03-06 00:42:44,003] [basehttp.py:161] [basehttp:log_message] [INFO]- "GET /static/js/register.js HTTP/1.1" 200 10963
[2022-03-06 00:42:44,003] [basehttp.py:161] [basehttp:log_message] [INFO]- "GET /static/js/jquery.min.js HTTP/1.1" 200 154528
[2022-03-06 00:42:44,004] [basehttp.py:161] [basehttp:log_message] [INFO]- "GET /static/js/vue.min.js HTTP/1.1" 200 167259
[2022-03-06 00:42:44,010] [basehttp.py:161] [basehttp:log_message] [INFO]- "GET /static/js/registervue.js HTTP/1.1" 200 3057
[2022-03-06 00:42:44,015] [basehttp.py:161] [basehttp:log_message] [INFO]- "GET /static/img/aijai-error-1.png HTTP/1.1" 200 134043
[2022-03-06 00:42:44,032] [basehttp.py:161] [basehttp:log_message] [INFO]- "GET /static/js/login/layer-v3.5.1/theme/default/layer.css?v=3.5.1 HTTP/1.1" 200 19567
[2022-03-06 00:42:44,047] [basehttp.py:161] [basehttp:log_message] [INFO]- "GET /static/img/register/showPwd.png HTTP/1.1" 200 416
[2022-03-06 00:42:44,178] [basehttp.py:161] [basehttp:log_message] [INFO]- "GET /static/fonts/%E6%80%9D%E6%BA%90%E5%AE%8B%E4%BD%93.ttf HTTP/1.1" 200 11772444
[2022-03-06 00:43:42,752] [basehttp.py:161] [basehttp:log_message] [INFO]- "GET /users/register/ HTTP/1.1" 200 22187
[2022-03-06 00:43:42,925] [basehttp.py:161] [basehttp:log_message] [INFO]- "GET /static/favicon.ico HTTP/1.1" 200 4286
[2022-03-06 00:43:43,691] [basehttp.py:161] [basehttp:log_message] [INFO]- "GET /users/register/ HTTP/1.1" 200 22187
[2022-03-06 00:43:53,630] [basehttp.py:161] [basehttp:log_message] [INFO]- "GET /users/register/ HTTP/1.1" 200 22187
[2022-03-06 00:43:54,218] [basehttp.py:161] [basehttp:log_message] [INFO]- "GET /users/register/ HTTP/1.1" 200 22187
[2022-03-06 00:49:30,801] [basehttp.py:161] [basehttp:log_message] [INFO]- "GET /users/register/ HTTP/1.1" 200 22191
[2022-03-06 00:49:30,922] [basehttp.py:161] [basehttp:log_message] [INFO]- "GET /static/js/login/layer-v3.5.1/theme/default/layer.css?v=3.5.1 HTTP/1.1" 304 0
[2022-03-06 00:49:31,484] [basehttp.py:161] [basehttp:log_message] [INFO]- "GET /users/register/ HTTP/1.1" 200 22191
[2022-03-06 00:49:39,435] [basehttp.py:161] [basehttp:log_message] [INFO]- "GET /users/username/qqqq%E8%AF%B7%E6%B1%82/count HTTP/1.1" 301 0
[2022-03-06 00:49:39,498] [basehttp.py:161] [basehttp:log_message] [INFO]- "GET /users/username/qqqq%E8%AF%B7%E6%B1%82/count/ HTTP/1.1" 200 41
[2022-03-06 00:49:49,122] [basehttp.py:161] [basehttp:log_message] [INFO]- "GET /users/mobile/13456566767/count HTTP/1.1" 301 0
[2022-03-06 00:49:49,150] [basehttp.py:161] [basehttp:log_message] [INFO]- "GET /users/mobile/13456566767/count/ HTTP/1.1" 200 99
[2022-03-06 00:53:43,717] [basehttp.py:161] [basehttp:log_message] [INFO]- "GET /users/register/ HTTP/1.1" 200 22202
[2022-03-06 00:53:43,844] [basehttp.py:161] [basehttp:log_message] [INFO]- "GET /static/js/login/layer-v3.5.1/theme/default/layer.css?v=3.5.1 HTTP/1.1" 304 0
[2022-03-06 00:53:46,661] [basehttp.py:161] [basehttp:log_message] [INFO]- "GET /static/js/login/layer-v3.5.1/theme/default/icon.png HTTP/1.1" 200 11493
[2022-03-06 00:53:49,713] [basehttp.py:75] [basehttp:handle_error] [INFO]- - Broken pipe from ('127.0.0.1', 49313)

[2022-03-06 00:53:52,708] [basehttp.py:161] [basehttp:log_message] [INFO]- "POST /users/register/ HTTP/1.1" 200 22202
[2022-03-06 00:53:57,524] [basehttp.py:161] [basehttp:log_message] [INFO]- "POST /users/register/ HTTP/1.1" 200 22202
[2022-03-06 00:54:06,410] [basehttp.py:161] [basehttp:log_message] [INFO]- "GET /users/username/%E8%AE%A4%E4%B8%BA%E6%88%91%E6%97%A0/count HTTP/1.1" 301 0
[2022-03-06 00:54:06,449] [basehttp.py:161] [basehttp:log_message] [INFO]- "GET /users/username/%E8%AE%A4%E4%B8%BA%E6%88%91%E6%97%A0/count/ HTTP/1.1" 200 41
[2022-03-06 00:54:15,348] [basehttp.py:161] [basehttp:log_message] [INFO]- "GET /users/mobile/13234343223/count HTTP/1.1" 301 0
[2022-03-06 00:54:15,358] [basehttp.py:161] [basehttp:log_message] [INFO]- "GET /users/mobile/13234343223/count/ HTTP/1.1" 200 99
[2022-03-06 00:54:25,013] [basehttp.py:161] [basehttp:log_message] [INFO]- "GET /users/username/%E8%AE%A4%E4%B8%BA%E6%88%91%E6%97%A0/count/ HTTP/1.1" 200 41
[2022-03-06 00:54:25,039] [basehttp.py:161] [basehttp:log_message] [INFO]- "GET /users/mobile/13234343223/count/ HTTP/1.1" 200 99
[2022-03-06 00:54:28,042] [basehttp.py:161] [basehttp:log_message] [INFO]- "POST /users/register/ HTTP/1.1" 200 22202
[2022-03-06 00:54:34,989] [basehttp.py:161] [basehttp:log_message] [INFO]- "POST /users/register/ HTTP/1.1" 200 22202
[2022-03-06 00:55:08,792] [basehttp.py:161] [basehttp:log_message] [INFO]- "POST /users/register/ HTTP/1.1" 200 22310
[2022-03-06 00:55:54,263] [basehttp.py:161] [basehttp:log_message] [INFO]- "GET /users/username/dq%E5%8E%BB%E5%8E%BB%E5%8E%BB/count HTTP/1.1" 301 0
[2022-03-06 00:55:54,322] [basehttp.py:161] [basehttp:log_message] [INFO]- "GET /users/username/dq%E5%8E%BB%E5%8E%BB%E5%8E%BB/count/ HTTP/1.1" 200 41
[2022-03-06 00:55:56,341] [basehttp.py:161] [basehttp:log_message] [INFO]- "GET /users/mobile/18778233063/count HTTP/1.1" 301 0
[2022-03-06 00:55:56,363] [basehttp.py:161] [basehttp:log_message] [INFO]- "GET /users/mobile/18778233063/count/ HTTP/1.1" 200 99
[2022-03-06 00:55:59,347] [basehttp.py:161] [basehttp:log_message] [INFO]- "GET /users/mobile/18778233111/count/ HTTP/1.1" 200 99
[2022-03-06 00:56:08,747] [basehttp.py:161] [basehttp:log_message] [INFO]- "GET /users/mobile/18778233111/count/ HTTP/1.1" 200 99
[2022-03-06 00:56:08,768] [basehttp.py:161] [basehttp:log_message] [INFO]- "GET /users/username/dq%E5%8E%BB%E5%8E%BB%E5%8E%BB/count/ HTTP/1.1" 200 41
[2022-03-06 00:56:11,600] [basehttp.py:161] [basehttp:log_message] [INFO]- "GET /users/username/dq%E5%8E%BB%E5%8E%BB%E5%8E%BB/count/ HTTP/1.1" 200 41
[2022-03-06 00:56:11,612] [basehttp.py:161] [basehttp:log_message] [INFO]- "GET /users/mobile/18778233111/count/ HTTP/1.1" 200 99
[2022-03-06 00:56:11,762] [basehttp.py:75] [basehttp:handle_error] [INFO]- - Broken pipe from ('127.0.0.1', 59260)

[2022-03-06 00:56:14,631] [basehttp.py:161] [basehttp:log_message] [INFO]- "POST /users/register/ HTTP/1.1" 200 22310
[2022-03-06 15:26:33,855] [basehttp.py:161] [basehttp:log_message] [INFO]- "POST /users/register/ HTTP/1.1" 200 22310
[2022-03-06 15:26:33,884] [basehttp.py:161] [basehttp:log_message] [INFO]- "GET /static/css/bootstrap.min.css HTTP/1.1" 304 0
[2022-03-06 15:26:33,885] [basehttp.py:161] [basehttp:log_message] [INFO]- "GET /static/css/register.css HTTP/1.1" 304 0
[2022-03-06 15:26:33,927] [basehttp.py:161] [basehttp:log_message] [INFO]- "GET /static/js/bootstrap.min.js HTTP/1.1" 304 0
[2022-03-06 15:26:33,927] [basehttp.py:161] [basehttp:log_message] [INFO]- "GET /static/js/axios.min.js HTTP/1.1" 304 0
[2022-03-06 15:26:33,929] [basehttp.py:161] [basehttp:log_message] [INFO]- "GET /static/js/register.js HTTP/1.1" 304 0
[2022-03-06 15:26:33,930] [basehttp.py:161] [basehttp:log_message] [INFO]- "GET /static/js/registervue.js HTTP/1.1" 304 0
[2022-03-06 15:26:33,970] [basehttp.py:161] [basehttp:log_message] [INFO]- "GET /static/js/login/layer-v3.5.1/theme/default/layer.css?v=3.5.1 HTTP/1.1" 304 0
[2022-03-06 15:26:41,067] [basehttp.py:161] [basehttp:log_message] [INFO]- "POST /users/register/ HTTP/1.1" 200 22310
[2022-03-06 15:27:01,736] [basehttp.py:161] [basehttp:log_message] [INFO]- "GET /users/username/%E5%93%88%E5%93%88%E5%8D%95%E5%8F%B7/count HTTP/1.1" 301 0
[2022-03-06 15:27:01,792] [basehttp.py:161] [basehttp:log_message] [INFO]- "GET /users/username/%E5%93%88%E5%93%88%E5%8D%95%E5%8F%B7/count/ HTTP/1.1" 200 41
[2022-03-06 15:27:02,944] [basehttp.py:161] [basehttp:log_message] [INFO]- "GET /users/mobile/18776240784/count HTTP/1.1" 301 0
[2022-03-06 15:27:02,977] [basehttp.py:161] [basehttp:log_message] [INFO]- "GET /users/mobile/18776240784/count/ HTTP/1.1" 200 99
[2022-03-06 15:27:03,717] [basehttp.py:161] [basehttp:log_message] [INFO]- "GET /users/mobile/18776240784/count/ HTTP/1.1" 200 99
[2022-03-06 15:27:24,211] [basehttp.py:161] [basehttp:log_message] [INFO]- "GET /users/username/%E5%93%88%E5%93%88%E5%8D%95%E5%8F%B7/count/ HTTP/1.1" 200 41
[2022-03-06 15:27:24,238] [basehttp.py:161] [basehttp:log_message] [INFO]- "GET /users/mobile/18776240784/count/ HTTP/1.1" 200 99
[2022-03-06 15:27:25,306] [basehttp.py:161] [basehttp:log_message] [INFO]- "GET /users/username/%E5%93%88%E5%93%88%E5%8D%95%E5%8F%B7/count/ HTTP/1.1" 200 41
[2022-03-06 15:27:25,308] [basehttp.py:161] [basehttp:log_message] [INFO]- "GET /users/mobile/18776240784/count/ HTTP/1.1" 200 99
[2022-03-06 15:27:25,653] [basehttp.py:161] [basehttp:log_message] [INFO]- "GET /users/username/%E5%93%88%E5%93%88%E5%8D%95%E5%8F%B7/count/ HTTP/1.1" 200 41
[2022-03-06 15:27:25,681] [basehttp.py:161] [basehttp:log_message] [INFO]- "GET /users/mobile/18776240784/count/ HTTP/1.1" 200 99
[2022-03-06 15:27:25,821] [basehttp.py:161] [basehttp:log_message] [INFO]- "GET /users/username/%E5%93%88%E5%93%88%E5%8D%95%E5%8F%B7/count/ HTTP/1.1" 200 41
[2022-03-06 15:27:25,836] [basehttp.py:161] [basehttp:log_message] [INFO]- "GET /users/mobile/18776240784/count/ HTTP/1.1" 200 99
[2022-03-06 15:27:26,037] [basehttp.py:161] [basehttp:log_message] [INFO]- "GET /users/username/%E5%93%88%E5%93%88%E5%8D%95%E5%8F%B7/count/ HTTP/1.1" 200 41
[2022-03-06 15:27:26,056] [basehttp.py:161] [basehttp:log_message] [INFO]- "GET /users/mobile/18776240784/count/ HTTP/1.1" 200 99
[2022-03-06 15:27:27,221] [basehttp.py:75] [basehttp:handle_error] [INFO]- - Broken pipe from ('127.0.0.1', 59620)

[2022-03-06 15:27:28,317] [basehttp.py:75] [basehttp:handle_error] [INFO]- - Broken pipe from ('127.0.0.1', 59610)

[2022-03-06 15:27:28,664] [basehttp.py:75] [basehttp:handle_error] [INFO]- - Broken pipe from ('127.0.0.1', 59621)

[2022-03-06 15:27:28,835] [basehttp.py:75] [basehttp:handle_error] [INFO]- - Broken pipe from ('127.0.0.1', 59779)

[2022-03-06 15:27:29,040] [basehttp.py:161] [basehttp:log_message] [INFO]- "POST /users/register/ HTTP/1.1" 200 22310
[2022-03-06 15:32:53,644] [basehttp.py:161] [basehttp:log_message] [INFO]- "POST /users/register/ HTTP/1.1" 200 21444
[2022-03-06 15:32:57,645] [basehttp.py:161] [basehttp:log_message] [INFO]- "POST /users/register/ HTTP/1.1" 200 21444
[2022-03-06 15:32:57,694] [basehttp.py:161] [basehttp:log_message] [INFO]- "GET /static/css/gloab.css HTTP/1.1" 200 16102
[2022-03-06 15:32:57,695] [basehttp.py:161] [basehttp:log_message] [INFO]- "GET /static/css/register.css HTTP/1.1" 200 6263
[2022-03-06 15:32:57,697] [basehttp.py:161] [basehttp:log_message] [INFO]- "GET /static/css/login.css HTTP/1.1" 200 3263
[2022-03-06 15:32:57,699] [basehttp.py:161] [basehttp:log_message] [INFO]- "GET /static/css/bootstrap.min.css HTTP/1.1" 200 150007
[2022-03-06 15:32:57,723] [basehttp.py:161] [basehttp:log_message] [INFO]- "GET /static/js/login/gVerify.js HTTP/1.1" 200 4451
[2022-03-06 15:32:57,724] [basehttp.py:161] [basehttp:log_message] [INFO]- "GET /static/js/axios.min.js HTTP/1.1" 200 30347
[2022-03-06 15:32:57,726] [basehttp.py:161] [basehttp:log_message] [INFO]- "GET /static/js/bootstrap.min.js HTTP/1.1" 200 54488
[2022-03-06 15:32:57,727] [basehttp.py:161] [basehttp:log_message] [INFO]- "GET /static/js/login/layer-v3.5.1/layer.js HTTP/1.1" 200 36155
[2022-03-06 15:32:57,732] [basehttp.py:161] [basehttp:log_message] [INFO]- "GET /static/js/jquery.min.js HTTP/1.1" 200 154528
[2022-03-06 15:32:57,733] [basehttp.py:161] [basehttp:log_message] [INFO]- "GET /static/js/register.js HTTP/1.1" 200 10963
[2022-03-06 15:32:57,734] [basehttp.py:161] [basehttp:log_message] [INFO]- "GET /static/js/vue.min.js HTTP/1.1" 200 167259
[2022-03-06 15:32:57,735] [basehttp.py:161] [basehttp:log_message] [INFO]- "GET /static/js/registervue.js HTTP/1.1" 200 3057
[2022-03-06 15:32:57,744] [basehttp.py:161] [basehttp:log_message] [INFO]- "GET /static/img/aijai-error-1.png HTTP/1.1" 200 134043
[2022-03-06 15:32:57,769] [basehttp.py:161] [basehttp:log_message] [INFO]- "GET /static/js/login/layer-v3.5.1/theme/default/layer.css?v=3.5.1 HTTP/1.1" 200 19567
[2022-03-06 15:32:57,792] [basehttp.py:161] [basehttp:log_message] [INFO]- "GET /static/img/register/showPwd.png HTTP/1.1" 200 416
[2022-03-06 15:32:57,870] [basehttp.py:161] [basehttp:log_message] [INFO]- "GET /static/fonts/%E6%80%9D%E6%BA%90%E5%AE%8B%E4%BD%93.ttf HTTP/1.1" 200 11772444
[2022-03-06 15:32:58,038] [basehttp.py:161] [basehttp:log_message] [INFO]- "GET /static/favicon.ico HTTP/1.1" 200 4286
[2022-03-06 15:33:06,006] [basehttp.py:161] [basehttp:log_message] [INFO]- "GET /static/fonts/fonts/icomoon.woff?rretjt HTTP/1.1" 200 1452
[2022-03-06 15:33:06,013] [basehttp.py:161] [basehttp:log_message] [INFO]- "GET /static/fonts/icomoon.ttf?7kkyc2 HTTP/1.1" 200 13336
[2022-03-06 15:33:09,110] [basehttp.py:161] [basehttp:log_message] [INFO]- "POST /users/register/ HTTP/1.1" 200 21444
[2022-03-06 15:33:13,161] [basehttp.py:75] [basehttp:handle_error] [INFO]- - Broken pipe from ('127.0.0.1', 60758)

[2022-03-06 15:33:14,011] [basehttp.py:75] [basehttp:handle_error] [INFO]- - Broken pipe from ('127.0.0.1', 60777)

[2022-03-06 15:33:14,808] [basehttp.py:161] [basehttp:log_message] [INFO]- "POST /users/register/ HTTP/1.1" 200 21444
[2022-03-06 15:33:24,691] [basehttp.py:161] [basehttp:log_message] [INFO]- "GET /users/username/eqrq/count HTTP/1.1" 301 0
[2022-03-06 15:33:24,741] [basehttp.py:161] [basehttp:log_message] [INFO]- "GET /users/username/eqrq/count/ HTTP/1.1" 200 41
[2022-03-06 15:33:30,025] [basehttp.py:161] [basehttp:log_message] [INFO]- "GET /users/mobile/18233333333/count HTTP/1.1" 301 0
[2022-03-06 15:33:30,056] [basehttp.py:161] [basehttp:log_message] [INFO]- "GET /users/mobile/18233333333/count/ HTTP/1.1" 200 99
[2022-03-06 15:34:24,719] [basehttp.py:161] [basehttp:log_message] [INFO]- "POST /users/register/ HTTP/1.1" 200 21444
[2022-03-06 15:34:24,959] [basehttp.py:161] [basehttp:log_message] [WARNING]- "GET /static/fonts/%C3%A6%E2%82%AC%C2%9D%C3%A6%C2%BA%C2%90%C3%A5%C2%AE%E2%80%B9%C3%A4%C2%BD%E2%80%9C.ttf HTTP/1.1" 404 1924
[2022-03-06 15:34:30,398] [basehttp.py:161] [basehttp:log_message] [INFO]- "POST /users/register/ HTTP/1.1" 200 21444
[2022-03-06 15:34:30,599] [basehttp.py:161] [basehttp:log_message] [WARNING]- "GET /static/fonts/%C3%A6%E2%82%AC%C2%9D%C3%A6%C2%BA%C2%90%C3%A5%C2%AE%E2%80%B9%C3%A4%C2%BD%E2%80%9C.ttf HTTP/1.1" 404 1924
[2022-03-06 15:35:09,144] [basehttp.py:161] [basehttp:log_message] [INFO]- "GET /users/username/%E7%BA%B7%E7%BA%B7%E4%B8%BA/count HTTP/1.1" 301 0
[2022-03-06 15:35:09,208] [basehttp.py:161] [basehttp:log_message] [INFO]- "GET /users/username/%E7%BA%B7%E7%BA%B7%E4%B8%BA/count/ HTTP/1.1" 200 41
[2022-03-06 15:35:15,257] [basehttp.py:161] [basehttp:log_message] [INFO]- "GET /users/mobile/18778454545/count HTTP/1.1" 301 0
[2022-03-06 15:35:15,300] [basehttp.py:161] [basehttp:log_message] [INFO]- "GET /users/mobile/18778454545/count/ HTTP/1.1" 200 99
[2022-03-06 15:35:39,236] [basehttp.py:161] [basehttp:log_message] [INFO]- "GET /users/username/%E7%BA%B7%E7%BA%B7%E4%B8%BA/count/ HTTP/1.1" 200 41
[2022-03-06 15:35:39,240] [basehttp.py:161] [basehttp:log_message] [INFO]- "GET /users/mobile/18778454545/count/ HTTP/1.1" 200 99
[2022-03-06 15:35:40,366] [basehttp.py:161] [basehttp:log_message] [INFO]- "GET /users/username/%E7%BA%B7%E7%BA%B7%E4%B8%BA/count/ HTTP/1.1" 200 41
[2022-03-06 15:35:40,370] [basehttp.py:161] [basehttp:log_message] [INFO]- "GET /users/mobile/18778454545/count/ HTTP/1.1" 200 99
[2022-03-06 15:35:40,888] [basehttp.py:161] [basehttp:log_message] [INFO]- "GET /users/username/%E7%BA%B7%E7%BA%B7%E4%B8%BA/count/ HTTP/1.1" 200 41
[2022-03-06 15:35:40,908] [basehttp.py:161] [basehttp:log_message] [INFO]- "GET /users/mobile/18778454545/count/ HTTP/1.1" 200 99
[2022-03-06 15:35:41,422] [basehttp.py:161] [basehttp:log_message] [INFO]- "GET /users/username/%E7%BA%B7%E7%BA%B7%E4%B8%BA/count/ HTTP/1.1" 200 41
[2022-03-06 15:35:41,435] [basehttp.py:161] [basehttp:log_message] [INFO]- "GET /users/mobile/18778454545/count/ HTTP/1.1" 200 99
[2022-03-06 15:35:41,831] [basehttp.py:161] [basehttp:log_message] [INFO]- "GET /users/username/%E7%BA%B7%E7%BA%B7%E4%B8%BA/count/ HTTP/1.1" 200 41
[2022-03-06 15:35:41,842] [basehttp.py:161] [basehttp:log_message] [INFO]- "GET /users/mobile/18778454545/count/ HTTP/1.1" 200 99
[2022-03-06 15:35:42,257] [basehttp.py:75] [basehttp:handle_error] [INFO]- - Broken pipe from ('127.0.0.1', 60778)

[2022-03-06 15:35:43,380] [basehttp.py:75] [basehttp:handle_error] [INFO]- - Broken pipe from ('127.0.0.1', 60779)

[2022-03-06 15:35:43,907] [basehttp.py:75] [basehttp:handle_error] [INFO]- - Broken pipe from ('127.0.0.1', 61205)

[2022-03-06 15:35:44,441] [basehttp.py:75] [basehttp:handle_error] [INFO]- - Broken pipe from ('127.0.0.1', 61211)

[2022-03-06 15:35:44,848] [basehttp.py:161] [basehttp:log_message] [INFO]- "POST /users/register/ HTTP/1.1" 200 21444
[2022-03-06 15:35:44,922] [basehttp.py:161] [basehttp:log_message] [INFO]- "GET /static/css/register.css HTTP/1.1" 200 6263
[2022-03-06 15:35:44,922] [basehttp.py:161] [basehttp:log_message] [INFO]- "GET /static/css/login.css HTTP/1.1" 200 3263
[2022-03-06 15:35:44,923] [basehttp.py:161] [basehttp:log_message] [INFO]- "GET /static/css/gloab.css HTTP/1.1" 200 16102
[2022-03-06 15:35:44,927] [basehttp.py:161] [basehttp:log_message] [INFO]- "GET /static/css/bootstrap.min.css HTTP/1.1" 200 150007
[2022-03-06 15:35:44,972] [basehttp.py:161] [basehttp:log_message] [INFO]- "GET /static/js/login/gVerify.js HTTP/1.1" 200 4451
[2022-03-06 15:35:44,973] [basehttp.py:161] [basehttp:log_message] [INFO]- "GET /static/js/axios.min.js HTTP/1.1" 200 30347
[2022-03-06 15:35:44,976] [basehttp.py:161] [basehttp:log_message] [INFO]- "GET /static/js/bootstrap.min.js HTTP/1.1" 200 54488
[2022-03-06 15:35:44,977] [basehttp.py:161] [basehttp:log_message] [INFO]- "GET /static/js/login/layer-v3.5.1/layer.js HTTP/1.1" 200 36155
[2022-03-06 15:35:44,984] [basehttp.py:161] [basehttp:log_message] [INFO]- "GET /static/js/jquery.min.js HTTP/1.1" 200 154528
[2022-03-06 15:35:44,985] [basehttp.py:161] [basehttp:log_message] [INFO]- "GET /static/js/registervue.js HTTP/1.1" 200 3057
[2022-03-06 15:35:44,986] [basehttp.py:161] [basehttp:log_message] [INFO]- "GET /static/js/register.js HTTP/1.1" 200 10963
[2022-03-06 15:35:44,989] [basehttp.py:161] [basehttp:log_message] [INFO]- "GET /static/js/vue.min.js HTTP/1.1" 200 167259
[2022-03-06 15:35:44,991] [basehttp.py:161] [basehttp:log_message] [INFO]- "GET /static/img/aijai-error-1.png HTTP/1.1" 200 134043
[2022-03-06 15:35:45,020] [basehttp.py:161] [basehttp:log_message] [INFO]- "GET /static/js/login/layer-v3.5.1/theme/default/layer.css?v=3.5.1 HTTP/1.1" 200 19567
[2022-03-06 15:35:45,049] [basehttp.py:161] [basehttp:log_message] [INFO]- "GET /static/img/register/showPwd.png HTTP/1.1" 200 416
[2022-03-06 15:35:45,145] [basehttp.py:161] [basehttp:log_message] [INFO]- "GET /static/fonts/%E6%80%9D%E6%BA%90%E5%AE%8B%E4%BD%93.ttf HTTP/1.1" 200 11772444
[2022-03-06 15:35:45,318] [basehttp.py:161] [basehttp:log_message] [INFO]- "GET /static/favicon.ico HTTP/1.1" 200 4286
[2022-03-06 15:39:47,480] [basehttp.py:161] [basehttp:log_message] [INFO]- "POST /users/register/ HTTP/1.1" 200 21422
[2022-03-06 15:39:47,521] [basehttp.py:161] [basehttp:log_message] [INFO]- "GET /static/css/register.css HTTP/1.1" 200 6263
[2022-03-06 15:39:47,521] [basehttp.py:161] [basehttp:log_message] [INFO]- "GET /static/css/gloab.css HTTP/1.1" 200 16102
[2022-03-06 15:39:47,522] [basehttp.py:161] [basehttp:log_message] [INFO]- "GET /static/css/login.css HTTP/1.1" 200 3263
[2022-03-06 15:39:47,525] [basehttp.py:161] [basehttp:log_message] [INFO]- "GET /static/css/bootstrap.min.css HTTP/1.1" 200 150007
[2022-03-06 15:39:47,547] [basehttp.py:161] [basehttp:log_message] [INFO]- "GET /static/js/login/gVerify.js HTTP/1.1" 200 4451
[2022-03-06 15:39:47,547] [basehttp.py:161] [basehttp:log_message] [INFO]- "GET /static/js/axios.min.js HTTP/1.1" 200 30347
[2022-03-06 15:39:47,548] [basehttp.py:161] [basehttp:log_message] [INFO]- "GET /static/js/login/layer-v3.5.1/layer.js HTTP/1.1" 200 36155
[2022-03-06 15:39:47,551] [basehttp.py:161] [basehttp:log_message] [INFO]- "GET /static/js/bootstrap.min.js HTTP/1.1" 200 54488
[2022-03-06 15:39:47,554] [basehttp.py:161] [basehttp:log_message] [INFO]- "GET /static/js/jquery.min.js HTTP/1.1" 200 154528
[2022-03-06 15:39:47,556] [basehttp.py:161] [basehttp:log_message] [INFO]- "GET /static/js/vue.min.js HTTP/1.1" 200 167259
[2022-03-06 15:39:47,566] [basehttp.py:161] [basehttp:log_message] [INFO]- "GET /static/js/registervue.js HTTP/1.1" 200 3057
[2022-03-06 15:39:47,566] [basehttp.py:161] [basehttp:log_message] [INFO]- "GET /static/js/register.js HTTP/1.1" 200 10963
[2022-03-06 15:39:47,569] [basehttp.py:161] [basehttp:log_message] [INFO]- "GET /static/img/aijai-error-1.png HTTP/1.1" 200 134043
[2022-03-06 15:39:47,588] [basehttp.py:161] [basehttp:log_message] [INFO]- "GET /static/js/login/layer-v3.5.1/theme/default/layer.css?v=3.5.1 HTTP/1.1" 200 19567
[2022-03-06 15:39:47,607] [basehttp.py:161] [basehttp:log_message] [INFO]- "GET /static/img/register/showPwd.png HTTP/1.1" 200 416
[2022-03-06 15:39:47,700] [basehttp.py:161] [basehttp:log_message] [INFO]- "GET /static/fonts/%E6%80%9D%E6%BA%90%E5%AE%8B%E4%BD%93.ttf HTTP/1.1" 200 11772444
[2022-03-06 15:39:47,891] [basehttp.py:161] [basehttp:log_message] [INFO]- "GET /static/favicon.ico HTTP/1.1" 200 4286
[2022-03-06 15:40:05,761] [basehttp.py:161] [basehttp:log_message] [INFO]- "GET /users/username/%E9%BB%84%E6%81%92%E5%8B%876/count HTTP/1.1" 301 0
[2022-03-06 15:40:05,764] [basehttp.py:161] [basehttp:log_message] [INFO]- "GET /static/fonts/fonts/icomoon.woff?rretjt HTTP/1.1" 200 1452
[2022-03-06 15:40:05,778] [basehttp.py:161] [basehttp:log_message] [INFO]- "GET /static/fonts/icomoon.ttf?7kkyc2 HTTP/1.1" 200 13336
[2022-03-06 15:40:05,779] [basehttp.py:161] [basehttp:log_message] [INFO]- "GET /users/username/%E9%BB%84%E6%81%92%E5%8B%876/count/ HTTP/1.1" 200 41
[2022-03-06 15:40:15,061] [basehttp.py:161] [basehttp:log_message] [INFO]- "GET /users/mobile/18778787877/count HTTP/1.1" 301 0
[2022-03-06 15:40:15,080] [basehttp.py:161] [basehttp:log_message] [INFO]- "GET /users/mobile/18778787877/count/ HTTP/1.1" 200 99
[2022-03-06 15:42:33,766] [basehttp.py:161] [basehttp:log_message] [INFO]- "POST /users/register/ HTTP/1.1" 200 21422
[2022-03-06 15:42:33,957] [basehttp.py:161] [basehttp:log_message] [WARNING]- "GET /static/fonts/%C3%A6%E2%82%AC%C2%9D%C3%A6%C2%BA%C2%90%C3%A5%C2%AE%E2%80%B9%C3%A4%C2%BD%E2%80%9C.ttf HTTP/1.1" 404 1924
[2022-03-06 15:44:25,461] [autoreload.py:637] [autoreload:run_with_reloader] [INFO]- Watching for file changes with StatReloader
[2022-03-06 15:44:28,194] [log.py:230] [log:log_response] [WARNING]- Not Found: /
[2022-03-06 15:44:28,196] [basehttp.py:161] [basehttp:log_message] [WARNING]- "GET / HTTP/1.1" 404 2334
[2022-03-06 15:44:28,369] [log.py:230] [log:log_response] [WARNING]- Not Found: /favicon.ico
[2022-03-06 15:44:28,370] [basehttp.py:161] [basehttp:log_message] [WARNING]- "GET /favicon.ico HTTP/1.1" 404 2385
[2022-03-06 15:44:34,363] [basehttp.py:161] [basehttp:log_message] [INFO]- "GET /users/register/ HTTP/1.1" 200 21422
[2022-03-06 15:50:39,511] [basehttp.py:161] [basehttp:log_message] [INFO]- "GET /users/register/ HTTP/1.1" 200 21422
[2022-03-06 15:50:39,656] [basehttp.py:161] [basehttp:log_message] [WARNING]- "GET /static/fonts/%C3%A6%E2%82%AC%C2%9D%C3%A6%C2%BA%C2%90%C3%A5%C2%AE%E2%80%B9%C3%A4%C2%BD%E2%80%9C.ttf HTTP/1.1" 404 1924
[2022-03-06 15:51:10,170] [basehttp.py:161] [basehttp:log_message] [INFO]- "GET /users/register/ HTTP/1.1" 200 21337
[2022-03-06 15:52:49,860] [basehttp.py:161] [basehttp:log_message] [INFO]- "GET /users/register/ HTTP/1.1" 200 21337
[2022-03-06 15:52:50,748] [basehttp.py:161] [basehttp:log_message] [INFO]- "GET /users/register/ HTTP/1.1" 200 21337
[2022-03-06 15:53:33,032] [basehttp.py:161] [basehttp:log_message] [INFO]- "GET /users/register/ HTTP/1.1" 200 21337
[2022-03-06 15:55:03,075] [basehttp.py:161] [basehttp:log_message] [INFO]- "GET /users/register/ HTTP/1.1" 200 21261
[2022-03-06 15:55:03,114] [log.py:230] [log:log_response] [WARNING]- Not Found: /users/register/img/register/yzm1.jpg
[2022-03-06 15:55:03,115] [basehttp.py:161] [basehttp:log_message] [WARNING]- "GET /users/register/img/register/yzm1.jpg HTTP/1.1" 404 3393
[2022-03-06 15:55:03,197] [log.py:230] [log:log_response] [WARNING]- Not Found: /users/register/img/register/yzm1.jpg
[2022-03-06 15:55:03,198] [basehttp.py:161] [basehttp:log_message] [WARNING]- "GET /users/register/img/register/yzm1.jpg HTTP/1.1" 404 3393
[2022-03-06 15:57:20,805] [basehttp.py:161] [basehttp:log_message] [INFO]- "GET /users/register/ HTTP/1.1" 200 21316
[2022-03-06 15:57:20,850] [basehttp.py:161] [basehttp:log_message] [INFO]- "GET /static/img/register/yzm1.jpg HTTP/1.1" 200 2399
[2022-03-06 15:57:21,534] [basehttp.py:161] [basehttp:log_message] [INFO]- "GET /users/register/ HTTP/1.1" 200 21316
[2022-03-06 15:57:22,103] [basehttp.py:161] [basehttp:log_message] [INFO]- "GET /users/register/ HTTP/1.1" 200 21316
[2022-03-06 15:57:22,797] [basehttp.py:161] [basehttp:log_message] [INFO]- "GET /users/register/ HTTP/1.1" 200 21316
[2022-03-06 16:00:00,652] [basehttp.py:161] [basehttp:log_message] [INFO]- "GET /users/register/ HTTP/1.1" 200 21341
[2022-03-06 16:00:03,502] [basehttp.py:161] [basehttp:log_message] [INFO]- "GET /users/register/ HTTP/1.1" 200 21341
[2022-03-06 16:00:43,217] [basehttp.py:161] [basehttp:log_message] [INFO]- "GET /users/register/ HTTP/1.1" 200 21369
[2022-03-06 16:00:44,789] [basehttp.py:161] [basehttp:log_message] [INFO]- "GET /users/register/ HTTP/1.1" 200 21369
[2022-03-06 16:01:34,313] [basehttp.py:161] [basehttp:log_message] [INFO]- "GET /users/register/ HTTP/1.1" 200 21341
[2022-03-06 16:01:36,368] [basehttp.py:161] [basehttp:log_message] [INFO]- "GET /users/register/ HTTP/1.1" 200 21341
[2022-03-06 16:02:43,375] [basehttp.py:161] [basehttp:log_message] [INFO]- "GET /users/register/ HTTP/1.1" 200 21337
[2022-03-06 16:04:43,881] [basehttp.py:161] [basehttp:log_message] [INFO]- "GET /users/register/ HTTP/1.1" 200 21359
[2022-03-06 16:05:33,226] [basehttp.py:161] [basehttp:log_message] [INFO]- "GET /users/register/ HTTP/1.1" 200 21332
[2022-03-06 16:08:05,508] [basehttp.py:161] [basehttp:log_message] [INFO]- "GET /users/register/ HTTP/1.1" 200 19750
[2022-03-06 16:08:09,451] [basehttp.py:161] [basehttp:log_message] [INFO]- "GET /users/register/ HTTP/1.1" 200 19750
[2022-03-06 16:08:10,134] [basehttp.py:161] [basehttp:log_message] [INFO]- "GET /users/register/ HTTP/1.1" 200 19750
[2022-03-06 16:08:10,872] [basehttp.py:161] [basehttp:log_message] [INFO]- "GET /users/register/ HTTP/1.1" 200 19750
[2022-03-06 16:09:59,597] [basehttp.py:161] [basehttp:log_message] [INFO]- "GET /users/register/ HTTP/1.1" 200 19771
[2022-03-06 16:10:00,820] [basehttp.py:161] [basehttp:log_message] [INFO]- "GET /users/register/ HTTP/1.1" 200 19771
[2022-03-06 16:10:01,500] [basehttp.py:161] [basehttp:log_message] [INFO]- "GET /users/register/ HTTP/1.1" 200 19771
[2022-03-06 16:10:26,010] [basehttp.py:161] [basehttp:log_message] [INFO]- "GET /users/register/ HTTP/1.1" 200 19771
[2022-03-06 16:10:28,624] [basehttp.py:161] [basehttp:log_message] [INFO]- "GET /users/register/ HTTP/1.1" 200 19771
[2022-03-06 16:10:58,762] [basehttp.py:161] [basehttp:log_message] [INFO]- "GET /users/register/ HTTP/1.1" 200 19792
[2022-03-06 16:11:00,939] [basehttp.py:161] [basehttp:log_message] [INFO]- "GET /users/register/ HTTP/1.1" 200 19792
[2022-03-06 16:14:20,849] [basehttp.py:161] [basehttp:log_message] [INFO]- "GET /users/register/ HTTP/1.1" 200 19799
[2022-03-06 16:15:49,999] [basehttp.py:161] [basehttp:log_message] [INFO]- "GET /users/register/ HTTP/1.1" 200 19820
[2022-03-06 16:16:52,486] [basehttp.py:161] [basehttp:log_message] [INFO]- "GET /users/register/ HTTP/1.1" 200 19839
[2022-03-06 16:18:27,647] [basehttp.py:161] [basehttp:log_message] [INFO]- "GET /users/register/ HTTP/1.1" 200 19839
[2022-03-06 16:19:08,904] [basehttp.py:161] [basehttp:log_message] [INFO]- "GET /users/register/ HTTP/1.1" 200 19818
[2022-03-06 16:19:36,130] [basehttp.py:161] [basehttp:log_message] [INFO]- "GET /users/register/ HTTP/1.1" 200 19830
[2022-03-06 16:19:50,852] [basehttp.py:161] [basehttp:log_message] [INFO]- "GET /users/register/ HTTP/1.1" 200 19837
[2022-03-06 16:19:51,742] [basehttp.py:161] [basehttp:log_message] [INFO]- "GET /users/register/ HTTP/1.1" 200 19837
[2022-03-06 16:20:06,216] [basehttp.py:161] [basehttp:log_message] [INFO]- "GET /users/register/ HTTP/1.1" 200 19836
[2022-03-06 16:20:34,218] [basehttp.py:161] [basehttp:log_message] [INFO]- "GET /users/register/ HTTP/1.1" 200 19818
[2022-03-06 16:21:07,698] [basehttp.py:161] [basehttp:log_message] [INFO]- "GET /users/register/ HTTP/1.1" 200 19839
[2022-03-06 16:21:33,880] [basehttp.py:161] [basehttp:log_message] [INFO]- "GET /users/register/ HTTP/1.1" 200 19848
[2022-03-06 16:21:48,147] [basehttp.py:161] [basehttp:log_message] [INFO]- "GET /users/register/ HTTP/1.1" 200 19848
[2022-03-06 16:22:08,962] [basehttp.py:161] [basehttp:log_message] [INFO]- "GET /users/register/ HTTP/1.1" 200 19867
[2022-03-06 16:30:19,621] [basehttp.py:161] [basehttp:log_message] [INFO]- "GET /users/register/ HTTP/1.1" 200 19900
[2022-03-06 16:31:10,115] [basehttp.py:161] [basehttp:log_message] [INFO]- "GET /users/register/ HTTP/1.1" 200 19909
[2022-03-06 16:33:29,800] [basehttp.py:161] [basehttp:log_message] [INFO]- "GET /users/register/ HTTP/1.1" 200 19909
[2022-03-06 16:35:36,659] [basehttp.py:161] [basehttp:log_message] [INFO]- "GET /users/register/ HTTP/1.1" 200 19909
[2022-03-06 16:36:35,802] [basehttp.py:161] [basehttp:log_message] [INFO]- "GET /users/register/ HTTP/1.1" 200 19750
[2022-03-06 16:38:11,703] [basehttp.py:161] [basehttp:log_message] [INFO]- "GET /users/register/ HTTP/1.1" 200 19778
[2022-03-06 16:39:22,576] [basehttp.py:161] [basehttp:log_message] [INFO]- "GET /users/register/ HTTP/1.1" 200 19808
[2022-03-06 16:39:22,796] [basehttp.py:161] [basehttp:log_message] [WARNING]- "GET /static/fonts/%C3%A6%E2%82%AC%C2%9D%C3%A6%C2%BA%C2%90%C3%A5%C2%AE%E2%80%B9%C3%A4%C2%BD%E2%80%9C.ttf HTTP/1.1" 404 1924
[2022-03-06 16:40:13,991] [basehttp.py:161] [basehttp:log_message] [INFO]- "GET /users/register/ HTTP/1.1" 200 19837
[2022-03-06 16:41:46,535] [basehttp.py:161] [basehttp:log_message] [INFO]- "GET /users/register/ HTTP/1.1" 200 19952
[2022-03-06 16:41:48,049] [basehttp.py:161] [basehttp:log_message] [INFO]- "GET /users/register/ HTTP/1.1" 200 19952
[2022-03-06 16:44:03,858] [basehttp.py:161] [basehttp:log_message] [INFO]- "GET /users/register/ HTTP/1.1" 200 20689
[2022-03-06 16:46:48,346] [basehttp.py:161] [basehttp:log_message] [INFO]- "GET /users/register/ HTTP/1.1" 200 20745
[2022-03-06 16:46:59,125] [basehttp.py:161] [basehttp:log_message] [INFO]- "GET /users/register/ HTTP/1.1" 200 20745
[2022-03-06 16:46:59,966] [basehttp.py:161] [basehttp:log_message] [INFO]- "GET /users/register/ HTTP/1.1" 200 20745
[2022-03-06 16:47:35,164] [basehttp.py:161] [basehttp:log_message] [INFO]- "GET /users/register/ HTTP/1.1" 200 20689
[2022-03-06 16:47:58,738] [basehttp.py:161] [basehttp:log_message] [INFO]- "GET /users/register/ HTTP/1.1" 200 20745
[2022-03-06 16:48:20,198] [basehttp.py:161] [basehttp:log_message] [INFO]- "GET /users/register/ HTTP/1.1" 200 20745
[2022-03-06 16:48:41,908] [basehttp.py:161] [basehttp:log_message] [INFO]- "GET /users/register/ HTTP/1.1" 200 20745
[2022-03-06 16:49:03,519] [basehttp.py:161] [basehttp:log_message] [INFO]- "GET /users/register/ HTTP/1.1" 200 20745
[2022-03-06 16:52:01,719] [basehttp.py:161] [basehttp:log_message] [INFO]- "GET /users/register/ HTTP/1.1" 200 20800
[2022-03-06 16:53:56,502] [basehttp.py:161] [basehttp:log_message] [INFO]- "GET /users/register/ HTTP/1.1" 200 20800
[2022-03-06 16:53:57,361] [basehttp.py:161] [basehttp:log_message] [INFO]- "GET /users/register/ HTTP/1.1" 200 20800
[2022-03-06 16:53:57,928] [basehttp.py:161] [basehttp:log_message] [INFO]- "GET /users/register/ HTTP/1.1" 200 20800
[2022-03-06 16:53:58,500] [basehttp.py:161] [basehttp:log_message] [INFO]- "GET /users/register/ HTTP/1.1" 200 20800
[2022-03-06 16:53:59,318] [basehttp.py:161] [basehttp:log_message] [INFO]- "GET /users/register/ HTTP/1.1" 200 20800
[2022-03-06 16:54:00,276] [basehttp.py:161] [basehttp:log_message] [INFO]- "GET /users/register/ HTTP/1.1" 200 20800
[2022-03-06 16:54:01,010] [basehttp.py:161] [basehttp:log_message] [INFO]- "GET /users/register/ HTTP/1.1" 200 20800
[2022-03-06 16:58:20,732] [basehttp.py:161] [basehttp:log_message] [INFO]- "GET /users/register/ HTTP/1.1" 200 20807
[2022-03-06 17:00:38,234] [basehttp.py:161] [basehttp:log_message] [INFO]- "GET /users/register/ HTTP/1.1" 200 20865
[2022-03-06 17:01:20,244] [basehttp.py:161] [basehttp:log_message] [INFO]- "GET /users/register/ HTTP/1.1" 200 20866
[2022-03-06 17:02:34,702] [basehttp.py:161] [basehttp:log_message] [INFO]- "GET /users/register/ HTTP/1.1" 200 20825
[2022-03-06 17:02:37,558] [basehttp.py:161] [basehttp:log_message] [INFO]- "GET /static/js/login/layer-v3.5.1/theme/default/icon.png HTTP/1.1" 200 11493
[2022-03-06 17:02:40,618] [basehttp.py:161] [basehttp:log_message] [INFO]- "POST /users/register/ HTTP/1.1" 200 20825
[2022-03-06 17:02:44,485] [basehttp.py:161] [basehttp:log_message] [INFO]- "POST /users/register/ HTTP/1.1" 200 20825
[2022-03-06 17:02:50,923] [basehttp.py:161] [basehttp:log_message] [INFO]- "POST /users/register/ HTTP/1.1" 200 20825
[2022-03-06 17:03:10,821] [basehttp.py:161] [basehttp:log_message] [INFO]- "POST /users/register/ HTTP/1.1" 200 20825
[2022-03-06 17:04:38,159] [basehttp.py:161] [basehttp:log_message] [INFO]- "POST /users/register/ HTTP/1.1" 200 20704
[2022-03-06 17:04:44,982] [basehttp.py:161] [basehttp:log_message] [INFO]- "GET /users/register/ HTTP/1.1" 200 20704
[2022-03-06 17:04:51,279] [basehttp.py:161] [basehttp:log_message] [INFO]- "POST /users/register/ HTTP/1.1" 200 20704
[2022-03-06 17:05:41,400] [basehttp.py:161] [basehttp:log_message] [INFO]- "GET /users/register HTTP/1.1" 301 0
[2022-03-06 17:05:41,412] [basehttp.py:161] [basehttp:log_message] [INFO]- "GET /users/register/ HTTP/1.1" 200 20711
[2022-03-06 17:06:00,307] [basehttp.py:161] [basehttp:log_message] [INFO]- "GET /users/register/ HTTP/1.1" 200 20619
[2022-03-06 17:06:15,550] [basehttp.py:161] [basehttp:log_message] [INFO]- "GET /users/register/ HTTP/1.1" 200 20619
[2022-03-06 17:08:44,637] [basehttp.py:161] [basehttp:log_message] [INFO]- "GET /users/register/ HTTP/1.1" 200 20620
[2022-03-06 17:08:54,043] [basehttp.py:75] [basehttp:handle_error] [INFO]- - Broken pipe from ('127.0.0.1', 55396)

[2022-03-06 17:08:55,301] [basehttp.py:75] [basehttp:handle_error] [INFO]- - Broken pipe from ('127.0.0.1', 51133)

[2022-03-06 17:08:56,227] [basehttp.py:75] [basehttp:handle_error] [INFO]- - Broken pipe from ('127.0.0.1', 51141)

[2022-03-06 17:08:57,016] [basehttp.py:161] [basehttp:log_message] [INFO]- "POST /users/register/ HTTP/1.1" 200 20620
[2022-03-06 17:09:04,643] [basehttp.py:161] [basehttp:log_message] [INFO]- "POST /users/register/ HTTP/1.1" 200 20620
[2022-03-06 17:11:26,552] [basehttp.py:161] [basehttp:log_message] [INFO]- "POST /users/register/ HTTP/1.1" 200 20649
[2022-03-06 17:11:27,024] [basehttp.py:161] [basehttp:log_message] [INFO]- "GET /static/js/login/layer-v3.5.1/theme/default/layer.css?v=3.5.1 HTTP/1.1" 304 0
[2022-03-06 17:12:48,561] [basehttp.py:161] [basehttp:log_message] [INFO]- "GET /users/register/ HTTP/1.1" 200 20615
[2022-03-06 17:13:39,432] [basehttp.py:161] [basehttp:log_message] [INFO]- "GET /users/register/ HTTP/1.1" 200 20664
[2022-03-06 17:15:08,081] [basehttp.py:161] [basehttp:log_message] [INFO]- "GET /users/register/ HTTP/1.1" 200 21048
[2022-03-06 17:17:52,266] [basehttp.py:161] [basehttp:log_message] [INFO]- "GET /users/register/ HTTP/1.1" 200 20659
[2022-03-06 17:26:07,069] [basehttp.py:161] [basehttp:log_message] [INFO]- "GET /users/register/ HTTP/1.1" 200 20764
[2022-03-06 17:26:07,098] [basehttp.py:161] [basehttp:log_message] [INFO]- "GET /static/css/register.css HTTP/1.1" 304 0
[2022-03-06 17:26:17,024] [basehttp.py:161] [basehttp:log_message] [INFO]- "GET /users/username/a%E5%95%8A%E5%95%8A%E5%95%8A/count HTTP/1.1" 301 0
[2022-03-06 17:26:17,092] [basehttp.py:161] [basehttp:log_message] [INFO]- "GET /users/username/a%E5%95%8A%E5%95%8A%E5%95%8A/count/ HTTP/1.1" 200 41
[2022-03-06 17:26:22,738] [basehttp.py:161] [basehttp:log_message] [INFO]- "GET /users/mobile/18766546345/count HTTP/1.1" 301 0
[2022-03-06 17:26:22,776] [basehttp.py:161] [basehttp:log_message] [INFO]- "GET /users/mobile/18766546345/count/ HTTP/1.1" 200 99
[2022-03-06 17:28:13,855] [basehttp.py:161] [basehttp:log_message] [INFO]- "GET /users/register/ HTTP/1.1" 200 20771
[2022-03-06 17:28:33,192] [basehttp.py:161] [basehttp:log_message] [INFO]- "GET /users/register/ HTTP/1.1" 200 20771
[2022-03-06 17:28:56,332] [basehttp.py:161] [basehttp:log_message] [INFO]- "GET /users/register/ HTTP/1.1" 200 20771
[2022-03-06 17:29:27,704] [basehttp.py:161] [basehttp:log_message] [INFO]- "GET /users/register/ HTTP/1.1" 200 20780
[2022-03-06 17:29:37,564] [basehttp.py:161] [basehttp:log_message] [INFO]- "GET /users/register/ HTTP/1.1" 200 20780
[2022-03-06 17:30:19,413] [basehttp.py:161] [basehttp:log_message] [INFO]- "GET /users/register/ HTTP/1.1" 200 20780
[2022-03-06 17:35:35,247] [basehttp.py:161] [basehttp:log_message] [INFO]- "GET /users/register/ HTTP/1.1" 200 20878
[2022-03-06 17:36:25,375] [basehttp.py:161] [basehttp:log_message] [INFO]- "GET /users/register/ HTTP/1.1" 200 20747
[2022-03-06 17:37:34,023] [basehttp.py:161] [basehttp:log_message] [INFO]- "GET /users/register/ HTTP/1.1" 200 20754
[2022-03-06 17:38:10,872] [basehttp.py:161] [basehttp:log_message] [INFO]- "GET /users/username/%E4%BD%A0%E5%A5%BD1/count HTTP/1.1" 301 0
[2022-03-06 17:38:10,933] [basehttp.py:161] [basehttp:log_message] [INFO]- "GET /users/username/%E4%BD%A0%E5%A5%BD1/count/ HTTP/1.1" 200 41
[2022-03-06 17:38:17,120] [basehttp.py:161] [basehttp:log_message] [INFO]- "GET /users/mobile/18775645643/count HTTP/1.1" 301 0
[2022-03-06 17:38:17,168] [basehttp.py:161] [basehttp:log_message] [INFO]- "GET /users/mobile/18775645643/count/ HTTP/1.1" 200 99
[2022-03-06 17:39:42,524] [basehttp.py:161] [basehttp:log_message] [INFO]- "GET /users/register/ HTTP/1.1" 200 20750
[2022-03-06 17:39:47,515] [basehttp.py:161] [basehttp:log_message] [INFO]- "GET /users/username/qqq11/count HTTP/1.1" 301 0
[2022-03-06 17:39:47,549] [basehttp.py:161] [basehttp:log_message] [INFO]- "GET /users/username/qqq11/count/ HTTP/1.1" 200 41
[2022-03-06 17:39:55,606] [basehttp.py:161] [basehttp:log_message] [INFO]- "GET /users/mobile/18778233065/count HTTP/1.1" 301 0
[2022-03-06 17:39:55,636] [basehttp.py:161] [basehttp:log_message] [INFO]- "GET /users/mobile/18778233065/count/ HTTP/1.1" 200 99
[2022-03-06 17:39:58,931] [basehttp.py:161] [basehttp:log_message] [INFO]- "GET /users/mobile/18778233066/count HTTP/1.1" 301 0
[2022-03-06 17:39:58,965] [basehttp.py:161] [basehttp:log_message] [INFO]- "GET /users/mobile/18778233066/count/ HTTP/1.1" 200 99
[2022-03-06 17:40:29,502] [basehttp.py:161] [basehttp:log_message] [INFO]- "GET /users/username/qqq11/count/ HTTP/1.1" 200 41
[2022-03-06 17:40:29,517] [basehttp.py:161] [basehttp:log_message] [INFO]- "GET /users/mobile/18778233066/count/ HTTP/1.1" 200 99
[2022-03-06 17:40:33,959] [basehttp.py:161] [basehttp:log_message] [INFO]- "POST /users/register/ HTTP/1.1" 302 0
[2022-03-06 17:40:33,979] [basehttp.py:161] [basehttp:log_message] [INFO]- "GET /users/login/ HTTP/1.1" 200 3974
[2022-03-06 17:40:34,013] [basehttp.py:161] [basehttp:log_message] [INFO]- "GET /static/img/logo.png HTTP/1.1" 200 4832
[2022-03-06 17:40:34,062] [basehttp.py:161] [basehttp:log_message] [INFO]- "GET /static/img/login/suo.png HTTP/1.1" 200 1278
[2022-03-06 17:40:34,062] [basehttp.py:161] [basehttp:log_message] [INFO]- "GET /static/img/login/hy.png HTTP/1.1" 200 1582
[2022-03-06 17:40:34,077] [basehttp.py:161] [basehttp:log_message] [INFO]- "GET /static/img/login/bg2.jpg HTTP/1.1" 200 26904
[2022-03-06 17:40:34,078] [basehttp.py:161] [basehttp:log_message] [INFO]- "GET /static/img/login/bg1.jpg HTTP/1.1" 200 40291
[2022-03-06 17:43:44,772] [autoreload.py:251] [autoreload:trigger_reload] [INFO]- D:\Django_aijia\my_aijia\my_aijia\apps\users\views.py changed, reloading.
[2022-03-06 17:43:45,857] [autoreload.py:637] [autoreload:run_with_reloader] [INFO]- Watching for file changes with StatReloader
[2022-03-06 17:43:52,615] [autoreload.py:251] [autoreload:trigger_reload] [INFO]- D:\Django_aijia\my_aijia\my_aijia\apps\users\models.py changed, reloading.
[2022-03-06 17:43:53,603] [autoreload.py:637] [autoreload:run_with_reloader] [INFO]- Watching for file changes with StatReloader
[2022-03-06 20:54:55,655] [autoreload.py:637] [autoreload:run_with_reloader] [INFO]- Watching for file changes with StatReloader
[2022-03-06 20:54:59,491] [log.py:230] [log:log_response] [WARNING]- Not Found: /
[2022-03-06 20:54:59,493] [basehttp.py:161] [basehttp:log_message] [WARNING]- "GET / HTTP/1.1" 404 2334
[2022-03-06 21:13:17,556] [log.py:230] [log:log_response] [WARNING]- Not Found: /
[2022-03-06 21:13:17,561] [basehttp.py:161] [basehttp:log_message] [WARNING]- "GET / HTTP/1.1" 404 2334
[2022-03-06 21:13:22,894] [basehttp.py:161] [basehttp:log_message] [INFO]- "GET /users/register/ HTTP/1.1" 200 20750
[2022-03-06 21:13:22,915] [basehttp.py:161] [basehttp:log_message] [INFO]- "GET /static/css/register.css HTTP/1.1" 304 0
[2022-03-06 21:13:22,926] [basehttp.py:161] [basehttp:log_message] [INFO]- "GET /static/js/register.js HTTP/1.1" 304 0
[2022-03-06 21:13:22,927] [basehttp.py:161] [basehttp:log_message] [INFO]- "GET /static/js/registervue.js HTTP/1.1" 200 2866
[2022-03-06 21:13:23,825] [basehttp.py:161] [basehttp:log_message] [INFO]- "GET /static/js/login/layer-v3.5.1/theme/default/layer.css?v=3.5.1 HTTP/1.1" 304 0
[2022-03-06 23:02:10,759] [autoreload.py:578] [autoreload:run_with_reloader] [INFO]- Watching for file changes with StatReloader
[2022-03-06 23:07:42,572] [autoreload.py:578] [autoreload:run_with_reloader] [INFO]- Watching for file changes with StatReloader
