[2022-03-05 22:01:57,083] [autoreload.py:637] [autoreload:run_with_reloader] [INFO]- Watching for file changes with StatReloader
[2022-03-05 22:01:59,333] [log.py:230] [log:log_response] [WARNING]- Not Found: /
[2022-03-05 22:01:59,337] [basehttp.py:161] [basehttp:log_message] [WARNING]- "GET / HTTP/1.1" 404 2334
[2022-03-05 22:01:59,520] [log.py:230] [log:log_response] [WARNING]- Not Found: /favicon.ico
[2022-03-05 22:01:59,521] [basehttp.py:161] [basehttp:log_message] [WARNING]- "GET /favicon.ico HTTP/1.1" 404 2385
[2022-03-05 22:02:05,334] [basehttp.py:161] [basehttp:log_message] [INFO]- "GET /users/register/ HTTP/1.1" 200 21920
[2022-03-05 22:02:11,327] [basehttp.py:161] [basehttp:log_message] [INFO]- "GET /users/register/ HTTP/1.1" 200 21920
[2022-03-05 22:02:11,355] [basehttp.py:161] [basehttp:log_message] [INFO]- "GET /static/css/register.css HTTP/1.1" 200 6263
[2022-03-05 22:02:11,355] [basehttp.py:161] [basehttp:log_message] [INFO]- "GET /static/css/gloab.css HTTP/1.1" 200 16102
[2022-03-05 22:02:11,357] [basehttp.py:161] [basehttp:log_message] [INFO]- "GET /static/css/bootstrap.min.css HTTP/1.1" 200 150007
[2022-03-05 22:02:11,406] [basehttp.py:161] [basehttp:log_message] [INFO]- "GET /static/js/register.js HTTP/1.1" 200 10963
[2022-03-05 22:02:11,407] [basehttp.py:161] [basehttp:log_message] [INFO]- "GET /static/js/axios.min.js HTTP/1.1" 200 30347
[2022-03-05 22:02:11,409] [basehttp.py:161] [basehttp:log_message] [INFO]- "GET /static/js/registervue.js HTTP/1.1" 200 3057
[2022-03-05 22:02:11,415] [basehttp.py:161] [basehttp:log_message] [INFO]- "GET /static/js/vue.min.js HTTP/1.1" 200 167259
[2022-03-05 22:02:11,415] [basehttp.py:161] [basehttp:log_message] [INFO]- "GET /static/img/register/yzm1.jpg HTTP/1.1" 200 2399
[2022-03-05 22:02:11,417] [basehttp.py:161] [basehttp:log_message] [INFO]- "GET /static/js/jquery.min.js HTTP/1.1" 200 154528
[2022-03-05 22:02:11,422] [basehttp.py:161] [basehttp:log_message] [INFO]- "GET /static/img/aijai-error-1.png HTTP/1.1" 200 134043
[2022-03-05 22:02:11,474] [basehttp.py:161] [basehttp:log_message] [INFO]- "GET /static/img/register/showPwd.png HTTP/1.1" 200 416
[2022-03-05 22:02:11,570] [basehttp.py:161] [basehttp:log_message] [INFO]- "GET /static/fonts/%E6%80%9D%E6%BA%90%E5%AE%8B%E4%BD%93.ttf HTTP/1.1" 200 11772444
[2022-03-05 22:02:11,776] [basehttp.py:161] [basehttp:log_message] [INFO]- "GET /static/favicon.ico HTTP/1.1" 200 4286
[2022-03-05 22:02:37,530] [basehttp.py:161] [basehttp:log_message] [INFO]- "GET /static/fonts/fonts/icomoon.woff?rretjt HTTP/1.1" 200 1452
[2022-03-05 22:02:37,567] [basehttp.py:161] [basehttp:log_message] [INFO]- "GET /static/fonts/icomoon.ttf?7kkyc2 HTTP/1.1" 200 13336
[2022-03-05 22:02:37,569] [basehttp.py:161] [basehttp:log_message] [INFO]- "GET /users/username/%E6%88%91%E8%A6%81%E5%B9%B2%E9%A5%AD/count/ HTTP/1.1" 200 41
[2022-03-05 22:02:38,604] [basehttp.py:161] [basehttp:log_message] [INFO]- "GET /users/mobile/18778233063/count/ HTTP/1.1" 200 41
[2022-03-05 22:02:42,913] [basehttp.py:161] [basehttp:log_message] [INFO]- "GET /users/mobile/18778233062/count HTTP/1.1" 301 0
[2022-03-05 22:02:42,934] [basehttp.py:161] [basehttp:log_message] [INFO]- "GET /users/mobile/18778233062/count/ HTTP/1.1" 200 41
[2022-03-05 22:02:45,495] [basehttp.py:161] [basehttp:log_message] [INFO]- "GET /users/mobile/18778233064/count HTTP/1.1" 301 0
[2022-03-05 22:02:45,520] [basehttp.py:161] [basehttp:log_message] [INFO]- "GET /users/mobile/18778233064/count/ HTTP/1.1" 200 41
[2022-03-05 22:03:24,045] [basehttp.py:161] [basehttp:log_message] [INFO]- "GET /users/username/%E6%88%91%E8%A6%81%E5%B9%B2%E9%A5%AD/count/ HTTP/1.1" 200 41
[2022-03-05 22:03:24,056] [basehttp.py:161] [basehttp:log_message] [INFO]- "GET /users/mobile/18778233064/count/ HTTP/1.1" 200 41
[2022-03-05 22:03:29,304] [basehttp.py:161] [basehttp:log_message] [INFO]- "POST /users/register/ HTTP/1.1" 200 21439
[2022-03-05 22:03:29,353] [basehttp.py:161] [basehttp:log_message] [INFO]- "GET /static/css/register.css HTTP/1.1" 304 0
[2022-03-05 22:05:46,536] [basehttp.py:161] [basehttp:log_message] [INFO]- "GET /users/username/%E6%88%91%E8%A6%81%E5%B9%B2%E9%A5%AD/count/ HTTP/1.1" 200 41
[2022-03-05 22:05:47,533] [basehttp.py:161] [basehttp:log_message] [INFO]- "GET /users/mobile/18778233063/count/ HTTP/1.1" 200 41
[2022-03-05 22:05:54,930] [basehttp.py:161] [basehttp:log_message] [INFO]- "GET /users/mobile/18778233065/count HTTP/1.1" 301 0
[2022-03-05 22:05:54,958] [basehttp.py:161] [basehttp:log_message] [INFO]- "GET /users/mobile/18778233065/count/ HTTP/1.1" 200 41
[2022-03-05 22:05:58,386] [basehttp.py:161] [basehttp:log_message] [INFO]- "GET /users/mobile/18778233065/count/ HTTP/1.1" 200 41
[2022-03-05 22:06:05,352] [basehttp.py:161] [basehttp:log_message] [INFO]- "GET /users/mobile/18778233121/count HTTP/1.1" 301 0
[2022-03-05 22:06:05,373] [basehttp.py:161] [basehttp:log_message] [INFO]- "GET /users/mobile/18778233121/count/ HTTP/1.1" 200 41
[2022-03-05 22:06:28,532] [basehttp.py:161] [basehttp:log_message] [INFO]- "GET /users/mobile/18778233121/count/ HTTP/1.1" 200 41
[2022-03-05 22:06:28,534] [basehttp.py:161] [basehttp:log_message] [INFO]- "GET /users/username/%E6%88%91%E8%A6%81%E5%B9%B2%E9%A5%AD/count/ HTTP/1.1" 200 41
[2022-03-05 22:06:32,800] [basehttp.py:161] [basehttp:log_message] [INFO]- "POST /users/register/ HTTP/1.1" 302 0
[2022-03-05 22:06:32,836] [basehttp.py:161] [basehttp:log_message] [INFO]- "GET /users/login/ HTTP/1.1" 200 3974
[2022-03-05 22:07:39,930] [autoreload.py:251] [autoreload:trigger_reload] [INFO]- D:\Django_aijia\my_aijia\my_aijia\apps\users\views.py changed, reloading.
[2022-03-05 22:07:41,001] [autoreload.py:637] [autoreload:run_with_reloader] [INFO]- Watching for file changes with StatReloader
[2022-03-05 22:07:41,774] [basehttp.py:161] [basehttp:log_message] [INFO]- "GET /users/login/ HTTP/1.1" 200 3974
[2022-03-05 22:07:50,885] [log.py:230] [log:log_response] [WARNING]- Forbidden (CSRF token missing or incorrect.): /users/register/
[2022-03-05 22:07:50,887] [basehttp.py:161] [basehttp:log_message] [WARNING]- "POST /users/register/ HTTP/1.1" 403 2514
[2022-03-05 22:07:51,055] [log.py:230] [log:log_response] [WARNING]- Not Found: /favicon.ico
[2022-03-05 22:07:51,057] [basehttp.py:161] [basehttp:log_message] [WARNING]- "GET /favicon.ico HTTP/1.1" 404 2385
[2022-03-05 22:07:53,565] [basehttp.py:161] [basehttp:log_message] [INFO]- "GET /users/register/ HTTP/1.1" 200 21920
[2022-03-05 22:07:53,588] [basehttp.py:161] [basehttp:log_message] [INFO]- "GET /static/css/register.css HTTP/1.1" 304 0
[2022-03-05 22:08:12,390] [basehttp.py:161] [basehttp:log_message] [INFO]- "GET /users/username/%E6%88%91%E4%B8%8D%E8%A6%81%E5%B9%B2%E9%A5%AD/count HTTP/1.1" 301 0
[2022-03-05 22:08:12,459] [basehttp.py:161] [basehttp:log_message] [INFO]- "GET /users/username/%E6%88%91%E4%B8%8D%E8%A6%81%E5%B9%B2%E9%A5%AD/count/ HTTP/1.1" 200 41
[2022-03-05 22:08:13,619] [basehttp.py:161] [basehttp:log_message] [INFO]- "GET /users/mobile/18776240784/count HTTP/1.1" 301 0
[2022-03-05 22:08:13,635] [basehttp.py:161] [basehttp:log_message] [INFO]- "GET /users/mobile/18776240784/count/ HTTP/1.1" 200 41
[2022-03-05 22:08:17,017] [basehttp.py:161] [basehttp:log_message] [INFO]- "GET /users/mobile/18776240755/count HTTP/1.1" 301 0
[2022-03-05 22:08:17,027] [basehttp.py:161] [basehttp:log_message] [INFO]- "GET /users/mobile/18776240755/count/ HTTP/1.1" 200 41
[2022-03-05 22:08:23,774] [basehttp.py:161] [basehttp:log_message] [INFO]- "GET /users/mobile/18776240733/count HTTP/1.1" 301 0
[2022-03-05 22:08:23,799] [basehttp.py:161] [basehttp:log_message] [INFO]- "GET /users/mobile/18776240733/count/ HTTP/1.1" 200 41
[2022-03-05 22:08:28,490] [basehttp.py:161] [basehttp:log_message] [INFO]- "GET /users/mobile/18776240732/count HTTP/1.1" 301 0
[2022-03-05 22:08:28,508] [basehttp.py:161] [basehttp:log_message] [INFO]- "GET /users/mobile/18776240732/count/ HTTP/1.1" 200 41
[2022-03-05 22:08:31,244] [basehttp.py:161] [basehttp:log_message] [INFO]- "GET /users/mobile/18776240737/count HTTP/1.1" 301 0
[2022-03-05 22:08:31,265] [basehttp.py:161] [basehttp:log_message] [INFO]- "GET /users/mobile/18776240737/count/ HTTP/1.1" 200 41
[2022-03-05 22:09:02,862] [basehttp.py:161] [basehttp:log_message] [INFO]- "GET /users/username/%E6%88%91%E4%B8%8D%E8%A6%81%E5%B9%B2%E9%A5%AD/count/ HTTP/1.1" 200 41
[2022-03-05 22:09:02,865] [basehttp.py:161] [basehttp:log_message] [INFO]- "GET /users/mobile/18776240737/count/ HTTP/1.1" 200 41
[2022-03-05 22:09:05,135] [basehttp.py:161] [basehttp:log_message] [INFO]- "POST /users/register/ HTTP/1.1" 200 21439
[2022-03-05 22:09:05,201] [basehttp.py:161] [basehttp:log_message] [INFO]- "GET /static/css/register.css HTTP/1.1" 304 0
[2022-03-05 22:09:46,515] [basehttp.py:161] [basehttp:log_message] [INFO]- "GET /users/username/%E9%B9%85%E9%B9%85%E9%B9%85%E9%B9%85%E9%B9%85%E9%B9%85%E9%A5%BF/count HTTP/1.1" 301 0
[2022-03-05 22:09:46,566] [basehttp.py:161] [basehttp:log_message] [INFO]- "GET /users/username/%E9%B9%85%E9%B9%85%E9%B9%85%E9%B9%85%E9%B9%85%E9%B9%85%E9%A5%BF/count/ HTTP/1.1" 200 41
[2022-03-05 22:09:53,801] [basehttp.py:161] [basehttp:log_message] [INFO]- "GET /users/mobile/18778355509/count HTTP/1.1" 301 0
[2022-03-05 22:09:53,821] [basehttp.py:161] [basehttp:log_message] [INFO]- "GET /users/mobile/18778355509/count/ HTTP/1.1" 200 41
[2022-03-05 22:10:11,046] [basehttp.py:161] [basehttp:log_message] [INFO]- "GET /users/username/%E9%B9%85%E9%B9%85%E9%B9%85%E9%B9%85%E9%B9%85%E9%B9%85%E9%A5%BF/count/ HTTP/1.1" 200 41
[2022-03-05 22:10:11,046] [basehttp.py:161] [basehttp:log_message] [INFO]- "GET /users/mobile/18778355509/count/ HTTP/1.1" 200 41
[2022-03-05 22:10:15,327] [basehttp.py:161] [basehttp:log_message] [INFO]- "POST /users/register/ HTTP/1.1" 302 0
[2022-03-05 22:10:15,358] [basehttp.py:161] [basehttp:log_message] [INFO]- "GET /users/login/ HTTP/1.1" 200 3974
[2022-03-05 22:13:59,421] [autoreload.py:251] [autoreload:trigger_reload] [INFO]- D:\Django_aijia\my_aijia\my_aijia\apps\users\views.py changed, reloading.
[2022-03-05 22:14:00,533] [autoreload.py:637] [autoreload:run_with_reloader] [INFO]- Watching for file changes with StatReloader
[2022-03-05 22:15:46,717] [autoreload.py:251] [autoreload:trigger_reload] [INFO]- D:\Django_aijia\my_aijia\my_aijia\apps\users\views.py changed, reloading.
[2022-03-05 22:15:47,659] [autoreload.py:637] [autoreload:run_with_reloader] [INFO]- Watching for file changes with StatReloader
[2022-03-05 22:21:54,528] [autoreload.py:251] [autoreload:trigger_reload] [INFO]- D:\Django_aijia\my_aijia\my_aijia\apps\users\views.py changed, reloading.
[2022-03-05 22:21:55,530] [autoreload.py:637] [autoreload:run_with_reloader] [INFO]- Watching for file changes with StatReloader
[2022-03-05 22:22:46,784] [autoreload.py:251] [autoreload:trigger_reload] [INFO]- D:\Django_aijia\my_aijia\my_aijia\apps\users\models.py changed, reloading.
[2022-03-05 22:22:47,859] [autoreload.py:637] [autoreload:run_with_reloader] [INFO]- Watching for file changes with StatReloader
[2022-03-05 22:22:56,541] [autoreload.py:251] [autoreload:trigger_reload] [INFO]- D:\Django_aijia\my_aijia\my_aijia\apps\users\models.py changed, reloading.
[2022-03-05 22:22:57,529] [autoreload.py:637] [autoreload:run_with_reloader] [INFO]- Watching for file changes with StatReloader
[2022-03-05 22:25:52,620] [autoreload.py:251] [autoreload:trigger_reload] [INFO]- D:\Django_aijia\my_aijia\my_aijia\apps\users\models.py changed, reloading.
[2022-03-05 22:25:53,605] [autoreload.py:637] [autoreload:run_with_reloader] [INFO]- Watching for file changes with StatReloader
[2022-03-05 22:50:03,343] [autoreload.py:251] [autoreload:trigger_reload] [INFO]- D:\Django_aijia\my_aijia\my_aijia\apps\users\models.py changed, reloading.
[2022-03-05 22:50:04,368] [autoreload.py:637] [autoreload:run_with_reloader] [INFO]- Watching for file changes with StatReloader
[2022-03-05 23:17:46,307] [autoreload.py:251] [autoreload:trigger_reload] [INFO]- D:\Django_aijia\my_aijia\my_aijia\apps\users\views.py changed, reloading.
[2022-03-05 23:17:47,306] [autoreload.py:637] [autoreload:run_with_reloader] [INFO]- Watching for file changes with StatReloader
[2022-03-05 23:17:52,708] [basehttp.py:161] [basehttp:log_message] [INFO]- "GET /users/register/ HTTP/1.1" 200 21920
[2022-03-05 23:17:52,743] [basehttp.py:161] [basehttp:log_message] [INFO]- "GET /static/css/register.css HTTP/1.1" 304 0
[2022-03-05 23:17:57,946] [basehttp.py:161] [basehttp:log_message] [INFO]- "GET /users/register HTTP/1.1" 301 0
[2022-03-05 23:17:57,956] [basehttp.py:161] [basehttp:log_message] [INFO]- "GET /users/register/ HTTP/1.1" 200 21920
[2022-03-05 23:18:06,746] [basehttp.py:161] [basehttp:log_message] [INFO]- "GET /users/username/%E5%93%88%E5%93%883111/count HTTP/1.1" 301 0
[2022-03-05 23:18:06,798] [basehttp.py:161] [basehttp:log_message] [INFO]- "GET /users/username/%E5%93%88%E5%93%883111/count/ HTTP/1.1" 200 41
[2022-03-05 23:18:08,076] [basehttp.py:161] [basehttp:log_message] [INFO]- "GET /users/mobile/13100526846/count/ HTTP/1.1" 200 41
[2022-03-05 23:18:11,999] [basehttp.py:161] [basehttp:log_message] [INFO]- "GET /users/mobile/13100526841/count/ HTTP/1.1" 200 41
[2022-03-05 23:18:49,216] [basehttp.py:161] [basehttp:log_message] [INFO]- "GET /users/mobile/13100526841/count/ HTTP/1.1" 200 41
[2022-03-05 23:18:49,216] [basehttp.py:161] [basehttp:log_message] [INFO]- "GET /users/username/%E5%93%88%E5%93%883111/count/ HTTP/1.1" 200 41
[2022-03-05 23:18:49,431] [log.py:230] [log:log_response] [ERROR]- Internal Server Error: /users/register/
Traceback (most recent call last):
  File "D:\Python37\lib\site-packages\django\core\handlers\exception.py", line 47, in inner
    response = get_response(request)
  File "D:\Python37\lib\site-packages\django\core\handlers\base.py", line 181, in _get_response
    response = wrapped_callback(request, *callback_args, **callback_kwargs)
  File "D:\Python37\lib\site-packages\django\views\generic\base.py", line 70, in view
    return self.dispatch(request, *args, **kwargs)
  File "D:\Python37\lib\site-packages\django\views\generic\base.py", line 98, in dispatch
    return handler(request, *args, **kwargs)
  File "D:\Django_aijia\my_aijia\my_aijia/apps\users\views.py", line 35, in post
    print('哈哈'+re_checkbox)
TypeError: can only concatenate str (not "NoneType") to str
[2022-03-05 23:18:49,436] [basehttp.py:161] [basehttp:log_message] [ERROR]- "POST /users/register/ HTTP/1.1" 500 81874
[2022-03-05 23:20:51,512] [autoreload.py:251] [autoreload:trigger_reload] [INFO]- D:\Django_aijia\my_aijia\my_aijia\apps\users\views.py changed, reloading.
[2022-03-05 23:20:52,531] [autoreload.py:637] [autoreload:run_with_reloader] [INFO]- Watching for file changes with StatReloader
[2022-03-05 23:20:55,449] [log.py:230] [log:log_response] [ERROR]- Internal Server Error: /users/register/
Traceback (most recent call last):
  File "D:\Python37\lib\site-packages\django\core\handlers\exception.py", line 47, in inner
    response = get_response(request)
  File "D:\Python37\lib\site-packages\django\core\handlers\base.py", line 181, in _get_response
    response = wrapped_callback(request, *callback_args, **callback_kwargs)
  File "D:\Python37\lib\site-packages\django\views\generic\base.py", line 70, in view
    return self.dispatch(request, *args, **kwargs)
  File "D:\Python37\lib\site-packages\django\views\generic\base.py", line 98, in dispatch
    return handler(request, *args, **kwargs)
  File "D:\Django_aijia\my_aijia\my_aijia/apps\users\views.py", line 47, in post
    login(request, user)
  File "D:\Python37\lib\site-packages\django\contrib\auth\__init__.py", line 103, in login
    if _get_user_session_key(request) != user.pk or (
AttributeError: 'bool' object has no attribute 'pk'
[2022-03-05 23:20:55,454] [basehttp.py:161] [basehttp:log_message] [ERROR]- "POST /users/register/ HTTP/1.1" 500 86291
[2022-03-05 23:20:55,597] [log.py:230] [log:log_response] [WARNING]- Not Found: /favicon.ico
[2022-03-05 23:20:55,599] [basehttp.py:161] [basehttp:log_message] [WARNING]- "GET /favicon.ico HTTP/1.1" 404 2385
[2022-03-05 23:22:24,697] [autoreload.py:251] [autoreload:trigger_reload] [INFO]- D:\Django_aijia\my_aijia\my_aijia\apps\users\views.py changed, reloading.
[2022-03-05 23:22:25,716] [autoreload.py:637] [autoreload:run_with_reloader] [INFO]- Watching for file changes with StatReloader
[2022-03-05 23:22:27,545] [basehttp.py:161] [basehttp:log_message] [INFO]- "GET /users/register/ HTTP/1.1" 200 21920
[2022-03-05 23:22:29,969] [basehttp.py:161] [basehttp:log_message] [INFO]- "GET /users/register/ HTTP/1.1" 200 21920
[2022-03-05 23:22:30,006] [basehttp.py:161] [basehttp:log_message] [INFO]- "GET /static/css/register.css HTTP/1.1" 200 6263
[2022-03-05 23:22:30,009] [basehttp.py:161] [basehttp:log_message] [INFO]- "GET /static/css/gloab.css HTTP/1.1" 200 16102
[2022-03-05 23:22:30,010] [basehttp.py:161] [basehttp:log_message] [INFO]- "GET /static/css/bootstrap.min.css HTTP/1.1" 200 150007
[2022-03-05 23:22:30,037] [basehttp.py:161] [basehttp:log_message] [INFO]- "GET /static/js/axios.min.js HTTP/1.1" 200 30347
[2022-03-05 23:22:30,038] [basehttp.py:161] [basehttp:log_message] [INFO]- "GET /static/js/registervue.js HTTP/1.1" 200 3057
[2022-03-05 23:22:30,038] [basehttp.py:161] [basehttp:log_message] [INFO]- "GET /static/js/register.js HTTP/1.1" 200 10963
[2022-03-05 23:22:30,042] [basehttp.py:161] [basehttp:log_message] [INFO]- "GET /static/js/jquery.min.js HTTP/1.1" 200 154528
[2022-03-05 23:22:30,045] [basehttp.py:161] [basehttp:log_message] [INFO]- "GET /static/js/vue.min.js HTTP/1.1" 200 167259
[2022-03-05 23:22:30,050] [basehttp.py:161] [basehttp:log_message] [INFO]- "GET /static/img/register/yzm1.jpg HTTP/1.1" 200 2399
[2022-03-05 23:22:30,052] [basehttp.py:161] [basehttp:log_message] [INFO]- "GET /static/img/aijai-error-1.png HTTP/1.1" 200 134043
[2022-03-05 23:22:30,406] [basehttp.py:161] [basehttp:log_message] [INFO]- "GET /static/img/register/showPwd.png HTTP/1.1" 200 416
[2022-03-05 23:22:30,487] [basehttp.py:161] [basehttp:log_message] [INFO]- "GET /static/fonts/%E6%80%9D%E6%BA%90%E5%AE%8B%E4%BD%93.ttf HTTP/1.1" 200 11772444
[2022-03-05 23:22:30,680] [basehttp.py:161] [basehttp:log_message] [INFO]- "GET /static/favicon.ico HTTP/1.1" 200 4286
[2022-03-05 23:22:35,101] [basehttp.py:161] [basehttp:log_message] [INFO]- "GET /users/username/%E5%93%88%E5%93%88111/count HTTP/1.1" 301 0
[2022-03-05 23:22:35,111] [basehttp.py:161] [basehttp:log_message] [INFO]- "GET /static/fonts/fonts/icomoon.woff?rretjt HTTP/1.1" 200 1452
[2022-03-05 23:22:35,136] [basehttp.py:161] [basehttp:log_message] [INFO]- "GET /users/username/%E5%93%88%E5%93%88111/count/ HTTP/1.1" 200 41
[2022-03-05 23:22:35,149] [basehttp.py:161] [basehttp:log_message] [INFO]- "GET /static/fonts/icomoon.ttf?7kkyc2 HTTP/1.1" 200 13336
[2022-03-05 23:22:45,055] [basehttp.py:161] [basehttp:log_message] [INFO]- "GET /users/mobile/18723244242/count HTTP/1.1" 301 0
[2022-03-05 23:22:45,076] [basehttp.py:161] [basehttp:log_message] [INFO]- "GET /users/mobile/18723244242/count/ HTTP/1.1" 200 41
[2022-03-05 23:22:59,954] [basehttp.py:161] [basehttp:log_message] [INFO]- "GET /users/username/%E5%93%88%E5%93%88111/count/ HTTP/1.1" 200 41
[2022-03-05 23:22:59,958] [basehttp.py:161] [basehttp:log_message] [INFO]- "GET /users/mobile/18723244242/count/ HTTP/1.1" 200 41
[2022-03-05 23:23:05,227] [basehttp.py:161] [basehttp:log_message] [INFO]- "POST /users/register/ HTTP/1.1" 200 21439
[2022-03-05 23:26:26,384] [autoreload.py:251] [autoreload:trigger_reload] [INFO]- D:\Django_aijia\my_aijia\my_aijia\apps\users\views.py changed, reloading.
[2022-03-05 23:26:27,354] [autoreload.py:637] [autoreload:run_with_reloader] [INFO]- Watching for file changes with StatReloader
[2022-03-05 23:26:36,293] [basehttp.py:161] [basehttp:log_message] [INFO]- "GET /users/register/ HTTP/1.1" 200 21920
[2022-03-05 23:26:50,357] [basehttp.py:161] [basehttp:log_message] [INFO]- "GET /users/username/%E6%88%91%E5%A5%BD%E5%83%8F%E4%BD%A0/count HTTP/1.1" 301 0
[2022-03-05 23:26:50,407] [basehttp.py:161] [basehttp:log_message] [INFO]- "GET /users/username/%E6%88%91%E5%A5%BD%E5%83%8F%E4%BD%A0/count/ HTTP/1.1" 200 41
[2022-03-05 23:26:57,843] [basehttp.py:161] [basehttp:log_message] [INFO]- "GET /users/mobile/18778233078/count HTTP/1.1" 301 0
[2022-03-05 23:26:57,865] [basehttp.py:161] [basehttp:log_message] [INFO]- "GET /users/mobile/18778233078/count/ HTTP/1.1" 200 99
[2022-03-05 23:27:22,097] [basehttp.py:161] [basehttp:log_message] [INFO]- "GET /users/username/%E6%88%91%E5%A5%BD%E5%83%8F%E4%BD%A0/count/ HTTP/1.1" 200 41
[2022-03-05 23:27:22,098] [basehttp.py:161] [basehttp:log_message] [INFO]- "GET /users/mobile/18778233078/count/ HTTP/1.1" 200 99
[2022-03-05 23:27:22,355] [basehttp.py:161] [basehttp:log_message] [INFO]- "POST /users/register/ HTTP/1.1" 200 21439
[2022-03-05 23:28:27,746] [autoreload.py:251] [autoreload:trigger_reload] [INFO]- D:\Django_aijia\my_aijia\my_aijia\apps\users\views.py changed, reloading.
[2022-03-05 23:28:28,701] [autoreload.py:637] [autoreload:run_with_reloader] [INFO]- Watching for file changes with StatReloader
[2022-03-05 23:28:36,675] [basehttp.py:161] [basehttp:log_message] [INFO]- "GET /users/register/ HTTP/1.1" 200 21920
[2022-03-05 23:28:41,781] [basehttp.py:161] [basehttp:log_message] [INFO]- "GET /users/username/%E5%91%9C%E5%91%9C%E5%91%9C%E5%91%9C/count HTTP/1.1" 301 0
[2022-03-05 23:28:41,829] [basehttp.py:161] [basehttp:log_message] [INFO]- "GET /users/username/%E5%91%9C%E5%91%9C%E5%91%9C%E5%91%9C/count/ HTTP/1.1" 200 41
[2022-03-05 23:28:46,761] [basehttp.py:161] [basehttp:log_message] [INFO]- "GET /users/mobile/18778232423/count HTTP/1.1" 301 0
[2022-03-05 23:28:46,778] [basehttp.py:161] [basehttp:log_message] [INFO]- "GET /users/mobile/18778232423/count/ HTTP/1.1" 200 99
[2022-03-05 23:29:05,680] [basehttp.py:161] [basehttp:log_message] [INFO]- "GET /users/username/%E5%91%9C%E5%91%9C%E5%91%9C%E5%91%9C/count/ HTTP/1.1" 200 41
[2022-03-05 23:29:05,684] [basehttp.py:161] [basehttp:log_message] [INFO]- "GET /users/mobile/18778232423/count/ HTTP/1.1" 200 99
[2022-03-05 23:29:05,937] [basehttp.py:161] [basehttp:log_message] [INFO]- "POST /users/register/ HTTP/1.1" 302 0
[2022-03-05 23:29:05,949] [basehttp.py:161] [basehttp:log_message] [INFO]- "GET /users/login/ HTTP/1.1" 200 3974
[2022-03-05 23:31:37,835] [autoreload.py:251] [autoreload:trigger_reload] [INFO]- D:\Django_aijia\my_aijia\my_aijia\apps\users\views.py changed, reloading.
[2022-03-05 23:31:38,946] [autoreload.py:637] [autoreload:run_with_reloader] [INFO]- Watching for file changes with StatReloader
[2022-03-05 23:31:39,211] [basehttp.py:161] [basehttp:log_message] [INFO]- "GET /users/login/ HTTP/1.1" 200 3974
[2022-03-05 23:31:43,861] [basehttp.py:161] [basehttp:log_message] [INFO]- "GET /users/register/ HTTP/1.1" 200 21920
[2022-03-05 23:31:51,900] [log.py:230] [log:log_response] [WARNING]- Not Found: /
[2022-03-05 23:31:51,902] [basehttp.py:161] [basehttp:log_message] [WARNING]- "GET / HTTP/1.1" 404 2334
[2022-03-05 23:31:52,122] [log.py:230] [log:log_response] [WARNING]- Not Found: /favicon.ico
[2022-03-05 23:31:52,124] [basehttp.py:161] [basehttp:log_message] [WARNING]- "GET /favicon.ico HTTP/1.1" 404 2385
[2022-03-05 23:32:04,528] [basehttp.py:161] [basehttp:log_message] [INFO]- "GET /users/register/ HTTP/1.1" 200 21920
[2022-03-05 23:32:04,563] [basehttp.py:161] [basehttp:log_message] [INFO]- "GET /static/css/register.css HTTP/1.1" 304 0
[2022-03-05 23:32:11,461] [basehttp.py:161] [basehttp:log_message] [INFO]- "GET /users/username/%E4%B8%80%E6%9C%88%E5%8F%88%E4%B8%80%E6%9C%88/count HTTP/1.1" 301 0
[2022-03-05 23:32:11,520] [basehttp.py:161] [basehttp:log_message] [INFO]- "GET /users/username/%E4%B8%80%E6%9C%88%E5%8F%88%E4%B8%80%E6%9C%88/count/ HTTP/1.1" 200 41
[2022-03-05 23:32:17,593] [basehttp.py:161] [basehttp:log_message] [INFO]- "GET /users/mobile/16546667565/count HTTP/1.1" 301 0
[2022-03-05 23:32:17,606] [basehttp.py:161] [basehttp:log_message] [INFO]- "GET /users/mobile/16546667565/count/ HTTP/1.1" 200 99
[2022-03-05 23:32:23,644] [basehttp.py:161] [basehttp:log_message] [INFO]- "GET /users/mobile/18744342424/count HTTP/1.1" 301 0
[2022-03-05 23:32:23,655] [basehttp.py:161] [basehttp:log_message] [INFO]- "GET /users/mobile/18744342424/count/ HTTP/1.1" 200 99
[2022-03-05 23:32:38,640] [basehttp.py:161] [basehttp:log_message] [INFO]- "GET /users/mobile/18744342424/count/ HTTP/1.1" 200 99
[2022-03-05 23:32:38,640] [basehttp.py:161] [basehttp:log_message] [INFO]- "GET /users/username/%E4%B8%80%E6%9C%88%E5%8F%88%E4%B8%80%E6%9C%88/count/ HTTP/1.1" 200 41
[2022-03-05 23:32:42,881] [basehttp.py:161] [basehttp:log_message] [INFO]- "POST /users/register/ HTTP/1.1" 302 0
[2022-03-05 23:32:42,894] [basehttp.py:161] [basehttp:log_message] [INFO]- "GET /users/login/ HTTP/1.1" 200 3974
[2022-03-05 23:34:36,027] [basehttp.py:161] [basehttp:log_message] [INFO]- "GET /users/register/ HTTP/1.1" 200 19503
[2022-03-05 23:34:44,278] [basehttp.py:161] [basehttp:log_message] [INFO]- "GET /users/username/%E4%B8%80%E7%83%AD%E5%AE%B9%E6%98%93%E8%AE%A9/count HTTP/1.1" 301 0
[2022-03-05 23:34:44,321] [basehttp.py:161] [basehttp:log_message] [INFO]- "GET /users/username/%E4%B8%80%E7%83%AD%E5%AE%B9%E6%98%93%E8%AE%A9/count/ HTTP/1.1" 200 41
[2022-03-05 23:34:51,739] [basehttp.py:161] [basehttp:log_message] [INFO]- "GET /users/mobile/18767543543/count HTTP/1.1" 301 0
[2022-03-05 23:34:51,765] [basehttp.py:161] [basehttp:log_message] [INFO]- "GET /users/mobile/18767543543/count/ HTTP/1.1" 200 99
[2022-03-05 23:35:06,353] [basehttp.py:161] [basehttp:log_message] [INFO]- "GET /users/mobile/18767543543/count/ HTTP/1.1" 200 99
[2022-03-05 23:35:06,353] [basehttp.py:161] [basehttp:log_message] [INFO]- "GET /users/username/%E4%B8%80%E7%83%AD%E5%AE%B9%E6%98%93%E8%AE%A9/count/ HTTP/1.1" 200 41
[2022-03-05 23:35:10,585] [basehttp.py:161] [basehttp:log_message] [INFO]- "POST /users/register/ HTTP/1.1" 302 0
[2022-03-05 23:35:10,596] [basehttp.py:161] [basehttp:log_message] [INFO]- "GET /users/login/ HTTP/1.1" 200 3974
[2022-03-05 23:35:42,605] [basehttp.py:161] [basehttp:log_message] [INFO]- "GET /users/register/ HTTP/1.1" 200 19503
[2022-03-05 23:35:44,782] [basehttp.py:161] [basehttp:log_message] [INFO]- "GET /users/login/ HTTP/1.1" 200 3974
[2022-03-05 23:35:46,244] [basehttp.py:161] [basehttp:log_message] [INFO]- "GET /users/forgot_pwd/ HTTP/1.1" 200 6846
[2022-03-05 23:35:46,284] [basehttp.py:161] [basehttp:log_message] [INFO]- "GET /static/css/base.css HTTP/1.1" 200 1609
[2022-03-05 23:35:46,286] [basehttp.py:161] [basehttp:log_message] [INFO]- "GET /static/css/forget_password.css HTTP/1.1" 200 6408
[2022-03-05 23:35:46,287] [basehttp.py:161] [basehttp:log_message] [INFO]- "GET /static/css/common.css HTTP/1.1" 200 7892
[2022-03-05 23:35:46,306] [basehttp.py:161] [basehttp:log_message] [WARNING]- "GET /static/js/login.js HTTP/1.1" 404 1792
[2022-03-05 23:37:51,261] [basehttp.py:161] [basehttp:log_message] [INFO]- "GET /users/forgot_pwd/ HTTP/1.1" 200 6846
[2022-03-05 23:37:51,325] [basehttp.py:161] [basehttp:log_message] [WARNING]- "GET /static/js/login.js HTTP/1.1" 404 1792
[2022-03-05 23:37:51,928] [basehttp.py:161] [basehttp:log_message] [WARNING]- "GET /static/js/login.js HTTP/1.1" 404 1792
[2022-03-05 23:39:41,799] [basehttp.py:161] [basehttp:log_message] [INFO]- "GET /users/register/ HTTP/1.1" 200 19503
[2022-03-05 23:39:43,292] [basehttp.py:161] [basehttp:log_message] [INFO]- "GET /users/login/ HTTP/1.1" 200 3974
[2022-03-05 23:39:44,859] [basehttp.py:161] [basehttp:log_message] [INFO]- "GET /users/register/ HTTP/1.1" 200 19503
[2022-03-05 23:39:46,127] [basehttp.py:161] [basehttp:log_message] [INFO]- "GET /users/login/ HTTP/1.1" 200 3974
[2022-03-05 23:39:47,611] [basehttp.py:161] [basehttp:log_message] [INFO]- "GET /users/forgot_pwd/ HTTP/1.1" 200 6846
[2022-03-05 23:39:47,665] [basehttp.py:161] [basehttp:log_message] [WARNING]- "GET /static/js/login.js HTTP/1.1" 404 1792
[2022-03-05 23:39:49,012] [basehttp.py:161] [basehttp:log_message] [INFO]- "GET /users/login/ HTTP/1.1" 200 3974
[2022-03-05 23:48:45,245] [basehttp.py:161] [basehttp:log_message] [INFO]- "GET /users/login/ HTTP/1.1" 200 3974
[2022-03-05 23:48:45,284] [basehttp.py:161] [basehttp:log_message] [INFO]- "GET /static/css/login.css HTTP/1.1" 200 3263
[2022-03-05 23:48:45,284] [basehttp.py:161] [basehttp:log_message] [INFO]- "GET /static/img/logo.png HTTP/1.1" 200 4832
[2022-03-05 23:48:45,347] [basehttp.py:161] [basehttp:log_message] [INFO]- "GET /static/js/bootstrap.min.js HTTP/1.1" 200 54488
[2022-03-05 23:48:45,348] [basehttp.py:161] [basehttp:log_message] [INFO]- "GET /static/js/login/gVerify.js HTTP/1.1" 200 4451
[2022-03-05 23:48:45,351] [basehttp.py:161] [basehttp:log_message] [INFO]- "GET /static/img/login/hy.png HTTP/1.1" 200 1582
[2022-03-05 23:48:45,351] [basehttp.py:161] [basehttp:log_message] [INFO]- "GET /static/img/login/suo.png HTTP/1.1" 200 1278
[2022-03-05 23:48:45,355] [basehttp.py:161] [basehttp:log_message] [INFO]- "GET /static/js/login/layer-v3.5.1/layer.js HTTP/1.1" 200 36155
[2022-03-05 23:48:45,358] [basehttp.py:161] [basehttp:log_message] [INFO]- "GET /static/js/jquery.min.js HTTP/1.1" 200 154528
[2022-03-05 23:48:45,360] [basehttp.py:161] [basehttp:log_message] [INFO]- "GET /static/img/login/bg1.jpg HTTP/1.1" 200 40291
[2022-03-05 23:48:45,363] [basehttp.py:161] [basehttp:log_message] [INFO]- "GET /static/img/login/bg2.jpg HTTP/1.1" 200 26904
[2022-03-05 23:48:45,384] [basehttp.py:161] [basehttp:log_message] [INFO]- "GET /static/js/login/layer-v3.5.1/theme/default/layer.css?v=3.5.1 HTTP/1.1" 200 14271
[2022-03-05 23:48:45,401] [basehttp.py:161] [basehttp:log_message] [INFO]- "GET /static/favicon.ico HTTP/1.1" 200 4286
[2022-03-05 23:48:45,851] [basehttp.py:161] [basehttp:log_message] [INFO]- "GET /users/login/ HTTP/1.1" 200 3974
[2022-03-05 23:48:45,878] [basehttp.py:161] [basehttp:log_message] [INFO]- "GET /static/css/login.css HTTP/1.1" 200 3263
[2022-03-05 23:48:45,881] [basehttp.py:161] [basehttp:log_message] [INFO]- "GET /static/img/logo.png HTTP/1.1" 200 4832
[2022-03-05 23:48:45,907] [basehttp.py:161] [basehttp:log_message] [INFO]- "GET /static/img/login/suo.png HTTP/1.1" 200 1278
[2022-03-05 23:48:45,908] [basehttp.py:161] [basehttp:log_message] [INFO]- "GET /static/js/login/gVerify.js HTTP/1.1" 200 4451
[2022-03-05 23:48:45,909] [basehttp.py:161] [basehttp:log_message] [INFO]- "GET /static/img/login/hy.png HTTP/1.1" 200 1582
[2022-03-05 23:48:45,915] [basehttp.py:161] [basehttp:log_message] [INFO]- "GET /static/js/login/layer-v3.5.1/layer.js HTTP/1.1" 200 36155
[2022-03-05 23:48:45,920] [basehttp.py:161] [basehttp:log_message] [INFO]- "GET /static/js/bootstrap.min.js HTTP/1.1" 200 54488
[2022-03-05 23:48:45,920] [basehttp.py:161] [basehttp:log_message] [INFO]- "GET /static/img/login/bg1.jpg HTTP/1.1" 200 40291
[2022-03-05 23:48:45,921] [basehttp.py:161] [basehttp:log_message] [INFO]- "GET /static/img/login/bg2.jpg HTTP/1.1" 200 26904
[2022-03-05 23:48:45,922] [basehttp.py:161] [basehttp:log_message] [INFO]- "GET /static/js/jquery.min.js HTTP/1.1" 200 154528
[2022-03-05 23:48:45,943] [basehttp.py:161] [basehttp:log_message] [INFO]- "GET /static/js/login/layer-v3.5.1/theme/default/layer.css?v=3.5.1 HTTP/1.1" 200 14271
[2022-03-05 23:48:45,955] [basehttp.py:161] [basehttp:log_message] [INFO]- "GET /static/favicon.ico HTTP/1.1" 200 4286
[2022-03-05 23:48:49,907] [basehttp.py:161] [basehttp:log_message] [INFO]- "GET /static/js/login/layer-v3.5.1/theme/default/icon.png HTTP/1.1" 200 11493
[2022-03-05 23:48:59,434] [basehttp.py:161] [basehttp:log_message] [INFO]- "GET /users/login/ HTTP/1.1" 200 3974
[2022-03-05 23:55:19,576] [basehttp.py:161] [basehttp:log_message] [INFO]- "GET /users/register/ HTTP/1.1" 200 19503
[2022-03-05 23:55:19,616] [basehttp.py:161] [basehttp:log_message] [INFO]- "GET /static/css/register.css HTTP/1.1" 304 0
[2022-03-05 23:55:21,453] [basehttp.py:161] [basehttp:log_message] [INFO]- "GET /users/register/ HTTP/1.1" 200 19503
[2022-03-05 23:55:25,767] [basehttp.py:161] [basehttp:log_message] [INFO]- "GET /users/register/ HTTP/1.1" 200 19503
[2022-03-05 23:55:27,482] [basehttp.py:161] [basehttp:log_message] [INFO]- "GET /users/register/ HTTP/1.1" 200 19503
[2022-03-05 23:55:27,516] [basehttp.py:161] [basehttp:log_message] [INFO]- "GET /static/css/gloab.css HTTP/1.1" 200 16102
[2022-03-05 23:55:27,517] [basehttp.py:161] [basehttp:log_message] [INFO]- "GET /static/css/register.css HTTP/1.1" 200 6263
[2022-03-05 23:55:27,521] [basehttp.py:161] [basehttp:log_message] [INFO]- "GET /static/css/bootstrap.min.css HTTP/1.1" 200 150007
[2022-03-05 23:55:27,546] [basehttp.py:161] [basehttp:log_message] [INFO]- "GET /static/js/axios.min.js HTTP/1.1" 200 30347
[2022-03-05 23:55:27,547] [basehttp.py:161] [basehttp:log_message] [INFO]- "GET /static/js/register.js HTTP/1.1" 200 10963
[2022-03-05 23:55:27,550] [basehttp.py:161] [basehttp:log_message] [INFO]- "GET /static/js/registervue.js HTTP/1.1" 200 3057
[2022-03-05 23:55:27,556] [basehttp.py:161] [basehttp:log_message] [INFO]- "GET /static/js/jquery.min.js HTTP/1.1" 200 154528
[2022-03-05 23:55:27,558] [basehttp.py:161] [basehttp:log_message] [INFO]- "GET /static/js/vue.min.js HTTP/1.1" 200 167259
[2022-03-05 23:55:27,559] [basehttp.py:161] [basehttp:log_message] [INFO]- "GET /static/img/register/yzm1.jpg HTTP/1.1" 200 2399
[2022-03-05 23:55:27,561] [basehttp.py:161] [basehttp:log_message] [INFO]- "GET /static/img/aijai-error-1.png HTTP/1.1" 200 134043
[2022-03-05 23:55:27,589] [basehttp.py:161] [basehttp:log_message] [INFO]- "GET /static/img/register/showPwd.png HTTP/1.1" 200 416
[2022-03-05 23:55:28,027] [basehttp.py:161] [basehttp:log_message] [INFO]- "GET /static/fonts/%E6%80%9D%E6%BA%90%E5%AE%8B%E4%BD%93.ttf HTTP/1.1" 200 11772444
[2022-03-05 23:55:28,266] [basehttp.py:161] [basehttp:log_message] [INFO]- "GET /static/favicon.ico HTTP/1.1" 200 4286
[2022-03-05 23:55:28,296] [basehttp.py:161] [basehttp:log_message] [INFO]- "GET /users/register/ HTTP/1.1" 200 19503
[2022-03-05 23:55:28,325] [basehttp.py:161] [basehttp:log_message] [INFO]- "GET /static/css/register.css HTTP/1.1" 200 6263
[2022-03-05 23:55:28,325] [basehttp.py:161] [basehttp:log_message] [INFO]- "GET /static/css/gloab.css HTTP/1.1" 200 16102
[2022-03-05 23:55:28,327] [basehttp.py:161] [basehttp:log_message] [INFO]- "GET /static/css/bootstrap.min.css HTTP/1.1" 200 150007
[2022-03-05 23:55:28,347] [basehttp.py:161] [basehttp:log_message] [INFO]- "GET /static/js/registervue.js HTTP/1.1" 200 3057
[2022-03-05 23:55:28,348] [basehttp.py:161] [basehttp:log_message] [INFO]- "GET /static/js/register.js HTTP/1.1" 200 10963
[2022-03-05 23:55:28,351] [basehttp.py:161] [basehttp:log_message] [INFO]- "GET /static/js/axios.min.js HTTP/1.1" 200 30347
[2022-03-05 23:55:28,356] [basehttp.py:161] [basehttp:log_message] [INFO]- "GET /static/img/register/yzm1.jpg HTTP/1.1" 200 2399
[2022-03-05 23:55:28,358] [basehttp.py:161] [basehttp:log_message] [INFO]- "GET /static/img/aijai-error-1.png HTTP/1.1" 200 134043
[2022-03-05 23:55:28,359] [basehttp.py:161] [basehttp:log_message] [INFO]- "GET /static/js/jquery.min.js HTTP/1.1" 200 154528
[2022-03-05 23:55:28,360] [basehttp.py:161] [basehttp:log_message] [INFO]- "GET /static/js/vue.min.js HTTP/1.1" 200 167259
[2022-03-05 23:55:28,391] [basehttp.py:161] [basehttp:log_message] [INFO]- "GET /static/img/register/showPwd.png HTTP/1.1" 200 416
[2022-03-05 23:55:28,471] [basehttp.py:161] [basehttp:log_message] [INFO]- "GET /static/fonts/%E6%80%9D%E6%BA%90%E5%AE%8B%E4%BD%93.ttf HTTP/1.1" 200 11772444
[2022-03-05 23:55:28,674] [basehttp.py:161] [basehttp:log_message] [INFO]- "GET /static/favicon.ico HTTP/1.1" 200 4286
[2022-03-05 23:55:28,862] [basehttp.py:161] [basehttp:log_message] [INFO]- "GET /users/register/ HTTP/1.1" 200 19503
[2022-03-05 23:55:28,892] [basehttp.py:161] [basehttp:log_message] [INFO]- "GET /static/css/register.css HTTP/1.1" 200 6263
[2022-03-05 23:55:28,892] [basehttp.py:161] [basehttp:log_message] [INFO]- "GET /static/css/gloab.css HTTP/1.1" 200 16102
[2022-03-05 23:55:28,895] [basehttp.py:161] [basehttp:log_message] [INFO]- "GET /static/css/bootstrap.min.css HTTP/1.1" 200 150007
[2022-03-05 23:55:28,915] [basehttp.py:161] [basehttp:log_message] [INFO]- "GET /static/js/registervue.js HTTP/1.1" 200 3057
[2022-03-05 23:55:28,920] [basehttp.py:161] [basehttp:log_message] [INFO]- "GET /static/js/register.js HTTP/1.1" 200 10963
[2022-03-05 23:55:28,921] [basehttp.py:161] [basehttp:log_message] [INFO]- "GET /static/js/axios.min.js HTTP/1.1" 200 30347
[2022-03-05 23:55:28,924] [basehttp.py:161] [basehttp:log_message] [INFO]- "GET /static/img/register/yzm1.jpg HTTP/1.1" 200 2399
[2022-03-05 23:55:28,926] [basehttp.py:161] [basehttp:log_message] [INFO]- "GET /static/js/jquery.min.js HTTP/1.1" 200 154528
[2022-03-05 23:55:28,927] [basehttp.py:161] [basehttp:log_message] [INFO]- "GET /static/img/aijai-error-1.png HTTP/1.1" 200 134043
[2022-03-05 23:55:28,928] [basehttp.py:161] [basehttp:log_message] [INFO]- "GET /static/js/vue.min.js HTTP/1.1" 200 167259
[2022-03-05 23:55:28,958] [basehttp.py:161] [basehttp:log_message] [INFO]- "GET /static/img/register/showPwd.png HTTP/1.1" 200 416
[2022-03-05 23:55:29,058] [basehttp.py:161] [basehttp:log_message] [INFO]- "GET /static/fonts/%E6%80%9D%E6%BA%90%E5%AE%8B%E4%BD%93.ttf HTTP/1.1" 200 11772444
[2022-03-05 23:55:29,277] [basehttp.py:161] [basehttp:log_message] [INFO]- "GET /static/favicon.ico HTTP/1.1" 200 4286
[2022-03-05 23:55:29,284] [basehttp.py:161] [basehttp:log_message] [INFO]- "GET /users/register/ HTTP/1.1" 200 19503
[2022-03-05 23:55:29,314] [basehttp.py:161] [basehttp:log_message] [INFO]- "GET /static/css/register.css HTTP/1.1" 200 6263
[2022-03-05 23:55:29,315] [basehttp.py:161] [basehttp:log_message] [INFO]- "GET /static/css/gloab.css HTTP/1.1" 200 16102
[2022-03-05 23:55:29,318] [basehttp.py:161] [basehttp:log_message] [INFO]- "GET /static/css/bootstrap.min.css HTTP/1.1" 200 150007
[2022-03-05 23:55:29,340] [basehttp.py:161] [basehttp:log_message] [INFO]- "GET /static/js/registervue.js HTTP/1.1" 200 3057
[2022-03-05 23:55:29,341] [basehttp.py:161] [basehttp:log_message] [INFO]- "GET /static/js/register.js HTTP/1.1" 200 10963
[2022-03-05 23:55:29,341] [basehttp.py:161] [basehttp:log_message] [INFO]- "GET /static/js/axios.min.js HTTP/1.1" 200 30347
[2022-03-05 23:55:29,348] [basehttp.py:161] [basehttp:log_message] [INFO]- "GET /static/img/aijai-error-1.png HTTP/1.1" 200 134043
[2022-03-05 23:55:29,350] [basehttp.py:161] [basehttp:log_message] [INFO]- "GET /static/js/vue.min.js HTTP/1.1" 200 167259
[2022-03-05 23:55:29,351] [basehttp.py:161] [basehttp:log_message] [INFO]- "GET /static/img/register/yzm1.jpg HTTP/1.1" 200 2399
[2022-03-05 23:55:29,351] [basehttp.py:161] [basehttp:log_message] [INFO]- "GET /static/js/jquery.min.js HTTP/1.1" 200 154528
[2022-03-05 23:55:29,383] [basehttp.py:161] [basehttp:log_message] [INFO]- "GET /static/img/register/showPwd.png HTTP/1.1" 200 416
[2022-03-05 23:55:29,471] [basehttp.py:161] [basehttp:log_message] [INFO]- "GET /static/fonts/%E6%80%9D%E6%BA%90%E5%AE%8B%E4%BD%93.ttf HTTP/1.1" 200 11772444
[2022-03-05 23:55:29,671] [basehttp.py:161] [basehttp:log_message] [INFO]- "GET /users/register/ HTTP/1.1" 200 19503
[2022-03-05 23:55:29,699] [basehttp.py:161] [basehttp:log_message] [INFO]- "GET /static/css/register.css HTTP/1.1" 200 6263
[2022-03-05 23:55:29,700] [basehttp.py:161] [basehttp:log_message] [INFO]- "GET /static/css/gloab.css HTTP/1.1" 200 16102
[2022-03-05 23:55:29,704] [basehttp.py:161] [basehttp:log_message] [INFO]- "GET /static/css/bootstrap.min.css HTTP/1.1" 200 150007
[2022-03-05 23:55:29,725] [basehttp.py:161] [basehttp:log_message] [INFO]- "GET /static/js/registervue.js HTTP/1.1" 200 3057
[2022-03-05 23:55:29,727] [basehttp.py:161] [basehttp:log_message] [INFO]- "GET /static/js/axios.min.js HTTP/1.1" 200 30347
[2022-03-05 23:55:29,727] [basehttp.py:161] [basehttp:log_message] [INFO]- "GET /static/js/register.js HTTP/1.1" 200 10963
[2022-03-05 23:55:29,732] [basehttp.py:161] [basehttp:log_message] [INFO]- "GET /static/img/aijai-error-1.png HTTP/1.1" 200 134043
[2022-03-05 23:55:29,735] [basehttp.py:161] [basehttp:log_message] [INFO]- "GET /static/js/vue.min.js HTTP/1.1" 200 167259
[2022-03-05 23:55:29,736] [basehttp.py:161] [basehttp:log_message] [INFO]- "GET /static/js/jquery.min.js HTTP/1.1" 200 154528
[2022-03-05 23:55:29,738] [basehttp.py:161] [basehttp:log_message] [INFO]- "GET /static/img/register/yzm1.jpg HTTP/1.1" 200 2399
[2022-03-05 23:55:29,766] [basehttp.py:161] [basehttp:log_message] [INFO]- "GET /static/img/register/showPwd.png HTTP/1.1" 200 416
[2022-03-05 23:55:29,854] [basehttp.py:161] [basehttp:log_message] [INFO]- "GET /static/fonts/%E6%80%9D%E6%BA%90%E5%AE%8B%E4%BD%93.ttf HTTP/1.1" 200 11772444
[2022-03-05 23:55:30,058] [basehttp.py:161] [basehttp:log_message] [INFO]- "GET /static/favicon.ico HTTP/1.1" 200 4286
[2022-03-05 23:55:30,065] [basehttp.py:161] [basehttp:log_message] [INFO]- "GET /users/register/ HTTP/1.1" 200 19503
[2022-03-05 23:55:30,101] [basehttp.py:161] [basehttp:log_message] [INFO]- "GET /static/css/register.css HTTP/1.1" 200 6263
[2022-03-05 23:55:30,102] [basehttp.py:161] [basehttp:log_message] [INFO]- "GET /static/css/gloab.css HTTP/1.1" 200 16102
[2022-03-05 23:55:30,105] [basehttp.py:161] [basehttp:log_message] [INFO]- "GET /static/css/bootstrap.min.css HTTP/1.1" 200 150007
[2022-03-05 23:55:30,126] [basehttp.py:161] [basehttp:log_message] [INFO]- "GET /static/js/registervue.js HTTP/1.1" 200 3057
[2022-03-05 23:55:30,127] [basehttp.py:161] [basehttp:log_message] [INFO]- "GET /static/js/register.js HTTP/1.1" 200 10963
[2022-03-05 23:55:30,130] [basehttp.py:161] [basehttp:log_message] [INFO]- "GET /static/js/axios.min.js HTTP/1.1" 200 30347
[2022-03-05 23:55:30,137] [basehttp.py:161] [basehttp:log_message] [INFO]- "GET /static/img/register/yzm1.jpg HTTP/1.1" 200 2399
[2022-03-05 23:55:30,139] [basehttp.py:161] [basehttp:log_message] [INFO]- "GET /static/img/aijai-error-1.png HTTP/1.1" 200 134043
[2022-03-05 23:55:30,140] [basehttp.py:161] [basehttp:log_message] [INFO]- "GET /static/js/jquery.min.js HTTP/1.1" 200 154528
[2022-03-05 23:55:30,142] [basehttp.py:161] [basehttp:log_message] [INFO]- "GET /static/js/vue.min.js HTTP/1.1" 200 167259
[2022-03-05 23:55:30,176] [basehttp.py:161] [basehttp:log_message] [INFO]- "GET /static/img/register/showPwd.png HTTP/1.1" 200 416
[2022-03-05 23:55:30,197] [basehttp.py:161] [basehttp:log_message] [INFO]- "GET /users/register/ HTTP/1.1" 200 19503
[2022-03-05 23:55:30,204] [basehttp.py:75] [basehttp:handle_error] [INFO]- - Broken pipe from ('127.0.0.1', 56484)

[2022-03-05 23:55:30,231] [basehttp.py:161] [basehttp:log_message] [INFO]- "GET /static/css/register.css HTTP/1.1" 200 6263
[2022-03-05 23:55:30,232] [basehttp.py:161] [basehttp:log_message] [INFO]- "GET /static/css/gloab.css HTTP/1.1" 200 16102
[2022-03-05 23:55:30,236] [basehttp.py:161] [basehttp:log_message] [INFO]- "GET /static/css/bootstrap.min.css HTTP/1.1" 200 150007
[2022-03-05 23:55:30,259] [basehttp.py:161] [basehttp:log_message] [INFO]- "GET /static/js/register.js HTTP/1.1" 200 10963
[2022-03-05 23:55:30,260] [basehttp.py:161] [basehttp:log_message] [INFO]- "GET /static/js/registervue.js HTTP/1.1" 200 3057
[2022-03-05 23:55:30,262] [basehttp.py:161] [basehttp:log_message] [INFO]- "GET /static/js/axios.min.js HTTP/1.1" 200 30347
[2022-03-05 23:55:30,269] [basehttp.py:161] [basehttp:log_message] [INFO]- "GET /static/img/register/yzm1.jpg HTTP/1.1" 200 2399
[2022-03-05 23:55:30,271] [basehttp.py:161] [basehttp:log_message] [INFO]- "GET /static/js/jquery.min.js HTTP/1.1" 200 154528
[2022-03-05 23:55:30,273] [basehttp.py:161] [basehttp:log_message] [INFO]- "GET /static/js/vue.min.js HTTP/1.1" 200 167259
[2022-03-05 23:55:30,275] [basehttp.py:161] [basehttp:log_message] [INFO]- "GET /static/img/aijai-error-1.png HTTP/1.1" 200 134043
[2022-03-05 23:55:30,303] [basehttp.py:161] [basehttp:log_message] [INFO]- "GET /static/img/register/showPwd.png HTTP/1.1" 200 416
[2022-03-05 23:55:30,407] [basehttp.py:161] [basehttp:log_message] [INFO]- "GET /static/fonts/%E6%80%9D%E6%BA%90%E5%AE%8B%E4%BD%93.ttf HTTP/1.1" 200 11772444
[2022-03-05 23:55:30,615] [basehttp.py:161] [basehttp:log_message] [INFO]- "GET /static/favicon.ico HTTP/1.1" 200 4286
[2022-03-05 23:55:30,624] [basehttp.py:161] [basehttp:log_message] [INFO]- "GET /users/register/ HTTP/1.1" 200 19503
[2022-03-05 23:55:30,654] [basehttp.py:161] [basehttp:log_message] [INFO]- "GET /static/css/register.css HTTP/1.1" 200 6263
[2022-03-05 23:55:30,654] [basehttp.py:161] [basehttp:log_message] [INFO]- "GET /static/css/gloab.css HTTP/1.1" 200 16102
[2022-03-05 23:55:30,656] [basehttp.py:161] [basehttp:log_message] [INFO]- "GET /static/css/bootstrap.min.css HTTP/1.1" 200 150007
[2022-03-05 23:55:30,680] [basehttp.py:161] [basehttp:log_message] [INFO]- "GET /static/js/registervue.js HTTP/1.1" 200 3057
[2022-03-05 23:55:30,681] [basehttp.py:161] [basehttp:log_message] [INFO]- "GET /static/js/register.js HTTP/1.1" 200 10963
[2022-03-05 23:55:30,685] [basehttp.py:161] [basehttp:log_message] [INFO]- "GET /static/js/axios.min.js HTTP/1.1" 200 30347
[2022-03-05 23:55:30,688] [basehttp.py:161] [basehttp:log_message] [INFO]- "GET /static/img/register/yzm1.jpg HTTP/1.1" 200 2399
[2022-03-05 23:55:30,690] [basehttp.py:161] [basehttp:log_message] [INFO]- "GET /static/js/jquery.min.js HTTP/1.1" 200 154528
[2022-03-05 23:55:30,692] [basehttp.py:161] [basehttp:log_message] [INFO]- "GET /static/js/vue.min.js HTTP/1.1" 200 167259
[2022-03-05 23:55:30,692] [basehttp.py:161] [basehttp:log_message] [INFO]- "GET /static/img/aijai-error-1.png HTTP/1.1" 200 134043
[2022-03-05 23:55:30,723] [basehttp.py:161] [basehttp:log_message] [INFO]- "GET /static/img/register/showPwd.png HTTP/1.1" 200 416
[2022-03-05 23:55:30,803] [basehttp.py:161] [basehttp:log_message] [INFO]- "GET /static/fonts/%E6%80%9D%E6%BA%90%E5%AE%8B%E4%BD%93.ttf HTTP/1.1" 200 11772444
[2022-03-05 23:55:45,437] [basehttp.py:161] [basehttp:log_message] [INFO]- "GET /users/register/ HTTP/1.1" 200 19503
[2022-03-05 23:55:45,470] [basehttp.py:161] [basehttp:log_message] [INFO]- "GET /static/css/register.css HTTP/1.1" 200 6263
[2022-03-05 23:55:45,470] [basehttp.py:161] [basehttp:log_message] [INFO]- "GET /static/css/gloab.css HTTP/1.1" 200 16102
[2022-03-05 23:55:45,473] [basehttp.py:161] [basehttp:log_message] [INFO]- "GET /static/css/bootstrap.min.css HTTP/1.1" 200 150007
[2022-03-05 23:55:45,536] [basehttp.py:161] [basehttp:log_message] [INFO]- "GET /static/js/registervue.js HTTP/1.1" 200 3057
[2022-03-05 23:55:45,537] [basehttp.py:161] [basehttp:log_message] [INFO]- "GET /static/js/register.js HTTP/1.1" 200 10963
[2022-03-05 23:55:45,538] [basehttp.py:161] [basehttp:log_message] [INFO]- "GET /static/js/axios.min.js HTTP/1.1" 200 30347
[2022-03-05 23:55:45,542] [basehttp.py:161] [basehttp:log_message] [INFO]- "GET /static/img/aijai-error-1.png HTTP/1.1" 200 134043
[2022-03-05 23:55:45,545] [basehttp.py:161] [basehttp:log_message] [INFO]- "GET /static/js/vue.min.js HTTP/1.1" 200 167259
[2022-03-05 23:55:45,547] [basehttp.py:161] [basehttp:log_message] [INFO]- "GET /static/img/register/yzm1.jpg HTTP/1.1" 200 2399
[2022-03-05 23:55:45,547] [basehttp.py:161] [basehttp:log_message] [INFO]- "GET /static/js/jquery.min.js HTTP/1.1" 200 154528
[2022-03-05 23:55:45,602] [basehttp.py:161] [basehttp:log_message] [INFO]- "GET /static/img/register/showPwd.png HTTP/1.1" 200 416
[2022-03-05 23:55:45,627] [basehttp.py:161] [basehttp:log_message] [INFO]- "GET /users/register/ HTTP/1.1" 200 19503
[2022-03-05 23:55:45,634] [basehttp.py:75] [basehttp:handle_error] [INFO]- - Broken pipe from ('127.0.0.1', 56486)

[2022-03-05 23:55:45,664] [basehttp.py:161] [basehttp:log_message] [INFO]- "GET /static/css/register.css HTTP/1.1" 200 6263
[2022-03-05 23:55:45,664] [basehttp.py:161] [basehttp:log_message] [INFO]- "GET /static/css/gloab.css HTTP/1.1" 200 16102
[2022-03-05 23:55:45,668] [basehttp.py:161] [basehttp:log_message] [INFO]- "GET /static/css/bootstrap.min.css HTTP/1.1" 200 150007
[2022-03-05 23:55:45,690] [basehttp.py:161] [basehttp:log_message] [INFO]- "GET /static/js/register.js HTTP/1.1" 200 10963
[2022-03-05 23:55:45,691] [basehttp.py:161] [basehttp:log_message] [INFO]- "GET /static/js/registervue.js HTTP/1.1" 200 3057
[2022-03-05 23:55:45,692] [basehttp.py:161] [basehttp:log_message] [INFO]- "GET /static/js/axios.min.js HTTP/1.1" 200 30347
[2022-03-05 23:55:45,695] [basehttp.py:161] [basehttp:log_message] [INFO]- "GET /static/js/jquery.min.js HTTP/1.1" 200 154528
[2022-03-05 23:55:45,698] [basehttp.py:161] [basehttp:log_message] [INFO]- "GET /static/js/vue.min.js HTTP/1.1" 200 167259
[2022-03-05 23:55:45,702] [basehttp.py:161] [basehttp:log_message] [INFO]- "GET /static/img/register/yzm1.jpg HTTP/1.1" 200 2399
[2022-03-05 23:55:45,704] [basehttp.py:161] [basehttp:log_message] [INFO]- "GET /static/img/aijai-error-1.png HTTP/1.1" 200 134043
[2022-03-05 23:55:45,736] [basehttp.py:161] [basehttp:log_message] [INFO]- "GET /static/img/register/showPwd.png HTTP/1.1" 200 416
[2022-03-05 23:55:45,829] [basehttp.py:161] [basehttp:log_message] [INFO]- "GET /static/fonts/%E6%80%9D%E6%BA%90%E5%AE%8B%E4%BD%93.ttf HTTP/1.1" 200 11772444
[2022-03-05 23:55:46,023] [basehttp.py:161] [basehttp:log_message] [INFO]- "GET /static/favicon.ico HTTP/1.1" 200 4286
[2022-03-05 23:56:27,980] [basehttp.py:161] [basehttp:log_message] [INFO]- "GET /users/register/ HTTP/1.1" 200 19503
[2022-03-05 23:56:28,021] [basehttp.py:161] [basehttp:log_message] [INFO]- "GET /static/css/gloab.css HTTP/1.1" 200 16102
[2022-03-05 23:56:28,022] [basehttp.py:161] [basehttp:log_message] [INFO]- "GET /static/css/register.css HTTP/1.1" 200 6263
[2022-03-05 23:56:28,024] [basehttp.py:161] [basehttp:log_message] [INFO]- "GET /static/css/bootstrap.min.css HTTP/1.1" 200 150007
[2022-03-05 23:56:28,094] [basehttp.py:161] [basehttp:log_message] [INFO]- "GET /static/js/registervue.js HTTP/1.1" 200 3057
[2022-03-05 23:56:28,095] [basehttp.py:161] [basehttp:log_message] [INFO]- "GET /static/js/register.js HTTP/1.1" 200 10963
[2022-03-05 23:56:28,101] [basehttp.py:161] [basehttp:log_message] [INFO]- "GET /static/js/axios.min.js HTTP/1.1" 200 30347
[2022-03-05 23:56:28,105] [basehttp.py:161] [basehttp:log_message] [INFO]- "GET /static/img/register/yzm1.jpg HTTP/1.1" 200 2399
[2022-03-05 23:56:28,105] [basehttp.py:161] [basehttp:log_message] [INFO]- "GET /static/js/jquery.min.js HTTP/1.1" 200 154528
[2022-03-05 23:56:28,107] [basehttp.py:161] [basehttp:log_message] [INFO]- "GET /static/img/aijai-error-1.png HTTP/1.1" 200 134043
[2022-03-05 23:56:28,110] [basehttp.py:161] [basehttp:log_message] [INFO]- "GET /static/js/vue.min.js HTTP/1.1" 200 167259
[2022-03-05 23:56:28,214] [basehttp.py:161] [basehttp:log_message] [INFO]- "GET /static/img/register/showPwd.png HTTP/1.1" 200 416
[2022-03-05 23:56:28,374] [basehttp.py:161] [basehttp:log_message] [INFO]- "GET /static/fonts/%E6%80%9D%E6%BA%90%E5%AE%8B%E4%BD%93.ttf HTTP/1.1" 200 11772444
[2022-03-05 23:56:28,621] [basehttp.py:161] [basehttp:log_message] [INFO]- "GET /static/favicon.ico HTTP/1.1" 200 4286
[2022-03-05 23:57:35,514] [basehttp.py:161] [basehttp:log_message] [INFO]- "GET /users/register/ HTTP/1.1" 200 19503
[2022-03-05 23:57:36,213] [basehttp.py:161] [basehttp:log_message] [INFO]- "GET /users/register/ HTTP/1.1" 200 19503
[2022-03-05 23:57:47,126] [basehttp.py:161] [basehttp:log_message] [INFO]- "GET /users/register/ HTTP/1.1" 200 19503
[2022-03-05 23:57:47,162] [basehttp.py:161] [basehttp:log_message] [INFO]- "GET /static/css/gloab.css HTTP/1.1" 200 16102
[2022-03-05 23:57:47,162] [basehttp.py:161] [basehttp:log_message] [INFO]- "GET /static/css/register.css HTTP/1.1" 200 6263
[2022-03-05 23:57:47,166] [basehttp.py:161] [basehttp:log_message] [INFO]- "GET /static/css/bootstrap.min.css HTTP/1.1" 200 150007
[2022-03-05 23:57:47,253] [basehttp.py:161] [basehttp:log_message] [INFO]- "GET /static/js/registervue.js HTTP/1.1" 200 3057
[2022-03-05 23:57:47,254] [basehttp.py:161] [basehttp:log_message] [INFO]- "GET /static/js/register.js HTTP/1.1" 200 10963
[2022-03-05 23:57:47,257] [basehttp.py:161] [basehttp:log_message] [INFO]- "GET /static/js/axios.min.js HTTP/1.1" 200 30347
[2022-03-05 23:57:47,259] [basehttp.py:161] [basehttp:log_message] [INFO]- "GET /static/img/aijai-error-1.png HTTP/1.1" 200 134043
[2022-03-05 23:57:47,262] [basehttp.py:161] [basehttp:log_message] [INFO]- "GET /static/js/vue.min.js HTTP/1.1" 200 167259
[2022-03-05 23:57:47,262] [basehttp.py:161] [basehttp:log_message] [INFO]- "GET /static/js/jquery.min.js HTTP/1.1" 200 154528
[2022-03-05 23:57:47,267] [basehttp.py:161] [basehttp:log_message] [INFO]- "GET /static/img/register/yzm1.jpg HTTP/1.1" 200 2399
[2022-03-05 23:57:47,363] [basehttp.py:161] [basehttp:log_message] [INFO]- "GET /static/img/register/showPwd.png HTTP/1.1" 200 416
[2022-03-05 23:57:47,515] [basehttp.py:161] [basehttp:log_message] [INFO]- "GET /static/fonts/%E6%80%9D%E6%BA%90%E5%AE%8B%E4%BD%93.ttf HTTP/1.1" 200 11772444
[2022-03-05 23:57:47,803] [basehttp.py:161] [basehttp:log_message] [INFO]- "GET /static/favicon.ico HTTP/1.1" 200 4286
[2022-03-06 00:01:08,214] [basehttp.py:161] [basehttp:log_message] [INFO]- "GET /users/register/ HTTP/1.1" 200 19503
[2022-03-06 00:01:09,180] [basehttp.py:161] [basehttp:log_message] [INFO]- "GET /users/register/ HTTP/1.1" 200 19503
