[2022-03-01 00:03:37,184] [autoreload.py:637] [autoreload:run_with_reloader] [INFO]- Watching for file changes with StatReloader
[2022-03-01 00:06:05,291] [autoreload.py:251] [autoreload:trigger_reload] [INFO]- D:\Django_aijia\my_aijia\my_aijia\apps\users\views.py changed, reloading.
[2022-03-01 00:06:06,286] [autoreload.py:637] [autoreload:run_with_reloader] [INFO]- Watching for file changes with StatReloader
[2022-03-01 00:06:08,780] [basehttp.py:161] [basehttp:log_message] [INFO]- "GET /users/login/ HTTP/1.1" 200 3974
[2022-03-01 00:06:08,811] [basehttp.py:161] [basehttp:log_message] [INFO]- "GET /static/img/logo.png HTTP/1.1" 200 4832
[2022-03-01 00:06:08,811] [basehttp.py:161] [basehttp:log_message] [INFO]- "GET /static/css/login.css HTTP/1.1" 200 3263
[2022-03-01 00:06:08,869] [basehttp.py:161] [basehttp:log_message] [INFO]- "GET /static/js/login/gVerify.js HTTP/1.1" 200 4451
[2022-03-01 00:06:08,871] [basehttp.py:161] [basehttp:log_message] [INFO]- "GET /static/js/bootstrap.min.js HTTP/1.1" 200 39680
[2022-03-01 00:06:08,872] [basehttp.py:161] [basehttp:log_message] [INFO]- "GET /static/img/login/hy.png HTTP/1.1" 200 1582
[2022-03-01 00:06:08,874] [basehttp.py:161] [basehttp:log_message] [INFO]- "GET /static/js/login/layer-v3.5.1/layer.js HTTP/1.1" 200 36155
[2022-03-01 00:06:08,877] [basehttp.py:161] [basehttp:log_message] [INFO]- "GET /static/img/login/suo.png HTTP/1.1" 200 1278
[2022-03-01 00:06:08,882] [basehttp.py:161] [basehttp:log_message] [INFO]- "GET /static/img/login/bg2.jpg HTTP/1.1" 200 26904
[2022-03-01 00:06:08,883] [basehttp.py:161] [basehttp:log_message] [INFO]- "GET /static/img/login/bg1.jpg HTTP/1.1" 200 40291
[2022-03-01 00:06:08,884] [basehttp.py:161] [basehttp:log_message] [INFO]- "GET /static/js/jquery.min.js HTTP/1.1" 200 154528
[2022-03-01 00:06:08,908] [basehttp.py:161] [basehttp:log_message] [INFO]- "GET /static/js/login/layer-v3.5.1/theme/default/layer.css?v=3.5.1 HTTP/1.1" 200 14271
[2022-03-01 00:06:08,925] [basehttp.py:161] [basehttp:log_message] [INFO]- "GET /static/favicon.ico HTTP/1.1" 200 4286
[2022-03-01 00:06:12,200] [base.py:103] [base:http_method_not_allowed] [WARNING]- Method Not Allowed (GET): /users/forgot_pwd/
[2022-03-01 00:06:12,202] [log.py:230] [log:log_response] [WARNING]- Method Not Allowed: /users/forgot_pwd/
[2022-03-01 00:06:12,204] [basehttp.py:161] [basehttp:log_message] [WARNING]- "GET /users/forgot_pwd/ HTTP/1.1" 405 0
[2022-03-01 00:06:20,471] [basehttp.py:161] [basehttp:log_message] [INFO]- "GET /users/register/ HTTP/1.1" 200 20427
[2022-03-01 00:06:22,140] [basehttp.py:161] [basehttp:log_message] [INFO]- "GET /users/login/ HTTP/1.1" 200 3974
[2022-03-01 00:06:26,385] [base.py:103] [base:http_method_not_allowed] [WARNING]- Method Not Allowed (GET): /users/forgot_pwd/
[2022-03-01 00:06:26,387] [log.py:230] [log:log_response] [WARNING]- Method Not Allowed: /users/forgot_pwd/
[2022-03-01 00:06:26,392] [basehttp.py:161] [basehttp:log_message] [WARNING]- "GET /users/forgot_pwd/ HTTP/1.1" 405 0
[2022-03-01 00:08:15,432] [autoreload.py:251] [autoreload:trigger_reload] [INFO]- D:\Django_aijia\my_aijia\my_aijia\apps\users\urls.py changed, reloading.
[2022-03-01 00:08:16,501] [autoreload.py:637] [autoreload:run_with_reloader] [INFO]- Watching for file changes with StatReloader
[2022-03-01 00:08:26,821] [basehttp.py:161] [basehttp:log_message] [INFO]- "GET /users/login/ HTTP/1.1" 200 3974
[2022-03-01 00:08:29,558] [base.py:103] [base:http_method_not_allowed] [WARNING]- Method Not Allowed (GET): /users/forgot_pwd/
[2022-03-01 00:08:29,559] [log.py:230] [log:log_response] [WARNING]- Method Not Allowed: /users/forgot_pwd/
[2022-03-01 00:08:29,561] [basehttp.py:161] [basehttp:log_message] [WARNING]- "GET /users/forgot_pwd/ HTTP/1.1" 405 0
[2022-03-01 00:08:35,333] [basehttp.py:161] [basehttp:log_message] [INFO]- "GET /users/login/ HTTP/1.1" 200 3974
[2022-03-01 00:08:35,372] [basehttp.py:161] [basehttp:log_message] [INFO]- "GET /static/css/login.css HTTP/1.1" 200 3263
[2022-03-01 00:08:35,373] [basehttp.py:161] [basehttp:log_message] [INFO]- "GET /static/img/logo.png HTTP/1.1" 200 4832
[2022-03-01 00:08:35,395] [basehttp.py:161] [basehttp:log_message] [INFO]- "GET /static/js/bootstrap.min.js HTTP/1.1" 200 39680
[2022-03-01 00:08:35,400] [basehttp.py:161] [basehttp:log_message] [INFO]- "GET /static/js/login/gVerify.js HTTP/1.1" 200 4451
[2022-03-01 00:08:35,401] [basehttp.py:161] [basehttp:log_message] [INFO]- "GET /static/img/login/hy.png HTTP/1.1" 200 1582
[2022-03-01 00:08:35,405] [basehttp.py:161] [basehttp:log_message] [INFO]- "GET /static/img/login/suo.png HTTP/1.1" 200 1278
[2022-03-01 00:08:35,408] [basehttp.py:161] [basehttp:log_message] [INFO]- "GET /static/img/login/bg1.jpg HTTP/1.1" 200 40291
[2022-03-01 00:08:35,408] [basehttp.py:161] [basehttp:log_message] [INFO]- "GET /static/js/login/layer-v3.5.1/layer.js HTTP/1.1" 200 36155
[2022-03-01 00:08:35,410] [basehttp.py:161] [basehttp:log_message] [INFO]- "GET /static/img/login/bg2.jpg HTTP/1.1" 200 26904
[2022-03-01 00:08:35,411] [basehttp.py:161] [basehttp:log_message] [INFO]- "GET /static/js/jquery.min.js HTTP/1.1" 200 154528
[2022-03-01 00:08:35,435] [basehttp.py:161] [basehttp:log_message] [INFO]- "GET /static/js/login/layer-v3.5.1/theme/default/layer.css?v=3.5.1 HTTP/1.1" 200 14271
[2022-03-01 00:08:35,456] [basehttp.py:161] [basehttp:log_message] [INFO]- "GET /static/favicon.ico HTTP/1.1" 200 4286
[2022-03-01 00:08:36,175] [basehttp.py:161] [basehttp:log_message] [INFO]- "GET /users/login/ HTTP/1.1" 200 3974
[2022-03-01 00:08:36,214] [basehttp.py:161] [basehttp:log_message] [INFO]- "GET /static/css/login.css HTTP/1.1" 200 3263
[2022-03-01 00:08:36,214] [basehttp.py:161] [basehttp:log_message] [INFO]- "GET /static/img/logo.png HTTP/1.1" 200 4832
[2022-03-01 00:08:36,234] [basehttp.py:161] [basehttp:log_message] [INFO]- "GET /static/js/bootstrap.min.js HTTP/1.1" 200 39680
[2022-03-01 00:08:36,240] [basehttp.py:161] [basehttp:log_message] [INFO]- "GET /static/js/login/gVerify.js HTTP/1.1" 200 4451
[2022-03-01 00:08:36,246] [basehttp.py:161] [basehttp:log_message] [INFO]- "GET /static/img/login/suo.png HTTP/1.1" 200 1278
[2022-03-01 00:08:36,246] [basehttp.py:161] [basehttp:log_message] [INFO]- "GET /static/img/login/hy.png HTTP/1.1" 200 1582
[2022-03-01 00:08:36,250] [basehttp.py:161] [basehttp:log_message] [INFO]- "GET /static/js/login/layer-v3.5.1/layer.js HTTP/1.1" 200 36155
[2022-03-01 00:08:36,251] [basehttp.py:161] [basehttp:log_message] [INFO]- "GET /static/js/jquery.min.js HTTP/1.1" 200 154528
[2022-03-01 00:08:36,252] [basehttp.py:161] [basehttp:log_message] [INFO]- "GET /static/img/login/bg1.jpg HTTP/1.1" 200 40291
[2022-03-01 00:08:36,253] [basehttp.py:161] [basehttp:log_message] [INFO]- "GET /static/img/login/bg2.jpg HTTP/1.1" 200 26904
[2022-03-01 00:08:36,274] [basehttp.py:161] [basehttp:log_message] [INFO]- "GET /static/js/login/layer-v3.5.1/theme/default/layer.css?v=3.5.1 HTTP/1.1" 200 14271
[2022-03-01 00:08:36,334] [basehttp.py:161] [basehttp:log_message] [INFO]- "GET /users/login/ HTTP/1.1" 200 3974
[2022-03-01 00:08:36,335] [basehttp.py:161] [basehttp:log_message] [INFO]- "GET /static/favicon.ico HTTP/1.1" 200 4286
[2022-03-01 00:08:36,381] [basehttp.py:161] [basehttp:log_message] [INFO]- "GET /static/css/login.css HTTP/1.1" 200 3263
[2022-03-01 00:08:36,381] [basehttp.py:161] [basehttp:log_message] [INFO]- "GET /static/img/logo.png HTTP/1.1" 200 4832
[2022-03-01 00:08:36,398] [basehttp.py:161] [basehttp:log_message] [INFO]- "GET /static/js/bootstrap.min.js HTTP/1.1" 200 39680
[2022-03-01 00:08:36,398] [basehttp.py:161] [basehttp:log_message] [INFO]- "GET /static/img/login/suo.png HTTP/1.1" 200 1278
[2022-03-01 00:08:36,400] [basehttp.py:161] [basehttp:log_message] [INFO]- "GET /static/js/login/gVerify.js HTTP/1.1" 200 4451
[2022-03-01 00:08:36,401] [basehttp.py:161] [basehttp:log_message] [INFO]- "GET /static/img/login/hy.png HTTP/1.1" 200 1582
[2022-03-01 00:08:36,403] [basehttp.py:161] [basehttp:log_message] [INFO]- "GET /static/js/login/layer-v3.5.1/layer.js HTTP/1.1" 200 36155
[2022-03-01 00:08:36,410] [basehttp.py:161] [basehttp:log_message] [INFO]- "GET /static/img/login/bg2.jpg HTTP/1.1" 200 26904
[2022-03-01 00:08:36,410] [basehttp.py:161] [basehttp:log_message] [INFO]- "GET /static/img/login/bg1.jpg HTTP/1.1" 200 40291
[2022-03-01 00:08:36,412] [basehttp.py:161] [basehttp:log_message] [INFO]- "GET /static/js/jquery.min.js HTTP/1.1" 200 154528
[2022-03-01 00:08:36,435] [basehttp.py:161] [basehttp:log_message] [INFO]- "GET /static/js/login/layer-v3.5.1/theme/default/layer.css?v=3.5.1 HTTP/1.1" 200 14271
[2022-03-01 00:08:36,491] [basehttp.py:161] [basehttp:log_message] [INFO]- "GET /static/favicon.ico HTTP/1.1" 200 4286
[2022-03-01 00:08:36,545] [basehttp.py:161] [basehttp:log_message] [INFO]- "GET /users/login/ HTTP/1.1" 200 3974
[2022-03-01 00:08:36,622] [basehttp.py:161] [basehttp:log_message] [INFO]- "GET /static/css/login.css HTTP/1.1" 200 3263
[2022-03-01 00:08:36,623] [basehttp.py:161] [basehttp:log_message] [INFO]- "GET /static/img/logo.png HTTP/1.1" 200 4832
[2022-03-01 00:08:36,671] [basehttp.py:161] [basehttp:log_message] [INFO]- "GET /static/js/bootstrap.min.js HTTP/1.1" 200 39680
[2022-03-01 00:08:36,675] [basehttp.py:161] [basehttp:log_message] [INFO]- "GET /static/img/login/suo.png HTTP/1.1" 200 1278
[2022-03-01 00:08:36,675] [basehttp.py:161] [basehttp:log_message] [INFO]- "GET /static/img/login/hy.png HTTP/1.1" 200 1582
[2022-03-01 00:08:36,679] [basehttp.py:161] [basehttp:log_message] [INFO]- "GET /static/js/login/gVerify.js HTTP/1.1" 200 4451
[2022-03-01 00:08:36,684] [basehttp.py:161] [basehttp:log_message] [INFO]- "GET /static/js/login/layer-v3.5.1/layer.js HTTP/1.1" 200 36155
[2022-03-01 00:08:36,686] [basehttp.py:161] [basehttp:log_message] [INFO]- "GET /static/img/login/bg2.jpg HTTP/1.1" 200 26904
[2022-03-01 00:08:36,686] [basehttp.py:161] [basehttp:log_message] [INFO]- "GET /static/img/login/bg1.jpg HTTP/1.1" 200 40291
[2022-03-01 00:08:36,687] [basehttp.py:161] [basehttp:log_message] [INFO]- "GET /static/js/jquery.min.js HTTP/1.1" 200 154528
[2022-03-01 00:08:36,709] [basehttp.py:161] [basehttp:log_message] [INFO]- "GET /static/js/login/layer-v3.5.1/theme/default/layer.css?v=3.5.1 HTTP/1.1" 200 14271
[2022-03-01 00:08:39,213] [base.py:103] [base:http_method_not_allowed] [WARNING]- Method Not Allowed (GET): /users/forgot_pwd/
[2022-03-01 00:08:39,215] [log.py:230] [log:log_response] [WARNING]- Method Not Allowed: /users/forgot_pwd/
[2022-03-01 00:08:39,216] [basehttp.py:161] [basehttp:log_message] [WARNING]- "GET /users/forgot_pwd/ HTTP/1.1" 405 0
[2022-03-01 00:12:54,944] [autoreload.py:251] [autoreload:trigger_reload] [INFO]- D:\Django_aijia\my_aijia\my_aijia\apps\users\views.py changed, reloading.
[2022-03-01 00:12:55,935] [autoreload.py:637] [autoreload:run_with_reloader] [INFO]- Watching for file changes with StatReloader
[2022-03-01 00:12:57,723] [base.py:103] [base:http_method_not_allowed] [WARNING]- Method Not Allowed (GET): /users/forgot_pwd/
[2022-03-01 00:12:57,724] [log.py:230] [log:log_response] [WARNING]- Method Not Allowed: /users/forgot_pwd/
[2022-03-01 00:12:57,725] [basehttp.py:161] [basehttp:log_message] [WARNING]- "GET /users/forgot_pwd/ HTTP/1.1" 405 0
[2022-03-01 00:12:58,976] [base.py:103] [base:http_method_not_allowed] [WARNING]- Method Not Allowed (GET): /users/forgot_pwd/
[2022-03-01 00:12:58,978] [log.py:230] [log:log_response] [WARNING]- Method Not Allowed: /users/forgot_pwd/
[2022-03-01 00:12:58,979] [basehttp.py:161] [basehttp:log_message] [WARNING]- "GET /users/forgot_pwd/ HTTP/1.1" 405 0
[2022-03-01 00:13:04,781] [base.py:103] [base:http_method_not_allowed] [WARNING]- Method Not Allowed (GET): /users/forgot_pwd/
[2022-03-01 00:13:04,782] [log.py:230] [log:log_response] [WARNING]- Method Not Allowed: /users/forgot_pwd/
[2022-03-01 00:13:04,783] [basehttp.py:161] [basehttp:log_message] [WARNING]- "GET /users/forgot_pwd/ HTTP/1.1" 405 0
[2022-03-01 00:13:52,204] [base.py:103] [base:http_method_not_allowed] [WARNING]- Method Not Allowed (GET): /users/forgot_pwd/
[2022-03-01 00:13:52,206] [log.py:230] [log:log_response] [WARNING]- Method Not Allowed: /users/forgot_pwd/
[2022-03-01 00:13:52,207] [basehttp.py:161] [basehttp:log_message] [WARNING]- "GET /users/forgot_pwd/ HTTP/1.1" 405 0
[2022-03-01 00:14:30,612] [log.py:230] [log:log_response] [WARNING]- Not Found: /
[2022-03-01 00:14:30,613] [basehttp.py:161] [basehttp:log_message] [WARNING]- "GET / HTTP/1.1" 404 2334
[2022-03-01 00:14:30,770] [log.py:230] [log:log_response] [WARNING]- Not Found: /favicon.ico
[2022-03-01 00:14:30,772] [basehttp.py:161] [basehttp:log_message] [WARNING]- "GET /favicon.ico HTTP/1.1" 404 2385
[2022-03-01 00:14:39,101] [basehttp.py:161] [basehttp:log_message] [INFO]- "GET /users/register/ HTTP/1.1" 200 20427
[2022-03-01 00:14:39,129] [basehttp.py:161] [basehttp:log_message] [INFO]- "GET /static/img/register/yzm1.jpg HTTP/1.1" 200 2399
[2022-03-01 00:14:39,129] [basehttp.py:161] [basehttp:log_message] [INFO]- "GET /static/css/register.css HTTP/1.1" 200 6224
[2022-03-01 00:14:39,130] [basehttp.py:161] [basehttp:log_message] [INFO]- "GET /static/css/gloab.css HTTP/1.1" 200 16102
[2022-03-01 00:14:39,132] [basehttp.py:161] [basehttp:log_message] [INFO]- "GET /static/js/register.js HTTP/1.1" 200 10854
[2022-03-01 00:14:39,135] [basehttp.py:161] [basehttp:log_message] [INFO]- "GET /static/css/bootstrap.min.css HTTP/1.1" 200 150049
[2022-03-01 00:14:39,136] [basehttp.py:161] [basehttp:log_message] [INFO]- "GET /static/js/jquery.min.js HTTP/1.1" 200 154528
[2022-03-01 00:14:55,819] [base.py:103] [base:http_method_not_allowed] [WARNING]- Method Not Allowed (GET): /users/forgot_pwd/
[2022-03-01 00:14:55,820] [log.py:230] [log:log_response] [WARNING]- Method Not Allowed: /users/forgot_pwd/
[2022-03-01 00:14:55,822] [basehttp.py:161] [basehttp:log_message] [WARNING]- "GET /users/forgot_pwd/ HTTP/1.1" 405 0
[2022-03-01 00:15:45,611] [autoreload.py:251] [autoreload:trigger_reload] [INFO]- D:\Django_aijia\my_aijia\my_aijia\apps\users\views.py changed, reloading.
[2022-03-01 00:15:46,589] [autoreload.py:637] [autoreload:run_with_reloader] [INFO]- Watching for file changes with StatReloader
[2022-03-01 00:15:47,155] [basehttp.py:161] [basehttp:log_message] [INFO]- "GET /users/forgot_pwd/ HTTP/1.1" 200 6846
[2022-03-01 00:15:47,201] [basehttp.py:161] [basehttp:log_message] [INFO]- "GET /static/css/base.css HTTP/1.1" 200 1609
[2022-03-01 00:15:47,202] [basehttp.py:161] [basehttp:log_message] [INFO]- "GET /static/css/common.css HTTP/1.1" 200 7892
[2022-03-01 00:15:47,204] [basehttp.py:161] [basehttp:log_message] [INFO]- "GET /static/css/forget_password.css HTTP/1.1" 200 6408
[2022-03-01 00:15:47,270] [basehttp.py:161] [basehttp:log_message] [INFO]- "GET /static/img/logo.png HTTP/1.1" 200 4832
[2022-03-01 00:15:47,274] [basehttp.py:161] [basehttp:log_message] [WARNING]- "GET /static/js/login.js HTTP/1.1" 404 1792
[2022-03-01 00:15:49,705] [basehttp.py:161] [basehttp:log_message] [INFO]- "GET /static/fonts/fonts/icomoon.woff?rretjt HTTP/1.1" 200 1452
[2022-03-01 00:15:50,130] [basehttp.py:161] [basehttp:log_message] [INFO]- "GET /static/fonts/icomoon.ttf?7kkyc2 HTTP/1.1" 200 13336
[2022-03-01 00:15:50,432] [basehttp.py:161] [basehttp:log_message] [WARNING]- "GET /static/js/login.js HTTP/1.1" 404 1792
[2022-03-01 00:15:54,427] [basehttp.py:161] [basehttp:log_message] [INFO]- "GET /static/favicon.ico HTTP/1.1" 200 4286
[2022-03-01 00:16:03,562] [basehttp.py:161] [basehttp:log_message] [INFO]- "GET /users/forgot_pwd/ HTTP/1.1" 200 6846
[2022-03-01 00:16:03,625] [basehttp.py:161] [basehttp:log_message] [WARNING]- "GET /static/js/login.js HTTP/1.1" 404 1792
[2022-03-01 00:16:03,644] [basehttp.py:161] [basehttp:log_message] [WARNING]- "GET /static/js/login.js HTTP/1.1" 404 1792
[2022-03-01 00:16:04,817] [basehttp.py:161] [basehttp:log_message] [INFO]- "GET /users/forgot_pwd/ HTTP/1.1" 200 6846
[2022-03-01 00:16:04,856] [basehttp.py:161] [basehttp:log_message] [WARNING]- "GET /static/js/login.js HTTP/1.1" 404 1792
[2022-03-01 00:16:04,883] [basehttp.py:161] [basehttp:log_message] [WARNING]- "GET /static/js/login.js HTTP/1.1" 404 1792
[2022-03-01 00:16:05,642] [basehttp.py:161] [basehttp:log_message] [INFO]- "GET /users/forgot_pwd/ HTTP/1.1" 200 6846
[2022-03-01 00:16:05,687] [basehttp.py:161] [basehttp:log_message] [WARNING]- "GET /static/js/login.js HTTP/1.1" 404 1792
[2022-03-01 00:16:05,716] [basehttp.py:161] [basehttp:log_message] [WARNING]- "GET /static/js/login.js HTTP/1.1" 404 1792
[2022-03-01 00:16:06,987] [basehttp.py:161] [basehttp:log_message] [INFO]- "GET /static/img/register/showPwd.png HTTP/1.1" 200 416
[2022-03-01 00:16:07,091] [basehttp.py:161] [basehttp:log_message] [INFO]- "GET /static/fonts/%E6%80%9D%E6%BA%90%E5%AE%8B%E4%BD%93.ttf HTTP/1.1" 200 11772444
[2022-03-01 00:16:08,825] [basehttp.py:161] [basehttp:log_message] [INFO]- "GET /users/login/ HTTP/1.1" 200 3974
[2022-03-01 00:16:08,874] [basehttp.py:161] [basehttp:log_message] [INFO]- "GET /static/css/login.css HTTP/1.1" 200 3263
[2022-03-01 00:16:08,875] [basehttp.py:161] [basehttp:log_message] [INFO]- "GET /static/img/login/hy.png HTTP/1.1" 200 1582
[2022-03-01 00:16:08,903] [basehttp.py:161] [basehttp:log_message] [INFO]- "GET /static/js/login/gVerify.js HTTP/1.1" 200 4451
[2022-03-01 00:16:08,905] [basehttp.py:161] [basehttp:log_message] [INFO]- "GET /static/js/bootstrap.min.js HTTP/1.1" 200 39680
[2022-03-01 00:16:08,908] [basehttp.py:161] [basehttp:log_message] [INFO]- "GET /static/img/login/suo.png HTTP/1.1" 200 1278
[2022-03-01 00:16:08,912] [basehttp.py:161] [basehttp:log_message] [INFO]- "GET /static/js/login/layer-v3.5.1/layer.js HTTP/1.1" 200 36155
[2022-03-01 00:16:08,913] [basehttp.py:161] [basehttp:log_message] [INFO]- "GET /static/img/login/bg1.jpg HTTP/1.1" 200 40291
[2022-03-01 00:16:08,916] [basehttp.py:161] [basehttp:log_message] [INFO]- "GET /static/img/login/bg2.jpg HTTP/1.1" 200 26904
[2022-03-01 00:16:08,923] [basehttp.py:161] [basehttp:log_message] [INFO]- "GET /static/js/login/layer-v3.5.1/theme/default/layer.css?v=3.5.1 HTTP/1.1" 200 14271
[2022-03-01 00:16:10,415] [basehttp.py:161] [basehttp:log_message] [INFO]- "GET /users/register/ HTTP/1.1" 200 20427
[2022-03-01 00:16:11,723] [basehttp.py:161] [basehttp:log_message] [INFO]- "GET /users/login/ HTTP/1.1" 200 3974
[2022-03-01 00:16:15,207] [basehttp.py:161] [basehttp:log_message] [INFO]- "GET /users/forgot_pwd/ HTTP/1.1" 200 6846
[2022-03-01 00:16:15,266] [basehttp.py:161] [basehttp:log_message] [WARNING]- "GET /static/js/login.js HTTP/1.1" 404 1792
