[2022-02-26 22:35:12,188] [autoreload.py:637] [autoreload:run_with_reloader] [INFO]- Watching for file changes with StatReloader
[2022-02-26 22:36:54,744] [log.py:230] [log:log_response] [WARNING]- Not Found: /
[2022-02-26 22:36:54,746] [basehttp.py:161] [basehttp:log_message] [WARNING]- "GET / HTTP/1.1" 404 2167
[2022-02-26 22:36:56,871] [log.py:230] [log:log_response] [WARNING]- Not Found: /
[2022-02-26 22:36:56,873] [basehttp.py:161] [basehttp:log_message] [WARNING]- "GET / HTTP/1.1" 404 2167
[2022-02-26 22:36:57,664] [log.py:230] [log:log_response] [WARNING]- Not Found: /
[2022-02-26 22:36:57,665] [basehttp.py:161] [basehttp:log_message] [WARNING]- "GET / HTTP/1.1" 404 2167
[2022-02-26 22:36:58,507] [log.py:230] [log:log_response] [WARNING]- Not Found: /
[2022-02-26 22:36:58,510] [basehttp.py:161] [basehttp:log_message] [WARNING]- "GET / HTTP/1.1" 404 2167
[2022-02-26 22:36:59,116] [log.py:230] [log:log_response] [WARNING]- Not Found: /
[2022-02-26 22:36:59,118] [basehttp.py:161] [basehttp:log_message] [WARNING]- "GET / HTTP/1.1" 404 2167
[2022-02-26 22:36:59,724] [log.py:230] [log:log_response] [WARNING]- Not Found: /
[2022-02-26 22:36:59,726] [basehttp.py:161] [basehttp:log_message] [WARNING]- "GET / HTTP/1.1" 404 2167
[2022-02-26 22:37:03,372] [log.py:230] [log:log_response] [WARNING]- Not Found: /
[2022-02-26 22:37:03,374] [basehttp.py:161] [basehttp:log_message] [WARNING]- "GET / HTTP/1.1" 404 2167
[2022-02-26 22:37:16,782] [log.py:230] [log:log_response] [WARNING]- Not Found: /
[2022-02-26 22:37:16,784] [basehttp.py:161] [basehttp:log_message] [WARNING]- "GET / HTTP/1.1" 404 2167
[2022-02-26 22:37:23,363] [basehttp.py:161] [basehttp:log_message] [INFO]- "GET /users/register/ HTTP/1.1" 200 18669
[2022-02-26 22:40:58,454] [basehttp.py:161] [basehttp:log_message] [INFO]- "GET /users/register/ HTTP/1.1" 200 18763
[2022-02-26 22:40:58,513] [basehttp.py:161] [basehttp:log_message] [INFO]- "GET /static/js/vue.js HTTP/1.1" 200 344009
[2022-02-26 22:41:13,685] [basehttp.py:161] [basehttp:log_message] [WARNING]- "GET /static/css/bootstrap.min.css.map HTTP/1.1" 404 1834
[2022-02-26 22:46:25,311] [basehttp.py:161] [basehttp:log_message] [INFO]- "GET /users/register/ HTTP/1.1" 200 18842
[2022-02-26 22:46:25,351] [basehttp.py:161] [basehttp:log_message] [INFO]- "GET /static/js/vue.js HTTP/1.1" 304 0
[2022-02-26 22:46:25,450] [basehttp.py:161] [basehttp:log_message] [WARNING]- "GET /static/css/bootstrap.min.css.map HTTP/1.1" 404 1834
[2022-02-26 22:46:25,493] [basehttp.py:161] [basehttp:log_message] [WARNING]- "GET /static/fonts/%C3%A6%E2%82%AC%C2%9D%C3%A6%C2%BA%C2%90%C3%A5%C2%AE%E2%80%B9%C3%A4%C2%BD%E2%80%9C.ttf HTTP/1.1" 404 1924
[2022-02-26 22:48:48,608] [basehttp.py:161] [basehttp:log_message] [INFO]- "GET /users/register/ HTTP/1.1" 200 18859
[2022-02-26 22:48:48,856] [basehttp.py:161] [basehttp:log_message] [WARNING]- "GET /static/css/bootstrap.min.css.map HTTP/1.1" 404 1834
[2022-02-26 22:48:53,238] [basehttp.py:161] [basehttp:log_message] [INFO]- "GET /users/register/ HTTP/1.1" 200 18859
[2022-02-26 22:48:53,369] [basehttp.py:161] [basehttp:log_message] [WARNING]- "GET /static/css/bootstrap.min.css.map HTTP/1.1" 404 1834
[2022-02-26 22:50:01,780] [basehttp.py:161] [basehttp:log_message] [INFO]- "GET /users/register/ HTTP/1.1" 200 18861
[2022-02-26 22:50:01,851] [basehttp.py:161] [basehttp:log_message] [INFO]- "GET /static/js/vue.js HTTP/1.1" 304 0
[2022-02-26 22:50:01,976] [basehttp.py:161] [basehttp:log_message] [WARNING]- "GET /static/css/bootstrap.min.css.map HTTP/1.1" 404 1834
[2022-02-26 23:23:43,412] [basehttp.py:161] [basehttp:log_message] [INFO]- "GET /users/register/ HTTP/1.1" 200 19176
[2022-02-26 23:23:43,547] [basehttp.py:161] [basehttp:log_message] [WARNING]- "GET /static/css/bootstrap.min.css.map HTTP/1.1" 404 1834
[2022-02-26 23:25:42,142] [autoreload.py:251] [autoreload:trigger_reload] [INFO]- D:\Django_aijia\my_aijia\my_aijia\dev.py changed, reloading.
[2022-02-26 23:25:43,561] [autoreload.py:637] [autoreload:run_with_reloader] [INFO]- Watching for file changes with StatReloader
[2022-02-26 23:25:46,393] [basehttp.py:161] [basehttp:log_message] [INFO]- "GET /users/register/ HTTP/1.1" 200 19176
[2022-02-26 23:25:46,635] [basehttp.py:161] [basehttp:log_message] [WARNING]- "GET /static/css/bootstrap.min.css.map HTTP/1.1" 404 1834
[2022-02-26 23:31:02,230] [basehttp.py:161] [basehttp:log_message] [INFO]- "GET /users/register/ HTTP/1.1" 200 19097
[2022-02-26 23:31:02,332] [basehttp.py:161] [basehttp:log_message] [INFO]- "GET /static/js/vue.min.js HTTP/1.1" 200 167259
[2022-02-26 23:31:02,372] [basehttp.py:161] [basehttp:log_message] [WARNING]- "GET /static/css/bootstrap.min.css.map HTTP/1.1" 404 1834
[2022-02-26 23:37:03,496] [basehttp.py:161] [basehttp:log_message] [INFO]- "GET /users/register/ HTTP/1.1" 200 19105
[2022-02-26 23:37:03,598] [basehttp.py:161] [basehttp:log_message] [INFO]- "GET /static/js/vue.min.js HTTP/1.1" 304 0
[2022-02-26 23:37:03,634] [basehttp.py:161] [basehttp:log_message] [WARNING]- "GET /static/css/bootstrap.min.css.map HTTP/1.1" 404 1834
[2022-02-26 23:39:11,164] [log.py:230] [log:log_response] [WARNING]- Not Found: /users/register/index.html
[2022-02-26 23:39:11,166] [basehttp.py:161] [basehttp:log_message] [WARNING]- "GET /users/register/index.html HTTP/1.1" 404 2333
[2022-02-26 23:39:14,148] [log.py:230] [log:log_response] [WARNING]- Not Found: /users/register/index.html
[2022-02-26 23:39:14,150] [basehttp.py:161] [basehttp:log_message] [WARNING]- "GET /users/register/index.html HTTP/1.1" 404 2333
[2022-02-26 23:39:15,660] [log.py:230] [log:log_response] [WARNING]- Not Found: /users/register/index.html
[2022-02-26 23:39:15,662] [basehttp.py:161] [basehttp:log_message] [WARNING]- "GET /users/register/index.html HTTP/1.1" 404 2333
[2022-02-26 23:39:16,760] [log.py:230] [log:log_response] [WARNING]- Not Found: /users/register/index.html
[2022-02-26 23:39:16,761] [basehttp.py:161] [basehttp:log_message] [WARNING]- "GET /users/register/index.html HTTP/1.1" 404 2333
[2022-02-26 23:39:21,634] [basehttp.py:161] [basehttp:log_message] [INFO]- "GET /users/register/ HTTP/1.1" 200 19105
[2022-02-26 23:39:21,729] [basehttp.py:161] [basehttp:log_message] [INFO]- "GET /static/js/vue.min.js HTTP/1.1" 200 167259
[2022-02-26 23:39:21,764] [basehttp.py:161] [basehttp:log_message] [WARNING]- "GET /static/css/bootstrap.min.css.map HTTP/1.1" 404 1834
[2022-02-26 23:43:20,000] [log.py:230] [log:log_response] [ERROR]- Internal Server Error: /users/register/
Traceback (most recent call last):
  File "D:\Python37\lib\site-packages\django\core\handlers\exception.py", line 47, in inner
    response = get_response(request)
  File "D:\Python37\lib\site-packages\django\core\handlers\base.py", line 181, in _get_response
    response = wrapped_callback(request, *callback_args, **callback_kwargs)
  File "D:\Python37\lib\site-packages\django\views\generic\base.py", line 70, in view
    return self.dispatch(request, *args, **kwargs)
  File "D:\Python37\lib\site-packages\django\views\generic\base.py", line 98, in dispatch
    return handler(request, *args, **kwargs)
  File "D:\Django_aijia\my_aijia\my_aijia/apps\users\views.py", line 11, in get
    return render(request, 'register.html')
  File "D:\Python37\lib\site-packages\django\shortcuts.py", line 19, in render
    content = loader.render_to_string(template_name, context, request, using=using)
  File "D:\Python37\lib\site-packages\django\template\loader.py", line 61, in render_to_string
    template = get_template(template_name, using=using)
  File "D:\Python37\lib\site-packages\django\template\loader.py", line 15, in get_template
    return engine.get_template(template_name)
  File "D:\Python37\lib\site-packages\django\template\backends\django.py", line 34, in get_template
    return Template(self.engine.get_template(template_name), self)
  File "D:\Python37\lib\site-packages\django\template\engine.py", line 143, in get_template
    template, origin = self.find_template(template_name)
  File "D:\Python37\lib\site-packages\django\template\engine.py", line 125, in find_template
    template = loader.get_template(name, skip=skip)
  File "D:\Python37\lib\site-packages\django\template\loaders\base.py", line 30, in get_template
    contents, origin, origin.template_name, self.engine,
  File "D:\Python37\lib\site-packages\django\template\base.py", line 155, in __init__
    self.nodelist = self.compile_nodelist()
  File "D:\Python37\lib\site-packages\django\template\base.py", line 193, in compile_nodelist
    return parser.parse()
  File "D:\Python37\lib\site-packages\django\template\base.py", line 449, in parse
    raise self.error(token, e)
  File "D:\Python37\lib\site-packages\django\template\base.py", line 447, in parse
    filter_expression = self.compile_filter(token.contents)
  File "D:\Python37\lib\site-packages\django\template\base.py", line 563, in compile_filter
    return FilterExpression(token, self)
  File "D:\Python37\lib\site-packages\django\template\base.py", line 663, in __init__
    "from '%s'" % (token[upto:], token))
django.template.exceptions.TemplateSyntaxError: Could not parse the remainder: '% csrf.token %' from '% csrf.token %'
[2022-02-26 23:43:20,009] [basehttp.py:161] [basehttp:log_message] [ERROR]- "GET /users/register/ HTTP/1.1" 500 157529
[2022-02-26 23:44:00,936] [log.py:230] [log:log_response] [ERROR]- Internal Server Error: /users/register/
Traceback (most recent call last):
  File "D:\Python37\lib\site-packages\django\core\handlers\exception.py", line 47, in inner
    response = get_response(request)
  File "D:\Python37\lib\site-packages\django\core\handlers\base.py", line 181, in _get_response
    response = wrapped_callback(request, *callback_args, **callback_kwargs)
  File "D:\Python37\lib\site-packages\django\views\generic\base.py", line 70, in view
    return self.dispatch(request, *args, **kwargs)
  File "D:\Python37\lib\site-packages\django\views\generic\base.py", line 98, in dispatch
    return handler(request, *args, **kwargs)
  File "D:\Django_aijia\my_aijia\my_aijia/apps\users\views.py", line 11, in get
    return render(request, 'register.html')
  File "D:\Python37\lib\site-packages\django\shortcuts.py", line 19, in render
    content = loader.render_to_string(template_name, context, request, using=using)
  File "D:\Python37\lib\site-packages\django\template\loader.py", line 61, in render_to_string
    template = get_template(template_name, using=using)
  File "D:\Python37\lib\site-packages\django\template\loader.py", line 15, in get_template
    return engine.get_template(template_name)
  File "D:\Python37\lib\site-packages\django\template\backends\django.py", line 34, in get_template
    return Template(self.engine.get_template(template_name), self)
  File "D:\Python37\lib\site-packages\django\template\engine.py", line 143, in get_template
    template, origin = self.find_template(template_name)
  File "D:\Python37\lib\site-packages\django\template\engine.py", line 125, in find_template
    template = loader.get_template(name, skip=skip)
  File "D:\Python37\lib\site-packages\django\template\loaders\base.py", line 30, in get_template
    contents, origin, origin.template_name, self.engine,
  File "D:\Python37\lib\site-packages\django\template\base.py", line 155, in __init__
    self.nodelist = self.compile_nodelist()
  File "D:\Python37\lib\site-packages\django\template\base.py", line 193, in compile_nodelist
    return parser.parse()
  File "D:\Python37\lib\site-packages\django\template\base.py", line 449, in parse
    raise self.error(token, e)
  File "D:\Python37\lib\site-packages\django\template\base.py", line 447, in parse
    filter_expression = self.compile_filter(token.contents)
  File "D:\Python37\lib\site-packages\django\template\base.py", line 563, in compile_filter
    return FilterExpression(token, self)
  File "D:\Python37\lib\site-packages\django\template\base.py", line 663, in __init__
    "from '%s'" % (token[upto:], token))
django.template.exceptions.TemplateSyntaxError: Could not parse the remainder: '% csrf_token %' from '% csrf_token %'
[2022-02-26 23:44:00,945] [basehttp.py:161] [basehttp:log_message] [ERROR]- "GET /users/register/ HTTP/1.1" 500 157529
[2022-02-26 23:44:56,999] [basehttp.py:161] [basehttp:log_message] [INFO]- "GET /users/register/ HTTP/1.1" 200 19945
[2022-02-26 23:44:57,160] [basehttp.py:161] [basehttp:log_message] [INFO]- "GET /static/js/vue.min.js HTTP/1.1" 304 0
[2022-02-26 23:44:57,200] [basehttp.py:161] [basehttp:log_message] [WARNING]- "GET /static/css/bootstrap.min.css.map HTTP/1.1" 404 1834
[2022-02-26 23:45:01,528] [basehttp.py:161] [basehttp:log_message] [INFO]- "GET /users/register/ HTTP/1.1" 200 19945
[2022-02-26 23:45:01,652] [basehttp.py:161] [basehttp:log_message] [WARNING]- "GET /static/css/bootstrap.min.css.map HTTP/1.1" 404 1834
[2022-02-26 23:46:29,167] [basehttp.py:161] [basehttp:log_message] [INFO]- "GET /users/register/ HTTP/1.1" 200 20095
[2022-02-26 23:46:29,290] [basehttp.py:161] [basehttp:log_message] [WARNING]- "GET /static/css/bootstrap.min.css.map HTTP/1.1" 404 1834
[2022-02-26 23:46:45,811] [basehttp.py:161] [basehttp:log_message] [INFO]- "GET /users/register/ HTTP/1.1" 200 20079
[2022-02-26 23:46:45,901] [basehttp.py:161] [basehttp:log_message] [INFO]- "GET /static/js/vue.min.js HTTP/1.1" 304 0
[2022-02-26 23:46:45,933] [basehttp.py:161] [basehttp:log_message] [WARNING]- "GET /static/css/bootstrap.min.css.map HTTP/1.1" 404 1834
[2022-02-26 23:57:25,715] [basehttp.py:161] [basehttp:log_message] [INFO]- "GET /static/img/register/hidePwd.png HTTP/1.1" 200 386
[2022-02-26 23:57:56,147] [log.py:230] [log:log_response] [WARNING]- Not Found: /users/register/index.html
[2022-02-26 23:57:56,148] [basehttp.py:161] [basehttp:log_message] [WARNING]- "GET /users/register/index.html HTTP/1.1" 404 2333
[2022-02-26 23:58:04,242] [basehttp.py:161] [basehttp:log_message] [INFO]- "GET /users/register/ HTTP/1.1" 200 20122
[2022-02-26 23:58:04,346] [basehttp.py:161] [basehttp:log_message] [INFO]- "GET /static/js/vue.min.js HTTP/1.1" 304 0
[2022-02-26 23:58:04,389] [basehttp.py:161] [basehttp:log_message] [WARNING]- "GET /static/css/bootstrap.min.css.map HTTP/1.1" 404 1834
[2022-02-27 00:00:37,694] [basehttp.py:161] [basehttp:log_message] [INFO]- "GET /users/register/ HTTP/1.1" 200 20123
[2022-02-27 00:00:37,825] [basehttp.py:161] [basehttp:log_message] [WARNING]- "GET /static/css/bootstrap.min.css.map HTTP/1.1" 404 1834
[2022-02-27 00:01:35,917] [log.py:230] [log:log_response] [WARNING]- Not Found: /users/register/index.html
[2022-02-27 00:01:35,918] [basehttp.py:161] [basehttp:log_message] [WARNING]- "GET /users/register/index.html HTTP/1.1" 404 2333
[2022-02-27 00:02:11,884] [basehttp.py:161] [basehttp:log_message] [INFO]- "GET /users/register/ HTTP/1.1" 200 20123
[2022-02-27 00:02:11,971] [basehttp.py:161] [basehttp:log_message] [INFO]- "GET /static/js/vue.min.js HTTP/1.1" 304 0
[2022-02-27 00:02:12,007] [basehttp.py:161] [basehttp:log_message] [WARNING]- "GET /static/css/bootstrap.min.css.map HTTP/1.1" 404 1834
[2022-02-27 11:16:39,059] [basehttp.py:161] [basehttp:log_message] [INFO]- "GET /users/register/ HTTP/1.1" 200 20132
[2022-02-27 11:16:39,092] [basehttp.py:161] [basehttp:log_message] [INFO]- "GET /static/css/gloab.css HTTP/1.1" 304 0
[2022-02-27 11:16:39,092] [basehttp.py:161] [basehttp:log_message] [INFO]- "GET /static/css/register.css HTTP/1.1" 304 0
[2022-02-27 11:16:39,151] [basehttp.py:161] [basehttp:log_message] [INFO]- "GET /static/js/vue.min.js HTTP/1.1" 304 0
[2022-02-27 11:16:39,153] [basehttp.py:161] [basehttp:log_message] [INFO]- "GET /static/js/register.js HTTP/1.1" 200 10864
[2022-02-27 11:16:39,184] [basehttp.py:161] [basehttp:log_message] [WARNING]- "GET /static/css/bootstrap.min.css.map HTTP/1.1" 404 1834
[2022-02-27 11:16:39,246] [basehttp.py:161] [basehttp:log_message] [INFO]- "GET /static/favicon.ico HTTP/1.1" 304 0
[2022-02-27 11:17:12,813] [basehttp.py:161] [basehttp:log_message] [INFO]- "GET /users/register/ HTTP/1.1" 200 20123
[2022-02-27 11:17:12,932] [basehttp.py:161] [basehttp:log_message] [WARNING]- "GET /static/css/bootstrap.min.css.map HTTP/1.1" 404 1834
[2022-02-27 11:17:13,658] [basehttp.py:161] [basehttp:log_message] [INFO]- "GET /users/register/ HTTP/1.1" 200 20123
[2022-02-27 11:17:13,767] [basehttp.py:161] [basehttp:log_message] [WARNING]- "GET /static/css/bootstrap.min.css.map HTTP/1.1" 404 1834
[2022-02-27 11:17:14,612] [basehttp.py:161] [basehttp:log_message] [INFO]- "GET /users/register/ HTTP/1.1" 200 20123
[2022-02-27 11:17:14,718] [basehttp.py:161] [basehttp:log_message] [WARNING]- "GET /static/css/bootstrap.min.css.map HTTP/1.1" 404 1834
[2022-02-27 11:17:50,781] [basehttp.py:161] [basehttp:log_message] [INFO]- "GET /users/register/ HTTP/1.1" 200 20123
[2022-02-27 11:17:50,890] [basehttp.py:161] [basehttp:log_message] [WARNING]- "GET /static/css/bootstrap.min.css.map HTTP/1.1" 404 1834
[2022-02-27 11:17:51,469] [basehttp.py:161] [basehttp:log_message] [INFO]- "GET /users/register/ HTTP/1.1" 200 20123
[2022-02-27 11:17:51,571] [basehttp.py:161] [basehttp:log_message] [WARNING]- "GET /static/css/bootstrap.min.css.map HTTP/1.1" 404 1834
[2022-02-27 11:19:12,640] [basehttp.py:161] [basehttp:log_message] [INFO]- "GET /users/register/ HTTP/1.1" 200 20123
[2022-02-27 11:19:12,750] [basehttp.py:161] [basehttp:log_message] [WARNING]- "GET /static/css/bootstrap.min.css.map HTTP/1.1" 404 1834
[2022-02-27 11:19:13,362] [basehttp.py:161] [basehttp:log_message] [INFO]- "GET /users/register/ HTTP/1.1" 200 20123
[2022-02-27 11:19:13,472] [basehttp.py:161] [basehttp:log_message] [WARNING]- "GET /static/css/bootstrap.min.css.map HTTP/1.1" 404 1834
[2022-02-27 11:19:13,886] [basehttp.py:161] [basehttp:log_message] [INFO]- "GET /users/register/ HTTP/1.1" 200 20123
[2022-02-27 11:19:13,992] [basehttp.py:161] [basehttp:log_message] [WARNING]- "GET /static/css/bootstrap.min.css.map HTTP/1.1" 404 1834
[2022-02-27 11:19:14,414] [basehttp.py:161] [basehttp:log_message] [INFO]- "GET /users/register/ HTTP/1.1" 200 20123
[2022-02-27 11:19:14,516] [basehttp.py:161] [basehttp:log_message] [WARNING]- "GET /static/css/bootstrap.min.css.map HTTP/1.1" 404 1834
[2022-02-27 11:19:15,049] [basehttp.py:161] [basehttp:log_message] [INFO]- "GET /users/register/ HTTP/1.1" 200 20123
[2022-02-27 11:19:15,164] [basehttp.py:161] [basehttp:log_message] [WARNING]- "GET /static/css/bootstrap.min.css.map HTTP/1.1" 404 1834
[2022-02-27 11:20:10,839] [basehttp.py:161] [basehttp:log_message] [INFO]- "GET /users/register/ HTTP/1.1" 200 20124
[2022-02-27 11:20:10,958] [basehttp.py:161] [basehttp:log_message] [WARNING]- "GET /static/css/bootstrap.min.css.map HTTP/1.1" 404 1834
[2022-02-27 11:20:11,547] [basehttp.py:161] [basehttp:log_message] [INFO]- "GET /users/register/ HTTP/1.1" 200 20124
[2022-02-27 11:20:11,654] [basehttp.py:161] [basehttp:log_message] [WARNING]- "GET /static/css/bootstrap.min.css.map HTTP/1.1" 404 1834
[2022-02-27 11:20:12,492] [basehttp.py:161] [basehttp:log_message] [INFO]- "GET /users/register/ HTTP/1.1" 200 20124
[2022-02-27 11:20:12,607] [basehttp.py:161] [basehttp:log_message] [WARNING]- "GET /static/css/bootstrap.min.css.map HTTP/1.1" 404 1834
[2022-02-27 11:21:36,534] [basehttp.py:161] [basehttp:log_message] [INFO]- "GET /users/register/ HTTP/1.1" 200 20106
[2022-02-27 11:21:36,716] [basehttp.py:161] [basehttp:log_message] [WARNING]- "GET /static/css/bootstrap.min.css.map HTTP/1.1" 404 1834
[2022-02-27 11:21:37,365] [basehttp.py:161] [basehttp:log_message] [INFO]- "GET /users/register/ HTTP/1.1" 200 20106
[2022-02-27 11:21:37,573] [basehttp.py:161] [basehttp:log_message] [WARNING]- "GET /static/css/bootstrap.min.css.map HTTP/1.1" 404 1834
[2022-02-27 11:21:38,078] [basehttp.py:161] [basehttp:log_message] [INFO]- "GET /users/register/ HTTP/1.1" 200 20106
[2022-02-27 11:21:38,264] [basehttp.py:161] [basehttp:log_message] [WARNING]- "GET /static/css/bootstrap.min.css.map HTTP/1.1" 404 1834
[2022-02-27 11:21:38,742] [basehttp.py:161] [basehttp:log_message] [INFO]- "GET /users/register/ HTTP/1.1" 200 20106
[2022-02-27 11:21:38,961] [basehttp.py:161] [basehttp:log_message] [WARNING]- "GET /static/css/bootstrap.min.css.map HTTP/1.1" 404 1834
[2022-02-27 11:21:39,411] [basehttp.py:161] [basehttp:log_message] [INFO]- "GET /users/register/ HTTP/1.1" 200 20106
[2022-02-27 11:21:39,624] [basehttp.py:161] [basehttp:log_message] [WARNING]- "GET /static/css/bootstrap.min.css.map HTTP/1.1" 404 1834
[2022-02-27 11:21:40,150] [basehttp.py:161] [basehttp:log_message] [INFO]- "GET /users/register/ HTTP/1.1" 200 20106
[2022-02-27 11:21:40,342] [basehttp.py:161] [basehttp:log_message] [WARNING]- "GET /static/css/bootstrap.min.css.map HTTP/1.1" 404 1834
[2022-02-27 11:21:40,868] [basehttp.py:161] [basehttp:log_message] [INFO]- "GET /users/register/ HTTP/1.1" 200 20106
[2022-02-27 11:21:41,063] [basehttp.py:161] [basehttp:log_message] [WARNING]- "GET /static/css/bootstrap.min.css.map HTTP/1.1" 404 1834
[2022-02-27 11:21:43,550] [basehttp.py:161] [basehttp:log_message] [INFO]- "GET /users/register/ HTTP/1.1" 200 20106
[2022-02-27 11:21:43,733] [basehttp.py:161] [basehttp:log_message] [WARNING]- "GET /static/css/bootstrap.min.css.map HTTP/1.1" 404 1834
[2022-02-27 11:24:18,492] [basehttp.py:161] [basehttp:log_message] [INFO]- "GET /users/register/ HTTP/1.1" 200 20124
[2022-02-27 11:24:18,618] [basehttp.py:161] [basehttp:log_message] [WARNING]- "GET /static/css/bootstrap.min.css.map HTTP/1.1" 404 1834
[2022-02-27 11:25:12,727] [basehttp.py:161] [basehttp:log_message] [INFO]- "GET /users/register/ HTTP/1.1" 200 20133
[2022-02-27 11:25:12,879] [basehttp.py:161] [basehttp:log_message] [WARNING]- "GET /static/css/bootstrap.min.css.map HTTP/1.1" 404 1834
[2022-02-27 11:25:13,492] [basehttp.py:161] [basehttp:log_message] [INFO]- "GET /users/register/ HTTP/1.1" 200 20133
[2022-02-27 11:25:13,609] [basehttp.py:161] [basehttp:log_message] [WARNING]- "GET /static/css/bootstrap.min.css.map HTTP/1.1" 404 1834
[2022-02-27 11:25:14,028] [basehttp.py:161] [basehttp:log_message] [INFO]- "GET /users/register/ HTTP/1.1" 200 20133
[2022-02-27 11:25:14,143] [basehttp.py:161] [basehttp:log_message] [WARNING]- "GET /static/css/bootstrap.min.css.map HTTP/1.1" 404 1834
[2022-02-27 11:25:14,503] [basehttp.py:161] [basehttp:log_message] [INFO]- "GET /users/register/ HTTP/1.1" 200 20133
[2022-02-27 11:25:14,613] [basehttp.py:161] [basehttp:log_message] [WARNING]- "GET /static/css/bootstrap.min.css.map HTTP/1.1" 404 1834
[2022-02-27 11:25:14,974] [basehttp.py:161] [basehttp:log_message] [INFO]- "GET /users/register/ HTTP/1.1" 200 20133
[2022-02-27 11:25:15,079] [basehttp.py:161] [basehttp:log_message] [WARNING]- "GET /static/css/bootstrap.min.css.map HTTP/1.1" 404 1834
[2022-02-27 11:25:15,514] [basehttp.py:161] [basehttp:log_message] [INFO]- "GET /users/register/ HTTP/1.1" 200 20133
[2022-02-27 11:25:15,628] [basehttp.py:161] [basehttp:log_message] [WARNING]- "GET /static/css/bootstrap.min.css.map HTTP/1.1" 404 1834
[2022-02-27 11:25:16,114] [basehttp.py:161] [basehttp:log_message] [INFO]- "GET /users/register/ HTTP/1.1" 200 20133
[2022-02-27 11:25:16,225] [basehttp.py:161] [basehttp:log_message] [WARNING]- "GET /static/css/bootstrap.min.css.map HTTP/1.1" 404 1834
[2022-02-27 11:26:25,017] [basehttp.py:161] [basehttp:log_message] [INFO]- "GET /users/register/ HTTP/1.1" 200 20048
[2022-02-27 11:26:25,141] [basehttp.py:161] [basehttp:log_message] [WARNING]- "GET /static/css/bootstrap.min.css.map HTTP/1.1" 404 1834
[2022-02-27 11:27:23,490] [basehttp.py:161] [basehttp:log_message] [INFO]- "GET /users/register/ HTTP/1.1" 200 20064
[2022-02-27 11:27:23,606] [basehttp.py:161] [basehttp:log_message] [WARNING]- "GET /static/css/bootstrap.min.css.map HTTP/1.1" 404 1834
[2022-02-27 11:27:24,341] [basehttp.py:161] [basehttp:log_message] [INFO]- "GET /users/register/ HTTP/1.1" 200 20064
[2022-02-27 11:27:24,471] [basehttp.py:161] [basehttp:log_message] [WARNING]- "GET /static/css/bootstrap.min.css.map HTTP/1.1" 404 1834
[2022-02-27 11:28:44,619] [basehttp.py:161] [basehttp:log_message] [INFO]- "GET /users/register/ HTTP/1.1" 200 20064
[2022-02-27 11:28:44,772] [basehttp.py:161] [basehttp:log_message] [WARNING]- "GET /static/css/bootstrap.min.css.map HTTP/1.1" 404 1834
[2022-02-27 11:28:45,375] [basehttp.py:161] [basehttp:log_message] [INFO]- "GET /users/register/ HTTP/1.1" 200 20064
[2022-02-27 11:28:45,488] [basehttp.py:161] [basehttp:log_message] [WARNING]- "GET /static/css/bootstrap.min.css.map HTTP/1.1" 404 1834
[2022-02-27 11:31:26,932] [basehttp.py:161] [basehttp:log_message] [INFO]- "GET /users/register/ HTTP/1.1" 200 20061
[2022-02-27 11:31:27,114] [basehttp.py:161] [basehttp:log_message] [WARNING]- "GET /static/css/bootstrap.min.css.map HTTP/1.1" 404 1834
[2022-02-27 11:32:17,829] [basehttp.py:161] [basehttp:log_message] [INFO]- "GET /users/register/ HTTP/1.1" 200 20080
[2022-02-27 11:32:17,962] [basehttp.py:161] [basehttp:log_message] [WARNING]- "GET /static/css/bootstrap.min.css.map HTTP/1.1" 404 1834
[2022-02-27 11:33:22,595] [basehttp.py:161] [basehttp:log_message] [INFO]- "GET /users/register/ HTTP/1.1" 200 20158
[2022-02-27 11:33:22,776] [basehttp.py:161] [basehttp:log_message] [WARNING]- "GET /static/css/bootstrap.min.css.map HTTP/1.1" 404 1834
[2022-02-27 11:35:34,008] [basehttp.py:161] [basehttp:log_message] [INFO]- "GET /users/register/ HTTP/1.1" 200 20160
[2022-02-27 11:35:34,261] [basehttp.py:161] [basehttp:log_message] [WARNING]- "GET /static/css/bootstrap.min.css.map HTTP/1.1" 404 1834
[2022-02-27 11:35:35,392] [basehttp.py:161] [basehttp:log_message] [INFO]- "GET /users/register/ HTTP/1.1" 200 20160
[2022-02-27 11:35:35,523] [basehttp.py:161] [basehttp:log_message] [WARNING]- "GET /static/css/bootstrap.min.css.map HTTP/1.1" 404 1834
[2022-02-27 11:36:05,585] [basehttp.py:161] [basehttp:log_message] [INFO]- "GET /users/register/ HTTP/1.1" 200 20161
[2022-02-27 11:36:05,714] [basehttp.py:161] [basehttp:log_message] [WARNING]- "GET /static/css/bootstrap.min.css.map HTTP/1.1" 404 1834
[2022-02-27 11:36:06,217] [basehttp.py:161] [basehttp:log_message] [INFO]- "GET /users/register/ HTTP/1.1" 200 20161
[2022-02-27 11:36:06,345] [basehttp.py:161] [basehttp:log_message] [WARNING]- "GET /static/css/bootstrap.min.css.map HTTP/1.1" 404 1834
[2022-02-27 11:36:37,407] [basehttp.py:161] [basehttp:log_message] [INFO]- "GET /users/register/ HTTP/1.1" 200 20161
[2022-02-27 11:36:37,547] [basehttp.py:161] [basehttp:log_message] [WARNING]- "GET /static/css/bootstrap.min.css.map HTTP/1.1" 404 1834
[2022-02-27 11:37:13,485] [basehttp.py:161] [basehttp:log_message] [INFO]- "GET /users/register/ HTTP/1.1" 200 20160
[2022-02-27 11:37:13,666] [basehttp.py:161] [basehttp:log_message] [WARNING]- "GET /static/css/bootstrap.min.css.map HTTP/1.1" 404 1834
[2022-02-27 11:38:59,119] [basehttp.py:161] [basehttp:log_message] [INFO]- "GET /users/register/ HTTP/1.1" 200 20160
[2022-02-27 11:38:59,382] [basehttp.py:161] [basehttp:log_message] [WARNING]- "GET /static/css/bootstrap.min.css.map HTTP/1.1" 404 1834
[2022-02-27 11:41:32,983] [basehttp.py:161] [basehttp:log_message] [INFO]- "GET /users/register/ HTTP/1.1" 200 20162
[2022-02-27 11:42:15,248] [basehttp.py:161] [basehttp:log_message] [INFO]- "GET /users/register/ HTTP/1.1" 200 19987
[2022-02-27 11:42:42,303] [basehttp.py:161] [basehttp:log_message] [INFO]- "GET /users/register/ HTTP/1.1" 200 19996
[2022-02-27 11:43:29,859] [basehttp.py:161] [basehttp:log_message] [INFO]- "GET /users/register/ HTTP/1.1" 200 18350
[2022-02-27 11:43:42,470] [basehttp.py:161] [basehttp:log_message] [INFO]- "GET /users/register/ HTTP/1.1" 200 18350
[2022-02-27 11:43:43,065] [basehttp.py:161] [basehttp:log_message] [INFO]- "GET /users/register/ HTTP/1.1" 200 18350
[2022-02-27 11:50:42,972] [log.py:230] [log:log_response] [ERROR]- Internal Server Error: /users/register/
Traceback (most recent call last):
  File "D:\Python37\lib\site-packages\django\core\handlers\exception.py", line 47, in inner
    response = get_response(request)
  File "D:\Python37\lib\site-packages\django\core\handlers\base.py", line 181, in _get_response
    response = wrapped_callback(request, *callback_args, **callback_kwargs)
  File "D:\Python37\lib\site-packages\django\views\generic\base.py", line 70, in view
    return self.dispatch(request, *args, **kwargs)
  File "D:\Python37\lib\site-packages\django\views\generic\base.py", line 98, in dispatch
    return handler(request, *args, **kwargs)
  File "D:\Django_aijia\my_aijia\my_aijia/apps\users\views.py", line 11, in get
    return render(request, 'register.html')
  File "D:\Python37\lib\site-packages\django\shortcuts.py", line 19, in render
    content = loader.render_to_string(template_name, context, request, using=using)
  File "D:\Python37\lib\site-packages\django\template\loader.py", line 61, in render_to_string
    template = get_template(template_name, using=using)
  File "D:\Python37\lib\site-packages\django\template\loader.py", line 15, in get_template
    return engine.get_template(template_name)
  File "D:\Python37\lib\site-packages\django\template\backends\django.py", line 34, in get_template
    return Template(self.engine.get_template(template_name), self)
  File "D:\Python37\lib\site-packages\django\template\engine.py", line 143, in get_template
    template, origin = self.find_template(template_name)
  File "D:\Python37\lib\site-packages\django\template\engine.py", line 125, in find_template
    template = loader.get_template(name, skip=skip)
  File "D:\Python37\lib\site-packages\django\template\loaders\base.py", line 30, in get_template
    contents, origin, origin.template_name, self.engine,
  File "D:\Python37\lib\site-packages\django\template\base.py", line 155, in __init__
    self.nodelist = self.compile_nodelist()
  File "D:\Python37\lib\site-packages\django\template\base.py", line 193, in compile_nodelist
    return parser.parse()
  File "D:\Python37\lib\site-packages\django\template\base.py", line 478, in parse
    raise self.error(token, e)
  File "D:\Python37\lib\site-packages\django\template\base.py", line 476, in parse
    compiled_result = compile_func(self, token)
  File "D:\Python37\lib\site-packages\django\templatetags\static.py", line 159, in do_static
    return StaticNode.handle_token(parser, token)
  File "D:\Python37\lib\site-packages\django\templatetags\static.py", line 133, in handle_token
    path = parser.compile_filter(bits[1])
  File "D:\Python37\lib\site-packages\django\template\base.py", line 563, in compile_filter
    return FilterExpression(token, self)
  File "D:\Python37\lib\site-packages\django\template\base.py", line 663, in __init__
    "from '%s'" % (token[upto:], token))
django.template.exceptions.TemplateSyntaxError: Could not parse the remainder: '/bootstrap.min.css' from 'css/bootstrap.min.css'
[2022-02-27 11:50:42,980] [basehttp.py:161] [basehttp:log_message] [ERROR]- "GET /users/register/ HTTP/1.1" 500 163746
[2022-02-27 11:50:44,337] [log.py:230] [log:log_response] [ERROR]- Internal Server Error: /users/register/
Traceback (most recent call last):
  File "D:\Python37\lib\site-packages\django\core\handlers\exception.py", line 47, in inner
    response = get_response(request)
  File "D:\Python37\lib\site-packages\django\core\handlers\base.py", line 181, in _get_response
    response = wrapped_callback(request, *callback_args, **callback_kwargs)
  File "D:\Python37\lib\site-packages\django\views\generic\base.py", line 70, in view
    return self.dispatch(request, *args, **kwargs)
  File "D:\Python37\lib\site-packages\django\views\generic\base.py", line 98, in dispatch
    return handler(request, *args, **kwargs)
  File "D:\Django_aijia\my_aijia\my_aijia/apps\users\views.py", line 11, in get
    return render(request, 'register.html')
  File "D:\Python37\lib\site-packages\django\shortcuts.py", line 19, in render
    content = loader.render_to_string(template_name, context, request, using=using)
  File "D:\Python37\lib\site-packages\django\template\loader.py", line 61, in render_to_string
    template = get_template(template_name, using=using)
  File "D:\Python37\lib\site-packages\django\template\loader.py", line 15, in get_template
    return engine.get_template(template_name)
  File "D:\Python37\lib\site-packages\django\template\backends\django.py", line 34, in get_template
    return Template(self.engine.get_template(template_name), self)
  File "D:\Python37\lib\site-packages\django\template\engine.py", line 143, in get_template
    template, origin = self.find_template(template_name)
  File "D:\Python37\lib\site-packages\django\template\engine.py", line 125, in find_template
    template = loader.get_template(name, skip=skip)
  File "D:\Python37\lib\site-packages\django\template\loaders\base.py", line 30, in get_template
    contents, origin, origin.template_name, self.engine,
  File "D:\Python37\lib\site-packages\django\template\base.py", line 155, in __init__
    self.nodelist = self.compile_nodelist()
  File "D:\Python37\lib\site-packages\django\template\base.py", line 193, in compile_nodelist
    return parser.parse()
  File "D:\Python37\lib\site-packages\django\template\base.py", line 478, in parse
    raise self.error(token, e)
  File "D:\Python37\lib\site-packages\django\template\base.py", line 476, in parse
    compiled_result = compile_func(self, token)
  File "D:\Python37\lib\site-packages\django\templatetags\static.py", line 159, in do_static
    return StaticNode.handle_token(parser, token)
  File "D:\Python37\lib\site-packages\django\templatetags\static.py", line 133, in handle_token
    path = parser.compile_filter(bits[1])
  File "D:\Python37\lib\site-packages\django\template\base.py", line 563, in compile_filter
    return FilterExpression(token, self)
  File "D:\Python37\lib\site-packages\django\template\base.py", line 663, in __init__
    "from '%s'" % (token[upto:], token))
django.template.exceptions.TemplateSyntaxError: Could not parse the remainder: '/bootstrap.min.css' from 'css/bootstrap.min.css'
[2022-02-27 11:50:44,345] [basehttp.py:161] [basehttp:log_message] [ERROR]- "GET /users/register/ HTTP/1.1" 500 163746
[2022-02-27 11:50:45,711] [log.py:230] [log:log_response] [ERROR]- Internal Server Error: /users/register/
Traceback (most recent call last):
  File "D:\Python37\lib\site-packages\django\core\handlers\exception.py", line 47, in inner
    response = get_response(request)
  File "D:\Python37\lib\site-packages\django\core\handlers\base.py", line 181, in _get_response
    response = wrapped_callback(request, *callback_args, **callback_kwargs)
  File "D:\Python37\lib\site-packages\django\views\generic\base.py", line 70, in view
    return self.dispatch(request, *args, **kwargs)
  File "D:\Python37\lib\site-packages\django\views\generic\base.py", line 98, in dispatch
    return handler(request, *args, **kwargs)
  File "D:\Django_aijia\my_aijia\my_aijia/apps\users\views.py", line 11, in get
    return render(request, 'register.html')
  File "D:\Python37\lib\site-packages\django\shortcuts.py", line 19, in render
    content = loader.render_to_string(template_name, context, request, using=using)
  File "D:\Python37\lib\site-packages\django\template\loader.py", line 61, in render_to_string
    template = get_template(template_name, using=using)
  File "D:\Python37\lib\site-packages\django\template\loader.py", line 15, in get_template
    return engine.get_template(template_name)
  File "D:\Python37\lib\site-packages\django\template\backends\django.py", line 34, in get_template
    return Template(self.engine.get_template(template_name), self)
  File "D:\Python37\lib\site-packages\django\template\engine.py", line 143, in get_template
    template, origin = self.find_template(template_name)
  File "D:\Python37\lib\site-packages\django\template\engine.py", line 125, in find_template
    template = loader.get_template(name, skip=skip)
  File "D:\Python37\lib\site-packages\django\template\loaders\base.py", line 30, in get_template
    contents, origin, origin.template_name, self.engine,
  File "D:\Python37\lib\site-packages\django\template\base.py", line 155, in __init__
    self.nodelist = self.compile_nodelist()
  File "D:\Python37\lib\site-packages\django\template\base.py", line 193, in compile_nodelist
    return parser.parse()
  File "D:\Python37\lib\site-packages\django\template\base.py", line 478, in parse
    raise self.error(token, e)
  File "D:\Python37\lib\site-packages\django\template\base.py", line 476, in parse
    compiled_result = compile_func(self, token)
  File "D:\Python37\lib\site-packages\django\templatetags\static.py", line 159, in do_static
    return StaticNode.handle_token(parser, token)
  File "D:\Python37\lib\site-packages\django\templatetags\static.py", line 133, in handle_token
    path = parser.compile_filter(bits[1])
  File "D:\Python37\lib\site-packages\django\template\base.py", line 563, in compile_filter
    return FilterExpression(token, self)
  File "D:\Python37\lib\site-packages\django\template\base.py", line 663, in __init__
    "from '%s'" % (token[upto:], token))
django.template.exceptions.TemplateSyntaxError: Could not parse the remainder: '/bootstrap.min.css' from 'css/bootstrap.min.css'
[2022-02-27 11:50:45,719] [basehttp.py:161] [basehttp:log_message] [ERROR]- "GET /users/register/ HTTP/1.1" 500 163746
[2022-02-27 11:52:15,459] [log.py:230] [log:log_response] [ERROR]- Internal Server Error: /users/register/
Traceback (most recent call last):
  File "D:\Python37\lib\site-packages\django\core\handlers\exception.py", line 47, in inner
    response = get_response(request)
  File "D:\Python37\lib\site-packages\django\core\handlers\base.py", line 181, in _get_response
    response = wrapped_callback(request, *callback_args, **callback_kwargs)
  File "D:\Python37\lib\site-packages\django\views\generic\base.py", line 70, in view
    return self.dispatch(request, *args, **kwargs)
  File "D:\Python37\lib\site-packages\django\views\generic\base.py", line 98, in dispatch
    return handler(request, *args, **kwargs)
  File "D:\Django_aijia\my_aijia\my_aijia/apps\users\views.py", line 11, in get
    return render(request, 'register.html')
  File "D:\Python37\lib\site-packages\django\shortcuts.py", line 19, in render
    content = loader.render_to_string(template_name, context, request, using=using)
  File "D:\Python37\lib\site-packages\django\template\loader.py", line 61, in render_to_string
    template = get_template(template_name, using=using)
  File "D:\Python37\lib\site-packages\django\template\loader.py", line 15, in get_template
    return engine.get_template(template_name)
  File "D:\Python37\lib\site-packages\django\template\backends\django.py", line 34, in get_template
    return Template(self.engine.get_template(template_name), self)
  File "D:\Python37\lib\site-packages\django\template\engine.py", line 143, in get_template
    template, origin = self.find_template(template_name)
  File "D:\Python37\lib\site-packages\django\template\engine.py", line 125, in find_template
    template = loader.get_template(name, skip=skip)
  File "D:\Python37\lib\site-packages\django\template\loaders\base.py", line 30, in get_template
    contents, origin, origin.template_name, self.engine,
  File "D:\Python37\lib\site-packages\django\template\base.py", line 155, in __init__
    self.nodelist = self.compile_nodelist()
  File "D:\Python37\lib\site-packages\django\template\base.py", line 193, in compile_nodelist
    return parser.parse()
  File "D:\Python37\lib\site-packages\django\template\base.py", line 478, in parse
    raise self.error(token, e)
  File "D:\Python37\lib\site-packages\django\template\base.py", line 476, in parse
    compiled_result = compile_func(self, token)
  File "D:\Python37\lib\site-packages\django\templatetags\static.py", line 159, in do_static
    return StaticNode.handle_token(parser, token)
  File "D:\Python37\lib\site-packages\django\templatetags\static.py", line 133, in handle_token
    path = parser.compile_filter(bits[1])
  File "D:\Python37\lib\site-packages\django\template\base.py", line 563, in compile_filter
    return FilterExpression(token, self)
  File "D:\Python37\lib\site-packages\django\template\base.py", line 663, in __init__
    "from '%s'" % (token[upto:], token))
django.template.exceptions.TemplateSyntaxError: Could not parse the remainder: '/bootstrap.min.css' from 'css/bootstrap.min.css'
[2022-02-27 11:52:15,468] [basehttp.py:161] [basehttp:log_message] [ERROR]- "GET /users/register/ HTTP/1.1" 500 163746
[2022-02-27 11:52:16,495] [log.py:230] [log:log_response] [ERROR]- Internal Server Error: /users/register/
Traceback (most recent call last):
  File "D:\Python37\lib\site-packages\django\core\handlers\exception.py", line 47, in inner
    response = get_response(request)
  File "D:\Python37\lib\site-packages\django\core\handlers\base.py", line 181, in _get_response
    response = wrapped_callback(request, *callback_args, **callback_kwargs)
  File "D:\Python37\lib\site-packages\django\views\generic\base.py", line 70, in view
    return self.dispatch(request, *args, **kwargs)
  File "D:\Python37\lib\site-packages\django\views\generic\base.py", line 98, in dispatch
    return handler(request, *args, **kwargs)
  File "D:\Django_aijia\my_aijia\my_aijia/apps\users\views.py", line 11, in get
    return render(request, 'register.html')
  File "D:\Python37\lib\site-packages\django\shortcuts.py", line 19, in render
    content = loader.render_to_string(template_name, context, request, using=using)
  File "D:\Python37\lib\site-packages\django\template\loader.py", line 61, in render_to_string
    template = get_template(template_name, using=using)
  File "D:\Python37\lib\site-packages\django\template\loader.py", line 15, in get_template
    return engine.get_template(template_name)
  File "D:\Python37\lib\site-packages\django\template\backends\django.py", line 34, in get_template
    return Template(self.engine.get_template(template_name), self)
  File "D:\Python37\lib\site-packages\django\template\engine.py", line 143, in get_template
    template, origin = self.find_template(template_name)
  File "D:\Python37\lib\site-packages\django\template\engine.py", line 125, in find_template
    template = loader.get_template(name, skip=skip)
  File "D:\Python37\lib\site-packages\django\template\loaders\base.py", line 30, in get_template
    contents, origin, origin.template_name, self.engine,
  File "D:\Python37\lib\site-packages\django\template\base.py", line 155, in __init__
    self.nodelist = self.compile_nodelist()
  File "D:\Python37\lib\site-packages\django\template\base.py", line 193, in compile_nodelist
    return parser.parse()
  File "D:\Python37\lib\site-packages\django\template\base.py", line 478, in parse
    raise self.error(token, e)
  File "D:\Python37\lib\site-packages\django\template\base.py", line 476, in parse
    compiled_result = compile_func(self, token)
  File "D:\Python37\lib\site-packages\django\templatetags\static.py", line 159, in do_static
    return StaticNode.handle_token(parser, token)
  File "D:\Python37\lib\site-packages\django\templatetags\static.py", line 133, in handle_token
    path = parser.compile_filter(bits[1])
  File "D:\Python37\lib\site-packages\django\template\base.py", line 563, in compile_filter
    return FilterExpression(token, self)
  File "D:\Python37\lib\site-packages\django\template\base.py", line 663, in __init__
    "from '%s'" % (token[upto:], token))
django.template.exceptions.TemplateSyntaxError: Could not parse the remainder: '/bootstrap.min.css' from 'css/bootstrap.min.css'
[2022-02-27 11:52:16,506] [basehttp.py:161] [basehttp:log_message] [ERROR]- "GET /users/register/ HTTP/1.1" 500 163746
[2022-02-27 11:56:22,646] [log.py:230] [log:log_response] [ERROR]- Internal Server Error: /users/register/
Traceback (most recent call last):
  File "D:\Python37\lib\site-packages\django\core\handlers\exception.py", line 47, in inner
    response = get_response(request)
  File "D:\Python37\lib\site-packages\django\core\handlers\base.py", line 181, in _get_response
    response = wrapped_callback(request, *callback_args, **callback_kwargs)
  File "D:\Python37\lib\site-packages\django\views\generic\base.py", line 70, in view
    return self.dispatch(request, *args, **kwargs)
  File "D:\Python37\lib\site-packages\django\views\generic\base.py", line 98, in dispatch
    return handler(request, *args, **kwargs)
  File "D:\Django_aijia\my_aijia\my_aijia/apps\users\views.py", line 11, in get
    return render(request, 'register.html')
  File "D:\Python37\lib\site-packages\django\shortcuts.py", line 19, in render
    content = loader.render_to_string(template_name, context, request, using=using)
  File "D:\Python37\lib\site-packages\django\template\loader.py", line 61, in render_to_string
    template = get_template(template_name, using=using)
  File "D:\Python37\lib\site-packages\django\template\loader.py", line 15, in get_template
    return engine.get_template(template_name)
  File "D:\Python37\lib\site-packages\django\template\backends\django.py", line 34, in get_template
    return Template(self.engine.get_template(template_name), self)
  File "D:\Python37\lib\site-packages\django\template\engine.py", line 143, in get_template
    template, origin = self.find_template(template_name)
  File "D:\Python37\lib\site-packages\django\template\engine.py", line 125, in find_template
    template = loader.get_template(name, skip=skip)
  File "D:\Python37\lib\site-packages\django\template\loaders\base.py", line 30, in get_template
    contents, origin, origin.template_name, self.engine,
  File "D:\Python37\lib\site-packages\django\template\base.py", line 155, in __init__
    self.nodelist = self.compile_nodelist()
  File "D:\Python37\lib\site-packages\django\template\base.py", line 193, in compile_nodelist
    return parser.parse()
  File "D:\Python37\lib\site-packages\django\template\base.py", line 478, in parse
    raise self.error(token, e)
  File "D:\Python37\lib\site-packages\django\template\base.py", line 476, in parse
    compiled_result = compile_func(self, token)
  File "D:\Python37\lib\site-packages\django\templatetags\static.py", line 159, in do_static
    return StaticNode.handle_token(parser, token)
  File "D:\Python37\lib\site-packages\django\templatetags\static.py", line 133, in handle_token
    path = parser.compile_filter(bits[1])
  File "D:\Python37\lib\site-packages\django\template\base.py", line 563, in compile_filter
    return FilterExpression(token, self)
  File "D:\Python37\lib\site-packages\django\template\base.py", line 663, in __init__
    "from '%s'" % (token[upto:], token))
django.template.exceptions.TemplateSyntaxError: Could not parse the remainder: '/bootstrap.min.css' from 'css/bootstrap.min.css'
[2022-02-27 11:56:22,654] [basehttp.py:161] [basehttp:log_message] [ERROR]- "GET /users/register/ HTTP/1.1" 500 163746
